#
# There is insufficient memory for the Java Runtime Environment to continue.
# Native memory allocation (malloc) failed to allocate 32744 bytes for ChunkPool::allocate
# Possible reasons:
#   The system is out of physical RAM or swap space
#   The process is running with CompressedOops enabled, and the Java Heap may be blocking the growth of the native heap
# Possible solutions:
#   Reduce memory load on the system
#   Increase physical memory or swap space
#   Check if swap backing store is full
#   Decrease Java heap size (-Xmx/-Xms)
#   Decrease number of Java threads
#   Decrease Java thread stack sizes (-Xss)
#   Set larger code cache with -XX:ReservedCodeCacheSize=
#   JVM is running with Unscaled Compressed Oops mode in which the Java heap is
#     placed in the first 4GB address space. The Java Heap base address is the
#     maximum limit for the native heap growth. Please use -XX:HeapBaseMinAddress
#     to set the Java Heap base and to place the Java Heap above 4GB virtual address.
# This output file may be truncated or incomplete.
#
#  Out of Memory Error (./src/hotspot/share/memory/arena.cpp:81), pid=1472, tid=16212
#
# JRE version: OpenJDK Runtime Environment (11.0.10) (build 11.0.10+0-b96-7249189)
# Java VM: OpenJDK 64-Bit Server VM (11.0.10+0-b96-7249189, mixed mode, tiered, compressed oops, g1 gc, windows-amd64)
# No core dump will be written. Minidumps are not enabled by default on client versions of Windows
#

---------------  S U M M A R Y ------------

Command Line: --add-opens=java.base/java.util=ALL-UNNAMED --add-opens=java.base/java.lang=ALL-UNNAMED --add-opens=java.base/java.lang.invoke=ALL-UNNAMED --add-opens=java.base/java.util=ALL-UNNAMED --add-opens=java.prefs/java.util.prefs=ALL-UNNAMED --add-opens=java.prefs/java.util.prefs=ALL-UNNAMED --add-opens=java.base/java.nio.charset=ALL-UNNAMED --add-opens=java.base/java.net=ALL-UNNAMED --add-opens=java.base/java.util.concurrent.atomic=ALL-UNNAMED -Xmx1536M -Dfile.encoding=windows-1252 -Duser.country=GB -Duser.language=en -Duser.variant org.gradle.launcher.daemon.bootstrap.GradleDaemon 7.4

Host: AMD Athlon 300U with Radeon Vega Mobile Gfx    , 4 cores, 3G,  Windows 10 , 64 bit Build 22621 (10.0.22621.2428)
Time: Mon Oct 16 21:14:04 2023 GMT Summer Time elapsed time: 62.834109 seconds (0d 0h 1m 2s)

---------------  T H R E A D  ---------------

Current thread (0x0000022ff8b46800):  JavaThread "C2 CompilerThread0" daemon [_thread_in_native, id=16212, stack(0x000000e0bd500000,0x000000e0bd600000)]


Current CompileTask:
C2:  62834 16172       4       org.gradle.internal.logging.text.AbstractLineChoppingStyledTextOutput$1::execute (9 bytes)

Stack: [0x000000e0bd500000,0x000000e0bd600000]
Native frames: (J=compiled Java code, j=interpreted, Vv=VM code, C=native code)
V  [jvm.dll+0x5ecfaa]
V  [jvm.dll+0x722bd5]
V  [jvm.dll+0x72412d]
V  [jvm.dll+0x7247e3]
V  [jvm.dll+0x242928]
V  [jvm.dll+0xbc75b]
V  [jvm.dll+0xbca0c]
V  [jvm.dll+0xbc608]
V  [jvm.dll+0x5cc470]
V  [jvm.dll+0x61cfee]
V  [jvm.dll+0x1980d8]
V  [jvm.dll+0x1fb70e]
V  [jvm.dll+0x1fa7f4]
V  [jvm.dll+0x18354c]
V  [jvm.dll+0x208ee7]
V  [jvm.dll+0x207731]
V  [jvm.dll+0x6eb1cf]
V  [jvm.dll+0x6e3d45]
V  [jvm.dll+0x5ebe96]
C  [ucrtbase.dll+0x29363]
C  [KERNEL32.DLL+0x1257d]
C  [ntdll.dll+0x5aa78]


---------------  P R O C E S S  ---------------

Threads class SMR info:
_java_thread_list=0x0000022f94340800, length=89, elements={
0x0000022fee91e800, 0x0000022ff81b5000, 0x0000022ff81b6000, 0x0000022ff8b40800,
0x0000022ff8b41800, 0x0000022ff8b43000, 0x0000022ff8b46800, 0x0000022ff8b4a000,
0x0000022ff8219000, 0x0000022ff8c7c000, 0x0000022ffa70e800, 0x0000022ffa5d4000,
0x0000022ff9d9c800, 0x0000022ffad2d000, 0x0000022ffa559800, 0x0000022ffa328000,
0x0000022ff9d7d000, 0x0000022ffa24b800, 0x0000022ffab54800, 0x0000022ffabaa000,
0x0000022ffabab000, 0x0000022ffabac800, 0x0000022ffabab800, 0x0000022ffabad800,
0x0000022ffaba8800, 0x0000022ffaba9000, 0x0000022ffabae000, 0x0000022ffabaf000,
0x0000022ffce00000, 0x0000022ffcdff000, 0x0000022ffcdfe800, 0x0000022ffce05000,
0x0000022ffce05800, 0x0000022ffce02800, 0x0000022ffce07800, 0x0000022ffce01800,
0x0000022ffce0d000, 0x0000022ffce0a800, 0x0000022ffce08000, 0x0000022ffce0c000,
0x0000022ffce09000, 0x0000022ffce09800, 0x0000022ffce0b800, 0x0000022ffb3ae000,
0x0000022ffb3ad000, 0x0000022ffb3a8000, 0x0000022ffb3a9000, 0x0000022ffb3ab800,
0x0000022ffb3ae800, 0x0000022ffb3aa800, 0x0000022ffb3ac000, 0x0000022ffb3af800,
0x0000022ffb3a9800, 0x0000022ffb3b4800, 0x0000022ffb3b5000, 0x0000022ffb3b2000,
0x0000022ffb3b6000, 0x0000022ffb3b1000, 0x0000022ffb3b0800, 0x0000022ffb3b2800,
0x0000022ffb3b3800, 0x0000022ffb3b7000, 0x0000022fffdf1000, 0x0000022fffdf5800,
0x0000022fffdef800, 0x0000022fffdf0800, 0x0000022fffdf7800, 0x0000022fffdf3800,
0x0000022fffdf6000, 0x0000022fffdf2000, 0x0000022fffdf4800, 0x0000022fffdf7000,
0x0000022fffdf8800, 0x0000022fffdf3000, 0x0000022fffdfe000, 0x0000022fffdf9800,
0x0000022fffdfb000, 0x0000022fffdfc000, 0x0000022fffdfd800, 0x0000022f93e74800,
0x0000022f93e73800, 0x0000022f93e72800, 0x0000022f93e75000, 0x0000022f93e79800,
0x0000022f93e7b000, 0x0000022f93e78800, 0x0000022f93e7a000, 0x0000022f93e77800,
0x0000022f93e7b800
}

Java Threads: ( => current thread )
  0x0000022fee91e800 JavaThread "main" [_thread_blocked, id=8736, stack(0x000000e0bc900000,0x000000e0bca00000)]
  0x0000022ff81b5000 JavaThread "Reference Handler" daemon [_thread_blocked, id=8796, stack(0x000000e0bd000000,0x000000e0bd100000)]
  0x0000022ff81b6000 JavaThread "Finalizer" daemon [_thread_blocked, id=7356, stack(0x000000e0bd100000,0x000000e0bd200000)]
  0x0000022ff8b40800 JavaThread "Signal Dispatcher" daemon [_thread_blocked, id=848, stack(0x000000e0bd200000,0x000000e0bd300000)]
  0x0000022ff8b41800 JavaThread "Attach Listener" daemon [_thread_blocked, id=1460, stack(0x000000e0bd300000,0x000000e0bd400000)]
  0x0000022ff8b43000 JavaThread "Service Thread" daemon [_thread_blocked, id=12108, stack(0x000000e0bd400000,0x000000e0bd500000)]
=>0x0000022ff8b46800 JavaThread "C2 CompilerThread0" daemon [_thread_in_native, id=16212, stack(0x000000e0bd500000,0x000000e0bd600000)]
  0x0000022ff8b4a000 JavaThread "C1 CompilerThread0" daemon [_thread_blocked, id=11228, stack(0x000000e0bd600000,0x000000e0bd700000)]
  0x0000022ff8219000 JavaThread "Sweeper thread" daemon [_thread_blocked, id=7176, stack(0x000000e0bd700000,0x000000e0bd800000)]
  0x0000022ff8c7c000 JavaThread "Common-Cleaner" daemon [_thread_blocked, id=13424, stack(0x000000e0bd800000,0x000000e0bd900000)]
  0x0000022ffa70e800 JavaThread "Daemon health stats" [_thread_blocked, id=13056, stack(0x000000e0bdb00000,0x000000e0bdc00000)]
  0x0000022ffa5d4000 JavaThread "Incoming local TCP Connector on port 63844" [_thread_in_native, id=10156, stack(0x000000e0bde00000,0x000000e0bdf00000)]
  0x0000022ff9d9c800 JavaThread "Daemon periodic checks" [_thread_blocked, id=2964, stack(0x000000e0bdf00000,0x000000e0be000000)]
  0x0000022ffad2d000 JavaThread "Daemon" [_thread_blocked, id=11020, stack(0x000000e0be000000,0x000000e0be100000)]
  0x0000022ffa559800 JavaThread "Handler for socket connection from /127.0.0.1:63844 to /127.0.0.1:63845" [_thread_in_native, id=416, stack(0x000000e0be100000,0x000000e0be200000)]
  0x0000022ffa328000 JavaThread "Cancel handler" [_thread_blocked, id=14524, stack(0x000000e0be200000,0x000000e0be300000)]
  0x0000022ff9d7d000 JavaThread "Daemon worker" [_thread_blocked, id=10244, stack(0x000000e0be300000,0x000000e0be400000)]
  0x0000022ffa24b800 JavaThread "Asynchronous log dispatcher for DefaultDaemonConnection: socket connection from /127.0.0.1:63844 to /127.0.0.1:63845" [_thread_blocked, id=1372, stack(0x000000e0be400000,0x000000e0be500000)]
  0x0000022ffab54800 JavaThread "Stdin handler" [_thread_blocked, id=11828, stack(0x000000e0be500000,0x000000e0be600000)]
  0x0000022ffabaa000 JavaThread "Daemon client event forwarder" [_thread_blocked, id=15316, stack(0x000000e0be600000,0x000000e0be700000)]
  0x0000022ffabab000 JavaThread "Cache worker for journal cache (C:\Users\casey\.gradle\caches\journal-1)" [_thread_blocked, id=9852, stack(0x000000e0be700000,0x000000e0be800000)]
  0x0000022ffabac800 JavaThread "File lock request listener" [_thread_in_native, id=3384, stack(0x000000e0be800000,0x000000e0be900000)]
  0x0000022ffabab800 JavaThread "Cache worker for file hash cache (C:\Users\casey\.gradle\caches\7.4\fileHashes)" [_thread_blocked, id=8216, stack(0x000000e0be900000,0x000000e0bea00000)]
  0x0000022ffabad800 JavaThread "File watcher server" daemon [_thread_in_native, id=13588, stack(0x000000e0bea00000,0x000000e0beb00000)]
  0x0000022ffaba8800 JavaThread "File watcher consumer" daemon [_thread_blocked, id=6536, stack(0x000000e0beb00000,0x000000e0bec00000)]
  0x0000022ffaba9000 JavaThread "Cache worker for checksums cache (C:\Users\casey\Downloads\cmpets\android\.gradle\7.4\checksums)" [_thread_blocked, id=9992, stack(0x000000e0bec00000,0x000000e0bed00000)]
  0x0000022ffabae000 JavaThread "Cache worker for cache directory md-rule (C:\Users\casey\.gradle\caches\7.4\md-rule)" [_thread_blocked, id=7868, stack(0x000000e0bed00000,0x000000e0bee00000)]
  0x0000022ffabaf000 JavaThread "Cache worker for file hash cache (C:\Users\casey\Downloads\cmpets\android\.gradle\7.4\fileHashes)" [_thread_blocked, id=12672, stack(0x000000e0bee00000,0x000000e0bef00000)]
  0x0000022ffce00000 JavaThread "Cache worker for cache directory md-supplier (C:\Users\casey\.gradle\caches\7.4\md-supplier)" [_thread_blocked, id=5288, stack(0x000000e0bef00000,0x000000e0bf000000)]
  0x0000022ffcdff000 JavaThread "Cache worker for execution history cache (C:\Users\casey\.gradle\caches\7.4\executionHistory)" [_thread_blocked, id=15736, stack(0x000000e0bf000000,0x000000e0bf100000)]
  0x0000022ffcdfe800 JavaThread "jar transforms" [_thread_blocked, id=16060, stack(0x000000e0bf100000,0x000000e0bf200000)]
  0x0000022ffce05000 JavaThread "jar transforms Thread 2" [_thread_blocked, id=8940, stack(0x000000e0bf200000,0x000000e0bf300000)]
  0x0000022ffce05800 JavaThread "Cache worker for file content cache (C:\Users\casey\.gradle\caches\7.4\fileContent)" [_thread_blocked, id=5096, stack(0x000000e0bf300000,0x000000e0bf400000)]
  0x0000022ffce02800 JavaThread "jar transforms Thread 3" [_thread_blocked, id=3712, stack(0x000000e0bf400000,0x000000e0bf500000)]
  0x0000022ffce07800 JavaThread "jar transforms Thread 4" [_thread_blocked, id=15880, stack(0x000000e0bf500000,0x000000e0bf600000)]
  0x0000022ffce01800 JavaThread "Cache worker for dependencies-accessors (C:\Users\casey\Downloads\cmpets\android\.gradle\7.4\dependencies-accessors)" [_thread_blocked, id=9128, stack(0x000000e0bf600000,0x000000e0bf700000)]
  0x0000022ffce0d000 JavaThread "Cache worker for Build Output Cleanup Cache (C:\Users\casey\Downloads\cmpets\android\.gradle\buildOutputCleanup)" [_thread_blocked, id=6580, stack(0x000000e0bf800000,0x000000e0bf900000)]
  0x0000022ffce0a800 JavaThread "Unconstrained build operations" [_thread_blocked, id=5536, stack(0x000000e0bf700000,0x000000e0bf800000)]
  0x0000022ffce08000 JavaThread "Unconstrained build operations Thread 2" [_thread_blocked, id=11716, stack(0x000000e0bf900000,0x000000e0bfa00000)]
  0x0000022ffce0c000 JavaThread "Unconstrained build operations Thread 3" [_thread_blocked, id=16152, stack(0x000000e0bfa00000,0x000000e0bfb00000)]
  0x0000022ffce09000 JavaThread "Unconstrained build operations Thread 4" [_thread_blocked, id=16000, stack(0x000000e0bfb00000,0x000000e0bfc00000)]
  0x0000022ffce09800 JavaThread "Unconstrained build operations Thread 5" [_thread_blocked, id=14232, stack(0x000000e0bfc00000,0x000000e0bfd00000)]
  0x0000022ffce0b800 JavaThread "Unconstrained build operations Thread 6" [_thread_blocked, id=11608, stack(0x000000e0bfd00000,0x000000e0bfe00000)]
  0x0000022ffb3ae000 JavaThread "Unconstrained build operations Thread 7" [_thread_blocked, id=1340, stack(0x000000e0bfe00000,0x000000e0bff00000)]
  0x0000022ffb3ad000 JavaThread "Unconstrained build operations Thread 8" [_thread_blocked, id=8356, stack(0x000000e0bff00000,0x000000e0c0000000)]
  0x0000022ffb3a8000 JavaThread "Unconstrained build operations Thread 9" [_thread_blocked, id=220, stack(0x000000e0c0000000,0x000000e0c0100000)]
  0x0000022ffb3a9000 JavaThread "Unconstrained build operations Thread 10" [_thread_blocked, id=1048, stack(0x000000e0c0100000,0x000000e0c0200000)]
  0x0000022ffb3ab800 JavaThread "Unconstrained build operations Thread 11" [_thread_blocked, id=12604, stack(0x000000e0c0200000,0x000000e0c0300000)]
  0x0000022ffb3ae800 JavaThread "Unconstrained build operations Thread 12" [_thread_blocked, id=8440, stack(0x000000e0c0300000,0x000000e0c0400000)]
  0x0000022ffb3aa800 JavaThread "Unconstrained build operations Thread 13" [_thread_blocked, id=13244, stack(0x000000e0c0400000,0x000000e0c0500000)]
  0x0000022ffb3ac000 JavaThread "Unconstrained build operations Thread 14" [_thread_blocked, id=14448, stack(0x000000e0c0500000,0x000000e0c0600000)]
  0x0000022ffb3af800 JavaThread "Unconstrained build operations Thread 15" [_thread_blocked, id=12880, stack(0x000000e0c0600000,0x000000e0c0700000)]
  0x0000022ffb3a9800 JavaThread "Unconstrained build operations Thread 16" [_thread_blocked, id=7252, stack(0x000000e0c0700000,0x000000e0c0800000)]
  0x0000022ffb3b4800 JavaThread "Unconstrained build operations Thread 17" [_thread_blocked, id=14556, stack(0x000000e0c0800000,0x000000e0c0900000)]
  0x0000022ffb3b5000 JavaThread "Unconstrained build operations Thread 18" [_thread_blocked, id=8956, stack(0x000000e0c0900000,0x000000e0c0a00000)]
  0x0000022ffb3b2000 JavaThread "Unconstrained build operations Thread 19" [_thread_blocked, id=3556, stack(0x000000e0c0a00000,0x000000e0c0b00000)]
  0x0000022ffb3b6000 JavaThread "Unconstrained build operations Thread 20" [_thread_blocked, id=1296, stack(0x000000e0c0b00000,0x000000e0c0c00000)]
  0x0000022ffb3b1000 JavaThread "Unconstrained build operations Thread 21" [_thread_blocked, id=9696, stack(0x000000e0c0c00000,0x000000e0c0d00000)]
  0x0000022ffb3b0800 JavaThread "Unconstrained build operations Thread 22" [_thread_blocked, id=14572, stack(0x000000e0c0d00000,0x000000e0c0e00000)]
  0x0000022ffb3b2800 JavaThread "Unconstrained build operations Thread 23" [_thread_blocked, id=13184, stack(0x000000e0c0e00000,0x000000e0c0f00000)]
  0x0000022ffb3b3800 JavaThread "Unconstrained build operations Thread 24" [_thread_blocked, id=3280, stack(0x000000e0c0f00000,0x000000e0c1000000)]
  0x0000022ffb3b7000 JavaThread "Unconstrained build operations Thread 25" [_thread_blocked, id=8580, stack(0x000000e0c1000000,0x000000e0c1100000)]
  0x0000022fffdf1000 JavaThread "Unconstrained build operations Thread 26" [_thread_blocked, id=11996, stack(0x000000e0c1100000,0x000000e0c1200000)]
  0x0000022fffdf5800 JavaThread "Unconstrained build operations Thread 27" [_thread_blocked, id=15232, stack(0x000000e0c1200000,0x000000e0c1300000)]
  0x0000022fffdef800 JavaThread "Unconstrained build operations Thread 28" [_thread_blocked, id=10972, stack(0x000000e0c1300000,0x000000e0c1400000)]
  0x0000022fffdf0800 JavaThread "Unconstrained build operations Thread 29" [_thread_blocked, id=12408, stack(0x000000e0c1400000,0x000000e0c1500000)]
  0x0000022fffdf7800 JavaThread "Unconstrained build operations Thread 30" [_thread_blocked, id=2896, stack(0x000000e0c1500000,0x000000e0c1600000)]
  0x0000022fffdf3800 JavaThread "Unconstrained build operations Thread 31" [_thread_blocked, id=15240, stack(0x000000e0c1600000,0x000000e0c1700000)]
  0x0000022fffdf6000 JavaThread "Unconstrained build operations Thread 32" [_thread_blocked, id=10704, stack(0x000000e0c1700000,0x000000e0c1800000)]
  0x0000022fffdf2000 JavaThread "Unconstrained build operations Thread 33" [_thread_blocked, id=9020, stack(0x000000e0c1800000,0x000000e0c1900000)]
  0x0000022fffdf4800 JavaThread "Unconstrained build operations Thread 34" [_thread_blocked, id=16040, stack(0x000000e0c1900000,0x000000e0c1a00000)]
  0x0000022fffdf7000 JavaThread "Unconstrained build operations Thread 35" [_thread_blocked, id=14036, stack(0x000000e0c1a00000,0x000000e0c1b00000)]
  0x0000022fffdf8800 JavaThread "Unconstrained build operations Thread 36" [_thread_blocked, id=1588, stack(0x000000e0c1b00000,0x000000e0c1c00000)]
  0x0000022fffdf3000 JavaThread "Unconstrained build operations Thread 37" [_thread_blocked, id=11968, stack(0x000000e0c1c00000,0x000000e0c1d00000)]
  0x0000022fffdfe000 JavaThread "Unconstrained build operations Thread 38" [_thread_blocked, id=9904, stack(0x000000e0c1d00000,0x000000e0c1e00000)]
  0x0000022fffdf9800 JavaThread "Unconstrained build operations Thread 39" [_thread_blocked, id=11808, stack(0x000000e0c1e00000,0x000000e0c1f00000)]
  0x0000022fffdfb000 JavaThread "Unconstrained build operations Thread 40" [_thread_blocked, id=872, stack(0x000000e0c1f00000,0x000000e0c2000000)]
  0x0000022fffdfc000 JavaThread "Memory manager" [_thread_blocked, id=6492, stack(0x000000e0c2100000,0x000000e0c2200000)]
  0x0000022fffdfd800 JavaThread "Cache worker for kotlin-dsl (C:\Users\casey\.gradle\caches\7.4\kotlin-dsl)" [_thread_blocked, id=2772, stack(0x000000e0c2200000,0x000000e0c2300000)]
  0x0000022f93e74800 JavaThread "pool-3-thread-1" [_thread_blocked, id=13992, stack(0x000000e0c2000000,0x000000e0c2100000)]
  0x0000022f93e73800 JavaThread "build event listener" [_thread_blocked, id=10856, stack(0x000000e0c2300000,0x000000e0c2400000)]
  0x0000022f93e72800 JavaThread "included builds" [_thread_blocked, id=15052, stack(0x000000e0c2400000,0x000000e0c2500000)]
  0x0000022f93e75000 JavaThread "Execution worker for ':'" [_thread_blocked, id=15964, stack(0x000000e0c2500000,0x000000e0c2600000)]
  0x0000022f93e79800 JavaThread "Execution worker for ':' Thread 2" [_thread_blocked, id=13540, stack(0x000000e0c2600000,0x000000e0c2700000)]
  0x0000022f93e7b000 JavaThread "Execution worker for ':' Thread 3" [_thread_blocked, id=11104, stack(0x000000e0c2700000,0x000000e0c2800000)]
  0x0000022f93e78800 JavaThread "Cache worker for execution history cache (C:\Users\casey\Downloads\cmpets\android\.gradle\7.4\executionHistory)" [_thread_blocked, id=8668, stack(0x000000e0c2800000,0x000000e0c2900000)]
  0x0000022f93e7a000 JavaThread "Exec process" [_thread_in_native, id=9980, stack(0x000000e0c2c00000,0x000000e0c2d00000)]
  0x0000022f93e77800 JavaThread "Exec process Thread 2" [_thread_in_native, id=9724, stack(0x000000e0c2d00000,0x000000e0c2e00000)]
  0x0000022f93e7b800 JavaThread "Exec process Thread 3" [_thread_in_native, id=1408, stack(0x000000e0c2e00000,0x000000e0c2f00000)]

Other Threads:
  0x0000022ff818f800 VMThread "VM Thread" [stack: 0x000000e0bcf00000,0x000000e0bd000000] [id=14688]
  0x0000022ff8cd4000 WatcherThread [stack: 0x000000e0bd900000,0x000000e0bda00000] [id=14976]
  0x0000022fee935800 GCTaskThread "GC Thread#0" [stack: 0x000000e0bca00000,0x000000e0bcb00000] [id=12712]
  0x0000022ff8f7f000 GCTaskThread "GC Thread#1" [stack: 0x000000e0bda00000,0x000000e0bdb00000] [id=12332]
  0x0000022ffa2a9000 GCTaskThread "GC Thread#2" [stack: 0x000000e0bdc00000,0x000000e0bdd00000] [id=736]
  0x0000022ffa2a9800 GCTaskThread "GC Thread#3" [stack: 0x000000e0bdd00000,0x000000e0bde00000] [id=13892]
  0x0000022fee95b800 ConcurrentGCThread "G1 Main Marker" [stack: 0x000000e0bcb00000,0x000000e0bcc00000] [id=13460]
  0x0000022fee95d000 ConcurrentGCThread "G1 Conc#0" [stack: 0x000000e0bcc00000,0x000000e0bcd00000] [id=10020]
  0x0000022fee9a6800 ConcurrentGCThread "G1 Refine#0" [stack: 0x000000e0bcd00000,0x000000e0bce00000] [id=12052]
  0x0000022fee9a7800 ConcurrentGCThread "G1 Young RemSet Sampling" [stack: 0x000000e0bce00000,0x000000e0bcf00000] [id=1932]

Threads with active compile tasks:
C2 CompilerThread0  62884 16172       4       org.gradle.internal.logging.text.AbstractLineChoppingStyledTextOutput$1::execute (9 bytes)

VM state:not at safepoint (normal execution)

VM Mutex/Monitor currently owned by a thread: None

Heap address: 0x00000000a0000000, size: 1536 MB, Compressed Oops mode: 32-bit
Narrow klass base: 0x0000000000000000, Narrow klass shift: 3
Compressed class space size: 1073741824 Address: 0x0000000100000000

Heap:
 garbage-first heap   total 306176K, used 194656K [0x00000000a0000000, 0x0000000100000000)
  region size 1024K, 5 young (5120K), 1 survivors (1024K)
 Metaspace       used 101098K, capacity 105779K, committed 105932K, reserved 1140736K
  class space    used 13068K, capacity 14515K, committed 14540K, reserved 1048576K
Heap Regions: E=young(eden), S=young(survivor), O=old, HS=humongous(starts), HC=humongous(continues), CS=collection set, F=free, A=archive, TAMS=top-at-mark-start (previous, next)
|   0|0x00000000a0000000, 0x00000000a0100000, 0x00000000a0100000|100%|HS|  |TAMS 0x00000000a0100000, 0x00000000a0000000| Complete 
|   1|0x00000000a0100000, 0x00000000a0200000, 0x00000000a0200000|100%|HC|  |TAMS 0x00000000a0200000, 0x00000000a0100000| Complete 
|   2|0x00000000a0200000, 0x00000000a0300000, 0x00000000a0300000|100%|HC|  |TAMS 0x00000000a0300000, 0x00000000a0200000| Complete 
|   3|0x00000000a0300000, 0x00000000a0400000, 0x00000000a0400000|100%| O|  |TAMS 0x00000000a0400000, 0x00000000a0300000| Untracked 
|   4|0x00000000a0400000, 0x00000000a0500000, 0x00000000a0500000|100%| O|  |TAMS 0x00000000a0500000, 0x00000000a0400000| Untracked 
|   5|0x00000000a0500000, 0x00000000a0600000, 0x00000000a0600000|100%| O|  |TAMS 0x00000000a0600000, 0x00000000a0500000| Untracked 
|   6|0x00000000a0600000, 0x00000000a0700000, 0x00000000a0700000|100%| O|  |TAMS 0x00000000a0700000, 0x00000000a0600000| Untracked 
|   7|0x00000000a0700000, 0x00000000a0800000, 0x00000000a0800000|100%| O|  |TAMS 0x00000000a0800000, 0x00000000a0700000| Untracked 
|   8|0x00000000a0800000, 0x00000000a0900000, 0x00000000a0900000|100%| O|  |TAMS 0x00000000a0900000, 0x00000000a0800000| Untracked 
|   9|0x00000000a0900000, 0x00000000a0a00000, 0x00000000a0a00000|100%| O|  |TAMS 0x00000000a0a00000, 0x00000000a0900000| Untracked 
|  10|0x00000000a0a00000, 0x00000000a0b00000, 0x00000000a0b00000|100%| O|  |TAMS 0x00000000a0b00000, 0x00000000a0a00000| Untracked 
|  11|0x00000000a0b00000, 0x00000000a0c00000, 0x00000000a0c00000|100%| O|  |TAMS 0x00000000a0c00000, 0x00000000a0b00000| Untracked 
|  12|0x00000000a0c00000, 0x00000000a0d00000, 0x00000000a0d00000|100%| O|  |TAMS 0x00000000a0d00000, 0x00000000a0c00000| Untracked 
|  13|0x00000000a0d00000, 0x00000000a0e00000, 0x00000000a0e00000|100%| O|  |TAMS 0x00000000a0e00000, 0x00000000a0d00000| Untracked 
|  14|0x00000000a0e00000, 0x00000000a0f00000, 0x00000000a0f00000|100%| O|  |TAMS 0x00000000a0f00000, 0x00000000a0e00000| Untracked 
|  15|0x00000000a0f00000, 0x00000000a1000000, 0x00000000a1000000|100%| O|  |TAMS 0x00000000a1000000, 0x00000000a0f00000| Untracked 
|  16|0x00000000a1000000, 0x00000000a1100000, 0x00000000a1100000|100%| O|  |TAMS 0x00000000a1100000, 0x00000000a1000000| Untracked 
|  17|0x00000000a1100000, 0x00000000a1200000, 0x00000000a1200000|100%| O|  |TAMS 0x00000000a1200000, 0x00000000a1100000| Untracked 
|  18|0x00000000a1200000, 0x00000000a1300000, 0x00000000a1300000|100%| O|  |TAMS 0x00000000a1300000, 0x00000000a1200000| Untracked 
|  19|0x00000000a1300000, 0x00000000a1400000, 0x00000000a1400000|100%| O|  |TAMS 0x00000000a1400000, 0x00000000a1300000| Untracked 
|  20|0x00000000a1400000, 0x00000000a1500000, 0x00000000a1500000|100%| O|  |TAMS 0x00000000a1500000, 0x00000000a1400000| Untracked 
|  21|0x00000000a1500000, 0x00000000a1600000, 0x00000000a1600000|100%| O|  |TAMS 0x00000000a1600000, 0x00000000a1500000| Untracked 
|  22|0x00000000a1600000, 0x00000000a1700000, 0x00000000a1700000|100%| O|  |TAMS 0x00000000a1700000, 0x00000000a1600000| Untracked 
|  23|0x00000000a1700000, 0x00000000a1800000, 0x00000000a1800000|100%| O|  |TAMS 0x00000000a1800000, 0x00000000a1700000| Untracked 
|  24|0x00000000a1800000, 0x00000000a1900000, 0x00000000a1900000|100%| O|  |TAMS 0x00000000a1900000, 0x00000000a1800000| Untracked 
|  25|0x00000000a1900000, 0x00000000a1a00000, 0x00000000a1a00000|100%| O|  |TAMS 0x00000000a1a00000, 0x00000000a1900000| Untracked 
|  26|0x00000000a1a00000, 0x00000000a1b00000, 0x00000000a1b00000|100%| O|  |TAMS 0x00000000a1b00000, 0x00000000a1a00000| Untracked 
|  27|0x00000000a1b00000, 0x00000000a1c00000, 0x00000000a1c00000|100%| O|  |TAMS 0x00000000a1c00000, 0x00000000a1b00000| Untracked 
|  28|0x00000000a1c00000, 0x00000000a1d00000, 0x00000000a1d00000|100%| O|  |TAMS 0x00000000a1d00000, 0x00000000a1c00000| Untracked 
|  29|0x00000000a1d00000, 0x00000000a1e00000, 0x00000000a1e00000|100%| O|  |TAMS 0x00000000a1e00000, 0x00000000a1d00000| Untracked 
|  30|0x00000000a1e00000, 0x00000000a1f00000, 0x00000000a1f00000|100%| O|  |TAMS 0x00000000a1f00000, 0x00000000a1e00000| Untracked 
|  31|0x00000000a1f00000, 0x00000000a2000000, 0x00000000a2000000|100%|HS|  |TAMS 0x00000000a2000000, 0x00000000a1f00000| Complete 
|  32|0x00000000a2000000, 0x00000000a2100000, 0x00000000a2100000|100%|HS|  |TAMS 0x00000000a2100000, 0x00000000a2000000| Complete 
|  33|0x00000000a2100000, 0x00000000a2200000, 0x00000000a2200000|100%|HS|  |TAMS 0x00000000a2200000, 0x00000000a2100000| Complete 
|  34|0x00000000a2200000, 0x00000000a2300000, 0x00000000a2300000|100%|HS|  |TAMS 0x00000000a2300000, 0x00000000a2200000| Complete 
|  35|0x00000000a2300000, 0x00000000a2400000, 0x00000000a2400000|100%| O|  |TAMS 0x00000000a2400000, 0x00000000a2300000| Untracked 
|  36|0x00000000a2400000, 0x00000000a2500000, 0x00000000a2500000|100%| O|  |TAMS 0x00000000a2500000, 0x00000000a2400000| Untracked 
|  37|0x00000000a2500000, 0x00000000a2600000, 0x00000000a2600000|100%|HS|  |TAMS 0x00000000a2600000, 0x00000000a2500000| Complete 
|  38|0x00000000a2600000, 0x00000000a2700000, 0x00000000a2700000|100%|HC|  |TAMS 0x00000000a2700000, 0x00000000a2600000| Complete 
|  39|0x00000000a2700000, 0x00000000a2800000, 0x00000000a2800000|100%|HC|  |TAMS 0x00000000a2800000, 0x00000000a2700000| Complete 
|  40|0x00000000a2800000, 0x00000000a2900000, 0x00000000a2900000|100%|HC|  |TAMS 0x00000000a2900000, 0x00000000a2800000| Complete 
|  41|0x00000000a2900000, 0x00000000a2a00000, 0x00000000a2a00000|100%|HS|  |TAMS 0x00000000a2a00000, 0x00000000a2900000| Complete 
|  42|0x00000000a2a00000, 0x00000000a2b00000, 0x00000000a2b00000|100%|HC|  |TAMS 0x00000000a2b00000, 0x00000000a2a00000| Complete 
|  43|0x00000000a2b00000, 0x00000000a2c00000, 0x00000000a2c00000|100%| O|  |TAMS 0x00000000a2c00000, 0x00000000a2b00000| Untracked 
|  44|0x00000000a2c00000, 0x00000000a2d00000, 0x00000000a2d00000|100%| O|  |TAMS 0x00000000a2d00000, 0x00000000a2c00000| Untracked 
|  45|0x00000000a2d00000, 0x00000000a2e00000, 0x00000000a2e00000|100%| O|  |TAMS 0x00000000a2e00000, 0x00000000a2d00000| Untracked 
|  46|0x00000000a2e00000, 0x00000000a2f00000, 0x00000000a2f00000|100%| O|  |TAMS 0x00000000a2f00000, 0x00000000a2e00000| Untracked 
|  47|0x00000000a2f00000, 0x00000000a3000000, 0x00000000a3000000|100%| O|  |TAMS 0x00000000a3000000, 0x00000000a2f00000| Untracked 
|  48|0x00000000a3000000, 0x00000000a3100000, 0x00000000a3100000|100%| O|  |TAMS 0x00000000a3100000, 0x00000000a3000000| Untracked 
|  49|0x00000000a3100000, 0x00000000a3200000, 0x00000000a3200000|100%| O|  |TAMS 0x00000000a3200000, 0x00000000a3100000| Untracked 
|  50|0x00000000a3200000, 0x00000000a3300000, 0x00000000a3300000|100%| O|  |TAMS 0x00000000a3300000, 0x00000000a3200000| Untracked 
|  51|0x00000000a3300000, 0x00000000a3400000, 0x00000000a3400000|100%| O|  |TAMS 0x00000000a3400000, 0x00000000a3300000| Untracked 
|  52|0x00000000a3400000, 0x00000000a3500000, 0x00000000a3500000|100%| O|  |TAMS 0x00000000a3500000, 0x00000000a3400000| Untracked 
|  53|0x00000000a3500000, 0x00000000a3600000, 0x00000000a3600000|100%| O|  |TAMS 0x00000000a3600000, 0x00000000a3500000| Untracked 
|  54|0x00000000a3600000, 0x00000000a3700000, 0x00000000a3700000|100%| O|  |TAMS 0x00000000a3700000, 0x00000000a3600000| Untracked 
|  55|0x00000000a3700000, 0x00000000a3800000, 0x00000000a3800000|100%| O|  |TAMS 0x00000000a3800000, 0x00000000a3700000| Untracked 
|  56|0x00000000a3800000, 0x00000000a3900000, 0x00000000a3900000|100%| O|  |TAMS 0x00000000a3900000, 0x00000000a3800000| Untracked 
|  57|0x00000000a3900000, 0x00000000a3a00000, 0x00000000a3a00000|100%| O|  |TAMS 0x00000000a3a00000, 0x00000000a3900000| Untracked 
|  58|0x00000000a3a00000, 0x00000000a3b00000, 0x00000000a3b00000|100%| O|  |TAMS 0x00000000a3b00000, 0x00000000a3a00000| Untracked 
|  59|0x00000000a3b00000, 0x00000000a3bffff8, 0x00000000a3c00000| 99%| O|  |TAMS 0x00000000a3bffff8, 0x00000000a3b00000| Untracked 
|  60|0x00000000a3c00000, 0x00000000a3d00000, 0x00000000a3d00000|100%| O|  |TAMS 0x00000000a3d00000, 0x00000000a3c00000| Untracked 
|  61|0x00000000a3d00000, 0x00000000a3e00000, 0x00000000a3e00000|100%| O|  |TAMS 0x00000000a3e00000, 0x00000000a3d00000| Untracked 
|  62|0x00000000a3e00000, 0x00000000a3f00000, 0x00000000a3f00000|100%| O|  |TAMS 0x00000000a3f00000, 0x00000000a3e00000| Untracked 
|  63|0x00000000a3f00000, 0x00000000a4000000, 0x00000000a4000000|100%|HS|  |TAMS 0x00000000a4000000, 0x00000000a3f00000| Complete 
|  64|0x00000000a4000000, 0x00000000a4100000, 0x00000000a4100000|100%|HS|  |TAMS 0x00000000a4100000, 0x00000000a4000000| Complete 
|  65|0x00000000a4100000, 0x00000000a4200000, 0x00000000a4200000|100%| O|  |TAMS 0x00000000a4200000, 0x00000000a4100000| Untracked 
|  66|0x00000000a4200000, 0x00000000a4300000, 0x00000000a4300000|100%| O|  |TAMS 0x00000000a4300000, 0x00000000a4200000| Untracked 
|  67|0x00000000a4300000, 0x00000000a4400000, 0x00000000a4400000|100%| O|  |TAMS 0x00000000a4400000, 0x00000000a4300000| Untracked 
|  68|0x00000000a4400000, 0x00000000a4500000, 0x00000000a4500000|100%| O|  |TAMS 0x00000000a4500000, 0x00000000a4400000| Untracked 
|  69|0x00000000a4500000, 0x00000000a4600000, 0x00000000a4600000|100%| O|  |TAMS 0x00000000a4600000, 0x00000000a4500000| Untracked 
|  70|0x00000000a4600000, 0x00000000a4700000, 0x00000000a4700000|100%| O|  |TAMS 0x00000000a4700000, 0x00000000a4600000| Untracked 
|  71|0x00000000a4700000, 0x00000000a4800000, 0x00000000a4800000|100%| O|  |TAMS 0x00000000a4800000, 0x00000000a4700000| Untracked 
|  72|0x00000000a4800000, 0x00000000a4900000, 0x00000000a4900000|100%| O|  |TAMS 0x00000000a4900000, 0x00000000a4800000| Untracked 
|  73|0x00000000a4900000, 0x00000000a4a00000, 0x00000000a4a00000|100%| O|  |TAMS 0x00000000a4a00000, 0x00000000a4900000| Untracked 
|  74|0x00000000a4a00000, 0x00000000a4b00000, 0x00000000a4b00000|100%| O|  |TAMS 0x00000000a4b00000, 0x00000000a4a00000| Untracked 
|  75|0x00000000a4b00000, 0x00000000a4c00000, 0x00000000a4c00000|100%| O|  |TAMS 0x00000000a4c00000, 0x00000000a4b00000| Untracked 
|  76|0x00000000a4c00000, 0x00000000a4d00000, 0x00000000a4d00000|100%| O|  |TAMS 0x00000000a4d00000, 0x00000000a4c00000| Untracked 
|  77|0x00000000a4d00000, 0x00000000a4e00000, 0x00000000a4e00000|100%| O|  |TAMS 0x00000000a4e00000, 0x00000000a4d00000| Untracked 
|  78|0x00000000a4e00000, 0x00000000a4f00000, 0x00000000a4f00000|100%| O|  |TAMS 0x00000000a4f00000, 0x00000000a4e00000| Untracked 
|  79|0x00000000a4f00000, 0x00000000a5000000, 0x00000000a5000000|100%| O|  |TAMS 0x00000000a5000000, 0x00000000a4f00000| Untracked 
|  80|0x00000000a5000000, 0x00000000a5100000, 0x00000000a5100000|100%| O|  |TAMS 0x00000000a5100000, 0x00000000a5000000| Untracked 
|  81|0x00000000a5100000, 0x00000000a5200000, 0x00000000a5200000|100%|HS|  |TAMS 0x00000000a5200000, 0x00000000a5100000| Complete 
|  82|0x00000000a5200000, 0x00000000a5300000, 0x00000000a5300000|100%|HS|  |TAMS 0x00000000a5300000, 0x00000000a5200000| Complete 
|  83|0x00000000a5300000, 0x00000000a5400000, 0x00000000a5400000|100%| O|  |TAMS 0x00000000a5400000, 0x00000000a5300000| Untracked 
|  84|0x00000000a5400000, 0x00000000a5500000, 0x00000000a5500000|100%| O|  |TAMS 0x00000000a5500000, 0x00000000a5400000| Untracked 
|  85|0x00000000a5500000, 0x00000000a5600000, 0x00000000a5600000|100%| O|  |TAMS 0x00000000a5600000, 0x00000000a5500000| Untracked 
|  86|0x00000000a5600000, 0x00000000a5700000, 0x00000000a5700000|100%| O|  |TAMS 0x00000000a5700000, 0x00000000a5600000| Untracked 
|  87|0x00000000a5700000, 0x00000000a5800000, 0x00000000a5800000|100%| O|  |TAMS 0x00000000a5800000, 0x00000000a5700000| Untracked 
|  88|0x00000000a5800000, 0x00000000a5900000, 0x00000000a5900000|100%| O|  |TAMS 0x00000000a5900000, 0x00000000a5800000| Untracked 
|  89|0x00000000a5900000, 0x00000000a5a00000, 0x00000000a5a00000|100%| O|  |TAMS 0x00000000a5a00000, 0x00000000a5900000| Untracked 
|  90|0x00000000a5a00000, 0x00000000a5b00000, 0x00000000a5b00000|100%| O|  |TAMS 0x00000000a5b00000, 0x00000000a5a00000| Untracked 
|  91|0x00000000a5b00000, 0x00000000a5c00000, 0x00000000a5c00000|100%| O|  |TAMS 0x00000000a5c00000, 0x00000000a5b00000| Untracked 
|  92|0x00000000a5c00000, 0x00000000a5d00000, 0x00000000a5d00000|100%| O|  |TAMS 0x00000000a5d00000, 0x00000000a5c00000| Untracked 
|  93|0x00000000a5d00000, 0x00000000a5e00000, 0x00000000a5e00000|100%| O|  |TAMS 0x00000000a5e00000, 0x00000000a5d00000| Untracked 
|  94|0x00000000a5e00000, 0x00000000a5f00000, 0x00000000a5f00000|100%| O|  |TAMS 0x00000000a5f00000, 0x00000000a5e00000| Untracked 
|  95|0x00000000a5f00000, 0x00000000a6000000, 0x00000000a6000000|100%| O|  |TAMS 0x00000000a6000000, 0x00000000a5f00000| Untracked 
|  96|0x00000000a6000000, 0x00000000a6100000, 0x00000000a6100000|100%| O|  |TAMS 0x00000000a6100000, 0x00000000a6000000| Untracked 
|  97|0x00000000a6100000, 0x00000000a6200000, 0x00000000a6200000|100%|HS|  |TAMS 0x00000000a6200000, 0x00000000a6100000| Complete 
|  98|0x00000000a6200000, 0x00000000a6300000, 0x00000000a6300000|100%|HC|  |TAMS 0x00000000a6300000, 0x00000000a6200000| Complete 
|  99|0x00000000a6300000, 0x00000000a6400000, 0x00000000a6400000|100%| O|  |TAMS 0x00000000a6400000, 0x00000000a6300000| Untracked 
| 100|0x00000000a6400000, 0x00000000a6500000, 0x00000000a6500000|100%| O|  |TAMS 0x00000000a6500000, 0x00000000a6400000| Untracked 
| 101|0x00000000a6500000, 0x00000000a6600000, 0x00000000a6600000|100%| O|  |TAMS 0x00000000a6600000, 0x00000000a6500000| Untracked 
| 102|0x00000000a6600000, 0x00000000a6700000, 0x00000000a6700000|100%| O|  |TAMS 0x00000000a6700000, 0x00000000a6600000| Untracked 
| 103|0x00000000a6700000, 0x00000000a6800000, 0x00000000a6800000|100%| O|  |TAMS 0x00000000a6800000, 0x00000000a6700000| Untracked 
| 104|0x00000000a6800000, 0x00000000a6900000, 0x00000000a6900000|100%| O|  |TAMS 0x00000000a6900000, 0x00000000a6800000| Untracked 
| 105|0x00000000a6900000, 0x00000000a6a00000, 0x00000000a6a00000|100%| O|  |TAMS 0x00000000a6a00000, 0x00000000a6900000| Untracked 
| 106|0x00000000a6a00000, 0x00000000a6b00000, 0x00000000a6b00000|100%| O|  |TAMS 0x00000000a6b00000, 0x00000000a6a00000| Untracked 
| 107|0x00000000a6b00000, 0x00000000a6c00000, 0x00000000a6c00000|100%| O|  |TAMS 0x00000000a6c00000, 0x00000000a6b00000| Untracked 
| 108|0x00000000a6c00000, 0x00000000a6d00000, 0x00000000a6d00000|100%| O|  |TAMS 0x00000000a6d00000, 0x00000000a6c00000| Untracked 
| 109|0x00000000a6d00000, 0x00000000a6e00000, 0x00000000a6e00000|100%| O|  |TAMS 0x00000000a6e00000, 0x00000000a6d00000| Untracked 
| 110|0x00000000a6e00000, 0x00000000a6f00000, 0x00000000a6f00000|100%|HS|  |TAMS 0x00000000a6f00000, 0x00000000a6e00000| Complete 
| 111|0x00000000a6f00000, 0x00000000a7000000, 0x00000000a7000000|100%|HS|  |TAMS 0x00000000a7000000, 0x00000000a6f00000| Complete 
| 112|0x00000000a7000000, 0x00000000a7100000, 0x00000000a7100000|100%| O|  |TAMS 0x00000000a7100000, 0x00000000a7000000| Untracked 
| 113|0x00000000a7100000, 0x00000000a7200000, 0x00000000a7200000|100%| O|  |TAMS 0x00000000a7200000, 0x00000000a7100000| Untracked 
| 114|0x00000000a7200000, 0x00000000a7300000, 0x00000000a7300000|100%| O|  |TAMS 0x00000000a7300000, 0x00000000a7200000| Untracked 
| 115|0x00000000a7300000, 0x00000000a7400000, 0x00000000a7400000|100%| O|  |TAMS 0x00000000a7400000, 0x00000000a7300000| Untracked 
| 116|0x00000000a7400000, 0x00000000a7500000, 0x00000000a7500000|100%| O|  |TAMS 0x00000000a7500000, 0x00000000a7400000| Untracked 
| 117|0x00000000a7500000, 0x00000000a7600000, 0x00000000a7600000|100%| O|  |TAMS 0x00000000a7600000, 0x00000000a7500000| Untracked 
| 118|0x00000000a7600000, 0x00000000a7700000, 0x00000000a7700000|100%| O|  |TAMS 0x00000000a7700000, 0x00000000a7600000| Untracked 
| 119|0x00000000a7700000, 0x00000000a7800000, 0x00000000a7800000|100%| O|  |TAMS 0x00000000a7800000, 0x00000000a7700000| Untracked 
| 120|0x00000000a7800000, 0x00000000a7900000, 0x00000000a7900000|100%| O|  |TAMS 0x00000000a7900000, 0x00000000a7800000| Untracked 
| 121|0x00000000a7900000, 0x00000000a7a00000, 0x00000000a7a00000|100%| O|  |TAMS 0x00000000a7a00000, 0x00000000a7900000| Untracked 
| 122|0x00000000a7a00000, 0x00000000a7b00000, 0x00000000a7b00000|100%| O|  |TAMS 0x00000000a7b00000, 0x00000000a7a00000| Untracked 
| 123|0x00000000a7b00000, 0x00000000a7c00000, 0x00000000a7c00000|100%| O|  |TAMS 0x00000000a7c00000, 0x00000000a7b00000| Untracked 
| 124|0x00000000a7c00000, 0x00000000a7d00000, 0x00000000a7d00000|100%| O|  |TAMS 0x00000000a7d00000, 0x00000000a7c00000| Untracked 
| 125|0x00000000a7d00000, 0x00000000a7e00000, 0x00000000a7e00000|100%| O|  |TAMS 0x00000000a7e00000, 0x00000000a7d00000| Untracked 
| 126|0x00000000a7e00000, 0x00000000a7f00000, 0x00000000a7f00000|100%| O|  |TAMS 0x00000000a7f00000, 0x00000000a7e00000| Untracked 
| 127|0x00000000a7f00000, 0x00000000a8000000, 0x00000000a8000000|100%| O|  |TAMS 0x00000000a8000000, 0x00000000a7f00000| Untracked 
| 128|0x00000000a8000000, 0x00000000a8000000, 0x00000000a8100000|  0%| F|  |TAMS 0x00000000a8000000, 0x00000000a8000000| Untracked 
| 129|0x00000000a8100000, 0x00000000a8200000, 0x00000000a8200000|100%| O|  |TAMS 0x00000000a8100000, 0x00000000a8100000| Untracked 
| 130|0x00000000a8200000, 0x00000000a8300000, 0x00000000a8300000|100%| O|  |TAMS 0x00000000a8300000, 0x00000000a8200000| Untracked 
| 131|0x00000000a8300000, 0x00000000a8400000, 0x00000000a8400000|100%| O|  |TAMS 0x00000000a8400000, 0x00000000a8300000| Untracked 
| 132|0x00000000a8400000, 0x00000000a8500000, 0x00000000a8500000|100%| O|  |TAMS 0x00000000a8500000, 0x00000000a8400000| Untracked 
| 133|0x00000000a8500000, 0x00000000a8600000, 0x00000000a8600000|100%| O|  |TAMS 0x00000000a8600000, 0x00000000a8500000| Untracked 
| 134|0x00000000a8600000, 0x00000000a8700000, 0x00000000a8700000|100%| O|  |TAMS 0x00000000a8700000, 0x00000000a8600000| Untracked 
| 135|0x00000000a8700000, 0x00000000a8800000, 0x00000000a8800000|100%| O|  |TAMS 0x00000000a8800000, 0x00000000a8700000| Untracked 
| 136|0x00000000a8800000, 0x00000000a8900000, 0x00000000a8900000|100%| O|  |TAMS 0x00000000a8900000, 0x00000000a8800000| Untracked 
| 137|0x00000000a8900000, 0x00000000a8a00000, 0x00000000a8a00000|100%| O|  |TAMS 0x00000000a8a00000, 0x00000000a8900000| Untracked 
| 138|0x00000000a8a00000, 0x00000000a8b00000, 0x00000000a8b00000|100%| O|  |TAMS 0x00000000a8b00000, 0x00000000a8a00000| Untracked 
| 139|0x00000000a8b00000, 0x00000000a8c00000, 0x00000000a8c00000|100%| O|  |TAMS 0x00000000a8c00000, 0x00000000a8b00000| Untracked 
| 140|0x00000000a8c00000, 0x00000000a8d00000, 0x00000000a8d00000|100%| O|  |TAMS 0x00000000a8d00000, 0x00000000a8c00000| Untracked 
| 141|0x00000000a8d00000, 0x00000000a8e00000, 0x00000000a8e00000|100%| O|  |TAMS 0x00000000a8e00000, 0x00000000a8d00000| Untracked 
| 142|0x00000000a8e00000, 0x00000000a8f00000, 0x00000000a8f00000|100%| O|  |TAMS 0x00000000a8f00000, 0x00000000a8e00000| Untracked 
| 143|0x00000000a8f00000, 0x00000000a9000000, 0x00000000a9000000|100%| O|  |TAMS 0x00000000a9000000, 0x00000000a8f00000| Untracked 
| 144|0x00000000a9000000, 0x00000000a9100000, 0x00000000a9100000|100%| O|  |TAMS 0x00000000a9100000, 0x00000000a9000000| Untracked 
| 145|0x00000000a9100000, 0x00000000a9200000, 0x00000000a9200000|100%| O|  |TAMS 0x00000000a9200000, 0x00000000a9100000| Untracked 
| 146|0x00000000a9200000, 0x00000000a9300000, 0x00000000a9300000|100%| O|  |TAMS 0x00000000a9300000, 0x00000000a9200000| Untracked 
| 147|0x00000000a9300000, 0x00000000a9400000, 0x00000000a9400000|100%| O|  |TAMS 0x00000000a9400000, 0x00000000a9300000| Untracked 
| 148|0x00000000a9400000, 0x00000000a9500000, 0x00000000a9500000|100%| O|  |TAMS 0x00000000a9500000, 0x00000000a9400000| Untracked 
| 149|0x00000000a9500000, 0x00000000a9600000, 0x00000000a9600000|100%| O|  |TAMS 0x00000000a9600000, 0x00000000a9500000| Untracked 
| 150|0x00000000a9600000, 0x00000000a9700000, 0x00000000a9700000|100%| O|  |TAMS 0x00000000a9700000, 0x00000000a9600000| Untracked 
| 151|0x00000000a9700000, 0x00000000a9800000, 0x00000000a9800000|100%| O|  |TAMS 0x00000000a9700000, 0x00000000a9700000| Untracked 
| 152|0x00000000a9800000, 0x00000000a9900000, 0x00000000a9900000|100%| O|  |TAMS 0x00000000a9900000, 0x00000000a9800000| Untracked 
| 153|0x00000000a9900000, 0x00000000a9a00000, 0x00000000a9a00000|100%| O|  |TAMS 0x00000000a9a00000, 0x00000000a9900000| Untracked 
| 154|0x00000000a9a00000, 0x00000000a9b00000, 0x00000000a9b00000|100%| O|  |TAMS 0x00000000a9b00000, 0x00000000a9a00000| Untracked 
| 155|0x00000000a9b00000, 0x00000000a9c00000, 0x00000000a9c00000|100%| O|  |TAMS 0x00000000a9c00000, 0x00000000a9b00000| Untracked 
| 156|0x00000000a9c00000, 0x00000000a9d00000, 0x00000000a9d00000|100%| O|  |TAMS 0x00000000a9d00000, 0x00000000a9c00000| Untracked 
| 157|0x00000000a9d00000, 0x00000000a9e00000, 0x00000000a9e00000|100%| O|  |TAMS 0x00000000a9e00000, 0x00000000a9d00000| Untracked 
| 158|0x00000000a9e00000, 0x00000000a9f00000, 0x00000000a9f00000|100%| O|  |TAMS 0x00000000a9f00000, 0x00000000a9e00000| Untracked 
| 159|0x00000000a9f00000, 0x00000000aa000000, 0x00000000aa000000|100%| O|  |TAMS 0x00000000aa000000, 0x00000000a9f00000| Untracked 
| 160|0x00000000aa000000, 0x00000000aa100000, 0x00000000aa100000|100%| O|  |TAMS 0x00000000aa100000, 0x00000000aa000000| Untracked 
| 161|0x00000000aa100000, 0x00000000aa200000, 0x00000000aa200000|100%| O|  |TAMS 0x00000000aa200000, 0x00000000aa100000| Untracked 
| 162|0x00000000aa200000, 0x00000000aa300000, 0x00000000aa300000|100%| O|  |TAMS 0x00000000aa300000, 0x00000000aa200000| Untracked 
| 163|0x00000000aa300000, 0x00000000aa400000, 0x00000000aa400000|100%| O|  |TAMS 0x00000000aa400000, 0x00000000aa300000| Untracked 
| 164|0x00000000aa400000, 0x00000000aa500000, 0x00000000aa500000|100%| O|  |TAMS 0x00000000aa500000, 0x00000000aa400000| Untracked 
| 165|0x00000000aa500000, 0x00000000aa600000, 0x00000000aa600000|100%| O|  |TAMS 0x00000000aa600000, 0x00000000aa500000| Untracked 
| 166|0x00000000aa600000, 0x00000000aa700000, 0x00000000aa700000|100%| O|  |TAMS 0x00000000aa700000, 0x00000000aa600000| Untracked 
| 167|0x00000000aa700000, 0x00000000aa800000, 0x00000000aa800000|100%| O|  |TAMS 0x00000000aa800000, 0x00000000aa700000| Untracked 
| 168|0x00000000aa800000, 0x00000000aa900000, 0x00000000aa900000|100%| O|  |TAMS 0x00000000aa900000, 0x00000000aa800000| Untracked 
| 169|0x00000000aa900000, 0x00000000aaa00000, 0x00000000aaa00000|100%| O|  |TAMS 0x00000000aaa00000, 0x00000000aa900000| Untracked 
| 170|0x00000000aaa00000, 0x00000000aab00000, 0x00000000aab00000|100%| O|  |TAMS 0x00000000aab00000, 0x00000000aaa00000| Untracked 
| 171|0x00000000aab00000, 0x00000000aac00000, 0x00000000aac00000|100%| O|  |TAMS 0x00000000aac00000, 0x00000000aab00000| Untracked 
| 172|0x00000000aac00000, 0x00000000aad00000, 0x00000000aad00000|100%| O|  |TAMS 0x00000000aad00000, 0x00000000aac00000| Untracked 
| 173|0x00000000aad00000, 0x00000000aae00000, 0x00000000aae00000|100%| O|  |TAMS 0x00000000aae00000, 0x00000000aad00000| Untracked 
| 174|0x00000000aae00000, 0x00000000aaf00000, 0x00000000aaf00000|100%| O|  |TAMS 0x00000000aaf00000, 0x00000000aae00000| Untracked 
| 175|0x00000000aaf00000, 0x00000000ab000000, 0x00000000ab000000|100%| O|  |TAMS 0x00000000ab000000, 0x00000000aaf00000| Untracked 
| 176|0x00000000ab000000, 0x00000000ab100000, 0x00000000ab100000|100%| O|  |TAMS 0x00000000ab100000, 0x00000000ab000000| Untracked 
| 177|0x00000000ab100000, 0x00000000ab200000, 0x00000000ab200000|100%| O|  |TAMS 0x00000000ab100000, 0x00000000ab100000| Untracked 
| 178|0x00000000ab200000, 0x00000000ab300000, 0x00000000ab300000|100%| O|  |TAMS 0x00000000ab300000, 0x00000000ab200000| Untracked 
| 179|0x00000000ab300000, 0x00000000ab400000, 0x00000000ab400000|100%| O|  |TAMS 0x00000000ab400000, 0x00000000ab300000| Untracked 
| 180|0x00000000ab400000, 0x00000000ab500000, 0x00000000ab500000|100%| O|  |TAMS 0x00000000ab500000, 0x00000000ab400000| Untracked 
| 181|0x00000000ab500000, 0x00000000ab600000, 0x00000000ab600000|100%| O|  |TAMS 0x00000000ab600000, 0x00000000ab500000| Untracked 
| 182|0x00000000ab600000, 0x00000000ab700000, 0x00000000ab700000|100%| O|  |TAMS 0x00000000ab700000, 0x00000000ab600000| Untracked 
| 183|0x00000000ab700000, 0x00000000ab800000, 0x00000000ab800000|100%| O|  |TAMS 0x00000000ab800000, 0x00000000ab700000| Untracked 
| 184|0x00000000ab800000, 0x00000000ab900000, 0x00000000ab900000|100%| O|  |TAMS 0x00000000ab900000, 0x00000000ab800000| Untracked 
| 185|0x00000000ab900000, 0x00000000aba00000, 0x00000000aba00000|100%| O|  |TAMS 0x00000000ab9c2c00, 0x00000000ab900000| Untracked 
| 186|0x00000000aba00000, 0x00000000abb00000, 0x00000000abb00000|100%| O|  |TAMS 0x00000000aba00000, 0x00000000aba00000| Untracked 
| 187|0x00000000abb00000, 0x00000000abb38c00, 0x00000000abc00000| 22%| O|  |TAMS 0x00000000abb00000, 0x00000000abb00000| Untracked 
| 188|0x00000000abc00000, 0x00000000abc00000, 0x00000000abd00000|  0%| F|  |TAMS 0x00000000abc00000, 0x00000000abc00000| Untracked 
| 189|0x00000000abd00000, 0x00000000abd00000, 0x00000000abe00000|  0%| F|  |TAMS 0x00000000abd00000, 0x00000000abd00000| Untracked 
| 190|0x00000000abe00000, 0x00000000abe00000, 0x00000000abf00000|  0%| F|  |TAMS 0x00000000abe00000, 0x00000000abe00000| Untracked 
| 191|0x00000000abf00000, 0x00000000abf00000, 0x00000000ac000000|  0%| F|  |TAMS 0x00000000abf00000, 0x00000000abf00000| Untracked 
| 192|0x00000000ac000000, 0x00000000ac000000, 0x00000000ac100000|  0%| F|  |TAMS 0x00000000ac000000, 0x00000000ac000000| Untracked 
| 193|0x00000000ac100000, 0x00000000ac100000, 0x00000000ac200000|  0%| F|  |TAMS 0x00000000ac100000, 0x00000000ac100000| Untracked 
| 194|0x00000000ac200000, 0x00000000ac200000, 0x00000000ac300000|  0%| F|  |TAMS 0x00000000ac200000, 0x00000000ac200000| Untracked 
| 195|0x00000000ac300000, 0x00000000ac300000, 0x00000000ac400000|  0%| F|  |TAMS 0x00000000ac300000, 0x00000000ac300000| Untracked 
| 196|0x00000000ac400000, 0x00000000ac400000, 0x00000000ac500000|  0%| F|  |TAMS 0x00000000ac400000, 0x00000000ac400000| Untracked 
| 197|0x00000000ac500000, 0x00000000ac500000, 0x00000000ac600000|  0%| F|  |TAMS 0x00000000ac500000, 0x00000000ac500000| Untracked 
| 198|0x00000000ac600000, 0x00000000ac600000, 0x00000000ac700000|  0%| F|  |TAMS 0x00000000ac600000, 0x00000000ac600000| Untracked 
| 199|0x00000000ac700000, 0x00000000ac700000, 0x00000000ac800000|  0%| F|  |TAMS 0x00000000ac700000, 0x00000000ac700000| Untracked 
| 200|0x00000000ac800000, 0x00000000ac800000, 0x00000000ac900000|  0%| F|  |TAMS 0x00000000ac800000, 0x00000000ac800000| Untracked 
| 201|0x00000000ac900000, 0x00000000ac900000, 0x00000000aca00000|  0%| F|  |TAMS 0x00000000ac900000, 0x00000000ac900000| Untracked 
| 202|0x00000000aca00000, 0x00000000aca00000, 0x00000000acb00000|  0%| F|  |TAMS 0x00000000aca00000, 0x00000000aca00000| Untracked 
| 203|0x00000000acb00000, 0x00000000acb00000, 0x00000000acc00000|  0%| F|  |TAMS 0x00000000acb00000, 0x00000000acb00000| Untracked 
| 204|0x00000000acc00000, 0x00000000acc00000, 0x00000000acd00000|  0%| F|  |TAMS 0x00000000acc00000, 0x00000000acc00000| Untracked 
| 205|0x00000000acd00000, 0x00000000acd00000, 0x00000000ace00000|  0%| F|  |TAMS 0x00000000acd00000, 0x00000000acd00000| Untracked 
| 206|0x00000000ace00000, 0x00000000ace00000, 0x00000000acf00000|  0%| F|  |TAMS 0x00000000ace00000, 0x00000000ace00000| Untracked 
| 207|0x00000000acf00000, 0x00000000acf00000, 0x00000000ad000000|  0%| F|  |TAMS 0x00000000acf00000, 0x00000000acf00000| Untracked 
| 208|0x00000000ad000000, 0x00000000ad000000, 0x00000000ad100000|  0%| F|  |TAMS 0x00000000ad000000, 0x00000000ad000000| Untracked 
| 209|0x00000000ad100000, 0x00000000ad100000, 0x00000000ad200000|  0%| F|  |TAMS 0x00000000ad100000, 0x00000000ad100000| Untracked 
| 210|0x00000000ad200000, 0x00000000ad200000, 0x00000000ad300000|  0%| F|  |TAMS 0x00000000ad200000, 0x00000000ad200000| Untracked 
| 211|0x00000000ad300000, 0x00000000ad300000, 0x00000000ad400000|  0%| F|  |TAMS 0x00000000ad300000, 0x00000000ad300000| Untracked 
| 212|0x00000000ad400000, 0x00000000ad400000, 0x00000000ad500000|  0%| F|  |TAMS 0x00000000ad400000, 0x00000000ad400000| Untracked 
| 213|0x00000000ad500000, 0x00000000ad500000, 0x00000000ad600000|  0%| F|  |TAMS 0x00000000ad500000, 0x00000000ad500000| Untracked 
| 214|0x00000000ad600000, 0x00000000ad600000, 0x00000000ad700000|  0%| F|  |TAMS 0x00000000ad600000, 0x00000000ad600000| Untracked 
| 215|0x00000000ad700000, 0x00000000ad700000, 0x00000000ad800000|  0%| F|  |TAMS 0x00000000ad700000, 0x00000000ad700000| Untracked 
| 216|0x00000000ad800000, 0x00000000ad800000, 0x00000000ad900000|  0%| F|  |TAMS 0x00000000ad800000, 0x00000000ad800000| Untracked 
| 217|0x00000000ad900000, 0x00000000ad900000, 0x00000000ada00000|  0%| F|  |TAMS 0x00000000ad900000, 0x00000000ad900000| Untracked 
| 218|0x00000000ada00000, 0x00000000ada00000, 0x00000000adb00000|  0%| F|  |TAMS 0x00000000ada00000, 0x00000000ada00000| Untracked 
| 219|0x00000000adb00000, 0x00000000adb00000, 0x00000000adc00000|  0%| F|  |TAMS 0x00000000adb00000, 0x00000000adb00000| Untracked 
| 220|0x00000000adc00000, 0x00000000adc00000, 0x00000000add00000|  0%| F|  |TAMS 0x00000000adc00000, 0x00000000adc00000| Untracked 
| 221|0x00000000add00000, 0x00000000add00000, 0x00000000ade00000|  0%| F|  |TAMS 0x00000000add00000, 0x00000000add00000| Untracked 
| 222|0x00000000ade00000, 0x00000000ade00000, 0x00000000adf00000|  0%| F|  |TAMS 0x00000000ade00000, 0x00000000ade00000| Untracked 
| 223|0x00000000adf00000, 0x00000000adf00000, 0x00000000ae000000|  0%| F|  |TAMS 0x00000000adf00000, 0x00000000adf00000| Untracked 
| 224|0x00000000ae000000, 0x00000000ae000000, 0x00000000ae100000|  0%| F|  |TAMS 0x00000000ae000000, 0x00000000ae000000| Untracked 
| 225|0x00000000ae100000, 0x00000000ae100000, 0x00000000ae200000|  0%| F|  |TAMS 0x00000000ae100000, 0x00000000ae100000| Untracked 
| 226|0x00000000ae200000, 0x00000000ae200000, 0x00000000ae300000|  0%| F|  |TAMS 0x00000000ae200000, 0x00000000ae200000| Untracked 
| 227|0x00000000ae300000, 0x00000000ae300000, 0x00000000ae400000|  0%| F|  |TAMS 0x00000000ae300000, 0x00000000ae300000| Untracked 
| 228|0x00000000ae400000, 0x00000000ae400000, 0x00000000ae500000|  0%| F|  |TAMS 0x00000000ae400000, 0x00000000ae400000| Untracked 
| 229|0x00000000ae500000, 0x00000000ae500000, 0x00000000ae600000|  0%| F|  |TAMS 0x00000000ae500000, 0x00000000ae500000| Untracked 
| 230|0x00000000ae600000, 0x00000000ae600000, 0x00000000ae700000|  0%| F|  |TAMS 0x00000000ae600000, 0x00000000ae600000| Untracked 
| 231|0x00000000ae700000, 0x00000000ae700000, 0x00000000ae800000|  0%| F|  |TAMS 0x00000000ae700000, 0x00000000ae700000| Untracked 
| 232|0x00000000ae800000, 0x00000000ae800000, 0x00000000ae900000|  0%| F|  |TAMS 0x00000000ae800000, 0x00000000ae800000| Untracked 
| 233|0x00000000ae900000, 0x00000000ae900000, 0x00000000aea00000|  0%| F|  |TAMS 0x00000000ae900000, 0x00000000ae900000| Untracked 
| 234|0x00000000aea00000, 0x00000000aea00000, 0x00000000aeb00000|  0%| F|  |TAMS 0x00000000aea00000, 0x00000000aea00000| Untracked 
| 235|0x00000000aeb00000, 0x00000000aeb00000, 0x00000000aec00000|  0%| F|  |TAMS 0x00000000aeb00000, 0x00000000aeb00000| Untracked 
| 236|0x00000000aec00000, 0x00000000aec00000, 0x00000000aed00000|  0%| F|  |TAMS 0x00000000aec00000, 0x00000000aec00000| Untracked 
| 237|0x00000000aed00000, 0x00000000aed00000, 0x00000000aee00000|  0%| F|  |TAMS 0x00000000aed00000, 0x00000000aed00000| Untracked 
| 238|0x00000000aee00000, 0x00000000aee00000, 0x00000000aef00000|  0%| F|  |TAMS 0x00000000aee00000, 0x00000000aee00000| Untracked 
| 239|0x00000000aef00000, 0x00000000aef00000, 0x00000000af000000|  0%| F|  |TAMS 0x00000000aef00000, 0x00000000aef00000| Untracked 
| 240|0x00000000af000000, 0x00000000af000000, 0x00000000af100000|  0%| F|  |TAMS 0x00000000af000000, 0x00000000af000000| Untracked 
| 241|0x00000000af100000, 0x00000000af100000, 0x00000000af200000|  0%| F|  |TAMS 0x00000000af100000, 0x00000000af100000| Untracked 
| 242|0x00000000af200000, 0x00000000af200000, 0x00000000af300000|  0%| F|  |TAMS 0x00000000af200000, 0x00000000af200000| Untracked 
| 243|0x00000000af300000, 0x00000000af300000, 0x00000000af400000|  0%| F|  |TAMS 0x00000000af300000, 0x00000000af300000| Untracked 
| 244|0x00000000af400000, 0x00000000af400000, 0x00000000af500000|  0%| F|  |TAMS 0x00000000af400000, 0x00000000af400000| Untracked 
| 245|0x00000000af500000, 0x00000000af500000, 0x00000000af600000|  0%| F|  |TAMS 0x00000000af500000, 0x00000000af500000| Untracked 
| 246|0x00000000af600000, 0x00000000af600000, 0x00000000af700000|  0%| F|  |TAMS 0x00000000af600000, 0x00000000af600000| Untracked 
| 247|0x00000000af700000, 0x00000000af700000, 0x00000000af800000|  0%| F|  |TAMS 0x00000000af700000, 0x00000000af700000| Untracked 
| 248|0x00000000af800000, 0x00000000af800000, 0x00000000af900000|  0%| F|  |TAMS 0x00000000af800000, 0x00000000af800000| Untracked 
| 249|0x00000000af900000, 0x00000000af900000, 0x00000000afa00000|  0%| F|  |TAMS 0x00000000af900000, 0x00000000af900000| Untracked 
| 250|0x00000000afa00000, 0x00000000afa00000, 0x00000000afb00000|  0%| F|  |TAMS 0x00000000afa00000, 0x00000000afa00000| Untracked 
| 251|0x00000000afb00000, 0x00000000afb00000, 0x00000000afc00000|  0%| F|  |TAMS 0x00000000afb00000, 0x00000000afb00000| Untracked 
| 252|0x00000000afc00000, 0x00000000afc00000, 0x00000000afd00000|  0%| F|  |TAMS 0x00000000afc00000, 0x00000000afc00000| Untracked 
| 253|0x00000000afd00000, 0x00000000afd00000, 0x00000000afe00000|  0%| F|  |TAMS 0x00000000afd00000, 0x00000000afd00000| Untracked 
| 254|0x00000000afe00000, 0x00000000afe00000, 0x00000000aff00000|  0%| F|  |TAMS 0x00000000afe00000, 0x00000000afe00000| Untracked 
| 255|0x00000000aff00000, 0x00000000aff00000, 0x00000000b0000000|  0%| F|  |TAMS 0x00000000aff00000, 0x00000000aff00000| Untracked 
| 256|0x00000000b0000000, 0x00000000b0000000, 0x00000000b0100000|  0%| F|  |TAMS 0x00000000b0000000, 0x00000000b0000000| Untracked 
| 257|0x00000000b0100000, 0x00000000b0100000, 0x00000000b0200000|  0%| F|  |TAMS 0x00000000b0100000, 0x00000000b0100000| Untracked 
| 258|0x00000000b0200000, 0x00000000b0200000, 0x00000000b0300000|  0%| F|  |TAMS 0x00000000b0200000, 0x00000000b0200000| Untracked 
| 259|0x00000000b0300000, 0x00000000b0300000, 0x00000000b0400000|  0%| F|  |TAMS 0x00000000b0300000, 0x00000000b0300000| Untracked 
| 260|0x00000000b0400000, 0x00000000b0400000, 0x00000000b0500000|  0%| F|  |TAMS 0x00000000b0400000, 0x00000000b0400000| Untracked 
| 261|0x00000000b0500000, 0x00000000b0500000, 0x00000000b0600000|  0%| F|  |TAMS 0x00000000b0500000, 0x00000000b0500000| Untracked 
| 262|0x00000000b0600000, 0x00000000b0600000, 0x00000000b0700000|  0%| F|  |TAMS 0x00000000b0600000, 0x00000000b0600000| Untracked 
| 263|0x00000000b0700000, 0x00000000b0700000, 0x00000000b0800000|  0%| F|  |TAMS 0x00000000b0700000, 0x00000000b0700000| Untracked 
| 264|0x00000000b0800000, 0x00000000b0800000, 0x00000000b0900000|  0%| F|  |TAMS 0x00000000b0800000, 0x00000000b0800000| Untracked 
| 265|0x00000000b0900000, 0x00000000b0900000, 0x00000000b0a00000|  0%| F|  |TAMS 0x00000000b0900000, 0x00000000b0900000| Untracked 
| 266|0x00000000b0a00000, 0x00000000b0a00000, 0x00000000b0b00000|  0%| F|  |TAMS 0x00000000b0a00000, 0x00000000b0a00000| Untracked 
| 267|0x00000000b0b00000, 0x00000000b0b00000, 0x00000000b0c00000|  0%| F|  |TAMS 0x00000000b0b00000, 0x00000000b0b00000| Untracked 
| 268|0x00000000b0c00000, 0x00000000b0c00000, 0x00000000b0d00000|  0%| F|  |TAMS 0x00000000b0c00000, 0x00000000b0c00000| Untracked 
| 269|0x00000000b0d00000, 0x00000000b0d00000, 0x00000000b0e00000|  0%| F|  |TAMS 0x00000000b0d00000, 0x00000000b0d00000| Untracked 
| 270|0x00000000b0e00000, 0x00000000b0e00000, 0x00000000b0f00000|  0%| F|  |TAMS 0x00000000b0e00000, 0x00000000b0e00000| Untracked 
| 271|0x00000000b0f00000, 0x00000000b0f00000, 0x00000000b1000000|  0%| F|  |TAMS 0x00000000b0f00000, 0x00000000b0f00000| Untracked 
| 272|0x00000000b1000000, 0x00000000b1000000, 0x00000000b1100000|  0%| F|  |TAMS 0x00000000b1000000, 0x00000000b1000000| Untracked 
| 273|0x00000000b1100000, 0x00000000b1100000, 0x00000000b1200000|  0%| F|  |TAMS 0x00000000b1100000, 0x00000000b1100000| Untracked 
| 274|0x00000000b1200000, 0x00000000b1200000, 0x00000000b1300000|  0%| F|  |TAMS 0x00000000b1200000, 0x00000000b1200000| Untracked 
| 275|0x00000000b1300000, 0x00000000b1300000, 0x00000000b1400000|  0%| F|  |TAMS 0x00000000b1300000, 0x00000000b1300000| Untracked 
| 276|0x00000000b1400000, 0x00000000b1400000, 0x00000000b1500000|  0%| F|  |TAMS 0x00000000b1400000, 0x00000000b1400000| Untracked 
| 277|0x00000000b1500000, 0x00000000b1500000, 0x00000000b1600000|  0%| F|  |TAMS 0x00000000b1500000, 0x00000000b1500000| Untracked 
| 278|0x00000000b1600000, 0x00000000b1600000, 0x00000000b1700000|  0%| F|  |TAMS 0x00000000b1600000, 0x00000000b1600000| Untracked 
| 279|0x00000000b1700000, 0x00000000b1700000, 0x00000000b1800000|  0%| F|  |TAMS 0x00000000b1700000, 0x00000000b1700000| Untracked 
| 280|0x00000000b1800000, 0x00000000b1800000, 0x00000000b1900000|  0%| F|  |TAMS 0x00000000b1800000, 0x00000000b1800000| Untracked 
| 281|0x00000000b1900000, 0x00000000b1900000, 0x00000000b1a00000|  0%| F|  |TAMS 0x00000000b1900000, 0x00000000b1900000| Untracked 
| 282|0x00000000b1a00000, 0x00000000b1a00000, 0x00000000b1b00000|  0%| F|  |TAMS 0x00000000b1a00000, 0x00000000b1a00000| Untracked 
| 283|0x00000000b1b00000, 0x00000000b1b00000, 0x00000000b1c00000|  0%| F|  |TAMS 0x00000000b1b00000, 0x00000000b1b00000| Untracked 
| 284|0x00000000b1c00000, 0x00000000b1c00000, 0x00000000b1d00000|  0%| F|  |TAMS 0x00000000b1c00000, 0x00000000b1c00000| Untracked 
| 285|0x00000000b1d00000, 0x00000000b1d00000, 0x00000000b1e00000|  0%| F|  |TAMS 0x00000000b1d00000, 0x00000000b1d00000| Untracked 
| 286|0x00000000b1e00000, 0x00000000b1e00000, 0x00000000b1f00000|  0%| F|  |TAMS 0x00000000b1e00000, 0x00000000b1e00000| Untracked 
| 287|0x00000000b1f00000, 0x00000000b1f00000, 0x00000000b2000000|  0%| F|  |TAMS 0x00000000b1f00000, 0x00000000b1f00000| Untracked 
| 288|0x00000000b2000000, 0x00000000b2000000, 0x00000000b2100000|  0%| F|  |TAMS 0x00000000b2000000, 0x00000000b2000000| Untracked 
| 289|0x00000000b2100000, 0x00000000b21df5e8, 0x00000000b2200000| 87%| S|CS|TAMS 0x00000000b2100000, 0x00000000b2100000| Complete 
| 290|0x00000000b2200000, 0x00000000b2200000, 0x00000000b2300000|  0%| F|  |TAMS 0x00000000b2200000, 0x00000000b2200000| Untracked 
| 291|0x00000000b2300000, 0x00000000b2300000, 0x00000000b2400000|  0%| F|  |TAMS 0x00000000b2300000, 0x00000000b2300000| Untracked 
| 292|0x00000000b2400000, 0x00000000b2400000, 0x00000000b2500000|  0%| F|  |TAMS 0x00000000b2400000, 0x00000000b2400000| Untracked 
| 293|0x00000000b2500000, 0x00000000b2500000, 0x00000000b2600000|  0%| F|  |TAMS 0x00000000b2500000, 0x00000000b2500000| Untracked 
| 294|0x00000000b2600000, 0x00000000b2600000, 0x00000000b2700000|  0%| F|  |TAMS 0x00000000b2600000, 0x00000000b2600000| Untracked 
| 295|0x00000000b2700000, 0x00000000b277db60, 0x00000000b2800000| 49%| E|  |TAMS 0x00000000b2700000, 0x00000000b2700000| Complete 
| 296|0x00000000b2800000, 0x00000000b2900000, 0x00000000b2900000|100%| E|CS|TAMS 0x00000000b2800000, 0x00000000b2800000| Complete 
| 297|0x00000000b2900000, 0x00000000b2a00000, 0x00000000b2a00000|100%| E|CS|TAMS 0x00000000b2900000, 0x00000000b2900000| Complete 
| 298|0x00000000b2a00000, 0x00000000b2b00000, 0x00000000b2b00000|100%| E|CS|TAMS 0x00000000b2a00000, 0x00000000b2a00000| Complete 

Card table byte_map: [0x0000022ff2700000,0x0000022ff2a00000] _byte_map_base: 0x0000022ff2200000

Marking Bits (Prev, Next): (CMBitMap*) 0x0000022fee954d98, (CMBitMap*) 0x0000022fee954dd0
 Prev Bits: [0x0000022ff2d00000, 0x0000022ff4500000)
 Next Bits: [0x0000022ff4500000, 0x0000022ff5d00000)

Polling page: 0x0000022fee0f0000

Metaspace:

Usage:
  Non-class:     89.13 MB capacity,    85.97 MB ( 96%) used,     2.82 MB (  3%) free+waste,   342.44 KB ( <1%) overhead. 
      Class:     14.17 MB capacity,    12.76 MB ( 90%) used,     1.26 MB (  9%) free+waste,   156.13 KB (  1%) overhead. 
       Both:    103.30 MB capacity,    98.73 MB ( 96%) used,     4.08 MB (  4%) free+waste,   498.56 KB ( <1%) overhead. 

Virtual space:
  Non-class space:       90.00 MB reserved,      89.25 MB (>99%) committed 
      Class space:        1.00 GB reserved,      14.20 MB (  1%) committed 
             Both:        1.09 GB reserved,     103.45 MB (  9%) committed 

Chunk freelists:
   Non-Class:  0 bytes
       Class:  13.00 KB
        Both:  13.00 KB

MaxMetaspaceSize: 17179869184.00 GB
CompressedClassSpaceSize: 1.00 GB

CodeHeap 'non-profiled nmethods': size=120064Kb used=8568Kb max_used=8568Kb free=111495Kb
 bounds [0x0000022f87ac0000, 0x0000022f88320000, 0x0000022f8f000000]
CodeHeap 'profiled nmethods': size=120000Kb used=30702Kb max_used=30702Kb free=89297Kb
 bounds [0x0000022f80590000, 0x0000022f82390000, 0x0000022f87ac0000]
CodeHeap 'non-nmethods': size=5696Kb used=2299Kb max_used=2353Kb free=3396Kb
 bounds [0x0000022f80000000, 0x0000022f80270000, 0x0000022f80590000]
 total_blobs=16639 nmethods=15738 adapters=811
 compilation: enabled
              stopped_count=0, restarted_count=0
 full_count=0

Compilation events (20 events):
Event: 62.191 Thread 0x0000022ff8b4a000 16169       1       com.sun.management.internal.PlatformMBeanProviderImpl$3::mbeanInterfaceNames (5 bytes)
Event: 62.192 Thread 0x0000022ff8b4a000 nmethod 16169 0x0000022f8831da10 code [0x0000022f8831dbc0, 0x0000022f8831dc78]
Event: 62.192 Thread 0x0000022ff8b4a000 16170       1       java.lang.management.DefaultPlatformMBeanProvider$5::mbeanInterfaceNames (5 bytes)
Event: 62.192 Thread 0x0000022ff8b4a000 nmethod 16170 0x0000022f8831dd10 code [0x0000022f8831dec0, 0x0000022f8831df78]
Event: 62.192 Thread 0x0000022ff8b4a000 16171       1       java.lang.management.DefaultPlatformMBeanProvider$6::mbeanInterfaceNames (5 bytes)
Event: 62.192 Thread 0x0000022ff8b4a000 nmethod 16171 0x0000022f8831e010 code [0x0000022f8831e1c0, 0x0000022f8831e278]
Event: 62.814 Thread 0x0000022ff8b46800 16172       4       org.gradle.internal.logging.text.AbstractLineChoppingStyledTextOutput$1::execute (9 bytes)
Event: 62.814 Thread 0x0000022ff8b4a000 16173       3       org.gradle.internal.io.LineBufferingOutputStream::write (59 bytes)
Event: 62.815 Thread 0x0000022ff8b4a000 nmethod 16173 0x0000022f82385c10 code [0x0000022f82385ee0, 0x0000022f82386cb8]
Event: 62.815 Thread 0x0000022ff8b4a000 16180       3       org.gradle.internal.io.LineBufferingOutputStream::endsWithLineSeparator (27 bytes)
Event: 62.816 Thread 0x0000022ff8b4a000 nmethod 16180 0x0000022f82387210 code [0x0000022f823873c0, 0x0000022f82387558]
Event: 62.816 Thread 0x0000022ff8b4a000 16174       3       org.gradle.internal.io.StreamByteBuffer$StreamByteBufferOutputStream::write (22 bytes)
Event: 62.816 Thread 0x0000022ff8b4a000 nmethod 16174 0x0000022f82387610 code [0x0000022f823877e0, 0x0000022f82387a68]
Event: 62.816 Thread 0x0000022ff8b4a000 16175       3       org.gradle.internal.io.StreamByteBuffer$StreamByteBufferChunk::write (32 bytes)
Event: 62.816 Thread 0x0000022ff8b4a000 nmethod 16175 0x0000022f82387c10 code [0x0000022f82387dc0, 0x0000022f82387f58]
Event: 62.823 Thread 0x0000022ff8b4a000 16182   !   3       java.io.BufferedWriter::flushBuffer (53 bytes)
Event: 62.824 Thread 0x0000022ff8b4a000 nmethod 16182 0x0000022f82388010 code [0x0000022f82388200, 0x0000022f82388798]
Event: 62.824 Thread 0x0000022ff8b4a000 16183   !   3       java.io.BufferedWriter::write (117 bytes)
Event: 62.824 Thread 0x0000022ff8b4a000 nmethod 16183 0x0000022f82388a10 code [0x0000022f82388c20, 0x0000022f82389328]
Event: 62.824 Thread 0x0000022ff8b4a000 16185   !   3       java.io.PrintStream::write (83 bytes)

GC Heap History (20 events):
Event: 33.735 GC heap before
{Heap before GC invocations=79 (full 0):
 garbage-first heap   total 306176K, used 218566K [0x00000000a0000000, 0x0000000100000000)
  region size 1024K, 56 young (57344K), 5 survivors (5120K)
 Metaspace       used 98124K, capacity 102654K, committed 102860K, reserved 1138688K
  class space    used 12781K, capacity 14164K, committed 14284K, reserved 1048576K
}
Event: 33.757 GC heap after
{Heap after GC invocations=80 (full 0):
 garbage-first heap   total 306176K, used 172015K [0x00000000a0000000, 0x0000000100000000)
  region size 1024K, 5 young (5120K), 5 survivors (5120K)
 Metaspace       used 98124K, capacity 102654K, committed 102860K, reserved 1138688K
  class space    used 12781K, capacity 14164K, committed 14284K, reserved 1048576K
}
Event: 35.185 GC heap before
{Heap before GC invocations=80 (full 0):
 garbage-first heap   total 306176K, used 229359K [0x00000000a0000000, 0x0000000100000000)
  region size 1024K, 62 young (63488K), 5 survivors (5120K)
 Metaspace       used 98752K, capacity 103296K, committed 103628K, reserved 1138688K
  class space    used 12826K, capacity 14196K, committed 14284K, reserved 1048576K
}
Event: 35.203 GC heap after
{Heap after GC invocations=81 (full 0):
 garbage-first heap   total 306176K, used 175777K [0x00000000a0000000, 0x0000000100000000)
  region size 1024K, 4 young (4096K), 4 survivors (4096K)
 Metaspace       used 98752K, capacity 103296K, committed 103628K, reserved 1138688K
  class space    used 12826K, capacity 14196K, committed 14284K, reserved 1048576K
}
Event: 36.505 GC heap before
{Heap before GC invocations=82 (full 0):
 garbage-first heap   total 306176K, used 233121K [0x00000000a0000000, 0x0000000100000000)
  region size 1024K, 61 young (62464K), 4 survivors (4096K)
 Metaspace       used 99277K, capacity 103902K, committed 104140K, reserved 1138688K
  class space    used 12875K, capacity 14277K, committed 14284K, reserved 1048576K
}
Event: 36.523 GC heap after
{Heap after GC invocations=83 (full 0):
 garbage-first heap   total 306176K, used 180655K [0x00000000a0000000, 0x0000000100000000)
  region size 1024K, 8 young (8192K), 8 survivors (8192K)
 Metaspace       used 99277K, capacity 103902K, committed 104140K, reserved 1138688K
  class space    used 12875K, capacity 14277K, committed 14284K, reserved 1048576K
}
Event: 36.677 GC heap before
{Heap before GC invocations=83 (full 0):
 garbage-first heap   total 306176K, used 185775K [0x00000000a0000000, 0x0000000100000000)
  region size 1024K, 14 young (14336K), 8 survivors (8192K)
 Metaspace       used 99328K, capacity 103908K, committed 104140K, reserved 1138688K
  class space    used 12875K, capacity 14277K, committed 14284K, reserved 1048576K
}
Event: 36.695 GC heap after
{Heap after GC invocations=84 (full 0):
 garbage-first heap   total 306176K, used 180735K [0x00000000a0000000, 0x0000000100000000)
  region size 1024K, 1 young (1024K), 1 survivors (1024K)
 Metaspace       used 99328K, capacity 103908K, committed 104140K, reserved 1138688K
  class space    used 12875K, capacity 14277K, committed 14284K, reserved 1048576K
}
Event: 38.088 GC heap before
{Heap before GC invocations=84 (full 0):
 garbage-first heap   total 306176K, used 238079K [0x00000000a0000000, 0x0000000100000000)
  region size 1024K, 58 young (59392K), 1 survivors (1024K)
 Metaspace       used 99658K, capacity 104291K, committed 104524K, reserved 1138688K
  class space    used 12890K, capacity 14303K, committed 14412K, reserved 1048576K
}
Event: 38.101 GC heap after
{Heap after GC invocations=85 (full 0):
 garbage-first heap   total 306176K, used 184670K [0x00000000a0000000, 0x0000000100000000)
  region size 1024K, 5 young (5120K), 5 survivors (5120K)
 Metaspace       used 99658K, capacity 104291K, committed 104524K, reserved 1138688K
  class space    used 12890K, capacity 14303K, committed 14412K, reserved 1048576K
}
Event: 39.791 GC heap before
{Heap before GC invocations=86 (full 0):
 garbage-first heap   total 306176K, used 243038K [0x00000000a0000000, 0x0000000100000000)
  region size 1024K, 63 young (64512K), 5 survivors (5120K)
 Metaspace       used 99910K, capacity 104628K, committed 104780K, reserved 1140736K
  class space    used 12891K, capacity 14302K, committed 14412K, reserved 1048576K
}
Event: 39.813 GC heap after
{Heap after GC invocations=87 (full 0):
 garbage-first heap   total 306176K, used 188821K [0x00000000a0000000, 0x0000000100000000)
  region size 1024K, 8 young (8192K), 8 survivors (8192K)
 Metaspace       used 99910K, capacity 104628K, committed 104780K, reserved 1140736K
  class space    used 12891K, capacity 14302K, committed 14412K, reserved 1048576K
}
Event: 39.982 GC heap before
{Heap before GC invocations=87 (full 0):
 garbage-first heap   total 306176K, used 194965K [0x00000000a0000000, 0x0000000100000000)
  region size 1024K, 14 young (14336K), 8 survivors (8192K)
 Metaspace       used 100569K, capacity 105264K, committed 105292K, reserved 1140736K
  class space    used 12983K, capacity 14408K, committed 14412K, reserved 1048576K
}
Event: 39.998 GC heap after
{Heap after GC invocations=88 (full 0):
 garbage-first heap   total 306176K, used 188524K [0x00000000a0000000, 0x0000000100000000)
  region size 1024K, 2 young (2048K), 2 survivors (2048K)
 Metaspace       used 100569K, capacity 105264K, committed 105292K, reserved 1140736K
  class space    used 12983K, capacity 14408K, committed 14412K, reserved 1048576K
}
Event: 40.020 GC heap before
{Heap before GC invocations=88 (full 0):
 garbage-first heap   total 306176K, used 188524K [0x00000000a0000000, 0x0000000100000000)
  region size 1024K, 3 young (3072K), 2 survivors (2048K)
 Metaspace       used 100569K, capacity 105264K, committed 105292K, reserved 1140736K
  class space    used 12983K, capacity 14408K, committed 14412K, reserved 1048576K
}
Event: 40.026 GC heap after
{Heap after GC invocations=89 (full 0):
 garbage-first heap   total 306176K, used 187788K [0x00000000a0000000, 0x0000000100000000)
  region size 1024K, 1 young (1024K), 1 survivors (1024K)
 Metaspace       used 100569K, capacity 105264K, committed 105292K, reserved 1140736K
  class space    used 12983K, capacity 14408K, committed 14412K, reserved 1048576K
}
Event: 47.188 GC heap before
{Heap before GC invocations=90 (full 0):
 garbage-first heap   total 306176K, used 250252K [0x00000000a0000000, 0x0000000100000000)
  region size 1024K, 61 young (62464K), 1 survivors (1024K)
 Metaspace       used 100613K, capacity 105277K, committed 105292K, reserved 1140736K
  class space    used 12988K, capacity 14412K, committed 14412K, reserved 1048576K
}
Event: 47.199 GC heap after
{Heap after GC invocations=91 (full 0):
 garbage-first heap   total 306176K, used 192033K [0x00000000a0000000, 0x0000000100000000)
  region size 1024K, 5 young (5120K), 5 survivors (5120K)
 Metaspace       used 100613K, capacity 105277K, committed 105292K, reserved 1140736K
  class space    used 12988K, capacity 14412K, committed 14412K, reserved 1048576K
}
Event: 47.357 GC heap before
{Heap before GC invocations=91 (full 0):
 garbage-first heap   total 306176K, used 201249K [0x00000000a0000000, 0x0000000100000000)
  region size 1024K, 14 young (14336K), 5 survivors (5120K)
 Metaspace       used 100914K, capacity 105607K, committed 105676K, reserved 1140736K
  class space    used 13046K, capacity 14500K, committed 14540K, reserved 1048576K
}
Event: 47.366 GC heap after
{Heap after GC invocations=92 (full 0):
 garbage-first heap   total 306176K, used 191584K [0x00000000a0000000, 0x0000000100000000)
  region size 1024K, 1 young (1024K), 1 survivors (1024K)
 Metaspace       used 100914K, capacity 105607K, committed 105676K, reserved 1140736K
  class space    used 13046K, capacity 14500K, committed 14540K, reserved 1048576K
}

Deoptimization events (20 events):
Event: 62.813 Thread 0x0000022f93e77800 Uncommon trap: trap_request=0xffffffc6 fr.pc=0x0000022f87fcaff0 relative=0x00000000000003d0
Event: 62.813 Thread 0x0000022f93e77800 Uncommon trap: reason=bimorphic_or_optimized_type_check action=maybe_recompile pc=0x0000022f87fcaff0 method=org.gradle.internal.logging.sink.OutputEventRenderer.onOutput(Lorg/gradle/internal/logging/events/OutputEvent;)V @ 1 c2
Event: 62.813 Thread 0x0000022f93e77800 DEOPT PACKING pc=0x0000022f87fcaff0 sp=0x000000e0c2dfea70
Event: 62.813 Thread 0x0000022f93e77800 DEOPT UNPACKING pc=0x0000022f800278af sp=0x000000e0c2dfe9c8 mode 2
Event: 62.814 Thread 0x0000022f93e77800 Uncommon trap: trap_request=0xffffffc6 fr.pc=0x0000022f87fcaff0 relative=0x00000000000003d0
Event: 62.814 Thread 0x0000022f93e77800 Uncommon trap: reason=bimorphic_or_optimized_type_check action=maybe_recompile pc=0x0000022f87fcaff0 method=org.gradle.internal.logging.sink.OutputEventRenderer.onOutput(Lorg/gradle/internal/logging/events/OutputEvent;)V @ 1 c2
Event: 62.814 Thread 0x0000022f93e77800 DEOPT PACKING pc=0x0000022f87fcaff0 sp=0x000000e0c2dfea70
Event: 62.814 Thread 0x0000022f93e77800 DEOPT UNPACKING pc=0x0000022f800278af sp=0x000000e0c2dfe9c8 mode 2
Event: 62.814 Thread 0x0000022f93e77800 Uncommon trap: trap_request=0xffffffc6 fr.pc=0x0000022f87fcaff0 relative=0x00000000000003d0
Event: 62.814 Thread 0x0000022f93e77800 Uncommon trap: reason=bimorphic_or_optimized_type_check action=maybe_recompile pc=0x0000022f87fcaff0 method=org.gradle.internal.logging.sink.OutputEventRenderer.onOutput(Lorg/gradle/internal/logging/events/OutputEvent;)V @ 1 c2
Event: 62.814 Thread 0x0000022f93e77800 DEOPT PACKING pc=0x0000022f87fcaff0 sp=0x000000e0c2dfea70
Event: 62.814 Thread 0x0000022f93e77800 DEOPT UNPACKING pc=0x0000022f800278af sp=0x000000e0c2dfe9c8 mode 2
Event: 62.815 Thread 0x0000022f93e77800 Uncommon trap: trap_request=0xffffffc6 fr.pc=0x0000022f87fcaff0 relative=0x00000000000003d0
Event: 62.815 Thread 0x0000022f93e77800 Uncommon trap: reason=bimorphic_or_optimized_type_check action=maybe_recompile pc=0x0000022f87fcaff0 method=org.gradle.internal.logging.sink.OutputEventRenderer.onOutput(Lorg/gradle/internal/logging/events/OutputEvent;)V @ 1 c2
Event: 62.815 Thread 0x0000022f93e77800 DEOPT PACKING pc=0x0000022f87fcaff0 sp=0x000000e0c2dfea70
Event: 62.815 Thread 0x0000022f93e77800 DEOPT UNPACKING pc=0x0000022f800278af sp=0x000000e0c2dfe9c8 mode 2
Event: 62.815 Thread 0x0000022f93e77800 Uncommon trap: trap_request=0xffffffc6 fr.pc=0x0000022f87f80c98 relative=0x0000000000000318
Event: 62.815 Thread 0x0000022f93e77800 Uncommon trap: reason=bimorphic_or_optimized_type_check action=maybe_recompile pc=0x0000022f87f80c98 method=org.gradle.internal.logging.sink.OutputEventRenderer.onOutput(Lorg/gradle/internal/logging/events/OutputEvent;)V @ 1 c2
Event: 62.815 Thread 0x0000022f93e77800 DEOPT PACKING pc=0x0000022f87f80c98 sp=0x000000e0c2dfea10
Event: 62.815 Thread 0x0000022f93e77800 DEOPT UNPACKING pc=0x0000022f800278af sp=0x000000e0c2dfe9c8 mode 2

Classes redefined (0 events):
No events

Internal exceptions (20 events):
Event: 47.334 Thread 0x0000022f93e72800 Exception <a 'java/lang/ClassNotFoundException'{0x00000000b2320788}: org/gradle/process/internal/DefaultExecActionBeanInfo> (0x00000000b2320788) thrown at [./src/hotspot/share/classfile/systemDictionary.cpp, line 231]
Event: 47.335 Thread 0x0000022f93e72800 Exception <a 'java/lang/ClassNotFoundException'{0x00000000b2358bf0}: org/gradle/process/internal/DefaultExecHandleBuilderBeanInfo> (0x00000000b2358bf0) thrown at [./src/hotspot/share/classfile/systemDictionary.cpp, line 231]
Event: 47.340 Thread 0x0000022f93e72800 Exception <a 'java/lang/ClassNotFoundException'{0x00000000b2391cb0}: org/gradle/process/internal/AbstractExecHandleBuilderBeanInfo> (0x00000000b2391cb0) thrown at [./src/hotspot/share/classfile/systemDictionary.cpp, line 231]
Event: 47.341 Thread 0x0000022f93e72800 Exception <a 'java/lang/ClassNotFoundException'{0x00000000b23caff8}: org/gradle/process/internal/DefaultProcessForkOptionsBeanInfo> (0x00000000b23caff8) thrown at [./src/hotspot/share/classfile/systemDictionary.cpp, line 231]
Event: 47.342 Thread 0x0000022f93e72800 Exception <a 'java/lang/ClassNotFoundException'{0x00000000b2205020}: org/gradle/process/internal/DefaultProcessForkOptionsCustomizer> (0x00000000b2205020) thrown at [./src/hotspot/share/classfile/systemDictionary.cpp, line 231]
Event: 47.351 Thread 0x0000022f93e72800 Exception <a 'java/lang/ClassNotFoundException'{0x00000000b22538c8}: org/gradle/process/internal/AbstractExecHandleBuilderCustomizer> (0x00000000b22538c8) thrown at [./src/hotspot/share/classfile/systemDictionary.cpp, line 231]
Event: 47.353 Thread 0x0000022f93e72800 Exception <a 'java/lang/ClassNotFoundException'{0x00000000b229e128}: org/gradle/process/internal/DefaultExecHandleBuilderCustomizer> (0x00000000b229e128) thrown at [./src/hotspot/share/classfile/systemDictionary.cpp, line 231]
Event: 47.366 Thread 0x0000022f93e72800 Exception <a 'java/lang/ClassNotFoundException'{0x00000000b2a01460}: org/gradle/process/internal/DefaultExecActionCustomizer> (0x00000000b2a01460) thrown at [./src/hotspot/share/classfile/systemDictionary.cpp, line 231]
Event: 47.369 Thread 0x0000022f93e72800 Exception <a 'java/lang/ClassNotFoundException'{0x00000000b2a428e0}: org/gradle/process/internal/DefaultExecAction_DecoratedCustomizer> (0x00000000b2a428e0) thrown at [./src/hotspot/share/classfile/systemDictionary.cpp, line 231]
Event: 47.372 Thread 0x0000022f93e72800 Exception <a 'java/lang/ClassNotFoundException'{0x00000000b2aa0c68}: org/gradle/api/logging/LogLevelBeanInfo> (0x00000000b2aa0c68) thrown at [./src/hotspot/share/classfile/systemDictionary.cpp, line 231]
Event: 47.374 Thread 0x0000022f93e72800 Exception <a 'java/lang/ClassNotFoundException'{0x00000000b2acf9a8}: org/gradle/api/logging/LogLevelCustomizer> (0x00000000b2acf9a8) thrown at [./src/hotspot/share/classfile/systemDictionary.cpp, line 231]
Event: 47.383 Thread 0x0000022f93e72800 Exception <a 'java/lang/ClassNotFoundException'{0x00000000b2948968}: org/gradle/internal/logging/services/DefaultLoggingManagerBeanInfo> (0x00000000b2948968) thrown at [./src/hotspot/share/classfile/systemDictionary.cpp, line 231]
Event: 47.385 Thread 0x0000022f93e72800 Exception <a 'java/lang/ClassNotFoundException'{0x00000000b29824d0}: org/gradle/internal/logging/services/DefaultLoggingManagerCustomizer> (0x00000000b29824d0) thrown at [./src/hotspot/share/classfile/systemDictionary.cpp, line 231]
Event: 47.389 Thread 0x0000022f93e72800 Exception <a 'java/lang/ClassNotFoundException'{0x00000000b29c0a98}: java/lang/BooleanBeanInfo> (0x00000000b29c0a98) thrown at [./src/hotspot/share/classfile/systemDictionary.cpp, line 231]
Event: 47.390 Thread 0x0000022f93e72800 Exception <a 'java/lang/ClassNotFoundException'{0x00000000b29ce968}: java/lang/BooleanCustomizer> (0x00000000b29ce968) thrown at [./src/hotspot/share/classfile/systemDictionary.cpp, line 231]
Event: 47.606 Thread 0x0000022f93e7a000 Exception <a 'java/lang/NoSuchMethodError'{0x00000000b288dfe8}: 'void java.lang.invoke.DirectMethodHandle$Holder.invokeStatic(java.lang.Object, long)'> (0x00000000b288dfe8) thrown at [./src/hotspot/share/interpreter/linkResolver.cpp, line 773]
Event: 47.607 Thread 0x0000022f93e7a000 Exception <a 'java/lang/NoSuchMethodError'{0x00000000b2892f58}: 'java.lang.Object java.lang.invoke.DirectMethodHandle$Holder.invokeStatic(java.lang.Object, long)'> (0x00000000b2892f58) thrown at [./src/hotspot/share/interpreter/linkResolver.cpp, line 773]
Event: 47.611 Thread 0x0000022f93e7a000 Exception <a 'java/lang/NoSuchMethodError'{0x00000000b28a1210}: 'java.lang.Object java.lang.invoke.DirectMethodHandle$Holder.invokeStaticInit(java.lang.Object, java.lang.Object, long, java.lang.Object)'> (0x00000000b28a1210) thrown at [./src/hotspot/share/interpreter/linkResolver.cpp, line 773]
Event: 47.611 Thread 0x0000022f93e7a000 Exception <a 'java/lang/NoSuchMethodError'{0x00000000b28a7100}: 'java.lang.Object java.lang.invoke.DirectMethodHandle$Holder.invokeStatic(java.lang.Object, java.lang.Object, long)'> (0x00000000b28a7100) thrown at [./src/hotspot/share/interpreter/linkResolver.cpp, line 773]
Event: 47.611 Thread 0x0000022f93e7a000 Exception <a 'java/lang/NoSuchMethodError'{0x00000000b28ad870}: 'java.lang.Object java.lang.invoke.Invokers$Holder.linkToTargetMethod(java.lang.Object, long, java.lang.Object)'> (0x00000000b28ad870) thrown at [./src/hotspot/share/interpreter/linkResolver.cpp, line 773]

Events (20 events):
Event: 47.612 loading class java/lang/ProcessImpl$2 done
Event: 47.612 loading class java/lang/Process$PipeInputStream
Event: 47.614 loading class java/lang/Process$PipeInputStream done
Event: 47.614 Executing VM operation: Deoptimize
Event: 47.617 Executing VM operation: Deoptimize done
Event: 47.617 loading class org/gradle/process/internal/streams/ExecOutputHandleRunner
Event: 47.617 loading class org/gradle/process/internal/streams/ExecOutputHandleRunner done
Event: 47.619 Thread 0x0000022f93e77800 Thread added: 0x0000022f93e77800
Event: 47.619 Thread 0x0000022f93e7b800 Thread added: 0x0000022f93e7b800
Event: 48.191 Thread 0x0000022ff9bd5800 Thread exited: 0x0000022ff9bd5800
Event: 62.809 loading class org/gradle/internal/logging/events/StyledTextOutputEvent$Span
Event: 62.809 loading class org/gradle/internal/logging/events/StyledTextOutputEvent$Span done
Event: 62.810 loading class org/gradle/internal/logging/events/operations/StyledTextBuildOperationProgressDetails$Span
Event: 62.810 loading class org/gradle/internal/logging/events/operations/StyledTextBuildOperationProgressDetails$Span done
Event: 62.811 loading class org/gradle/internal/operations/logging/StyledTextBuildOperationProgressDetails$Span
Event: 62.811 loading class org/gradle/internal/operations/logging/StyledTextBuildOperationProgressDetails$Span done
Event: 62.811 Executing VM operation: RevokeBias
Event: 62.812 Executing VM operation: RevokeBias done
Event: 62.812 Executing VM operation: RevokeBias
Event: 62.812 Executing VM operation: RevokeBias done


Dynamic libraries:
0x00007ff7f0b90000 - 0x00007ff7f0b9a000 	C:\Program Files\Android\Android Studio\jre\bin\java.exe
0x00007ffc2df30000 - 0x00007ffc2e147000 	C:\WINDOWS\SYSTEM32\ntdll.dll
0x00007ffc2d120000 - 0x00007ffc2d1e4000 	C:\WINDOWS\System32\KERNEL32.DLL
0x00007ffc2b570000 - 0x00007ffc2b916000 	C:\WINDOWS\System32\KERNELBASE.dll
0x00007ffc2bab0000 - 0x00007ffc2bbc1000 	C:\WINDOWS\System32\ucrtbase.dll
0x00007ffc19e30000 - 0x00007ffc19e49000 	C:\Program Files\Android\Android Studio\jre\bin\jli.dll
0x00007ffc19b70000 - 0x00007ffc19b87000 	C:\Program Files\Android\Android Studio\jre\bin\VCRUNTIME140.dll
0x00007ffc2bef0000 - 0x00007ffc2c09d000 	C:\WINDOWS\System32\USER32.dll
0x00007ffc15550000 - 0x00007ffc157e3000 	C:\WINDOWS\WinSxS\amd64_microsoft.windows.common-controls_6595b64144ccf1df_6.0.22621.2361_none_2712ced57382f843\COMCTL32.dll
0x00007ffc2b330000 - 0x00007ffc2b356000 	C:\WINDOWS\System32\win32u.dll
0x00007ffc2cee0000 - 0x00007ffc2cf87000 	C:\WINDOWS\System32\msvcrt.dll
0x00007ffc2d5c0000 - 0x00007ffc2d5e9000 	C:\WINDOWS\System32\GDI32.dll
0x00007ffc2b990000 - 0x00007ffc2baa8000 	C:\WINDOWS\System32\gdi32full.dll
0x00007ffc2b4d0000 - 0x00007ffc2b56a000 	C:\WINDOWS\System32\msvcp_win.dll
0x00007ffc2d1f0000 - 0x00007ffc2d221000 	C:\WINDOWS\System32\IMM32.DLL
0x00007ffc14990000 - 0x00007ffc14a2d000 	C:\Program Files\Android\Android Studio\jre\bin\msvcp140.dll
0x00007ffb8f330000 - 0x00007ffb8fdff000 	C:\Program Files\Android\Android Studio\jre\bin\server\jvm.dll
0x00007ffc2d070000 - 0x00007ffc2d120000 	C:\WINDOWS\System32\ADVAPI32.dll
0x00007ffc2bde0000 - 0x00007ffc2be86000 	C:\WINDOWS\System32\sechost.dll
0x00007ffc2bc90000 - 0x00007ffc2bda7000 	C:\WINDOWS\System32\RPCRT4.dll
0x00007ffc2d5f0000 - 0x00007ffc2d5f8000 	C:\WINDOWS\System32\PSAPI.DLL
0x00007ffc20650000 - 0x00007ffc20659000 	C:\WINDOWS\SYSTEM32\WSOCK32.dll
0x00007ffc23de0000 - 0x00007ffc23e14000 	C:\WINDOWS\SYSTEM32\WINMM.dll
0x00007ffc2d970000 - 0x00007ffc2d9e1000 	C:\WINDOWS\System32\WS2_32.dll
0x00007ffc22140000 - 0x00007ffc2214a000 	C:\WINDOWS\SYSTEM32\VERSION.dll
0x00007ffc2a290000 - 0x00007ffc2a2a8000 	C:\WINDOWS\SYSTEM32\kernel.appcore.dll
0x00007ffc19960000 - 0x00007ffc19971000 	C:\Program Files\Android\Android Studio\jre\bin\verify.dll
0x00007ffc106a0000 - 0x00007ffc108ce000 	C:\WINDOWS\SYSTEM32\DBGHELP.DLL
0x00007ffc2cb50000 - 0x00007ffc2ceda000 	C:\WINDOWS\System32\combase.dll
0x00007ffc2cf90000 - 0x00007ffc2d067000 	C:\WINDOWS\System32\OLEAUT32.dll
0x00007ffc13010000 - 0x00007ffc13042000 	C:\WINDOWS\SYSTEM32\dbgcore.DLL
0x00007ffc2b2b0000 - 0x00007ffc2b32a000 	C:\WINDOWS\System32\bcryptPrimitives.dll
0x00007ffbe6f50000 - 0x00007ffbe6f79000 	C:\Program Files\Android\Android Studio\jre\bin\java.dll
0x00007ffc19fb0000 - 0x00007ffc19fbb000 	C:\Program Files\Android\Android Studio\jre\bin\jimage.dll
0x00007ffc18250000 - 0x00007ffc18268000 	C:\Program Files\Android\Android Studio\jre\bin\zip.dll
0x00007ffc2c270000 - 0x00007ffc2cac8000 	C:\WINDOWS\System32\SHELL32.dll
0x00007ffc29210000 - 0x00007ffc29b02000 	C:\WINDOWS\SYSTEM32\windows.storage.dll
0x00007ffc290d0000 - 0x00007ffc2920e000 	C:\WINDOWS\SYSTEM32\wintypes.dll
0x00007ffc2d870000 - 0x00007ffc2d963000 	C:\WINDOWS\System32\SHCORE.dll
0x00007ffc2c0a0000 - 0x00007ffc2c0fe000 	C:\WINDOWS\System32\shlwapi.dll
0x00007ffc2b1e0000 - 0x00007ffc2b206000 	C:\WINDOWS\SYSTEM32\profapi.dll
0x00007ffc04b90000 - 0x00007ffc04baa000 	C:\Program Files\Android\Android Studio\jre\bin\net.dll
0x00007ffc22a60000 - 0x00007ffc22b97000 	C:\WINDOWS\SYSTEM32\WINHTTP.dll
0x00007ffc2a770000 - 0x00007ffc2a7d9000 	C:\WINDOWS\system32\mswsock.dll
0x00007ffbfbde0000 - 0x00007ffbfbdf4000 	C:\Program Files\Android\Android Studio\jre\bin\nio.dll
0x00007ffc19ac0000 - 0x00007ffc19ae7000 	C:\Users\casey\.gradle\native\e1d6ef7f7dcc3fd88c89a11ec53ec762bb8ba0a96d01ffa2cd45eb1d1d8dd5c5\windows-amd64\native-platform.dll
0x00007ffbf1860000 - 0x00007ffbf19a4000 	C:\Users\casey\.gradle\native\0d407fdbe67a94daf76414ababcb853783967236a71b16ec16e742cd7a986fd3\windows-amd64\native-platform-file-events.dll
0x00007ffc19e00000 - 0x00007ffc19e0a000 	C:\Program Files\Android\Android Studio\jre\bin\management.dll
0x00007ffc19a80000 - 0x00007ffc19a8c000 	C:\Program Files\Android\Android Studio\jre\bin\management_ext.dll
0x00007ffc2a9c0000 - 0x00007ffc2a9db000 	C:\WINDOWS\SYSTEM32\CRYPTSP.dll
0x00007ffc2a250000 - 0x00007ffc2a285000 	C:\WINDOWS\system32\rsaenh.dll
0x00007ffc2a860000 - 0x00007ffc2a88c000 	C:\WINDOWS\SYSTEM32\USERENV.dll
0x00007ffc2ab60000 - 0x00007ffc2ab88000 	C:\WINDOWS\SYSTEM32\bcrypt.dll
0x00007ffc2a9e0000 - 0x00007ffc2a9ec000 	C:\WINDOWS\SYSTEM32\CRYPTBASE.dll
0x00007ffc29d70000 - 0x00007ffc29d9d000 	C:\WINDOWS\SYSTEM32\IPHLPAPI.DLL
0x00007ffc2bdb0000 - 0x00007ffc2bdb9000 	C:\WINDOWS\System32\NSI.dll
0x00007ffc22940000 - 0x00007ffc22959000 	C:\WINDOWS\SYSTEM32\dhcpcsvc6.DLL
0x00007ffc228a0000 - 0x00007ffc228bf000 	C:\WINDOWS\SYSTEM32\dhcpcsvc.DLL
0x00007ffc29de0000 - 0x00007ffc29ed9000 	C:\WINDOWS\SYSTEM32\DNSAPI.dll

dbghelp: loaded successfully - version: 4.0.5 - missing functions: none
symbol engine: initialized successfully - sym options: 0x614 - pdb path: .;C:\Program Files\Android\Android Studio\jre\bin;C:\WINDOWS\SYSTEM32;C:\WINDOWS\WinSxS\amd64_microsoft.windows.common-controls_6595b64144ccf1df_6.0.22621.2361_none_2712ced57382f843;C:\Program Files\Android\Android Studio\jre\bin\server;C:\Users\casey\.gradle\native\e1d6ef7f7dcc3fd88c89a11ec53ec762bb8ba0a96d01ffa2cd45eb1d1d8dd5c5\windows-amd64;C:\Users\casey\.gradle\native\0d407fdbe67a94daf76414ababcb853783967236a71b16ec16e742cd7a986fd3\windows-amd64

VM Arguments:
jvm_args: --add-opens=java.base/java.util=ALL-UNNAMED --add-opens=java.base/java.lang=ALL-UNNAMED --add-opens=java.base/java.lang.invoke=ALL-UNNAMED --add-opens=java.base/java.util=ALL-UNNAMED --add-opens=java.prefs/java.util.prefs=ALL-UNNAMED --add-opens=java.prefs/java.util.prefs=ALL-UNNAMED --add-opens=java.base/java.nio.charset=ALL-UNNAMED --add-opens=java.base/java.net=ALL-UNNAMED --add-opens=java.base/java.util.concurrent.atomic=ALL-UNNAMED -Xmx1536M -Dfile.encoding=windows-1252 -Duser.country=GB -Duser.language=en -Duser.variant 
java_command: org.gradle.launcher.daemon.bootstrap.GradleDaemon 7.4
java_class_path (initial): C:\Users\casey\.gradle\wrapper\dists\gradle-7.4-all\aadb4xli5jkdsnukm30eibyiu\gradle-7.4\lib\gradle-launcher-7.4.jar
Launcher Type: SUN_STANDARD

[Global flags]
     intx CICompilerCount                          = 3                                         {product} {ergonomic}
     uint ConcGCThreads                            = 1                                         {product} {ergonomic}
     uint G1ConcRefinementThreads                  = 4                                         {product} {ergonomic}
   size_t G1HeapRegionSize                         = 1048576                                   {product} {ergonomic}
    uintx GCDrainStackTargetSize                   = 64                                        {product} {ergonomic}
   size_t InitialHeapSize                          = 58720256                                  {product} {ergonomic}
   size_t MarkStackSize                            = 4194304                                   {product} {ergonomic}
   size_t MaxHeapSize                              = 1610612736                                {product} {command line}
   size_t MaxNewSize                               = 965738496                                 {product} {ergonomic}
   size_t MinHeapDeltaBytes                        = 1048576                                   {product} {ergonomic}
    uintx NonNMethodCodeHeapSize                   = 5830732                                {pd product} {ergonomic}
    uintx NonProfiledCodeHeapSize                  = 122913754                              {pd product} {ergonomic}
    uintx ProfiledCodeHeapSize                     = 122913754                              {pd product} {ergonomic}
    uintx ReservedCodeCacheSize                    = 251658240                              {pd product} {ergonomic}
     bool SegmentedCodeCache                       = true                                      {product} {ergonomic}
     bool UseCompressedClassPointers               = true                                 {lp64_product} {ergonomic}
     bool UseCompressedOops                        = true                                 {lp64_product} {ergonomic}
     bool UseG1GC                                  = true                                      {product} {ergonomic}
     bool UseLargePagesIndividualAllocation        = false                                  {pd product} {ergonomic}

Logging:
Log output configuration:
 #0: stdout all=warning uptime,level,tags
 #1: stderr all=off uptime,level,tags

Environment Variables:
JAVA_HOME=C:\Program Files\Android\Android Studio\jre
CLASSPATH=C:\Users\casey\Downloads\cmpets\android\\gradle\wrapper\gradle-wrapper.jar
PATH=C:\Ruby32-x64\bin;C:\Program Files\Eclipse Adoptium\jdk-17.0.1.12-hotspot\bin;C:\Program Files\Common Files\Oracle\Java\javapath;C:\WINDOWS\system32;C:\WINDOWS;C:\WINDOWS\System32\Wbem;C:\WINDOWS\System32\WindowsPowerShell\v1.0\;C:\WINDOWS\System32\OpenSSH\;C:\Program Files\nodejs\;C:\ProgramData\chocolatey\bin;C:\Program Files\dotnet\;C:\Program Files\Microsoft SQL Server\130\Tools\Binn\;C:\Program Files\Microsoft SQL Server\Client SDK\ODBC\170\Tools\Binn\;%MAVEN_HOME%\bin\mvn*;%JAVA_HOME%\bin;C:\Users\casey\AppData\Roaming\npm;C:\Users\casey\AppData\Local\Android\Sdk\platform-tools;C:\Program Files\Git\cmd;C:\Program Files\Tailscale\;C:\Users\casey\AppData\Local\Pub\Cache\bin;C:\Users\casey\Downloads\flutter_windows_3.10.1-stable\flutter\bin\cache\dart-sdk\bin;C:\Users\casey\Downloads\flutter_windows_3.10.1-stable\flutter\bin;C:\Program Files (x86)\Microsoft SQL Server\160\DTS\Binn\;C:\Program Files\Azure Data Studio\bin;C:\Program Files (x86)\BrowserStackLocal\;C:\Users\casey\AppData\Local\Programs\Microsoft VS Code\bin;C:\Users\casey\AppData\Local\Microsoft\WindowsApps;C:\Program Files\heroku\bin;;C:\Program Files\Azure Data Studio\bin;C:\Users\casey\Downloads\flutter_windows_3.10.1-stable\flutter\bin\mingit\cmd
USERNAME=casey
OS=Windows_NT
PROCESSOR_IDENTIFIER=AMD64 Family 23 Model 24 Stepping 1, AuthenticAMD



---------------  S Y S T E M  ---------------

OS: Windows 10 , 64 bit Build 22621 (10.0.22621.2428)
OS uptime: 2 days 5:11 hours

CPU:total 4 (initial active 4) (4 cores per cpu, 2 threads per core) family 23 model 24 stepping 1 microcode 0x0, cmov, cx8, fxsr, mmx, sse, sse2, sse3, ssse3, sse4.1, sse4.2, popcnt, avx, avx2, aes, clmul, mmxext, 3dnowpref, lzcnt, sse4a, ht, tsc, tscinvbit, tscinv, bmi1, bmi2, adx, s

Memory: 4k page, system-wide physical 3460M (267M free)
TotalPageFile size 14212M (AvailPageFile size 0M)
current process WorkingSet (physical memory assigned to process): 444M, peak: 519M
current process commit charge ("private bytes"): 616M, peak: 647M

vm_info: OpenJDK 64-Bit Server VM (11.0.10+0-b96-7249189) for windows-amd64 JRE (11.0.10+0-b96-7249189), built on Mar 31 2021 21:44:00 by "builder" with MS VC++ 14.0 (VS2015)

END.
