#
# There is insufficient memory for the Java Runtime Environment to continue.
# Native memory allocation (malloc) failed to allocate 1048576 bytes for AllocateHeap
# Possible reasons:
#   The system is out of physical RAM or swap space
#   The process is running with CompressedOops enabled, and the Java Heap may be blocking the growth of the native heap
# Possible solutions:
#   Reduce memory load on the system
#   Increase physical memory or swap space
#   Check if swap backing store is full
#   Decrease Java heap size (-Xmx/-Xms)
#   Decrease number of Java threads
#   Decrease Java thread stack sizes (-Xss)
#   Set larger code cache with -XX:ReservedCodeCacheSize=
#   JVM is running with Unscaled Compressed Oops mode in which the Java heap is
#     placed in the first 4GB address space. The Java Heap base address is the
#     maximum limit for the native heap growth. Please use -XX:HeapBaseMinAddress
#     to set the Java Heap base and to place the Java Heap above 4GB virtual address.
# This output file may be truncated or incomplete.
#
#  Out of Memory Error (./src/hotspot/share/memory/allocation.cpp:46), pid=6600, tid=14372
#
# JRE version: OpenJDK Runtime Environment (11.0.10) (build 11.0.10+0-b96-7249189)
# Java VM: OpenJDK 64-Bit Server VM (11.0.10+0-b96-7249189, mixed mode, tiered, compressed oops, g1 gc, windows-amd64)
# No core dump will be written. Minidumps are not enabled by default on client versions of Windows
#

---------------  S U M M A R Y ------------

Command Line: --add-opens=java.base/java.util=ALL-UNNAMED --add-opens=java.base/java.lang=ALL-UNNAMED --add-opens=java.base/java.lang.invoke=ALL-UNNAMED --add-opens=java.base/java.util=ALL-UNNAMED --add-opens=java.prefs/java.util.prefs=ALL-UNNAMED --add-opens=java.prefs/java.util.prefs=ALL-UNNAMED --add-opens=java.base/java.nio.charset=ALL-UNNAMED --add-opens=java.base/java.net=ALL-UNNAMED --add-opens=java.base/java.util.concurrent.atomic=ALL-UNNAMED -Xmx1536M -Dfile.encoding=windows-1252 -Duser.country=GB -Duser.language=en -Duser.variant org.gradle.launcher.daemon.bootstrap.GradleDaemon 7.4

Host: AMD Athlon 300U with Radeon Vega Mobile Gfx    , 4 cores, 3G,  Windows 10 , 64 bit Build 22621 (10.0.22621.2428)
Time: Wed Oct 25 22:06:20 2023 GMT Summer Time elapsed time: 187.640398 seconds (0d 0h 3m 7s)

---------------  T H R E A D  ---------------

Current thread (0x000002157a9b4800):  VMThread "VM Thread" [stack: 0x0000004cb8700000,0x0000004cb8800000] [id=14372]

Stack: [0x0000004cb8700000,0x0000004cb8800000]
[error occurred during error reporting (printing stack bounds), id 0xc0000005, EXCEPTION_ACCESS_VIOLATION (0xc0000005) at pc=0x0000021500000f2d]

Native frames: (J=compiled Java code, j=interpreted, Vv=VM code, C=native code)
V  [jvm.dll+0x5ecfaa]
V  [jvm.dll+0x722bd5]
V  [jvm.dll+0x72412d]
V  [jvm.dll+0x724745]
V  [jvm.dll+0x7246fb]
V  [jvm.dll+0x5ec348]
V  [jvm.dll+0x5ecad8]
C  [ntdll.dll+0xa449f]
C  [ntdll.dll+0x1e456]
C  [ntdll.dll+0xa348e]
C  0x0000021500000f2d

VM_Operation (0x0000004cb8efd8a0): CollectForMetadataAllocation, mode: safepoint, requested by thread 0x000002157b36b000


---------------  P R O C E S S  ---------------

Threads class SMR info:
_java_thread_list=0x000002151519ade0, length=89, elements={
0x000002157114d800, 0x000002157a9da000, 0x000002157a9db000, 0x000002157b362800,
0x000002157b363800, 0x000002157b365000, 0x000002157b368000, 0x000002157b36b000,
0x000002157b3b9000, 0x000002157b4ad000, 0x000002157cb0e800, 0x000002157ce46800,
0x000002157c89b800, 0x000002157dfe3800, 0x000002157d18a000, 0x000002157bb60000,
0x000002157c203800, 0x000002157c476800, 0x000002157bee2800, 0x000002157c930000,
0x000002157c931800, 0x000002157c931000, 0x000002157c932800, 0x000002157de83000,
0x000002157de87000, 0x000002157de85000, 0x000002157de89000, 0x000002157de85800,
0x000002157de89800, 0x000002157de86800, 0x000002157de84000, 0x000002157de8a800,
0x000002157de8c000, 0x000002157de8f800, 0x000002157de8e000, 0x000002157de8e800,
0x000002157de90000, 0x000002157de91000, 0x000002157de8b800, 0x000002157de92000,
0x000002157d57a800, 0x000002157d577000, 0x000002157d57b000, 0x000002157d576800,
0x000002157d575800, 0x000002157d579000, 0x000002157d57c000, 0x000002157d57d000,
0x000002157d57d800, 0x000002157d578000, 0x000002157d57f800, 0x000002157d579800,
0x000002157d580000, 0x000002157d581800, 0x000002157d581000, 0x000002157d582800,
0x000002157d584000, 0x000002157d583800, 0x000002157d57e800, 0x000002150f4d4800,
0x000002150f4d5800, 0x000002150f4d6800, 0x000002150f4d7000, 0x000002150f4d8000,
0x000002150f4d2800, 0x000002150f4d9000, 0x000002150f4d3000, 0x000002150f4d9800,
0x000002150f4d4000, 0x000002150f4de800, 0x000002150f4da800, 0x000002150f4df800,
0x000002150f4e0000, 0x000002150f4e1000, 0x000002150f4db000, 0x000002150f4dc000,
0x000002150f4dd000, 0x000002150f632800, 0x000002150f634800, 0x000002150f630000,
0x000002150f632000, 0x000002150f633800, 0x000002150f636000, 0x000002150f637000,
0x000002150f631000, 0x000002150f63b000, 0x000002150f639000, 0x000002150f63b800,
0x000002150f637800
}

Java Threads: ( => current thread )
  0x000002157114d800 JavaThread "main" [_thread_blocked, id=8488, stack(0x0000004cb8000000,0x0000004cb8100000)]
  0x000002157a9da000 JavaThread "Reference Handler" daemon [_thread_blocked, id=16516, stack(0x0000004cb8800000,0x0000004cb8900000)]
  0x000002157a9db000 JavaThread "Finalizer" daemon [_thread_blocked, id=17212, stack(0x0000004cb8900000,0x0000004cb8a00000)]
  0x000002157b362800 JavaThread "Signal Dispatcher" daemon [_thread_blocked, id=7208, stack(0x0000004cb8a00000,0x0000004cb8b00000)]
  0x000002157b363800 JavaThread "Attach Listener" daemon [_thread_blocked, id=12516, stack(0x0000004cb8b00000,0x0000004cb8c00000)]
  0x000002157b365000 JavaThread "Service Thread" daemon [_thread_blocked, id=5752, stack(0x0000004cb8c00000,0x0000004cb8d00000)]
  0x000002157b368000 JavaThread "C2 CompilerThread0" daemon [_thread_blocked, id=16148, stack(0x0000004cb8d00000,0x0000004cb8e00000)]
  0x000002157b36b000 JavaThread "C1 CompilerThread0" daemon [_thread_blocked, id=14348, stack(0x0000004cb8e00000,0x0000004cb8f00000)]
  0x000002157b3b9000 JavaThread "Sweeper thread" daemon [_thread_blocked, id=15640, stack(0x0000004cb8f00000,0x0000004cb9000000)]
  0x000002157b4ad000 JavaThread "Common-Cleaner" daemon [_thread_blocked, id=15608, stack(0x0000004cb9000000,0x0000004cb9100000)]
  0x000002157cb0e800 JavaThread "Daemon health stats" [_thread_blocked, id=4908, stack(0x0000004cb9400000,0x0000004cb9500000)]
  0x000002157ce46800 JavaThread "Incoming local TCP Connector on port 52093" [_thread_in_native, id=16576, stack(0x0000004cb9200000,0x0000004cb9300000)]
  0x000002157c89b800 JavaThread "Daemon periodic checks" [_thread_blocked, id=528, stack(0x0000004cb9500000,0x0000004cb9600000)]
  0x000002157dfe3800 JavaThread "Daemon" [_thread_blocked, id=15888, stack(0x0000004cb9600000,0x0000004cb9700000)]
  0x000002157d18a000 JavaThread "Handler for socket connection from /127.0.0.1:52093 to /127.0.0.1:52094" [_thread_in_native, id=16276, stack(0x0000004cb9700000,0x0000004cb9800000)]
  0x000002157bb60000 JavaThread "Cancel handler" [_thread_blocked, id=15796, stack(0x0000004cb9800000,0x0000004cb9900000)]
  0x000002157c203800 JavaThread "Daemon worker" [_thread_blocked, id=2120, stack(0x0000004cb9900000,0x0000004cb9a00000)]
  0x000002157c476800 JavaThread "Asynchronous log dispatcher for DefaultDaemonConnection: socket connection from /127.0.0.1:52093 to /127.0.0.1:52094" [_thread_blocked, id=16984, stack(0x0000004cb9a00000,0x0000004cb9b00000)]
  0x000002157bee2800 JavaThread "Stdin handler" [_thread_blocked, id=15512, stack(0x0000004cb9b00000,0x0000004cb9c00000)]
  0x000002157c930000 JavaThread "Daemon client event forwarder" [_thread_blocked, id=1136, stack(0x0000004cb9c00000,0x0000004cb9d00000)]
  0x000002157c931800 JavaThread "Cache worker for journal cache (C:\Users\casey\.gradle\caches\journal-1)" [_thread_blocked, id=14636, stack(0x0000004cb9f00000,0x0000004cba000000)]
  0x000002157c931000 JavaThread "File lock request listener" [_thread_in_native, id=8736, stack(0x0000004cba000000,0x0000004cba100000)]
  0x000002157c932800 JavaThread "Cache worker for file hash cache (C:\Users\casey\.gradle\caches\7.4\fileHashes)" [_thread_blocked, id=14784, stack(0x0000004cba100000,0x0000004cba200000)]
  0x000002157de83000 JavaThread "File watcher server" daemon [_thread_in_native, id=3020, stack(0x0000004cba200000,0x0000004cba300000)]
  0x000002157de87000 JavaThread "File watcher consumer" daemon [_thread_blocked, id=6576, stack(0x0000004cba300000,0x0000004cba400000)]
  0x000002157de85000 JavaThread "Cache worker for checksums cache (C:\Users\casey\Downloads\cmpets\android\.gradle\7.4\checksums)" [_thread_blocked, id=15932, stack(0x0000004cba400000,0x0000004cba500000)]
  0x000002157de89000 JavaThread "Cache worker for cache directory md-rule (C:\Users\casey\.gradle\caches\7.4\md-rule)" [_thread_blocked, id=6304, stack(0x0000004cba500000,0x0000004cba600000)]
  0x000002157de85800 JavaThread "Cache worker for file hash cache (C:\Users\casey\Downloads\cmpets\android\.gradle\7.4\fileHashes)" [_thread_blocked, id=2068, stack(0x0000004cba600000,0x0000004cba700000)]
  0x000002157de89800 JavaThread "Cache worker for cache directory md-supplier (C:\Users\casey\.gradle\caches\7.4\md-supplier)" [_thread_blocked, id=14696, stack(0x0000004cba700000,0x0000004cba800000)]
  0x000002157de86800 JavaThread "Cache worker for execution history cache (C:\Users\casey\.gradle\caches\7.4\executionHistory)" [_thread_blocked, id=9980, stack(0x0000004cba800000,0x0000004cba900000)]
  0x000002157de84000 JavaThread "jar transforms" [_thread_blocked, id=15860, stack(0x0000004cba900000,0x0000004cbaa00000)]
  0x000002157de8a800 JavaThread "jar transforms Thread 2" [_thread_blocked, id=16476, stack(0x0000004cbaa00000,0x0000004cbab00000)]
  0x000002157de8c000 JavaThread "Cache worker for file content cache (C:\Users\casey\.gradle\caches\7.4\fileContent)" [_thread_blocked, id=10492, stack(0x0000004cbab00000,0x0000004cbac00000)]
  0x000002157de8f800 JavaThread "jar transforms Thread 3" [_thread_blocked, id=1356, stack(0x0000004cbac00000,0x0000004cbad00000)]
  0x000002157de8e000 JavaThread "jar transforms Thread 4" [_thread_blocked, id=17308, stack(0x0000004cbad00000,0x0000004cbae00000)]
  0x000002157de8e800 JavaThread "Cache worker for dependencies-accessors (C:\Users\casey\Downloads\cmpets\android\.gradle\7.4\dependencies-accessors)" [_thread_blocked, id=15540, stack(0x0000004cbae00000,0x0000004cbaf00000)]
  0x000002157de90000 JavaThread "Cache worker for Build Output Cleanup Cache (C:\Users\casey\Downloads\cmpets\android\.gradle\buildOutputCleanup)" [_thread_blocked, id=13100, stack(0x0000004cbaf00000,0x0000004cbb000000)]
  0x000002157de91000 JavaThread "Unconstrained build operations" [_thread_blocked, id=4864, stack(0x0000004cbb000000,0x0000004cbb100000)]
  0x000002157de8b800 JavaThread "Unconstrained build operations Thread 2" [_thread_blocked, id=14352, stack(0x0000004cbb100000,0x0000004cbb200000)]
  0x000002157de92000 JavaThread "Unconstrained build operations Thread 3" [_thread_blocked, id=11968, stack(0x0000004cbb200000,0x0000004cbb300000)]
  0x000002157d57a800 JavaThread "Unconstrained build operations Thread 4" [_thread_blocked, id=736, stack(0x0000004cbb300000,0x0000004cbb400000)]
  0x000002157d577000 JavaThread "Unconstrained build operations Thread 5" [_thread_blocked, id=4916, stack(0x0000004cbb400000,0x0000004cbb500000)]
  0x000002157d57b000 JavaThread "Unconstrained build operations Thread 6" [_thread_blocked, id=13776, stack(0x0000004cbb500000,0x0000004cbb600000)]
  0x000002157d576800 JavaThread "Unconstrained build operations Thread 7" [_thread_blocked, id=3428, stack(0x0000004cbb600000,0x0000004cbb700000)]
  0x000002157d575800 JavaThread "Unconstrained build operations Thread 8" [_thread_blocked, id=16300, stack(0x0000004cbb700000,0x0000004cbb800000)]
  0x000002157d579000 JavaThread "Unconstrained build operations Thread 9" [_thread_blocked, id=11940, stack(0x0000004cbb800000,0x0000004cbb900000)]
  0x000002157d57c000 JavaThread "Unconstrained build operations Thread 10" [_thread_blocked, id=5916, stack(0x0000004cbb900000,0x0000004cbba00000)]
  0x000002157d57d000 JavaThread "Unconstrained build operations Thread 11" [_thread_blocked, id=16012, stack(0x0000004cbba00000,0x0000004cbbb00000)]
  0x000002157d57d800 JavaThread "Unconstrained build operations Thread 12" [_thread_blocked, id=15252, stack(0x0000004cbbb00000,0x0000004cbbc00000)]
  0x000002157d578000 JavaThread "Unconstrained build operations Thread 13" [_thread_blocked, id=8764, stack(0x0000004cbbc00000,0x0000004cbbd00000)]
  0x000002157d57f800 JavaThread "Unconstrained build operations Thread 14" [_thread_blocked, id=14488, stack(0x0000004cbbd00000,0x0000004cbbe00000)]
  0x000002157d579800 JavaThread "Unconstrained build operations Thread 15" [_thread_blocked, id=10644, stack(0x0000004cbbe00000,0x0000004cbbf00000)]
  0x000002157d580000 JavaThread "Unconstrained build operations Thread 16" [_thread_blocked, id=16388, stack(0x0000004cbbf00000,0x0000004cbc000000)]
  0x000002157d581800 JavaThread "Unconstrained build operations Thread 17" [_thread_blocked, id=10932, stack(0x0000004cbc000000,0x0000004cbc100000)]
  0x000002157d581000 JavaThread "Unconstrained build operations Thread 18" [_thread_blocked, id=15120, stack(0x0000004cbc100000,0x0000004cbc200000)]
  0x000002157d582800 JavaThread "Unconstrained build operations Thread 19" [_thread_blocked, id=14080, stack(0x0000004cbc200000,0x0000004cbc300000)]
  0x000002157d584000 JavaThread "Unconstrained build operations Thread 20" [_thread_blocked, id=2632, stack(0x0000004cbc300000,0x0000004cbc400000)]
  0x000002157d583800 JavaThread "Unconstrained build operations Thread 21" [_thread_blocked, id=15460, stack(0x0000004cbc400000,0x0000004cbc500000)]
  0x000002157d57e800 JavaThread "Unconstrained build operations Thread 22" [_thread_blocked, id=5332, stack(0x0000004cbc500000,0x0000004cbc600000)]
  0x000002150f4d4800 JavaThread "Unconstrained build operations Thread 23" [_thread_blocked, id=8348, stack(0x0000004cbc600000,0x0000004cbc700000)]
  0x000002150f4d5800 JavaThread "Unconstrained build operations Thread 24" [_thread_blocked, id=5464, stack(0x0000004cbc700000,0x0000004cbc800000)]
  0x000002150f4d6800 JavaThread "Unconstrained build operations Thread 25" [_thread_blocked, id=15584, stack(0x0000004cbc800000,0x0000004cbc900000)]
  0x000002150f4d7000 JavaThread "Unconstrained build operations Thread 26" [_thread_blocked, id=14852, stack(0x0000004cbc900000,0x0000004cbca00000)]
  0x000002150f4d8000 JavaThread "Unconstrained build operations Thread 27" [_thread_blocked, id=13008, stack(0x0000004cbca00000,0x0000004cbcb00000)]
  0x000002150f4d2800 JavaThread "Unconstrained build operations Thread 28" [_thread_blocked, id=6924, stack(0x0000004cbcb00000,0x0000004cbcc00000)]
  0x000002150f4d9000 JavaThread "Unconstrained build operations Thread 29" [_thread_blocked, id=11812, stack(0x0000004cbcc00000,0x0000004cbcd00000)]
  0x000002150f4d3000 JavaThread "Unconstrained build operations Thread 30" [_thread_blocked, id=15756, stack(0x0000004cbcd00000,0x0000004cbce00000)]
  0x000002150f4d9800 JavaThread "Unconstrained build operations Thread 31" [_thread_blocked, id=15352, stack(0x0000004cbce00000,0x0000004cbcf00000)]
  0x000002150f4d4000 JavaThread "Unconstrained build operations Thread 32" [_thread_blocked, id=16888, stack(0x0000004cbcf00000,0x0000004cbd000000)]
  0x000002150f4de800 JavaThread "Unconstrained build operations Thread 33" [_thread_blocked, id=3944, stack(0x0000004cbd000000,0x0000004cbd100000)]
  0x000002150f4da800 JavaThread "Unconstrained build operations Thread 34" [_thread_blocked, id=16936, stack(0x0000004cbd100000,0x0000004cbd200000)]
  0x000002150f4df800 JavaThread "Unconstrained build operations Thread 35" [_thread_blocked, id=16756, stack(0x0000004cbd200000,0x0000004cbd300000)]
  0x000002150f4e0000 JavaThread "Unconstrained build operations Thread 36" [_thread_blocked, id=9708, stack(0x0000004cbd300000,0x0000004cbd400000)]
  0x000002150f4e1000 JavaThread "Unconstrained build operations Thread 37" [_thread_blocked, id=14780, stack(0x0000004cbd400000,0x0000004cbd500000)]
  0x000002150f4db000 JavaThread "Unconstrained build operations Thread 38" [_thread_blocked, id=14564, stack(0x0000004cbd500000,0x0000004cbd600000)]
  0x000002150f4dc000 JavaThread "Unconstrained build operations Thread 39" [_thread_blocked, id=5992, stack(0x0000004cbd600000,0x0000004cbd700000)]
  0x000002150f4dd000 JavaThread "Unconstrained build operations Thread 40" [_thread_blocked, id=12928, stack(0x0000004cbd700000,0x0000004cbd800000)]
  0x000002150f632800 JavaThread "Memory manager" [_thread_blocked, id=12984, stack(0x0000004cbd900000,0x0000004cbda00000)]
  0x000002150f634800 JavaThread "Cache worker for kotlin-dsl (C:\Users\casey\.gradle\caches\7.4\kotlin-dsl)" [_thread_blocked, id=15560, stack(0x0000004cbdb00000,0x0000004cbdc00000)]
  0x000002150f630000 JavaThread "pool-3-thread-1" [_thread_blocked, id=7056, stack(0x0000004cb7f00000,0x0000004cb8000000)]
  0x000002150f632000 JavaThread "build event listener" [_thread_blocked, id=14700, stack(0x0000004cb8100000,0x0000004cb8200000)]
  0x000002150f633800 JavaThread "included builds" [_thread_blocked, id=16232, stack(0x0000004cbdd00000,0x0000004cbde00000)]
  0x000002150f636000 JavaThread "Execution worker for ':'" [_thread_blocked, id=16196, stack(0x0000004cbde00000,0x0000004cbdf00000)]
  0x000002150f637000 JavaThread "Execution worker for ':' Thread 2" [_thread_blocked, id=15736, stack(0x0000004cbdf00000,0x0000004cbe000000)]
  0x000002150f631000 JavaThread "Execution worker for ':' Thread 3" [_thread_blocked, id=9640, stack(0x0000004cbe000000,0x0000004cbe100000)]
  0x000002150f63b000 JavaThread "Cache worker for execution history cache (C:\Users\casey\Downloads\cmpets\android\.gradle\7.4\executionHistory)" [_thread_blocked, id=15780, stack(0x0000004cbe100000,0x0000004cbe200000)]
  0x000002150f639000 JavaThread "Exec process" [_thread_in_native, id=4700, stack(0x0000004cbe200000,0x0000004cbe300000)]
  0x000002150f63b800 JavaThread "Exec process Thread 2" [_thread_in_native, id=344, stack(0x0000004cbe300000,0x0000004cbe400000)]
  0x000002150f637800 JavaThread "Exec process Thread 3" [_thread_in_native, id=15068, stack(0x0000004cbe400000,0x0000004cbe500000)]

Other Threads:
=>0x000002157a9b4800 VMThread "VM Thread" [stack: 0x0000004cb8700000,0x0000004cb8800000] [id=14372]
  0x000002157b4da000 WatcherThread [stack: 0x0000004cb9100000,0x0000004cb9200000] [id=3828]
  0x0000021571167800 GCTaskThread "GC Thread#0" [stack: 0x0000004cb8200000,0x0000004cb8300000] [id=17076]
  0x000002157b8e4800 GCTaskThread "GC Thread#1" [stack: 0x0000004cb9300000,0x0000004cb9400000] [id=9952]
  0x000002157bee3000 GCTaskThread "GC Thread#2" [stack: 0x0000004cb9d00000,0x0000004cb9e00000] [id=12336]
  0x000002157c477000 GCTaskThread "GC Thread#3" [stack: 0x0000004cb9e00000,0x0000004cb9f00000] [id=15180]
  0x000002157118c000 ConcurrentGCThread "G1 Main Marker" [stack: 0x0000004cb8300000,0x0000004cb8400000] [id=3068]
  0x000002157118d000 ConcurrentGCThread "G1 Conc#0" [stack: 0x0000004cb8400000,0x0000004cb8500000] [id=752]
  0x00000215711dd000 ConcurrentGCThread "G1 Refine#0" [stack: 0x0000004cb8500000,0x0000004cb8600000] [id=17136]
  0x00000215711de000 ConcurrentGCThread "G1 Young RemSet Sampling" [stack: 0x0000004cb8600000,0x0000004cb8700000] [id=17092]

Threads with active compile tasks:
C2 CompilerThread0 187750 15483       4       org.gradle.internal.logging.text.AbstractLineChoppingStyledTextOutput$1::execute (9 bytes)
C1 CompilerThread0 187750 15484       3       org.gradle.internal.io.LineBufferingOutputStream::write (59 bytes)

VM state:at safepoint (normal execution)

VM Mutex/Monitor currently owned by a thread:  ([mutex/lock_event])
[0x000002157114a720] Threads_lock - owner thread: 0x000002157a9b4800
[0x000002157114b380] Heap_lock - owner thread: 0x000002157b36b000
[0x0000021571149ac0] MethodData_lock - owner thread: 0x000002157b36b000

Heap address: 0x00000000a0000000, size: 1536 MB, Compressed Oops mode: 32-bit
Narrow klass base: 0x0000000000000000, Narrow klass shift: 3
Compressed class space size: 1073741824 Address: 0x0000000100000000

Heap:
 garbage-first heap   total 211968K, used 178446K [0x00000000a0000000, 0x0000000100000000)
  region size 1024K, 2 young (2048K), 2 survivors (2048K)
 Metaspace       used 103853K, capacity 108908K, committed 109008K, reserved 1150976K
  class space    used 13542K, capacity 15044K, committed 15104K, reserved 1048576K
Heap Regions: E=young(eden), S=young(survivor), O=old, HS=humongous(starts), HC=humongous(continues), CS=collection set, F=free, A=archive, TAMS=top-at-mark-start (previous, next)
|   0|0x00000000a0000000, 0x00000000a0100000, 0x00000000a0100000|100%|HS|  |TAMS 0x00000000a0100000, 0x00000000a0100000| Complete 
|   1|0x00000000a0100000, 0x00000000a0200000, 0x00000000a0200000|100%|HC|  |TAMS 0x00000000a0200000, 0x00000000a0200000| Complete 
|   2|0x00000000a0200000, 0x00000000a0300000, 0x00000000a0300000|100%|HC|  |TAMS 0x00000000a0300000, 0x00000000a0300000| Complete 
|   3|0x00000000a0300000, 0x00000000a0400000, 0x00000000a0400000|100%| O|  |TAMS 0x00000000a0400000, 0x00000000a0400000| Untracked 
|   4|0x00000000a0400000, 0x00000000a0500000, 0x00000000a0500000|100%| O|  |TAMS 0x00000000a0500000, 0x00000000a0500000| Untracked 
|   5|0x00000000a0500000, 0x00000000a0600000, 0x00000000a0600000|100%| O|  |TAMS 0x00000000a0600000, 0x00000000a0600000| Untracked 
|   6|0x00000000a0600000, 0x00000000a0700000, 0x00000000a0700000|100%| O|  |TAMS 0x00000000a0700000, 0x00000000a0700000| Untracked 
|   7|0x00000000a0700000, 0x00000000a0800000, 0x00000000a0800000|100%| O|  |TAMS 0x00000000a0800000, 0x00000000a0800000| Untracked 
|   8|0x00000000a0800000, 0x00000000a0900000, 0x00000000a0900000|100%| O|  |TAMS 0x00000000a0900000, 0x00000000a0900000| Untracked 
|   9|0x00000000a0900000, 0x00000000a0a00000, 0x00000000a0a00000|100%| O|  |TAMS 0x00000000a0a00000, 0x00000000a0a00000| Untracked 
|  10|0x00000000a0a00000, 0x00000000a0b00000, 0x00000000a0b00000|100%| O|  |TAMS 0x00000000a0b00000, 0x00000000a0b00000| Untracked 
|  11|0x00000000a0b00000, 0x00000000a0c00000, 0x00000000a0c00000|100%| O|  |TAMS 0x00000000a0c00000, 0x00000000a0c00000| Untracked 
|  12|0x00000000a0c00000, 0x00000000a0d00000, 0x00000000a0d00000|100%| O|  |TAMS 0x00000000a0d00000, 0x00000000a0d00000| Untracked 
|  13|0x00000000a0d00000, 0x00000000a0e00000, 0x00000000a0e00000|100%| O|  |TAMS 0x00000000a0e00000, 0x00000000a0e00000| Untracked 
|  14|0x00000000a0e00000, 0x00000000a0f00000, 0x00000000a0f00000|100%| O|  |TAMS 0x00000000a0f00000, 0x00000000a0f00000| Untracked 
|  15|0x00000000a0f00000, 0x00000000a1000000, 0x00000000a1000000|100%| O|  |TAMS 0x00000000a1000000, 0x00000000a1000000| Untracked 
|  16|0x00000000a1000000, 0x00000000a1100000, 0x00000000a1100000|100%| O|  |TAMS 0x00000000a1100000, 0x00000000a1100000| Untracked 
|  17|0x00000000a1100000, 0x00000000a1200000, 0x00000000a1200000|100%| O|  |TAMS 0x00000000a1200000, 0x00000000a1200000| Untracked 
|  18|0x00000000a1200000, 0x00000000a1300000, 0x00000000a1300000|100%| O|  |TAMS 0x00000000a1300000, 0x00000000a1300000| Untracked 
|  19|0x00000000a1300000, 0x00000000a1400000, 0x00000000a1400000|100%| O|  |TAMS 0x00000000a1400000, 0x00000000a1400000| Untracked 
|  20|0x00000000a1400000, 0x00000000a1500000, 0x00000000a1500000|100%| O|  |TAMS 0x00000000a1500000, 0x00000000a1500000| Untracked 
|  21|0x00000000a1500000, 0x00000000a1600000, 0x00000000a1600000|100%| O|  |TAMS 0x00000000a1600000, 0x00000000a1600000| Untracked 
|  22|0x00000000a1600000, 0x00000000a1700000, 0x00000000a1700000|100%| O|  |TAMS 0x00000000a1700000, 0x00000000a1700000| Untracked 
|  23|0x00000000a1700000, 0x00000000a1800000, 0x00000000a1800000|100%| O|  |TAMS 0x00000000a1800000, 0x00000000a1800000| Untracked 
|  24|0x00000000a1800000, 0x00000000a1900000, 0x00000000a1900000|100%| O|  |TAMS 0x00000000a1900000, 0x00000000a1900000| Untracked 
|  25|0x00000000a1900000, 0x00000000a1a00000, 0x00000000a1a00000|100%| O|  |TAMS 0x00000000a1a00000, 0x00000000a1a00000| Untracked 
|  26|0x00000000a1a00000, 0x00000000a1b00000, 0x00000000a1b00000|100%| O|  |TAMS 0x00000000a1b00000, 0x00000000a1b00000| Untracked 
|  27|0x00000000a1b00000, 0x00000000a1c00000, 0x00000000a1c00000|100%| O|  |TAMS 0x00000000a1c00000, 0x00000000a1c00000| Untracked 
|  28|0x00000000a1c00000, 0x00000000a1d00000, 0x00000000a1d00000|100%| O|  |TAMS 0x00000000a1d00000, 0x00000000a1d00000| Untracked 
|  29|0x00000000a1d00000, 0x00000000a1e00000, 0x00000000a1e00000|100%| O|  |TAMS 0x00000000a1e00000, 0x00000000a1e00000| Untracked 
|  30|0x00000000a1e00000, 0x00000000a1f00000, 0x00000000a1f00000|100%| O|  |TAMS 0x00000000a1f00000, 0x00000000a1f00000| Untracked 
|  31|0x00000000a1f00000, 0x00000000a2000000, 0x00000000a2000000|100%| O|  |TAMS 0x00000000a2000000, 0x00000000a2000000| Untracked 
|  32|0x00000000a2000000, 0x00000000a2100000, 0x00000000a2100000|100%|HS|  |TAMS 0x00000000a2100000, 0x00000000a2100000| Complete 
|  33|0x00000000a2100000, 0x00000000a2200000, 0x00000000a2200000|100%|HS|  |TAMS 0x00000000a2200000, 0x00000000a2200000| Complete 
|  34|0x00000000a2200000, 0x00000000a2300000, 0x00000000a2300000|100%|HS|  |TAMS 0x00000000a2300000, 0x00000000a2300000| Complete 
|  35|0x00000000a2300000, 0x00000000a2400000, 0x00000000a2400000|100%|HS|  |TAMS 0x00000000a2400000, 0x00000000a2400000| Complete 
|  36|0x00000000a2400000, 0x00000000a2500000, 0x00000000a2500000|100%| O|  |TAMS 0x00000000a2500000, 0x00000000a2500000| Untracked 
|  37|0x00000000a2500000, 0x00000000a2600000, 0x00000000a2600000|100%| O|  |TAMS 0x00000000a2500000, 0x00000000a2600000| Untracked 
|  38|0x00000000a2600000, 0x00000000a2700000, 0x00000000a2700000|100%| O|  |TAMS 0x00000000a2700000, 0x00000000a2700000| Untracked 
|  39|0x00000000a2700000, 0x00000000a2800000, 0x00000000a2800000|100%|HS|  |TAMS 0x00000000a2800000, 0x00000000a2800000| Complete 
|  40|0x00000000a2800000, 0x00000000a2900000, 0x00000000a2900000|100%|HC|  |TAMS 0x00000000a2900000, 0x00000000a2900000| Complete 
|  41|0x00000000a2900000, 0x00000000a2a00000, 0x00000000a2a00000|100%|HC|  |TAMS 0x00000000a2a00000, 0x00000000a2a00000| Complete 
|  42|0x00000000a2a00000, 0x00000000a2b00000, 0x00000000a2b00000|100%|HC|  |TAMS 0x00000000a2b00000, 0x00000000a2b00000| Complete 
|  43|0x00000000a2b00000, 0x00000000a2c00000, 0x00000000a2c00000|100%| O|  |TAMS 0x00000000a2c00000, 0x00000000a2c00000| Untracked 
|  44|0x00000000a2c00000, 0x00000000a2d00000, 0x00000000a2d00000|100%| O|  |TAMS 0x00000000a2d00000, 0x00000000a2d00000| Untracked 
|  45|0x00000000a2d00000, 0x00000000a2e00000, 0x00000000a2e00000|100%| O|  |TAMS 0x00000000a2e00000, 0x00000000a2e00000| Untracked 
|  46|0x00000000a2e00000, 0x00000000a2f00000, 0x00000000a2f00000|100%|HS|  |TAMS 0x00000000a2f00000, 0x00000000a2f00000| Complete 
|  47|0x00000000a2f00000, 0x00000000a3000000, 0x00000000a3000000|100%|HC|  |TAMS 0x00000000a3000000, 0x00000000a3000000| Complete 
|  48|0x00000000a3000000, 0x00000000a3100000, 0x00000000a3100000|100%| O|  |TAMS 0x00000000a3100000, 0x00000000a3100000| Untracked 
|  49|0x00000000a3100000, 0x00000000a3200000, 0x00000000a3200000|100%| O|  |TAMS 0x00000000a3200000, 0x00000000a3200000| Untracked 
|  50|0x00000000a3200000, 0x00000000a3300000, 0x00000000a3300000|100%| O|  |TAMS 0x00000000a3300000, 0x00000000a3300000| Untracked 
|  51|0x00000000a3300000, 0x00000000a3400000, 0x00000000a3400000|100%| O|  |TAMS 0x00000000a3400000, 0x00000000a3400000| Untracked 
|  52|0x00000000a3400000, 0x00000000a3500000, 0x00000000a3500000|100%| O|  |TAMS 0x00000000a3500000, 0x00000000a3500000| Untracked 
|  53|0x00000000a3500000, 0x00000000a3600000, 0x00000000a3600000|100%| O|  |TAMS 0x00000000a3600000, 0x00000000a3600000| Untracked 
|  54|0x00000000a3600000, 0x00000000a3700000, 0x00000000a3700000|100%| O|  |TAMS 0x00000000a3700000, 0x00000000a3700000| Untracked 
|  55|0x00000000a3700000, 0x00000000a3800000, 0x00000000a3800000|100%| O|  |TAMS 0x00000000a3800000, 0x00000000a3800000| Untracked 
|  56|0x00000000a3800000, 0x00000000a3900000, 0x00000000a3900000|100%| O|  |TAMS 0x00000000a3900000, 0x00000000a3900000| Untracked 
|  57|0x00000000a3900000, 0x00000000a3a00000, 0x00000000a3a00000|100%| O|  |TAMS 0x00000000a3a00000, 0x00000000a3a00000| Untracked 
|  58|0x00000000a3a00000, 0x00000000a3b00000, 0x00000000a3b00000|100%| O|  |TAMS 0x00000000a3b00000, 0x00000000a3b00000| Untracked 
|  59|0x00000000a3b00000, 0x00000000a3c00000, 0x00000000a3c00000|100%| O|  |TAMS 0x00000000a3c00000, 0x00000000a3c00000| Untracked 
|  60|0x00000000a3c00000, 0x00000000a3d00000, 0x00000000a3d00000|100%| O|  |TAMS 0x00000000a3d00000, 0x00000000a3d00000| Untracked 
|  61|0x00000000a3d00000, 0x00000000a3e00000, 0x00000000a3e00000|100%| O|  |TAMS 0x00000000a3e00000, 0x00000000a3e00000| Untracked 
|  62|0x00000000a3e00000, 0x00000000a3f00000, 0x00000000a3f00000|100%| O|  |TAMS 0x00000000a3f00000, 0x00000000a3f00000| Untracked 
|  63|0x00000000a3f00000, 0x00000000a4000000, 0x00000000a4000000|100%|HS|  |TAMS 0x00000000a4000000, 0x00000000a4000000| Complete 
|  64|0x00000000a4000000, 0x00000000a4100000, 0x00000000a4100000|100%|HS|  |TAMS 0x00000000a4100000, 0x00000000a4100000| Complete 
|  65|0x00000000a4100000, 0x00000000a4200000, 0x00000000a4200000|100%| O|  |TAMS 0x00000000a4200000, 0x00000000a4200000| Untracked 
|  66|0x00000000a4200000, 0x00000000a4225400, 0x00000000a4300000| 14%| O|  |TAMS 0x00000000a4200000, 0x00000000a4225400| Untracked 
|  67|0x00000000a4300000, 0x00000000a4400000, 0x00000000a4400000|100%| O|  |TAMS 0x00000000a4400000, 0x00000000a4400000| Untracked 
|  68|0x00000000a4400000, 0x00000000a4500000, 0x00000000a4500000|100%| O|  |TAMS 0x00000000a4500000, 0x00000000a4500000| Untracked 
|  69|0x00000000a4500000, 0x00000000a4600000, 0x00000000a4600000|100%| O|  |TAMS 0x00000000a4600000, 0x00000000a4600000| Untracked 
|  70|0x00000000a4600000, 0x00000000a4700000, 0x00000000a4700000|100%| O|  |TAMS 0x00000000a4700000, 0x00000000a4700000| Untracked 
|  71|0x00000000a4700000, 0x00000000a4800000, 0x00000000a4800000|100%| O|  |TAMS 0x00000000a4800000, 0x00000000a4800000| Untracked 
|  72|0x00000000a4800000, 0x00000000a4900000, 0x00000000a4900000|100%| O|  |TAMS 0x00000000a4900000, 0x00000000a4900000| Untracked 
|  73|0x00000000a4900000, 0x00000000a4a00000, 0x00000000a4a00000|100%| O|  |TAMS 0x00000000a4a00000, 0x00000000a4a00000| Untracked 
|  74|0x00000000a4a00000, 0x00000000a4b00000, 0x00000000a4b00000|100%| O|  |TAMS 0x00000000a4b00000, 0x00000000a4b00000| Untracked 
|  75|0x00000000a4b00000, 0x00000000a4c00000, 0x00000000a4c00000|100%| O|  |TAMS 0x00000000a4c00000, 0x00000000a4c00000| Untracked 
|  76|0x00000000a4c00000, 0x00000000a4d00000, 0x00000000a4d00000|100%| O|  |TAMS 0x00000000a4d00000, 0x00000000a4d00000| Untracked 
|  77|0x00000000a4d00000, 0x00000000a4e00000, 0x00000000a4e00000|100%| O|  |TAMS 0x00000000a4e00000, 0x00000000a4e00000| Untracked 
|  78|0x00000000a4e00000, 0x00000000a4f00000, 0x00000000a4f00000|100%| O|  |TAMS 0x00000000a4f00000, 0x00000000a4f00000| Untracked 
|  79|0x00000000a4f00000, 0x00000000a5000000, 0x00000000a5000000|100%| O|  |TAMS 0x00000000a5000000, 0x00000000a5000000| Untracked 
|  80|0x00000000a5000000, 0x00000000a5100000, 0x00000000a5100000|100%| O|  |TAMS 0x00000000a5100000, 0x00000000a5100000| Untracked 
|  81|0x00000000a5100000, 0x00000000a5200000, 0x00000000a5200000|100%| O|  |TAMS 0x00000000a5200000, 0x00000000a5200000| Untracked 
|  82|0x00000000a5200000, 0x00000000a5300000, 0x00000000a5300000|100%| O|  |TAMS 0x00000000a5300000, 0x00000000a5300000| Untracked 
|  83|0x00000000a5300000, 0x00000000a5400000, 0x00000000a5400000|100%| O|  |TAMS 0x00000000a5400000, 0x00000000a5400000| Untracked 
|  84|0x00000000a5400000, 0x00000000a5500000, 0x00000000a5500000|100%| O|  |TAMS 0x00000000a5500000, 0x00000000a5500000| Untracked 
|  85|0x00000000a5500000, 0x00000000a5600000, 0x00000000a5600000|100%| O|  |TAMS 0x00000000a5600000, 0x00000000a5600000| Untracked 
|  86|0x00000000a5600000, 0x00000000a5700000, 0x00000000a5700000|100%| O|  |TAMS 0x00000000a5700000, 0x00000000a5700000| Untracked 
|  87|0x00000000a5700000, 0x00000000a5800000, 0x00000000a5800000|100%|HS|  |TAMS 0x00000000a5800000, 0x00000000a5800000| Complete 
|  88|0x00000000a5800000, 0x00000000a5900000, 0x00000000a5900000|100%|HS|  |TAMS 0x00000000a5900000, 0x00000000a5900000| Complete 
|  89|0x00000000a5900000, 0x00000000a5a00000, 0x00000000a5a00000|100%|HS|  |TAMS 0x00000000a5a00000, 0x00000000a5a00000| Complete 
|  90|0x00000000a5a00000, 0x00000000a5b00000, 0x00000000a5b00000|100%| O|  |TAMS 0x00000000a5b00000, 0x00000000a5b00000| Untracked 
|  91|0x00000000a5b00000, 0x00000000a5c00000, 0x00000000a5c00000|100%| O|  |TAMS 0x00000000a5c00000, 0x00000000a5c00000| Untracked 
|  92|0x00000000a5c00000, 0x00000000a5d00000, 0x00000000a5d00000|100%| O|  |TAMS 0x00000000a5d00000, 0x00000000a5d00000| Untracked 
|  93|0x00000000a5d00000, 0x00000000a5e00000, 0x00000000a5e00000|100%| O|  |TAMS 0x00000000a5e00000, 0x00000000a5e00000| Untracked 
|  94|0x00000000a5e00000, 0x00000000a5f00000, 0x00000000a5f00000|100%| O|  |TAMS 0x00000000a5f00000, 0x00000000a5f00000| Untracked 
|  95|0x00000000a5f00000, 0x00000000a6000000, 0x00000000a6000000|100%| O|  |TAMS 0x00000000a6000000, 0x00000000a6000000| Untracked 
|  96|0x00000000a6000000, 0x00000000a6100000, 0x00000000a6100000|100%| O|  |TAMS 0x00000000a6100000, 0x00000000a6100000| Untracked 
|  97|0x00000000a6100000, 0x00000000a6200000, 0x00000000a6200000|100%| O|  |TAMS 0x00000000a6200000, 0x00000000a6200000| Untracked 
|  98|0x00000000a6200000, 0x00000000a6300000, 0x00000000a6300000|100%| O|  |TAMS 0x00000000a6300000, 0x00000000a6300000| Untracked 
|  99|0x00000000a6300000, 0x00000000a6400000, 0x00000000a6400000|100%| O|  |TAMS 0x00000000a6400000, 0x00000000a6400000| Untracked 
| 100|0x00000000a6400000, 0x00000000a6500000, 0x00000000a6500000|100%| O|  |TAMS 0x00000000a6500000, 0x00000000a6500000| Untracked 
| 101|0x00000000a6500000, 0x00000000a6600000, 0x00000000a6600000|100%| O|  |TAMS 0x00000000a6600000, 0x00000000a6600000| Untracked 
| 102|0x00000000a6600000, 0x00000000a6700000, 0x00000000a6700000|100%| O|  |TAMS 0x00000000a6700000, 0x00000000a6700000| Untracked 
| 103|0x00000000a6700000, 0x00000000a6800000, 0x00000000a6800000|100%| O|  |TAMS 0x00000000a6800000, 0x00000000a6800000| Untracked 
| 104|0x00000000a6800000, 0x00000000a6900000, 0x00000000a6900000|100%| O|  |TAMS 0x00000000a6900000, 0x00000000a6900000| Untracked 
| 105|0x00000000a6900000, 0x00000000a6a00000, 0x00000000a6a00000|100%| O|  |TAMS 0x00000000a6a00000, 0x00000000a6a00000| Untracked 
| 106|0x00000000a6a00000, 0x00000000a6b00000, 0x00000000a6b00000|100%| O|  |TAMS 0x00000000a6b00000, 0x00000000a6b00000| Untracked 
| 107|0x00000000a6b00000, 0x00000000a6c00000, 0x00000000a6c00000|100%| O|  |TAMS 0x00000000a6c00000, 0x00000000a6c00000| Untracked 
| 108|0x00000000a6c00000, 0x00000000a6d00000, 0x00000000a6d00000|100%|HS|  |TAMS 0x00000000a6d00000, 0x00000000a6d00000| Complete 
| 109|0x00000000a6d00000, 0x00000000a6e00000, 0x00000000a6e00000|100%|HS|  |TAMS 0x00000000a6e00000, 0x00000000a6e00000| Complete 
| 110|0x00000000a6e00000, 0x00000000a6f00000, 0x00000000a6f00000|100%| O|  |TAMS 0x00000000a6f00000, 0x00000000a6f00000| Untracked 
| 111|0x00000000a6f00000, 0x00000000a7000000, 0x00000000a7000000|100%| O|  |TAMS 0x00000000a7000000, 0x00000000a7000000| Untracked 
| 112|0x00000000a7000000, 0x00000000a7000000, 0x00000000a7100000|  0%| F|  |TAMS 0x00000000a7000000, 0x00000000a7000000| Untracked 
| 113|0x00000000a7100000, 0x00000000a7200000, 0x00000000a7200000|100%| O|  |TAMS 0x00000000a7200000, 0x00000000a7200000| Untracked 
| 114|0x00000000a7200000, 0x00000000a7300000, 0x00000000a7300000|100%| O|  |TAMS 0x00000000a7300000, 0x00000000a7300000| Untracked 
| 115|0x00000000a7300000, 0x00000000a7400000, 0x00000000a7400000|100%| O|  |TAMS 0x00000000a7400000, 0x00000000a7400000| Untracked 
| 116|0x00000000a7400000, 0x00000000a7500000, 0x00000000a7500000|100%| O|  |TAMS 0x00000000a7500000, 0x00000000a7500000| Untracked 
| 117|0x00000000a7500000, 0x00000000a7600000, 0x00000000a7600000|100%| O|  |TAMS 0x00000000a7600000, 0x00000000a7600000| Untracked 
| 118|0x00000000a7600000, 0x00000000a7700000, 0x00000000a7700000|100%| O|  |TAMS 0x00000000a7700000, 0x00000000a7700000| Untracked 
| 119|0x00000000a7700000, 0x00000000a7800000, 0x00000000a7800000|100%| O|  |TAMS 0x00000000a7800000, 0x00000000a7800000| Untracked 
| 120|0x00000000a7800000, 0x00000000a7900000, 0x00000000a7900000|100%| O|  |TAMS 0x00000000a7900000, 0x00000000a7900000| Untracked 
| 121|0x00000000a7900000, 0x00000000a7a00000, 0x00000000a7a00000|100%| O|  |TAMS 0x00000000a7a00000, 0x00000000a7a00000| Untracked 
| 122|0x00000000a7a00000, 0x00000000a7b00000, 0x00000000a7b00000|100%| O|  |TAMS 0x00000000a7b00000, 0x00000000a7b00000| Untracked 
| 123|0x00000000a7b00000, 0x00000000a7c00000, 0x00000000a7c00000|100%| O|  |TAMS 0x00000000a7c00000, 0x00000000a7c00000| Untracked 
| 124|0x00000000a7c00000, 0x00000000a7d00000, 0x00000000a7d00000|100%| O|  |TAMS 0x00000000a7d00000, 0x00000000a7d00000| Untracked 
| 125|0x00000000a7d00000, 0x00000000a7e00000, 0x00000000a7e00000|100%| O|  |TAMS 0x00000000a7e00000, 0x00000000a7e00000| Untracked 
| 126|0x00000000a7e00000, 0x00000000a7f00000, 0x00000000a7f00000|100%| O|  |TAMS 0x00000000a7f00000, 0x00000000a7f00000| Untracked 
| 127|0x00000000a7f00000, 0x00000000a8000000, 0x00000000a8000000|100%| O|  |TAMS 0x00000000a8000000, 0x00000000a8000000| Untracked 
| 128|0x00000000a8000000, 0x00000000a8100000, 0x00000000a8100000|100%| O|  |TAMS 0x00000000a8100000, 0x00000000a8100000| Untracked 
| 129|0x00000000a8100000, 0x00000000a8200000, 0x00000000a8200000|100%| O|  |TAMS 0x00000000a8200000, 0x00000000a8200000| Untracked 
| 130|0x00000000a8200000, 0x00000000a8300000, 0x00000000a8300000|100%| O|  |TAMS 0x00000000a8300000, 0x00000000a8300000| Untracked 
| 131|0x00000000a8300000, 0x00000000a8400000, 0x00000000a8400000|100%| O|  |TAMS 0x00000000a8400000, 0x00000000a8400000| Untracked 
| 132|0x00000000a8400000, 0x00000000a8500000, 0x00000000a8500000|100%| O|  |TAMS 0x00000000a8500000, 0x00000000a8500000| Untracked 
| 133|0x00000000a8500000, 0x00000000a8600000, 0x00000000a8600000|100%| O|  |TAMS 0x00000000a8600000, 0x00000000a8600000| Untracked 
| 134|0x00000000a8600000, 0x00000000a8700000, 0x00000000a8700000|100%| O|  |TAMS 0x00000000a8700000, 0x00000000a8700000| Untracked 
| 135|0x00000000a8700000, 0x00000000a8800000, 0x00000000a8800000|100%| O|  |TAMS 0x00000000a8800000, 0x00000000a8800000| Untracked 
| 136|0x00000000a8800000, 0x00000000a8900000, 0x00000000a8900000|100%| O|  |TAMS 0x00000000a8900000, 0x00000000a8900000| Untracked 
| 137|0x00000000a8900000, 0x00000000a8a00000, 0x00000000a8a00000|100%| O|  |TAMS 0x00000000a8a00000, 0x00000000a8a00000| Untracked 
| 138|0x00000000a8a00000, 0x00000000a8b00000, 0x00000000a8b00000|100%| O|  |TAMS 0x00000000a8b00000, 0x00000000a8b00000| Untracked 
| 139|0x00000000a8b00000, 0x00000000a8c00000, 0x00000000a8c00000|100%| O|  |TAMS 0x00000000a8c00000, 0x00000000a8c00000| Untracked 
| 140|0x00000000a8c00000, 0x00000000a8d00000, 0x00000000a8d00000|100%| O|  |TAMS 0x00000000a8d00000, 0x00000000a8d00000| Untracked 
| 141|0x00000000a8d00000, 0x00000000a8e00000, 0x00000000a8e00000|100%| O|  |TAMS 0x00000000a8e00000, 0x00000000a8e00000| Untracked 
| 142|0x00000000a8e00000, 0x00000000a8f00000, 0x00000000a8f00000|100%| O|  |TAMS 0x00000000a8f00000, 0x00000000a8f00000| Untracked 
| 143|0x00000000a8f00000, 0x00000000a9000000, 0x00000000a9000000|100%| O|  |TAMS 0x00000000a9000000, 0x00000000a9000000| Untracked 
| 144|0x00000000a9000000, 0x00000000a9100000, 0x00000000a9100000|100%| O|  |TAMS 0x00000000a9100000, 0x00000000a9100000| Untracked 
| 145|0x00000000a9100000, 0x00000000a9200000, 0x00000000a9200000|100%| O|  |TAMS 0x00000000a9200000, 0x00000000a9200000| Untracked 
| 146|0x00000000a9200000, 0x00000000a9300000, 0x00000000a9300000|100%| O|  |TAMS 0x00000000a9300000, 0x00000000a9300000| Untracked 
| 147|0x00000000a9300000, 0x00000000a9400000, 0x00000000a9400000|100%| O|  |TAMS 0x00000000a9400000, 0x00000000a9400000| Untracked 
| 148|0x00000000a9400000, 0x00000000a9500000, 0x00000000a9500000|100%| O|  |TAMS 0x00000000a9500000, 0x00000000a9500000| Untracked 
| 149|0x00000000a9500000, 0x00000000a9600000, 0x00000000a9600000|100%| O|  |TAMS 0x00000000a9600000, 0x00000000a9600000| Untracked 
| 150|0x00000000a9600000, 0x00000000a9700000, 0x00000000a9700000|100%| O|  |TAMS 0x00000000a9700000, 0x00000000a9700000| Untracked 
| 151|0x00000000a9700000, 0x00000000a9800000, 0x00000000a9800000|100%| O|  |TAMS 0x00000000a9800000, 0x00000000a9800000| Untracked 
| 152|0x00000000a9800000, 0x00000000a9900000, 0x00000000a9900000|100%| O|  |TAMS 0x00000000a9900000, 0x00000000a9900000| Untracked 
| 153|0x00000000a9900000, 0x00000000a9a00000, 0x00000000a9a00000|100%| O|  |TAMS 0x00000000a9a00000, 0x00000000a9a00000| Untracked 
| 154|0x00000000a9a00000, 0x00000000a9a00000, 0x00000000a9b00000|  0%| F|  |TAMS 0x00000000a9a00000, 0x00000000a9a00000| Untracked 
| 155|0x00000000a9b00000, 0x00000000a9c00000, 0x00000000a9c00000|100%| O|  |TAMS 0x00000000a9c00000, 0x00000000a9c00000| Untracked 
| 156|0x00000000a9c00000, 0x00000000a9c00000, 0x00000000a9d00000|  0%| F|  |TAMS 0x00000000a9c00000, 0x00000000a9c00000| Untracked 
| 157|0x00000000a9d00000, 0x00000000a9e00000, 0x00000000a9e00000|100%| O|  |TAMS 0x00000000a9e00000, 0x00000000a9e00000| Untracked 
| 158|0x00000000a9e00000, 0x00000000a9f00000, 0x00000000a9f00000|100%| O|  |TAMS 0x00000000a9f00000, 0x00000000a9f00000| Untracked 
| 159|0x00000000a9f00000, 0x00000000aa000000, 0x00000000aa000000|100%| O|  |TAMS 0x00000000aa000000, 0x00000000aa000000| Untracked 
| 160|0x00000000aa000000, 0x00000000aa100000, 0x00000000aa100000|100%| O|  |TAMS 0x00000000aa100000, 0x00000000aa100000| Untracked 
| 161|0x00000000aa100000, 0x00000000aa200000, 0x00000000aa200000|100%| O|  |TAMS 0x00000000aa200000, 0x00000000aa200000| Untracked 
| 162|0x00000000aa200000, 0x00000000aa200000, 0x00000000aa300000|  0%| F|  |TAMS 0x00000000aa200000, 0x00000000aa200000| Untracked 
| 163|0x00000000aa300000, 0x00000000aa400000, 0x00000000aa400000|100%| O|  |TAMS 0x00000000aa400000, 0x00000000aa400000| Untracked 
| 164|0x00000000aa400000, 0x00000000aa400000, 0x00000000aa500000|  0%| F|  |TAMS 0x00000000aa400000, 0x00000000aa400000| Untracked 
| 165|0x00000000aa500000, 0x00000000aa600000, 0x00000000aa600000|100%| O|  |TAMS 0x00000000aa600000, 0x00000000aa600000| Untracked 
| 166|0x00000000aa600000, 0x00000000aa700000, 0x00000000aa700000|100%| O|  |TAMS 0x00000000aa700000, 0x00000000aa700000| Untracked 
| 167|0x00000000aa700000, 0x00000000aa800000, 0x00000000aa800000|100%| O|  |TAMS 0x00000000aa800000, 0x00000000aa800000| Untracked 
| 168|0x00000000aa800000, 0x00000000aa900000, 0x00000000aa900000|100%| O|  |TAMS 0x00000000aa900000, 0x00000000aa900000| Untracked 
| 169|0x00000000aa900000, 0x00000000aaa00000, 0x00000000aaa00000|100%| O|  |TAMS 0x00000000aa9f3c00, 0x00000000aaa00000| Untracked 
| 170|0x00000000aaa00000, 0x00000000aab00000, 0x00000000aab00000|100%| O|  |TAMS 0x00000000aaa00000, 0x00000000aab00000| Untracked 
| 171|0x00000000aab00000, 0x00000000aac00000, 0x00000000aac00000|100%| O|  |TAMS 0x00000000aab00000, 0x00000000aac00000| Untracked 
| 172|0x00000000aac00000, 0x00000000aad00000, 0x00000000aad00000|100%| O|  |TAMS 0x00000000aac00000, 0x00000000aad00000| Untracked 
| 173|0x00000000aad00000, 0x00000000aae00000, 0x00000000aae00000|100%| O|  |TAMS 0x00000000aad00000, 0x00000000aae00000| Untracked 
| 174|0x00000000aae00000, 0x00000000aaf00000, 0x00000000aaf00000|100%| O|  |TAMS 0x00000000aae00000, 0x00000000aaf00000| Untracked 
| 175|0x00000000aaf00000, 0x00000000ab000000, 0x00000000ab000000|100%| O|  |TAMS 0x00000000aaf00000, 0x00000000ab000000| Untracked 
| 176|0x00000000ab000000, 0x00000000ab100000, 0x00000000ab100000|100%| O|  |TAMS 0x00000000ab000000, 0x00000000ab100000| Untracked 
| 177|0x00000000ab100000, 0x00000000ab200000, 0x00000000ab200000|100%| O|  |TAMS 0x00000000ab100000, 0x00000000ab200000| Untracked 
| 178|0x00000000ab200000, 0x00000000ab300000, 0x00000000ab300000|100%| O|  |TAMS 0x00000000ab200000, 0x00000000ab300000| Untracked 
| 179|0x00000000ab300000, 0x00000000ab300000, 0x00000000ab400000|  0%| F|  |TAMS 0x00000000ab300000, 0x00000000ab300000| Untracked 
| 180|0x00000000ab400000, 0x00000000ab400000, 0x00000000ab500000|  0%| F|  |TAMS 0x00000000ab400000, 0x00000000ab400000| Untracked 
| 181|0x00000000ab500000, 0x00000000ab500000, 0x00000000ab600000|  0%| F|  |TAMS 0x00000000ab500000, 0x00000000ab500000| Untracked 
| 182|0x00000000ab600000, 0x00000000ab600000, 0x00000000ab700000|  0%| F|  |TAMS 0x00000000ab600000, 0x00000000ab600000| Untracked 
| 183|0x00000000ab700000, 0x00000000ab700000, 0x00000000ab800000|  0%| F|  |TAMS 0x00000000ab700000, 0x00000000ab700000| Untracked 
| 184|0x00000000ab800000, 0x00000000ab800000, 0x00000000ab900000|  0%| F|  |TAMS 0x00000000ab800000, 0x00000000ab800000| Untracked 
| 185|0x00000000ab900000, 0x00000000ab900000, 0x00000000aba00000|  0%| F|  |TAMS 0x00000000ab900000, 0x00000000ab900000| Untracked 
| 186|0x00000000aba00000, 0x00000000aba00000, 0x00000000abb00000|  0%| F|  |TAMS 0x00000000aba00000, 0x00000000aba00000| Untracked 
| 187|0x00000000abb00000, 0x00000000abb00000, 0x00000000abc00000|  0%| F|  |TAMS 0x00000000abb00000, 0x00000000abb00000| Untracked 
| 188|0x00000000abc00000, 0x00000000abc00000, 0x00000000abd00000|  0%| F|  |TAMS 0x00000000abc00000, 0x00000000abc00000| Untracked 
| 189|0x00000000abd00000, 0x00000000abd00000, 0x00000000abe00000|  0%| F|  |TAMS 0x00000000abd00000, 0x00000000abd00000| Untracked 
| 190|0x00000000abe00000, 0x00000000abe00000, 0x00000000abf00000|  0%| F|  |TAMS 0x00000000abe00000, 0x00000000abe00000| Untracked 
| 191|0x00000000abf00000, 0x00000000abf00000, 0x00000000ac000000|  0%| F|  |TAMS 0x00000000abf00000, 0x00000000abf00000| Untracked 
| 192|0x00000000ac000000, 0x00000000ac000000, 0x00000000ac100000|  0%| F|  |TAMS 0x00000000ac000000, 0x00000000ac000000| Untracked 
| 193|0x00000000ac100000, 0x00000000ac100000, 0x00000000ac200000|  0%| F|  |TAMS 0x00000000ac100000, 0x00000000ac100000| Untracked 
| 194|0x00000000ac200000, 0x00000000ac200000, 0x00000000ac300000|  0%| F|  |TAMS 0x00000000ac200000, 0x00000000ac200000| Untracked 
| 195|0x00000000ac300000, 0x00000000ac300000, 0x00000000ac400000|  0%| F|  |TAMS 0x00000000ac300000, 0x00000000ac300000| Untracked 
| 196|0x00000000ac400000, 0x00000000ac400000, 0x00000000ac500000|  0%| F|  |TAMS 0x00000000ac400000, 0x00000000ac400000| Untracked 
| 197|0x00000000ac500000, 0x00000000ac500000, 0x00000000ac600000|  0%| F|  |TAMS 0x00000000ac500000, 0x00000000ac500000| Untracked 
| 198|0x00000000ac600000, 0x00000000ac600000, 0x00000000ac700000|  0%| F|  |TAMS 0x00000000ac600000, 0x00000000ac600000| Untracked 
| 199|0x00000000ac700000, 0x00000000ac700000, 0x00000000ac800000|  0%| F|  |TAMS 0x00000000ac700000, 0x00000000ac700000| Untracked 
| 200|0x00000000ac800000, 0x00000000ac800000, 0x00000000ac900000|  0%| F|  |TAMS 0x00000000ac800000, 0x00000000ac800000| Untracked 
| 201|0x00000000ac900000, 0x00000000ac91e4f0, 0x00000000aca00000| 11%| S|CS|TAMS 0x00000000ac900000, 0x00000000ac900000| Complete 
| 202|0x00000000aca00000, 0x00000000acb00000, 0x00000000acb00000|100%| S|CS|TAMS 0x00000000aca00000, 0x00000000aca00000| Complete 
| 203|0x00000000acb00000, 0x00000000acb00000, 0x00000000acc00000|  0%| F|  |TAMS 0x00000000acb00000, 0x00000000acb00000| Untracked 
| 204|0x00000000acc00000, 0x00000000acc00000, 0x00000000acd00000|  0%| F|  |TAMS 0x00000000acc00000, 0x00000000acc00000| Untracked 
| 205|0x00000000acd00000, 0x00000000acd00000, 0x00000000ace00000|  0%| F|  |TAMS 0x00000000acd00000, 0x00000000acd00000| Untracked 
| 206|0x00000000ace00000, 0x00000000ace00000, 0x00000000acf00000|  0%| F|  |TAMS 0x00000000ace00000, 0x00000000ace00000| Untracked 

Card table byte_map: [0x0000021574f30000,0x0000021575230000] _byte_map_base: 0x0000021574a30000

Marking Bits (Prev, Next): (CMBitMap*) 0x0000021571184f80, (CMBitMap*) 0x0000021571184f48
 Prev Bits: [0x0000021576d30000, 0x0000021578530000)
 Next Bits: [0x0000021575530000, 0x0000021576d30000)

Polling page: 0x000002156f100000

Metaspace:

Usage:
  Non-class:     91.66 MB capacity,    88.19 MB ( 96%) used,     3.14 MB (  3%) free+waste,   333.19 KB ( <1%) overhead. 
      Class:     14.69 MB capacity,    13.23 MB ( 90%) used,     1.31 MB (  9%) free+waste,   156.63 KB (  1%) overhead. 
       Both:    106.36 MB capacity,   101.42 MB ( 95%) used,     4.46 MB (  4%) free+waste,   489.81 KB ( <1%) overhead. 

Virtual space:
  Non-class space:      100.00 MB reserved,      91.70 MB ( 92%) committed 
      Class space:        1.00 GB reserved,      14.75 MB (  1%) committed 
             Both:        1.10 GB reserved,     106.45 MB (  9%) committed 

Chunk freelists:
   Non-Class:  40.00 KB
       Class:  0 bytes
        Both:  40.00 KB

MaxMetaspaceSize: 17179869184.00 GB
CompressedClassSpaceSize: 1.00 GB

CodeHeap 'non-profiled nmethods': size=120064Kb used=10904Kb max_used=10904Kb free=109159Kb
 bounds [0x0000021507ac0000, 0x0000021508570000, 0x000002150f000000]
CodeHeap 'profiled nmethods': size=120000Kb used=32829Kb max_used=32829Kb free=87170Kb
 bounds [0x0000021500590000, 0x00000215025a0000, 0x0000021507ac0000]
CodeHeap 'non-nmethods': size=5696Kb used=2308Kb max_used=2379Kb free=3387Kb
 bounds [0x0000021500000000, 0x0000021500270000, 0x0000021500590000]
 total_blobs=16077 nmethods=15160 adapters=826
 compilation: enabled
              stopped_count=0, restarted_count=0
 full_count=0

Compilation events (20 events):
Event: 161.482 Thread 0x000002157b36b000 15474       3       sun.util.logging.internal.LoggingProviderImpl$JULWrapper::toJUL (40 bytes)
Event: 161.487 Thread 0x000002157b36b000 nmethod 15474 0x000002150259b410 code [0x000002150259b5c0, 0x000002150259b758]
Event: 166.431 Thread 0x000002157b368000 15475   !   4       org.gradle.launcher.daemon.server.exec.DaemonConnectionBackedEventConsumer$ForwardEvents::getNextEvent (27 bytes)
Event: 166.440 Thread 0x000002157b368000 nmethod 15475 0x0000021508565c10 code [0x0000021508565dc0, 0x0000021508565ec8]
Event: 166.580 Thread 0x000002157b36b000 15476       3       org.gradle.internal.serialize.InputStreamBackedDecoder::readBytes (11 bytes)
Event: 166.592 Thread 0x000002157b36b000 nmethod 15476 0x000002150259b890 code [0x000002150259ba40, 0x000002150259bb68]
Event: 166.593 Thread 0x000002157b36b000 15478       3       org.gradle.launcher.daemon.context.DefaultDaemonContext$Serializer::read (182 bytes)
Event: 166.726 Thread 0x000002157b36b000 nmethod 15478 0x000002150259bc90 code [0x000002150259c020, 0x000002150259d888]
Event: 166.726 Thread 0x000002157b36b000 15477       3       org.gradle.internal.serialize.InputStreamBackedDecoder::readByte (13 bytes)
Event: 166.733 Thread 0x000002157b36b000 nmethod 15477 0x000002150259e110 code [0x000002150259e2e0, 0x000002150259e5f8]
Event: 171.664 Thread 0x000002157b36b000 15479       3       java.util.concurrent.ScheduledThreadPoolExecutor$ScheduledFutureTask::isPeriodic (15 bytes)
Event: 171.664 Thread 0x000002157b36b000 nmethod 15479 0x000002150259e790 code [0x000002150259e940, 0x000002150259eab8]
Event: 176.609 Thread 0x000002157b36b000 15480       3       java.io.File::getCanonicalFile (21 bytes)
Event: 176.680 Thread 0x000002157b36b000 nmethod 15480 0x000002150259eb90 code [0x000002150259edc0, 0x000002150259f348]
Event: 186.595 Thread 0x000002157b36b000 15481       3       java.io.FilterInputStream::close (8 bytes)
Event: 186.598 Thread 0x000002157b36b000 nmethod 15481 0x000002150259f510 code [0x000002150259f6c0, 0x000002150259f888]
Event: 187.268 Thread 0x000002157b36b000 15482       1       org.gradle.internal.serialize.Serializers$StatefulSerializerAdapter::access$000 (5 bytes)
Event: 187.274 Thread 0x000002157b36b000 nmethod 15482 0x0000021508566010 code [0x00000215085661c0, 0x0000021508566258]
Event: 187.282 Thread 0x000002157b368000 15483       4       org.gradle.internal.logging.text.AbstractLineChoppingStyledTextOutput$1::execute (9 bytes)
Event: 187.282 Thread 0x000002157b36b000 15484       3       org.gradle.internal.io.LineBufferingOutputStream::write (59 bytes)

GC Heap History (20 events):
Event: 83.781 GC heap before
{Heap before GC invocations=148 (full 0):
 garbage-first heap   total 211968K, used 183077K [0x00000000a0000000, 0x0000000100000000)
  region size 1024K, 9 young (9216K), 1 survivors (1024K)
 Metaspace       used 103381K, capacity 108444K, committed 108624K, reserved 1142784K
  class space    used 13477K, capacity 14976K, committed 14976K, reserved 1048576K
}
Event: 83.788 GC heap after
{Heap after GC invocations=149 (full 0):
 garbage-first heap   total 211968K, used 175867K [0x00000000a0000000, 0x0000000100000000)
  region size 1024K, 2 young (2048K), 2 survivors (2048K)
 Metaspace       used 103381K, capacity 108444K, committed 108624K, reserved 1142784K
  class space    used 13477K, capacity 14976K, committed 14976K, reserved 1048576K
}
Event: 84.270 GC heap before
{Heap before GC invocations=149 (full 0):
 garbage-first heap   total 211968K, used 188155K [0x00000000a0000000, 0x0000000100000000)
  region size 1024K, 11 young (11264K), 2 survivors (2048K)
 Metaspace       used 103428K, capacity 108525K, committed 108752K, reserved 1142784K
  class space    used 13483K, capacity 14982K, committed 15104K, reserved 1048576K
}
Event: 84.283 GC heap after
{Heap after GC invocations=150 (full 0):
 garbage-first heap   total 211968K, used 178198K [0x00000000a0000000, 0x0000000100000000)
  region size 1024K, 2 young (2048K), 2 survivors (2048K)
 Metaspace       used 103428K, capacity 108525K, committed 108752K, reserved 1142784K
  class space    used 13483K, capacity 14982K, committed 15104K, reserved 1048576K
}
Event: 84.931 GC heap before
{Heap before GC invocations=151 (full 0):
 garbage-first heap   total 211968K, used 186390K [0x00000000a0000000, 0x0000000100000000)
  region size 1024K, 10 young (10240K), 2 survivors (2048K)
 Metaspace       used 103438K, capacity 108528K, committed 108752K, reserved 1142784K
  class space    used 13483K, capacity 14982K, committed 15104K, reserved 1048576K
}
Event: 84.937 GC heap after
{Heap after GC invocations=152 (full 0):
 garbage-first heap   total 211968K, used 178800K [0x00000000a0000000, 0x0000000100000000)
  region size 1024K, 1 young (1024K), 1 survivors (1024K)
 Metaspace       used 103438K, capacity 108528K, committed 108752K, reserved 1142784K
  class space    used 13483K, capacity 14982K, committed 15104K, reserved 1048576K
}
Event: 85.448 GC heap before
{Heap before GC invocations=152 (full 0):
 garbage-first heap   total 211968K, used 188016K [0x00000000a0000000, 0x0000000100000000)
  region size 1024K, 10 young (10240K), 1 survivors (1024K)
 Metaspace       used 103438K, capacity 108528K, committed 108752K, reserved 1142784K
  class space    used 13483K, capacity 14982K, committed 15104K, reserved 1048576K
}
Event: 85.473 GC heap after
{Heap after GC invocations=153 (full 0):
 garbage-first heap   total 211968K, used 176023K [0x00000000a0000000, 0x0000000100000000)
  region size 1024K, 1 young (1024K), 1 survivors (1024K)
 Metaspace       used 103438K, capacity 108528K, committed 108752K, reserved 1142784K
  class space    used 13483K, capacity 14982K, committed 15104K, reserved 1048576K
}
Event: 86.227 GC heap before
{Heap before GC invocations=153 (full 0):
 garbage-first heap   total 211968K, used 184215K [0x00000000a0000000, 0x0000000100000000)
  region size 1024K, 10 young (10240K), 1 survivors (1024K)
 Metaspace       used 103438K, capacity 108528K, committed 108752K, reserved 1142784K
  class space    used 13483K, capacity 14982K, committed 15104K, reserved 1048576K
}
Event: 86.234 GC heap after
{Heap after GC invocations=154 (full 0):
 garbage-first heap   total 211968K, used 176352K [0x00000000a0000000, 0x0000000100000000)
  region size 1024K, 2 young (2048K), 2 survivors (2048K)
 Metaspace       used 103438K, capacity 108528K, committed 108752K, reserved 1142784K
  class space    used 13483K, capacity 14982K, committed 15104K, reserved 1048576K
}
Event: 87.039 GC heap before
{Heap before GC invocations=154 (full 0):
 garbage-first heap   total 211968K, used 184544K [0x00000000a0000000, 0x0000000100000000)
  region size 1024K, 10 young (10240K), 2 survivors (2048K)
 Metaspace       used 103442K, capacity 108528K, committed 108752K, reserved 1142784K
  class space    used 13485K, capacity 14982K, committed 15104K, reserved 1048576K
}
Event: 87.043 GC heap after
{Heap after GC invocations=155 (full 0):
 garbage-first heap   total 211968K, used 176792K [0x00000000a0000000, 0x0000000100000000)
  region size 1024K, 2 young (2048K), 2 survivors (2048K)
 Metaspace       used 103442K, capacity 108528K, committed 108752K, reserved 1142784K
  class space    used 13485K, capacity 14982K, committed 15104K, reserved 1048576K
}
Event: 87.532 GC heap before
{Heap before GC invocations=155 (full 0):
 garbage-first heap   total 211968K, used 184984K [0x00000000a0000000, 0x0000000100000000)
  region size 1024K, 10 young (10240K), 2 survivors (2048K)
 Metaspace       used 103455K, capacity 108529K, committed 108752K, reserved 1142784K
  class space    used 13485K, capacity 14982K, committed 15104K, reserved 1048576K
}
Event: 87.535 GC heap after
{Heap after GC invocations=156 (full 0):
 garbage-first heap   total 211968K, used 177412K [0x00000000a0000000, 0x0000000100000000)
  region size 1024K, 2 young (2048K), 2 survivors (2048K)
 Metaspace       used 103455K, capacity 108529K, committed 108752K, reserved 1142784K
  class space    used 13485K, capacity 14982K, committed 15104K, reserved 1048576K
}
Event: 87.795 GC heap before
{Heap before GC invocations=156 (full 0):
 garbage-first heap   total 211968K, used 185604K [0x00000000a0000000, 0x0000000100000000)
  region size 1024K, 10 young (10240K), 2 survivors (2048K)
 Metaspace       used 103462K, capacity 108529K, committed 108752K, reserved 1142784K
  class space    used 13485K, capacity 14982K, committed 15104K, reserved 1048576K
}
Event: 87.800 GC heap after
{Heap after GC invocations=157 (full 0):
 garbage-first heap   total 211968K, used 178413K [0x00000000a0000000, 0x0000000100000000)
  region size 1024K, 2 young (2048K), 2 survivors (2048K)
 Metaspace       used 103462K, capacity 108529K, committed 108752K, reserved 1142784K
  class space    used 13485K, capacity 14982K, committed 15104K, reserved 1048576K
}
Event: 88.387 GC heap before
{Heap before GC invocations=157 (full 0):
 garbage-first heap   total 211968K, used 185581K [0x00000000a0000000, 0x0000000100000000)
  region size 1024K, 10 young (10240K), 2 survivors (2048K)
 Metaspace       used 103664K, capacity 108703K, committed 109008K, reserved 1142784K
  class space    used 13519K, capacity 14996K, committed 15104K, reserved 1048576K
}
Event: 88.394 GC heap after
{Heap after GC invocations=158 (full 0):
 garbage-first heap   total 211968K, used 178416K [0x00000000a0000000, 0x0000000100000000)
  region size 1024K, 2 young (2048K), 2 survivors (2048K)
 Metaspace       used 103664K, capacity 108703K, committed 109008K, reserved 1142784K
  class space    used 13519K, capacity 14996K, committed 15104K, reserved 1048576K
}
Event: 187.296 GC heap before
{Heap before GC invocations=158 (full 0):
 garbage-first heap   total 211968K, used 181488K [0x00000000a0000000, 0x0000000100000000)
  region size 1024K, 6 young (6144K), 2 survivors (2048K)
 Metaspace       used 103853K, capacity 108908K, committed 109008K, reserved 1148928K
  class space    used 13542K, capacity 15044K, committed 15104K, reserved 1048576K
}
Event: 187.601 GC heap after
{Heap after GC invocations=159 (full 0):
 garbage-first heap   total 211968K, used 178446K [0x00000000a0000000, 0x0000000100000000)
  region size 1024K, 2 young (2048K), 2 survivors (2048K)
 Metaspace       used 103853K, capacity 108908K, committed 109008K, reserved 1148928K
  class space    used 13542K, capacity 15044K, committed 15104K, reserved 1048576K
}

Deoptimization events (20 events):
Event: 88.802 Thread 0x000002150f637800 Uncommon trap: trap_request=0xffffffc6 fr.pc=0x000002150814e89c relative=0x0000000000000a9c
Event: 88.802 Thread 0x000002150f637800 Uncommon trap: reason=bimorphic_or_optimized_type_check action=maybe_recompile pc=0x000002150814e89c method=java.io.BufferedInputStream.read1([BII)I @ 39 c2
Event: 88.802 Thread 0x000002150f637800 DEOPT PACKING pc=0x000002150814e89c sp=0x0000004cbe4febe0
Event: 88.802 Thread 0x000002150f637800 DEOPT UNPACKING pc=0x00000215000278af sp=0x0000004cbe4feaf8 mode 2
Event: 187.241 Thread 0x000002150f63b800 Uncommon trap: trap_request=0xffffffc6 fr.pc=0x000002150802de24 relative=0x0000000000000324
Event: 187.241 Thread 0x000002150f63b800 Uncommon trap: reason=bimorphic_or_optimized_type_check action=maybe_recompile pc=0x000002150802de24 method=org.gradle.internal.logging.sink.OutputEventRenderer.onOutput(Lorg/gradle/internal/logging/events/OutputEvent;)V @ 1 c2
Event: 187.241 Thread 0x000002150f63b800 DEOPT PACKING pc=0x000002150802de24 sp=0x0000004cbe3fe970
Event: 187.243 Thread 0x000002150f63b800 DEOPT UNPACKING pc=0x00000215000278af sp=0x0000004cbe3fe918 mode 2
Event: 187.281 Thread 0x000002150f63b800 Uncommon trap: trap_request=0xffffffc6 fr.pc=0x000002150802de24 relative=0x0000000000000324
Event: 187.281 Thread 0x000002150f63b800 Uncommon trap: reason=bimorphic_or_optimized_type_check action=maybe_recompile pc=0x000002150802de24 method=org.gradle.internal.logging.sink.OutputEventRenderer.onOutput(Lorg/gradle/internal/logging/events/OutputEvent;)V @ 1 c2
Event: 187.281 Thread 0x000002150f63b800 DEOPT PACKING pc=0x000002150802de24 sp=0x0000004cbe3fe970
Event: 187.281 Thread 0x000002150f63b800 DEOPT UNPACKING pc=0x00000215000278af sp=0x0000004cbe3fe918 mode 2
Event: 187.282 Thread 0x000002150f63b800 Uncommon trap: trap_request=0xffffffc6 fr.pc=0x000002150802de24 relative=0x0000000000000324
Event: 187.282 Thread 0x000002150f63b800 Uncommon trap: reason=bimorphic_or_optimized_type_check action=maybe_recompile pc=0x000002150802de24 method=org.gradle.internal.logging.sink.OutputEventRenderer.onOutput(Lorg/gradle/internal/logging/events/OutputEvent;)V @ 1 c2
Event: 187.282 Thread 0x000002150f63b800 DEOPT PACKING pc=0x000002150802de24 sp=0x0000004cbe3fe970
Event: 187.282 Thread 0x000002150f63b800 DEOPT UNPACKING pc=0x00000215000278af sp=0x0000004cbe3fe918 mode 2
Event: 187.283 Thread 0x000002150f63b800 Uncommon trap: trap_request=0xffffffc6 fr.pc=0x000002150802de24 relative=0x0000000000000324
Event: 187.283 Thread 0x000002150f63b800 Uncommon trap: reason=bimorphic_or_optimized_type_check action=maybe_recompile pc=0x000002150802de24 method=org.gradle.internal.logging.sink.OutputEventRenderer.onOutput(Lorg/gradle/internal/logging/events/OutputEvent;)V @ 1 c2
Event: 187.283 Thread 0x000002150f63b800 DEOPT PACKING pc=0x000002150802de24 sp=0x0000004cbe3fe970
Event: 187.283 Thread 0x000002150f63b800 DEOPT UNPACKING pc=0x00000215000278af sp=0x0000004cbe3fe918 mode 2

Classes redefined (0 events):
No events

Internal exceptions (20 events):
Event: 88.323 Thread 0x000002150f631000 Exception <a 'java/lang/ClassNotFoundException'{0x00000000ac9372c0}: org/gradle/process/internal/DefaultExecActionBeanInfo> (0x00000000ac9372c0) thrown at [./src/hotspot/share/classfile/systemDictionary.cpp, line 231]
Event: 88.325 Thread 0x000002150f631000 Exception <a 'java/lang/ClassNotFoundException'{0x00000000ac96d240}: org/gradle/process/internal/DefaultExecHandleBuilderBeanInfo> (0x00000000ac96d240) thrown at [./src/hotspot/share/classfile/systemDictionary.cpp, line 231]
Event: 88.327 Thread 0x000002150f631000 Exception <a 'java/lang/ClassNotFoundException'{0x00000000ac9a3970}: org/gradle/process/internal/AbstractExecHandleBuilderBeanInfo> (0x00000000ac9a3970) thrown at [./src/hotspot/share/classfile/systemDictionary.cpp, line 231]
Event: 88.329 Thread 0x000002150f631000 Exception <a 'java/lang/ClassNotFoundException'{0x00000000ac9da7d8}: org/gradle/process/internal/DefaultProcessForkOptionsBeanInfo> (0x00000000ac9da7d8) thrown at [./src/hotspot/share/classfile/systemDictionary.cpp, line 231]
Event: 88.331 Thread 0x000002150f631000 Exception <a 'java/lang/ClassNotFoundException'{0x00000000ac8120a8}: org/gradle/process/internal/DefaultProcessForkOptionsCustomizer> (0x00000000ac8120a8) thrown at [./src/hotspot/share/classfile/systemDictionary.cpp, line 231]
Event: 88.334 Thread 0x000002150f631000 Exception <a 'java/lang/ClassNotFoundException'{0x00000000ac856030}: org/gradle/process/internal/AbstractExecHandleBuilderCustomizer> (0x00000000ac856030) thrown at [./src/hotspot/share/classfile/systemDictionary.cpp, line 231]
Event: 88.336 Thread 0x000002150f631000 Exception <a 'java/lang/ClassNotFoundException'{0x00000000ac89e3a8}: org/gradle/process/internal/DefaultExecHandleBuilderCustomizer> (0x00000000ac89e3a8) thrown at [./src/hotspot/share/classfile/systemDictionary.cpp, line 231]
Event: 88.338 Thread 0x000002150f631000 Exception <a 'java/lang/ClassNotFoundException'{0x00000000ac8fdb98}: org/gradle/process/internal/DefaultExecActionCustomizer> (0x00000000ac8fdb98) thrown at [./src/hotspot/share/classfile/systemDictionary.cpp, line 231]
Event: 88.340 Thread 0x000002150f631000 Exception <a 'java/lang/ClassNotFoundException'{0x00000000ac73d700}: org/gradle/process/internal/DefaultExecAction_DecoratedCustomizer> (0x00000000ac73d700) thrown at [./src/hotspot/share/classfile/systemDictionary.cpp, line 231]
Event: 88.377 Thread 0x000002150f631000 Exception <a 'java/lang/ClassNotFoundException'{0x00000000ac799748}: org/gradle/api/logging/LogLevelBeanInfo> (0x00000000ac799748) thrown at [./src/hotspot/share/classfile/systemDictionary.cpp, line 231]
Event: 88.381 Thread 0x000002150f631000 Exception <a 'java/lang/ClassNotFoundException'{0x00000000ac7c6450}: org/gradle/api/logging/LogLevelCustomizer> (0x00000000ac7c6450) thrown at [./src/hotspot/share/classfile/systemDictionary.cpp, line 231]
Event: 88.397 Thread 0x000002150f631000 Exception <a 'java/lang/ClassNotFoundException'{0x00000000ace3b3e0}: org/gradle/internal/logging/services/DefaultLoggingManagerBeanInfo> (0x00000000ace3b3e0) thrown at [./src/hotspot/share/classfile/systemDictionary.cpp, line 231]
Event: 88.398 Thread 0x000002150f631000 Exception <a 'java/lang/ClassNotFoundException'{0x00000000ace72f68}: org/gradle/internal/logging/services/DefaultLoggingManagerCustomizer> (0x00000000ace72f68) thrown at [./src/hotspot/share/classfile/systemDictionary.cpp, line 231]
Event: 88.444 Thread 0x000002150f631000 Exception <a 'java/lang/ClassNotFoundException'{0x00000000aceb0260}: java/lang/BooleanBeanInfo> (0x00000000aceb0260) thrown at [./src/hotspot/share/classfile/systemDictionary.cpp, line 231]
Event: 88.445 Thread 0x000002150f631000 Exception <a 'java/lang/ClassNotFoundException'{0x00000000acebd388}: java/lang/BooleanCustomizer> (0x00000000acebd388) thrown at [./src/hotspot/share/classfile/systemDictionary.cpp, line 231]
Event: 88.646 Thread 0x000002150f639000 Exception <a 'java/lang/NoSuchMethodError'{0x00000000acd2c8f0}: 'void java.lang.invoke.DirectMethodHandle$Holder.invokeStatic(java.lang.Object, long)'> (0x00000000acd2c8f0) thrown at [./src/hotspot/share/interpreter/linkResolver.cpp, line 773]
Event: 88.649 Thread 0x000002150f639000 Exception <a 'java/lang/NoSuchMethodError'{0x00000000acd31860}: 'java.lang.Object java.lang.invoke.DirectMethodHandle$Holder.invokeStatic(java.lang.Object, long)'> (0x00000000acd31860) thrown at [./src/hotspot/share/interpreter/linkResolver.cpp, line 773]
Event: 88.651 Thread 0x000002150f639000 Exception <a 'java/lang/NoSuchMethodError'{0x00000000acd3fb18}: 'java.lang.Object java.lang.invoke.DirectMethodHandle$Holder.invokeStaticInit(java.lang.Object, java.lang.Object, long, java.lang.Object)'> (0x00000000acd3fb18) thrown at [./src/hotspot/share/interpreter/linkResolver.cpp, line 773]
Event: 88.652 Thread 0x000002150f639000 Exception <a 'java/lang/NoSuchMethodError'{0x00000000acd45c78}: 'java.lang.Object java.lang.invoke.DirectMethodHandle$Holder.invokeStatic(java.lang.Object, java.lang.Object, long)'> (0x00000000acd45c78) thrown at [./src/hotspot/share/interpreter/linkResolver.cpp, line 773]
Event: 88.652 Thread 0x000002150f639000 Exception <a 'java/lang/NoSuchMethodError'{0x00000000acd4c3b8}: 'java.lang.Object java.lang.invoke.Invokers$Holder.linkToTargetMethod(java.lang.Object, long, java.lang.Object)'> (0x00000000acd4c3b8) thrown at [./src/hotspot/share/interpreter/linkResolver.cpp, line 773]

Events (20 events):
Event: 91.582 Executing VM operation: RevokeBias
Event: 91.582 Executing VM operation: RevokeBias done
Event: 91.669 Executing VM operation: RevokeBias
Event: 91.669 Executing VM operation: RevokeBias done
Event: 91.671 Executing VM operation: RevokeBias
Event: 91.672 Executing VM operation: RevokeBias done
Event: 151.842 Executing VM operation: RevokeBias
Event: 151.850 Executing VM operation: RevokeBias done
Event: 151.875 Thread 0x000002150f4dd800 Thread exited: 0x000002150f4dd800
Event: 187.133 loading class org/gradle/internal/logging/events/StyledTextOutputEvent$Span
Event: 187.133 loading class org/gradle/internal/logging/events/StyledTextOutputEvent$Span done
Event: 187.202 loading class org/gradle/internal/logging/events/operations/StyledTextBuildOperationProgressDetails$Span
Event: 187.202 loading class org/gradle/internal/logging/events/operations/StyledTextBuildOperationProgressDetails$Span done
Event: 187.206 loading class org/gradle/internal/operations/logging/StyledTextBuildOperationProgressDetails$Span
Event: 187.206 loading class org/gradle/internal/operations/logging/StyledTextBuildOperationProgressDetails$Span done
Event: 187.207 Executing VM operation: RevokeBias
Event: 187.213 Executing VM operation: RevokeBias done
Event: 187.214 Executing VM operation: RevokeBias
Event: 187.215 Executing VM operation: RevokeBias done
Event: 187.293 Executing VM operation: CollectForMetadataAllocation


Dynamic libraries:
0x00007ff7b4840000 - 0x00007ff7b484a000 	C:\Program Files\Android\Android Studio\jre\bin\java.exe
0x00007ffda49d0000 - 0x00007ffda4be7000 	C:\WINDOWS\SYSTEM32\ntdll.dll
0x00007ffda35d0000 - 0x00007ffda3694000 	C:\WINDOWS\System32\KERNEL32.DLL
0x00007ffda1fa0000 - 0x00007ffda2346000 	C:\WINDOWS\System32\KERNELBASE.dll
0x00007ffda1e10000 - 0x00007ffda1f21000 	C:\WINDOWS\System32\ucrtbase.dll
0x00007ffd90ce0000 - 0x00007ffd90cf9000 	C:\Program Files\Android\Android Studio\jre\bin\jli.dll
0x00007ffd90cc0000 - 0x00007ffd90cd7000 	C:\Program Files\Android\Android Studio\jre\bin\VCRUNTIME140.dll
0x00007ffd8c0c0000 - 0x00007ffd8c353000 	C:\WINDOWS\WinSxS\amd64_microsoft.windows.common-controls_6595b64144ccf1df_6.0.22621.2361_none_2712ced57382f843\COMCTL32.dll
0x00007ffda29d0000 - 0x00007ffda2a77000 	C:\WINDOWS\System32\msvcrt.dll
0x00007ffda2800000 - 0x00007ffda2829000 	C:\WINDOWS\System32\GDI32.dll
0x00007ffda2700000 - 0x00007ffda2726000 	C:\WINDOWS\System32\win32u.dll
0x00007ffda25e0000 - 0x00007ffda26f8000 	C:\WINDOWS\System32\gdi32full.dll
0x00007ffda2350000 - 0x00007ffda23ea000 	C:\WINDOWS\System32\msvcp_win.dll
0x00007ffda2a80000 - 0x00007ffda2c2d000 	C:\WINDOWS\System32\USER32.dll
0x00007ffda3840000 - 0x00007ffda3871000 	C:\WINDOWS\System32\IMM32.DLL
0x00007ffd90c20000 - 0x00007ffd90cbd000 	C:\Program Files\Android\Android Studio\jre\bin\msvcp140.dll
0x00007ffd5ece0000 - 0x00007ffd5f7af000 	C:\Program Files\Android\Android Studio\jre\bin\server\jvm.dll
0x00007ffda3130000 - 0x00007ffda31e0000 	C:\WINDOWS\System32\ADVAPI32.dll
0x00007ffda2730000 - 0x00007ffda27d6000 	C:\WINDOWS\System32\sechost.dll
0x00007ffda4820000 - 0x00007ffda4937000 	C:\WINDOWS\System32\RPCRT4.dll
0x00007ffda33b0000 - 0x00007ffda33b8000 	C:\WINDOWS\System32\PSAPI.DLL
0x00007ffd77d90000 - 0x00007ffd77d99000 	C:\WINDOWS\SYSTEM32\WSOCK32.dll
0x00007ffda3330000 - 0x00007ffda33a1000 	C:\WINDOWS\System32\WS2_32.dll
0x00007ffd99d70000 - 0x00007ffd99da4000 	C:\WINDOWS\SYSTEM32\WINMM.dll
0x00007ffd9b760000 - 0x00007ffd9b76a000 	C:\WINDOWS\SYSTEM32\VERSION.dll
0x00007ffda0d30000 - 0x00007ffda0d48000 	C:\WINDOWS\SYSTEM32\kernel.appcore.dll
0x00007ffd8a210000 - 0x00007ffd8a221000 	C:\Program Files\Android\Android Studio\jre\bin\verify.dll
0x00007ffd87f70000 - 0x00007ffd8819e000 	C:\WINDOWS\SYSTEM32\DBGHELP.DLL
0x00007ffda4470000 - 0x00007ffda47fa000 	C:\WINDOWS\System32\combase.dll
0x00007ffda31e0000 - 0x00007ffda32b7000 	C:\WINDOWS\System32\OLEAUT32.dll
0x00007ffd87f30000 - 0x00007ffd87f62000 	C:\WINDOWS\SYSTEM32\dbgcore.DLL
0x00007ffda23f0000 - 0x00007ffda246a000 	C:\WINDOWS\System32\bcryptPrimitives.dll
0x00007ffd864f0000 - 0x00007ffd86519000 	C:\Program Files\Android\Android Studio\jre\bin\java.dll
0x00007ffd8adc0000 - 0x00007ffd8adcb000 	C:\Program Files\Android\Android Studio\jre\bin\jimage.dll
0x00007ffd864d0000 - 0x00007ffd864e8000 	C:\Program Files\Android\Android Studio\jre\bin\zip.dll
0x00007ffda3bf0000 - 0x00007ffda4448000 	C:\WINDOWS\System32\SHELL32.dll
0x00007ffd9fcb0000 - 0x00007ffda05a2000 	C:\WINDOWS\SYSTEM32\windows.storage.dll
0x00007ffd9fb70000 - 0x00007ffd9fcae000 	C:\WINDOWS\SYSTEM32\wintypes.dll
0x00007ffda33c0000 - 0x00007ffda34b3000 	C:\WINDOWS\System32\SHCORE.dll
0x00007ffda3b90000 - 0x00007ffda3bee000 	C:\WINDOWS\System32\shlwapi.dll
0x00007ffda1c80000 - 0x00007ffda1ca6000 	C:\WINDOWS\SYSTEM32\profapi.dll
0x00007ffd968b0000 - 0x00007ffd968ca000 	C:\Program Files\Android\Android Studio\jre\bin\net.dll
0x00007ffd999f0000 - 0x00007ffd99b27000 	C:\WINDOWS\SYSTEM32\WINHTTP.dll
0x00007ffda1210000 - 0x00007ffda1279000 	C:\WINDOWS\system32\mswsock.dll
0x00007ffd811f0000 - 0x00007ffd81204000 	C:\Program Files\Android\Android Studio\jre\bin\nio.dll
0x00007ffd90bf0000 - 0x00007ffd90c17000 	C:\Users\casey\.gradle\native\e1d6ef7f7dcc3fd88c89a11ec53ec762bb8ba0a96d01ffa2cd45eb1d1d8dd5c5\windows-amd64\native-platform.dll
0x00007ffd81090000 - 0x00007ffd811d4000 	C:\Users\casey\.gradle\native\0d407fdbe67a94daf76414ababcb853783967236a71b16ec16e742cd7a986fd3\windows-amd64\native-platform-file-events.dll
0x00007ffd78d00000 - 0x00007ffd78d0a000 	C:\Program Files\Android\Android Studio\jre\bin\management.dll
0x00007ffd78cf0000 - 0x00007ffd78cfc000 	C:\Program Files\Android\Android Studio\jre\bin\management_ext.dll
0x00007ffda1460000 - 0x00007ffda147b000 	C:\WINDOWS\SYSTEM32\CRYPTSP.dll
0x00007ffda0cf0000 - 0x00007ffda0d25000 	C:\WINDOWS\system32\rsaenh.dll
0x00007ffda1300000 - 0x00007ffda132c000 	C:\WINDOWS\SYSTEM32\USERENV.dll
0x00007ffda1600000 - 0x00007ffda1628000 	C:\WINDOWS\SYSTEM32\bcrypt.dll
0x00007ffda1480000 - 0x00007ffda148c000 	C:\WINDOWS\SYSTEM32\CRYPTBASE.dll
0x00007ffda0810000 - 0x00007ffda083d000 	C:\WINDOWS\SYSTEM32\IPHLPAPI.DLL
0x00007ffda35c0000 - 0x00007ffda35c9000 	C:\WINDOWS\System32\NSI.dll
0x00007ffd99030000 - 0x00007ffd99049000 	C:\WINDOWS\SYSTEM32\dhcpcsvc6.DLL
0x00007ffd99010000 - 0x00007ffd9902f000 	C:\WINDOWS\SYSTEM32\dhcpcsvc.DLL
0x00007ffda0880000 - 0x00007ffda0979000 	C:\WINDOWS\SYSTEM32\DNSAPI.dll

dbghelp: loaded successfully - version: 4.0.5 - missing functions: none
symbol engine: initialized successfully - sym options: 0x614 - pdb path: .;C:\Program Files\Android\Android Studio\jre\bin;C:\WINDOWS\SYSTEM32;C:\WINDOWS\WinSxS\amd64_microsoft.windows.common-controls_6595b64144ccf1df_6.0.22621.2361_none_2712ced57382f843;C:\Program Files\Android\Android Studio\jre\bin\server;C:\Users\casey\.gradle\native\e1d6ef7f7dcc3fd88c89a11ec53ec762bb8ba0a96d01ffa2cd45eb1d1d8dd5c5\windows-amd64;C:\Users\casey\.gradle\native\0d407fdbe67a94daf76414ababcb853783967236a71b16ec16e742cd7a986fd3\windows-amd64

VM Arguments:
jvm_args: --add-opens=java.base/java.util=ALL-UNNAMED --add-opens=java.base/java.lang=ALL-UNNAMED --add-opens=java.base/java.lang.invoke=ALL-UNNAMED --add-opens=java.base/java.util=ALL-UNNAMED --add-opens=java.prefs/java.util.prefs=ALL-UNNAMED --add-opens=java.prefs/java.util.prefs=ALL-UNNAMED --add-opens=java.base/java.nio.charset=ALL-UNNAMED --add-opens=java.base/java.net=ALL-UNNAMED --add-opens=java.base/java.util.concurrent.atomic=ALL-UNNAMED -Xmx1536M -Dfile.encoding=windows-1252 -Duser.country=GB -Duser.language=en -Duser.variant 
java_command: org.gradle.launcher.daemon.bootstrap.GradleDaemon 7.4
java_class_path (initial): C:\Users\casey\.gradle\wrapper\dists\gradle-7.4-all\aadb4xli5jkdsnukm30eibyiu\gradle-7.4\lib\gradle-launcher-7.4.jar
Launcher Type: SUN_STANDARD

[Global flags]
     intx CICompilerCount                          = 3                                         {product} {ergonomic}
     uint ConcGCThreads                            = 1                                         {product} {ergonomic}
     uint G1ConcRefinementThreads                  = 4                                         {product} {ergonomic}
   size_t G1HeapRegionSize                         = 1048576                                   {product} {ergonomic}
    uintx GCDrainStackTargetSize                   = 64                                        {product} {ergonomic}
   size_t InitialHeapSize                          = 58720256                                  {product} {ergonomic}
   size_t MarkStackSize                            = 4194304                                   {product} {ergonomic}
   size_t MaxHeapSize                              = 1610612736                                {product} {command line}
   size_t MaxNewSize                               = 965738496                                 {product} {ergonomic}
   size_t MinHeapDeltaBytes                        = 1048576                                   {product} {ergonomic}
    uintx NonNMethodCodeHeapSize                   = 5830732                                {pd product} {ergonomic}
    uintx NonProfiledCodeHeapSize                  = 122913754                              {pd product} {ergonomic}
    uintx ProfiledCodeHeapSize                     = 122913754                              {pd product} {ergonomic}
    uintx ReservedCodeCacheSize                    = 251658240                              {pd product} {ergonomic}
     bool SegmentedCodeCache                       = true                                      {product} {ergonomic}
     bool UseCompressedClassPointers               = true                                 {lp64_product} {ergonomic}
     bool UseCompressedOops                        = true                                 {lp64_product} {ergonomic}
     bool UseG1GC                                  = true                                      {product} {ergonomic}
     bool UseLargePagesIndividualAllocation        = false                                  {pd product} {ergonomic}

Logging:
Log output configuration:
 #0: stdout all=warning uptime,level,tags
 #1: stderr all=off uptime,level,tags

Environment Variables:
JAVA_HOME=C:\Program Files\Android\Android Studio\jre
CLASSPATH=C:\Users\casey\Downloads\cmpets\android\\gradle\wrapper\gradle-wrapper.jar
PATH=C:\Ruby32-x64\bin;C:\Program Files\Eclipse Adoptium\jdk-17.0.1.12-hotspot\bin;C:\Program Files\Common Files\Oracle\Java\javapath;C:\WINDOWS\system32;C:\WINDOWS;C:\WINDOWS\System32\Wbem;C:\WINDOWS\System32\WindowsPowerShell\v1.0\;C:\WINDOWS\System32\OpenSSH\;C:\Program Files\nodejs\;C:\ProgramData\chocolatey\bin;C:\Program Files\dotnet\;C:\Program Files\Microsoft SQL Server\130\Tools\Binn\;C:\Program Files\Microsoft SQL Server\Client SDK\ODBC\170\Tools\Binn\;%MAVEN_HOME%\bin\mvn*;%JAVA_HOME%\bin;C:\Users\casey\AppData\Roaming\npm;C:\Users\casey\AppData\Local\Android\Sdk\platform-tools;C:\Program Files\Git\cmd;C:\Program Files\Tailscale\;C:\Users\casey\AppData\Local\Pub\Cache\bin;C:\Users\casey\Downloads\flutter_windows_3.10.1-stable\flutter\bin\cache\dart-sdk\bin;C:\Users\casey\Downloads\flutter_windows_3.10.1-stable\flutter\bin;C:\Program Files (x86)\Microsoft SQL Server\160\DTS\Binn\;C:\Program Files\Azure Data Studio\bin;C:\Program Files\Docker\Docker\resources\bin;C:\Program Files (x86)\BrowserStackLocal\;C:\Users\casey\AppData\Local\Programs\Microsoft VS Code\bin;C:\Users\casey\AppData\Local\Microsoft\WindowsApps;C:\Program Files\heroku\bin;;C:\Program Files\Azure Data Studio\bin;C:\Users\casey\Downloads\flutter_windows_3.10.1-stable\flutter\bin\mingit\cmd
USERNAME=casey
OS=Windows_NT
PROCESSOR_IDENTIFIER=AMD64 Family 23 Model 24 Stepping 1, AuthenticAMD



---------------  S Y S T E M  ---------------

OS: Windows 10 , 64 bit Build 22621 (10.0.22621.2428)
OS uptime: 0 days 7:05 hours

CPU:total 4 (initial active 4) (4 cores per cpu, 2 threads per core) family 23 model 24 stepping 1 microcode 0x0, cmov, cx8, fxsr, mmx, sse, sse2, sse3, ssse3, sse4.1, sse4.2, popcnt, avx, avx2, aes, clmul, mmxext, 3dnowpref, lzcnt, sse4a, ht, tsc, tscinvbit, tscinv, bmi1, bmi2, adx, s

Memory: 4k page, system-wide physical 3460M (163M free)
TotalPageFile size 12562M (AvailPageFile size 0M)
current process WorkingSet (physical memory assigned to process): 55M, peak: 438M
current process commit charge ("private bytes"): 544M, peak: 560M

vm_info: OpenJDK 64-Bit Server VM (11.0.10+0-b96-7249189) for windows-amd64 JRE (11.0.10+0-b96-7249189), built on Mar 31 2021 21:44:00 by "builder" with MS VC++ 14.0 (VS2015)

END.
