#
# There is insufficient memory for the Java Runtime Environment to continue.
# Native memory allocation (malloc) failed to allocate 32744 bytes for ChunkPool::allocate
# Possible reasons:
#   The system is out of physical RAM or swap space
#   The process is running with CompressedOops enabled, and the Java Heap may be blocking the growth of the native heap
# Possible solutions:
#   Reduce memory load on the system
#   Increase physical memory or swap space
#   Check if swap backing store is full
#   Decrease Java heap size (-Xmx/-Xms)
#   Decrease number of Java threads
#   Decrease Java thread stack sizes (-Xss)
#   Set larger code cache with -XX:ReservedCodeCacheSize=
#   JVM is running with Unscaled Compressed Oops mode in which the Java heap is
#     placed in the first 4GB address space. The Java Heap base address is the
#     maximum limit for the native heap growth. Please use -XX:HeapBaseMinAddress
#     to set the Java Heap base and to place the Java Heap above 4GB virtual address.
# This output file may be truncated or incomplete.
#
#  Out of Memory Error (./src/hotspot/share/memory/arena.cpp:81), pid=14852, tid=15084
#
# JRE version: OpenJDK Runtime Environment (11.0.10) (build 11.0.10+0-b96-7249189)
# Java VM: OpenJDK 64-Bit Server VM (11.0.10+0-b96-7249189, mixed mode, tiered, compressed oops, g1 gc, windows-amd64)
# No core dump will be written. Minidumps are not enabled by default on client versions of Windows
#

---------------  S U M M A R Y ------------

Command Line: --add-opens=java.base/java.util=ALL-UNNAMED --add-opens=java.base/java.lang=ALL-UNNAMED --add-opens=java.base/java.lang.invoke=ALL-UNNAMED --add-opens=java.base/java.util=ALL-UNNAMED --add-opens=java.prefs/java.util.prefs=ALL-UNNAMED --add-opens=java.prefs/java.util.prefs=ALL-UNNAMED --add-opens=java.base/java.nio.charset=ALL-UNNAMED --add-opens=java.base/java.net=ALL-UNNAMED --add-opens=java.base/java.util.concurrent.atomic=ALL-UNNAMED -Xmx1536M -Dfile.encoding=windows-1252 -Duser.country=GB -Duser.language=en -Duser.variant org.gradle.launcher.daemon.bootstrap.GradleDaemon 7.4

Host: AMD Athlon 300U with Radeon Vega Mobile Gfx    , 4 cores, 3G,  Windows 10 , 64 bit Build 22621 (10.0.22621.2215)
Time: Sun Oct  8 21:52:32 2023 GMT Summer Time elapsed time: 106.206789 seconds (0d 0h 1m 46s)

---------------  T H R E A D  ---------------

Current thread (0x000001f84159d000):  JavaThread "C2 CompilerThread0" daemon [_thread_in_native, id=15084, stack(0x000000c286600000,0x000000c286700000)]


Current CompileTask:
C2: 106207 15862       4       java.lang.reflect.Method::invoke (65 bytes)

Stack: [0x000000c286600000,0x000000c286700000]
Native frames: (J=compiled Java code, j=interpreted, Vv=VM code, C=native code)
V  [jvm.dll+0x5ecfaa]
V  [jvm.dll+0x722bd5]
V  [jvm.dll+0x72412d]
V  [jvm.dll+0x7247e3]
V  [jvm.dll+0x242928]
V  [jvm.dll+0xbc75b]
V  [jvm.dll+0xbca0c]
V  [jvm.dll+0x358676]
V  [jvm.dll+0x357ef1]
V  [jvm.dll+0x357f34]
V  [jvm.dll+0x4e9fbe]
V  [jvm.dll+0x4ea6e6]
V  [jvm.dll+0x320b02]
V  [jvm.dll+0x31ffca]
V  [jvm.dll+0x1fb602]
V  [jvm.dll+0x1fa7f4]
V  [jvm.dll+0x18354c]
V  [jvm.dll+0x208ee7]
V  [jvm.dll+0x207731]
V  [jvm.dll+0x6eb1cf]
V  [jvm.dll+0x6e3d45]
V  [jvm.dll+0x5ebe96]
C  [ucrtbase.dll+0x29363]
C  [KERNEL32.DLL+0x1257d]
C  [ntdll.dll+0x5aa68]


---------------  P R O C E S S  ---------------

Threads class SMR info:
_java_thread_list=0x000001f84f23dca0, length=89, elements={
0x000001f828cae800, 0x000001f841534000, 0x000001f841546000, 0x000001f841599800,
0x000001f84159b000, 0x000001f84159c000, 0x000001f84159d000, 0x000001f8415ba000,
0x000001f8415be800, 0x000001f841ff9000, 0x000001f844046000, 0x000001f844b5e800,
0x000001f842ee1800, 0x000001f8431eb800, 0x000001f84420e800, 0x000001f843ebd800,
0x000001f844123800, 0x000001f844124000, 0x000001f8428a9000, 0x000001f8440c9800,
0x000001f8440ca800, 0x000001f8440c5800, 0x000001f8440cc000, 0x000001f8440c8000,
0x000001f8440c7800, 0x000001f8440c9000, 0x000001f8440c6800, 0x000001f8440cb800,
0x000001f8424b1800, 0x000001f8424b0800, 0x000001f8424b4000, 0x000001f8424b5800,
0x000001f8424b2000, 0x000001f8424b6800, 0x000001f8424b8800, 0x000001f8424b8000,
0x000001f8424b7000, 0x000001f8424b3000, 0x000001f8424ba800, 0x000001f8424bb000,
0x000001f8424bc000, 0x000001f8424bd800, 0x000001f8424bd000, 0x000001f8424be800,
0x000001f8424b9800, 0x000001f842be1000, 0x000001f842be0000, 0x000001f842bde800,
0x000001f842bdb000, 0x000001f842be1800, 0x000001f842bdc000, 0x000001f842be2800,
0x000001f842bdd000, 0x000001f842bdd800, 0x000001f842be3800, 0x000001f842be5000,
0x000001f842be4000, 0x000001f842bdf800, 0x000001f842be8800, 0x000001f842be9000,
0x000001f842be6000, 0x000001f842be6800, 0x000001f842be7800, 0x000001f842bea000,
0x000001f8445ce000, 0x000001f8445c8000, 0x000001f8445cf000, 0x000001f8445cd000,
0x000001f8445cb800, 0x000001f8445cc800, 0x000001f8445c9000, 0x000001f8445cf800,
0x000001f8445ca000, 0x000001f8445d0800, 0x000001f8445ca800, 0x000001f8445d2000,
0x000001f8445d6000, 0x000001f8445d3800, 0x000001f8445d5800, 0x000001f8445d1000,
0x000001f8445d3000, 0x000001f8445d7000, 0x000001f8445d4800, 0x000001f8444c3800,
0x000001f8444be800, 0x000001f8444bf800, 0x000001f8444c0800, 0x000001f8444c3000,
0x000001f8444c2000
}

Java Threads: ( => current thread )
  0x000001f828cae800 JavaThread "main" [_thread_blocked, id=2876, stack(0x000000c285a00000,0x000000c285b00000)]
  0x000001f841534000 JavaThread "Reference Handler" daemon [_thread_blocked, id=16092, stack(0x000000c286100000,0x000000c286200000)]
  0x000001f841546000 JavaThread "Finalizer" daemon [_thread_blocked, id=3708, stack(0x000000c286200000,0x000000c286300000)]
  0x000001f841599800 JavaThread "Signal Dispatcher" daemon [_thread_blocked, id=12236, stack(0x000000c286300000,0x000000c286400000)]
  0x000001f84159b000 JavaThread "Attach Listener" daemon [_thread_blocked, id=14828, stack(0x000000c286400000,0x000000c286500000)]
  0x000001f84159c000 JavaThread "Service Thread" daemon [_thread_blocked, id=11812, stack(0x000000c286500000,0x000000c286600000)]
=>0x000001f84159d000 JavaThread "C2 CompilerThread0" daemon [_thread_in_native, id=15084, stack(0x000000c286600000,0x000000c286700000)]
  0x000001f8415ba000 JavaThread "C1 CompilerThread0" daemon [_thread_blocked, id=15508, stack(0x000000c286700000,0x000000c286800000)]
  0x000001f8415be800 JavaThread "Sweeper thread" daemon [_thread_blocked, id=1784, stack(0x000000c286800000,0x000000c286900000)]
  0x000001f841ff9000 JavaThread "Common-Cleaner" daemon [_thread_blocked, id=13476, stack(0x000000c286900000,0x000000c286a00000)]
  0x000001f844046000 JavaThread "Daemon health stats" [_thread_blocked, id=10764, stack(0x000000c286c00000,0x000000c286d00000)]
  0x000001f844b5e800 JavaThread "Incoming local TCP Connector on port 57552" [_thread_in_native, id=15576, stack(0x000000c286d00000,0x000000c286e00000)]
  0x000001f842ee1800 JavaThread "Daemon periodic checks" [_thread_blocked, id=8120, stack(0x000000c286e00000,0x000000c286f00000)]
  0x000001f8431eb800 JavaThread "Daemon" [_thread_blocked, id=8164, stack(0x000000c286f00000,0x000000c287000000)]
  0x000001f84420e800 JavaThread "Handler for socket connection from /127.0.0.1:57552 to /127.0.0.1:57555" [_thread_in_native, id=12912, stack(0x000000c287000000,0x000000c287100000)]
  0x000001f843ebd800 JavaThread "Cancel handler" [_thread_blocked, id=12628, stack(0x000000c287100000,0x000000c287200000)]
  0x000001f844123800 JavaThread "Daemon worker" [_thread_blocked, id=15480, stack(0x000000c287200000,0x000000c287300000)]
  0x000001f844124000 JavaThread "Asynchronous log dispatcher for DefaultDaemonConnection: socket connection from /127.0.0.1:57552 to /127.0.0.1:57555" [_thread_blocked, id=10588, stack(0x000000c287300000,0x000000c287400000)]
  0x000001f8428a9000 JavaThread "Stdin handler" [_thread_blocked, id=13048, stack(0x000000c287400000,0x000000c287500000)]
  0x000001f8440c9800 JavaThread "Daemon client event forwarder" [_thread_blocked, id=7708, stack(0x000000c287500000,0x000000c287600000)]
  0x000001f8440ca800 JavaThread "Cache worker for journal cache (C:\Users\casey\.gradle\caches\journal-1)" [_thread_blocked, id=13932, stack(0x000000c287800000,0x000000c287900000)]
  0x000001f8440c5800 JavaThread "File lock request listener" [_thread_in_native, id=13188, stack(0x000000c287900000,0x000000c287a00000)]
  0x000001f8440cc000 JavaThread "Cache worker for file hash cache (C:\Users\casey\.gradle\caches\7.4\fileHashes)" [_thread_blocked, id=13412, stack(0x000000c287a00000,0x000000c287b00000)]
  0x000001f8440c8000 JavaThread "File watcher server" daemon [_thread_in_native, id=15452, stack(0x000000c287b00000,0x000000c287c00000)]
  0x000001f8440c7800 JavaThread "File watcher consumer" daemon [_thread_blocked, id=9048, stack(0x000000c287c00000,0x000000c287d00000)]
  0x000001f8440c9000 JavaThread "Cache worker for checksums cache (C:\Users\casey\Downloads\cmpets\android\.gradle\7.4\checksums)" [_thread_blocked, id=12948, stack(0x000000c287d00000,0x000000c287e00000)]
  0x000001f8440c6800 JavaThread "Cache worker for cache directory md-rule (C:\Users\casey\.gradle\caches\7.4\md-rule)" [_thread_blocked, id=8140, stack(0x000000c287e00000,0x000000c287f00000)]
  0x000001f8440cb800 JavaThread "Cache worker for file hash cache (C:\Users\casey\Downloads\cmpets\android\.gradle\7.4\fileHashes)" [_thread_blocked, id=13860, stack(0x000000c287f00000,0x000000c288000000)]
  0x000001f8424b1800 JavaThread "Cache worker for cache directory md-supplier (C:\Users\casey\.gradle\caches\7.4\md-supplier)" [_thread_blocked, id=8556, stack(0x000000c288000000,0x000000c288100000)]
  0x000001f8424b0800 JavaThread "Cache worker for execution history cache (C:\Users\casey\.gradle\caches\7.4\executionHistory)" [_thread_blocked, id=13744, stack(0x000000c288100000,0x000000c288200000)]
  0x000001f8424b4000 JavaThread "jar transforms" [_thread_blocked, id=14268, stack(0x000000c288200000,0x000000c288300000)]
  0x000001f8424b5800 JavaThread "jar transforms Thread 2" [_thread_blocked, id=13204, stack(0x000000c288300000,0x000000c288400000)]
  0x000001f8424b2000 JavaThread "Cache worker for file content cache (C:\Users\casey\.gradle\caches\7.4\fileContent)" [_thread_blocked, id=5564, stack(0x000000c288400000,0x000000c288500000)]
  0x000001f8424b6800 JavaThread "jar transforms Thread 3" [_thread_blocked, id=14988, stack(0x000000c288600000,0x000000c288700000)]
  0x000001f8424b8800 JavaThread "jar transforms Thread 4" [_thread_blocked, id=14916, stack(0x000000c288700000,0x000000c288800000)]
  0x000001f8424b8000 JavaThread "Cache worker for dependencies-accessors (C:\Users\casey\Downloads\cmpets\android\.gradle\7.4\dependencies-accessors)" [_thread_blocked, id=12812, stack(0x000000c288800000,0x000000c288900000)]
  0x000001f8424b7000 JavaThread "Cache worker for Build Output Cleanup Cache (C:\Users\casey\Downloads\cmpets\android\.gradle\buildOutputCleanup)" [_thread_blocked, id=1192, stack(0x000000c288500000,0x000000c288600000)]
  0x000001f8424b3000 JavaThread "Unconstrained build operations" [_thread_blocked, id=14368, stack(0x000000c288a00000,0x000000c288b00000)]
  0x000001f8424ba800 JavaThread "Unconstrained build operations Thread 2" [_thread_blocked, id=3884, stack(0x000000c288b00000,0x000000c288c00000)]
  0x000001f8424bb000 JavaThread "Unconstrained build operations Thread 3" [_thread_blocked, id=7744, stack(0x000000c288c00000,0x000000c288d00000)]
  0x000001f8424bc000 JavaThread "Unconstrained build operations Thread 4" [_thread_blocked, id=14396, stack(0x000000c288d00000,0x000000c288e00000)]
  0x000001f8424bd800 JavaThread "Unconstrained build operations Thread 5" [_thread_blocked, id=2848, stack(0x000000c288e00000,0x000000c288f00000)]
  0x000001f8424bd000 JavaThread "Unconstrained build operations Thread 6" [_thread_blocked, id=15108, stack(0x000000c288f00000,0x000000c289000000)]
  0x000001f8424be800 JavaThread "Unconstrained build operations Thread 7" [_thread_blocked, id=15672, stack(0x000000c289000000,0x000000c289100000)]
  0x000001f8424b9800 JavaThread "Unconstrained build operations Thread 8" [_thread_blocked, id=10792, stack(0x000000c289100000,0x000000c289200000)]
  0x000001f842be1000 JavaThread "Unconstrained build operations Thread 9" [_thread_blocked, id=13224, stack(0x000000c289200000,0x000000c289300000)]
  0x000001f842be0000 JavaThread "Unconstrained build operations Thread 10" [_thread_blocked, id=9732, stack(0x000000c289300000,0x000000c289400000)]
  0x000001f842bde800 JavaThread "Unconstrained build operations Thread 11" [_thread_blocked, id=14296, stack(0x000000c289400000,0x000000c289500000)]
  0x000001f842bdb000 JavaThread "Unconstrained build operations Thread 12" [_thread_blocked, id=8320, stack(0x000000c289500000,0x000000c289600000)]
  0x000001f842be1800 JavaThread "Unconstrained build operations Thread 13" [_thread_blocked, id=3824, stack(0x000000c289600000,0x000000c289700000)]
  0x000001f842bdc000 JavaThread "Unconstrained build operations Thread 14" [_thread_blocked, id=5656, stack(0x000000c289700000,0x000000c289800000)]
  0x000001f842be2800 JavaThread "Unconstrained build operations Thread 15" [_thread_blocked, id=15116, stack(0x000000c289800000,0x000000c289900000)]
  0x000001f842bdd000 JavaThread "Unconstrained build operations Thread 16" [_thread_blocked, id=9240, stack(0x000000c289900000,0x000000c289a00000)]
  0x000001f842bdd800 JavaThread "Unconstrained build operations Thread 17" [_thread_blocked, id=8532, stack(0x000000c289a00000,0x000000c289b00000)]
  0x000001f842be3800 JavaThread "Unconstrained build operations Thread 18" [_thread_blocked, id=12660, stack(0x000000c289b00000,0x000000c289c00000)]
  0x000001f842be5000 JavaThread "Unconstrained build operations Thread 19" [_thread_blocked, id=12668, stack(0x000000c289c00000,0x000000c289d00000)]
  0x000001f842be4000 JavaThread "Unconstrained build operations Thread 20" [_thread_blocked, id=12900, stack(0x000000c289d00000,0x000000c289e00000)]
  0x000001f842bdf800 JavaThread "Unconstrained build operations Thread 21" [_thread_blocked, id=4528, stack(0x000000c289e00000,0x000000c289f00000)]
  0x000001f842be8800 JavaThread "Unconstrained build operations Thread 22" [_thread_blocked, id=12864, stack(0x000000c289f00000,0x000000c28a000000)]
  0x000001f842be9000 JavaThread "Unconstrained build operations Thread 23" [_thread_blocked, id=11304, stack(0x000000c28a000000,0x000000c28a100000)]
  0x000001f842be6000 JavaThread "Unconstrained build operations Thread 24" [_thread_blocked, id=10604, stack(0x000000c28a100000,0x000000c28a200000)]
  0x000001f842be6800 JavaThread "Unconstrained build operations Thread 25" [_thread_blocked, id=10004, stack(0x000000c28a200000,0x000000c28a300000)]
  0x000001f842be7800 JavaThread "Unconstrained build operations Thread 26" [_thread_blocked, id=14888, stack(0x000000c28a300000,0x000000c28a400000)]
  0x000001f842bea000 JavaThread "Unconstrained build operations Thread 27" [_thread_blocked, id=7200, stack(0x000000c28a400000,0x000000c28a500000)]
  0x000001f8445ce000 JavaThread "Unconstrained build operations Thread 28" [_thread_blocked, id=12884, stack(0x000000c28a500000,0x000000c28a600000)]
  0x000001f8445c8000 JavaThread "Unconstrained build operations Thread 29" [_thread_blocked, id=15600, stack(0x000000c28a600000,0x000000c28a700000)]
  0x000001f8445cf000 JavaThread "Unconstrained build operations Thread 30" [_thread_blocked, id=7644, stack(0x000000c28a700000,0x000000c28a800000)]
  0x000001f8445cd000 JavaThread "Unconstrained build operations Thread 31" [_thread_blocked, id=5328, stack(0x000000c28a800000,0x000000c28a900000)]
  0x000001f8445cb800 JavaThread "Unconstrained build operations Thread 32" [_thread_blocked, id=5716, stack(0x000000c28a900000,0x000000c28aa00000)]
  0x000001f8445cc800 JavaThread "Unconstrained build operations Thread 33" [_thread_blocked, id=13164, stack(0x000000c28aa00000,0x000000c28ab00000)]
  0x000001f8445c9000 JavaThread "Unconstrained build operations Thread 34" [_thread_blocked, id=7404, stack(0x000000c28ab00000,0x000000c28ac00000)]
  0x000001f8445cf800 JavaThread "Unconstrained build operations Thread 35" [_thread_blocked, id=14252, stack(0x000000c28ac00000,0x000000c28ad00000)]
  0x000001f8445ca000 JavaThread "Unconstrained build operations Thread 36" [_thread_blocked, id=7324, stack(0x000000c28ad00000,0x000000c28ae00000)]
  0x000001f8445d0800 JavaThread "Unconstrained build operations Thread 37" [_thread_blocked, id=14984, stack(0x000000c28ae00000,0x000000c28af00000)]
  0x000001f8445ca800 JavaThread "Unconstrained build operations Thread 38" [_thread_blocked, id=9828, stack(0x000000c28af00000,0x000000c28b000000)]
  0x000001f8445d2000 JavaThread "Unconstrained build operations Thread 39" [_thread_blocked, id=5828, stack(0x000000c28b000000,0x000000c28b100000)]
  0x000001f8445d6000 JavaThread "Unconstrained build operations Thread 40" [_thread_blocked, id=5928, stack(0x000000c28b100000,0x000000c28b200000)]
  0x000001f8445d3800 JavaThread "Memory manager" [_thread_blocked, id=13376, stack(0x000000c288900000,0x000000c288a00000)]
  0x000001f8445d5800 JavaThread "Cache worker for kotlin-dsl (C:\Users\casey\.gradle\caches\7.4\kotlin-dsl)" [_thread_blocked, id=10736, stack(0x000000c285800000,0x000000c285900000)]
  0x000001f8445d1000 JavaThread "pool-3-thread-1" [_thread_blocked, id=12768, stack(0x000000c28b400000,0x000000c28b500000)]
  0x000001f8445d3000 JavaThread "build event listener" [_thread_blocked, id=9248, stack(0x000000c28b500000,0x000000c28b600000)]
  0x000001f8445d7000 JavaThread "included builds" [_thread_blocked, id=2196, stack(0x000000c28b600000,0x000000c28b700000)]
  0x000001f8445d4800 JavaThread "Execution worker for ':'" [_thread_blocked, id=4884, stack(0x000000c28b700000,0x000000c28b800000)]
  0x000001f8444c3800 JavaThread "Execution worker for ':' Thread 2" [_thread_blocked, id=5956, stack(0x000000c28b800000,0x000000c28b900000)]
  0x000001f8444be800 JavaThread "Execution worker for ':' Thread 3" [_thread_blocked, id=10404, stack(0x000000c28b900000,0x000000c28ba00000)]
  0x000001f8444bf800 JavaThread "Cache worker for execution history cache (C:\Users\casey\Downloads\cmpets\android\.gradle\7.4\executionHistory)" [_thread_blocked, id=1804, stack(0x000000c28ba00000,0x000000c28bb00000)]
  0x000001f8444c0800 JavaThread "Exec process" [_thread_in_native, id=3136, stack(0x000000c285700000,0x000000c285800000)]
  0x000001f8444c3000 JavaThread "Exec process Thread 2" [_thread_in_Java, id=12508, stack(0x000000c285900000,0x000000c285a00000)]
  0x000001f8444c2000 JavaThread "Exec process Thread 3" [_thread_in_native, id=13500, stack(0x000000c28bb00000,0x000000c28bc00000)]

Other Threads:
  0x000001f84150e800 VMThread "VM Thread" [stack: 0x000000c286000000,0x000000c286100000] [id=13424]
  0x000001f842063000 WatcherThread [stack: 0x000000c286a00000,0x000000c286b00000] [id=11920]
  0x000001f828cc7800 GCTaskThread "GC Thread#0" [stack: 0x000000c285b00000,0x000000c285c00000] [id=13692]
  0x000001f8422fa800 GCTaskThread "GC Thread#1" [stack: 0x000000c286b00000,0x000000c286c00000] [id=11944]
  0x000001f842361000 GCTaskThread "GC Thread#2" [stack: 0x000000c287600000,0x000000c287700000] [id=14780]
  0x000001f84235d800 GCTaskThread "GC Thread#3" [stack: 0x000000c287700000,0x000000c287800000] [id=15712]
  0x000001f828ced800 ConcurrentGCThread "G1 Main Marker" [stack: 0x000000c285c00000,0x000000c285d00000] [id=11164]
  0x000001f828cee800 ConcurrentGCThread "G1 Conc#0" [stack: 0x000000c285d00000,0x000000c285e00000] [id=15824]
  0x000001f828d37000 ConcurrentGCThread "G1 Refine#0" [stack: 0x000000c285e00000,0x000000c285f00000] [id=16228]
  0x000001f828d38000 ConcurrentGCThread "G1 Young RemSet Sampling" [stack: 0x000000c285f00000,0x000000c286000000] [id=6992]

Threads with active compile tasks:
C2 CompilerThread0 106664 15862       4       java.lang.reflect.Method::invoke (65 bytes)

VM state:not at safepoint (normal execution)

VM Mutex/Monitor currently owned by a thread: None

Heap address: 0x00000000a0000000, size: 1536 MB, Compressed Oops mode: 32-bit
Narrow klass base: 0x0000000000000000, Narrow klass shift: 3
Compressed class space size: 1073741824 Address: 0x0000000100000000

Heap:
 garbage-first heap   total 262144K, used 192665K [0x00000000a0000000, 0x0000000100000000)
  region size 1024K, 13 young (13312K), 3 survivors (3072K)
 Metaspace       used 100858K, capacity 105383K, committed 105676K, reserved 1140736K
  class space    used 13052K, capacity 14470K, committed 14540K, reserved 1048576K
Heap Regions: E=young(eden), S=young(survivor), O=old, HS=humongous(starts), HC=humongous(continues), CS=collection set, F=free, A=archive, TAMS=top-at-mark-start (previous, next)
|   0|0x00000000a0000000, 0x00000000a0100000, 0x00000000a0100000|100%|HS|  |TAMS 0x00000000a0100000, 0x00000000a0000000| Complete 
|   1|0x00000000a0100000, 0x00000000a0200000, 0x00000000a0200000|100%|HC|  |TAMS 0x00000000a0200000, 0x00000000a0100000| Complete 
|   2|0x00000000a0200000, 0x00000000a0300000, 0x00000000a0300000|100%|HC|  |TAMS 0x00000000a0300000, 0x00000000a0200000| Complete 
|   3|0x00000000a0300000, 0x00000000a0400000, 0x00000000a0400000|100%| O|  |TAMS 0x00000000a0400000, 0x00000000a0300000| Untracked 
|   4|0x00000000a0400000, 0x00000000a0500000, 0x00000000a0500000|100%| O|  |TAMS 0x00000000a0500000, 0x00000000a0400000| Untracked 
|   5|0x00000000a0500000, 0x00000000a0600000, 0x00000000a0600000|100%| O|  |TAMS 0x00000000a0600000, 0x00000000a0500000| Untracked 
|   6|0x00000000a0600000, 0x00000000a0700000, 0x00000000a0700000|100%| O|  |TAMS 0x00000000a0700000, 0x00000000a0600000| Untracked 
|   7|0x00000000a0700000, 0x00000000a0800000, 0x00000000a0800000|100%| O|  |TAMS 0x00000000a0800000, 0x00000000a0700000| Untracked 
|   8|0x00000000a0800000, 0x00000000a0900000, 0x00000000a0900000|100%| O|  |TAMS 0x00000000a0900000, 0x00000000a0800000| Untracked 
|   9|0x00000000a0900000, 0x00000000a0a00000, 0x00000000a0a00000|100%| O|  |TAMS 0x00000000a0a00000, 0x00000000a0900000| Untracked 
|  10|0x00000000a0a00000, 0x00000000a0b00000, 0x00000000a0b00000|100%| O|  |TAMS 0x00000000a0b00000, 0x00000000a0a00000| Untracked 
|  11|0x00000000a0b00000, 0x00000000a0c00000, 0x00000000a0c00000|100%| O|  |TAMS 0x00000000a0c00000, 0x00000000a0b00000| Untracked 
|  12|0x00000000a0c00000, 0x00000000a0d00000, 0x00000000a0d00000|100%| O|  |TAMS 0x00000000a0d00000, 0x00000000a0c00000| Untracked 
|  13|0x00000000a0d00000, 0x00000000a0e00000, 0x00000000a0e00000|100%| O|  |TAMS 0x00000000a0e00000, 0x00000000a0d00000| Untracked 
|  14|0x00000000a0e00000, 0x00000000a0f00000, 0x00000000a0f00000|100%| O|  |TAMS 0x00000000a0f00000, 0x00000000a0e00000| Untracked 
|  15|0x00000000a0f00000, 0x00000000a1000000, 0x00000000a1000000|100%| O|  |TAMS 0x00000000a1000000, 0x00000000a0f00000| Untracked 
|  16|0x00000000a1000000, 0x00000000a1100000, 0x00000000a1100000|100%| O|  |TAMS 0x00000000a1100000, 0x00000000a1000000| Untracked 
|  17|0x00000000a1100000, 0x00000000a1200000, 0x00000000a1200000|100%| O|  |TAMS 0x00000000a1200000, 0x00000000a1100000| Untracked 
|  18|0x00000000a1200000, 0x00000000a1300000, 0x00000000a1300000|100%| O|  |TAMS 0x00000000a1300000, 0x00000000a1200000| Untracked 
|  19|0x00000000a1300000, 0x00000000a1400000, 0x00000000a1400000|100%| O|  |TAMS 0x00000000a1400000, 0x00000000a1300000| Untracked 
|  20|0x00000000a1400000, 0x00000000a1500000, 0x00000000a1500000|100%| O|  |TAMS 0x00000000a1500000, 0x00000000a1400000| Untracked 
|  21|0x00000000a1500000, 0x00000000a1600000, 0x00000000a1600000|100%| O|  |TAMS 0x00000000a1600000, 0x00000000a1500000| Untracked 
|  22|0x00000000a1600000, 0x00000000a1700000, 0x00000000a1700000|100%| O|  |TAMS 0x00000000a1700000, 0x00000000a1600000| Untracked 
|  23|0x00000000a1700000, 0x00000000a1800000, 0x00000000a1800000|100%| O|  |TAMS 0x00000000a1800000, 0x00000000a1700000| Untracked 
|  24|0x00000000a1800000, 0x00000000a1900000, 0x00000000a1900000|100%| O|  |TAMS 0x00000000a1900000, 0x00000000a1800000| Untracked 
|  25|0x00000000a1900000, 0x00000000a1a00000, 0x00000000a1a00000|100%| O|  |TAMS 0x00000000a1a00000, 0x00000000a1900000| Untracked 
|  26|0x00000000a1a00000, 0x00000000a1b00000, 0x00000000a1b00000|100%| O|  |TAMS 0x00000000a1b00000, 0x00000000a1a00000| Untracked 
|  27|0x00000000a1b00000, 0x00000000a1c00000, 0x00000000a1c00000|100%| O|  |TAMS 0x00000000a1c00000, 0x00000000a1b00000| Untracked 
|  28|0x00000000a1c00000, 0x00000000a1d00000, 0x00000000a1d00000|100%| O|  |TAMS 0x00000000a1d00000, 0x00000000a1c00000| Untracked 
|  29|0x00000000a1d00000, 0x00000000a1e00000, 0x00000000a1e00000|100%| O|  |TAMS 0x00000000a1e00000, 0x00000000a1d00000| Untracked 
|  30|0x00000000a1e00000, 0x00000000a1f00000, 0x00000000a1f00000|100%| O|  |TAMS 0x00000000a1f00000, 0x00000000a1e00000| Untracked 
|  31|0x00000000a1f00000, 0x00000000a2000000, 0x00000000a2000000|100%| O|  |TAMS 0x00000000a2000000, 0x00000000a1f00000| Untracked 
|  32|0x00000000a2000000, 0x00000000a2100000, 0x00000000a2100000|100%| O|  |TAMS 0x00000000a2100000, 0x00000000a2000000| Untracked 
|  33|0x00000000a2100000, 0x00000000a2200000, 0x00000000a2200000|100%| O|  |TAMS 0x00000000a2200000, 0x00000000a2100000| Untracked 
|  34|0x00000000a2200000, 0x00000000a2300000, 0x00000000a2300000|100%| O|  |TAMS 0x00000000a2300000, 0x00000000a2200000| Untracked 
|  35|0x00000000a2300000, 0x00000000a2400000, 0x00000000a2400000|100%|HS|  |TAMS 0x00000000a2400000, 0x00000000a2300000| Complete 
|  36|0x00000000a2400000, 0x00000000a2500000, 0x00000000a2500000|100%|HS|  |TAMS 0x00000000a2500000, 0x00000000a2400000| Complete 
|  37|0x00000000a2500000, 0x00000000a2600000, 0x00000000a2600000|100%|HS|  |TAMS 0x00000000a2600000, 0x00000000a2500000| Complete 
|  38|0x00000000a2600000, 0x00000000a2700000, 0x00000000a2700000|100%|HS|  |TAMS 0x00000000a2700000, 0x00000000a2600000| Complete 
|  39|0x00000000a2700000, 0x00000000a2800000, 0x00000000a2800000|100%| O|  |TAMS 0x00000000a2800000, 0x00000000a2700000| Untracked 
|  40|0x00000000a2800000, 0x00000000a2900000, 0x00000000a2900000|100%| O|  |TAMS 0x00000000a2900000, 0x00000000a2800000| Untracked 
|  41|0x00000000a2900000, 0x00000000a2a00000, 0x00000000a2a00000|100%|HS|  |TAMS 0x00000000a2a00000, 0x00000000a2900000| Complete 
|  42|0x00000000a2a00000, 0x00000000a2b00000, 0x00000000a2b00000|100%|HC|  |TAMS 0x00000000a2b00000, 0x00000000a2a00000| Complete 
|  43|0x00000000a2b00000, 0x00000000a2c00000, 0x00000000a2c00000|100%|HC|  |TAMS 0x00000000a2c00000, 0x00000000a2b00000| Complete 
|  44|0x00000000a2c00000, 0x00000000a2d00000, 0x00000000a2d00000|100%|HC|  |TAMS 0x00000000a2d00000, 0x00000000a2c00000| Complete 
|  45|0x00000000a2d00000, 0x00000000a2e00000, 0x00000000a2e00000|100%|HS|  |TAMS 0x00000000a2e00000, 0x00000000a2d00000| Complete 
|  46|0x00000000a2e00000, 0x00000000a2f00000, 0x00000000a2f00000|100%|HC|  |TAMS 0x00000000a2f00000, 0x00000000a2e00000| Complete 
|  47|0x00000000a2f00000, 0x00000000a3000000, 0x00000000a3000000|100%| O|  |TAMS 0x00000000a3000000, 0x00000000a2f00000| Untracked 
|  48|0x00000000a3000000, 0x00000000a3100000, 0x00000000a3100000|100%| O|  |TAMS 0x00000000a3100000, 0x00000000a3000000| Untracked 
|  49|0x00000000a3100000, 0x00000000a3200000, 0x00000000a3200000|100%| O|  |TAMS 0x00000000a3200000, 0x00000000a3100000| Untracked 
|  50|0x00000000a3200000, 0x00000000a3300000, 0x00000000a3300000|100%| O|  |TAMS 0x00000000a3300000, 0x00000000a3200000| Untracked 
|  51|0x00000000a3300000, 0x00000000a3400000, 0x00000000a3400000|100%| O|  |TAMS 0x00000000a3400000, 0x00000000a3300000| Untracked 
|  52|0x00000000a3400000, 0x00000000a3500000, 0x00000000a3500000|100%| O|  |TAMS 0x00000000a3500000, 0x00000000a3400000| Untracked 
|  53|0x00000000a3500000, 0x00000000a3600000, 0x00000000a3600000|100%| O|  |TAMS 0x00000000a3600000, 0x00000000a3500000| Untracked 
|  54|0x00000000a3600000, 0x00000000a3700000, 0x00000000a3700000|100%| O|  |TAMS 0x00000000a3700000, 0x00000000a3600000| Untracked 
|  55|0x00000000a3700000, 0x00000000a3800000, 0x00000000a3800000|100%| O|  |TAMS 0x00000000a3800000, 0x00000000a3700000| Untracked 
|  56|0x00000000a3800000, 0x00000000a3900000, 0x00000000a3900000|100%| O|  |TAMS 0x00000000a3900000, 0x00000000a3800000| Untracked 
|  57|0x00000000a3900000, 0x00000000a3a00000, 0x00000000a3a00000|100%| O|  |TAMS 0x00000000a3a00000, 0x00000000a3900000| Untracked 
|  58|0x00000000a3a00000, 0x00000000a3b00000, 0x00000000a3b00000|100%| O|  |TAMS 0x00000000a3b00000, 0x00000000a3a00000| Untracked 
|  59|0x00000000a3b00000, 0x00000000a3c00000, 0x00000000a3c00000|100%| O|  |TAMS 0x00000000a3c00000, 0x00000000a3b00000| Untracked 
|  60|0x00000000a3c00000, 0x00000000a3d00000, 0x00000000a3d00000|100%| O|  |TAMS 0x00000000a3d00000, 0x00000000a3c00000| Untracked 
|  61|0x00000000a3d00000, 0x00000000a3e00000, 0x00000000a3e00000|100%|HS|  |TAMS 0x00000000a3e00000, 0x00000000a3d00000| Complete 
|  62|0x00000000a3e00000, 0x00000000a3f00000, 0x00000000a3f00000|100%|HS|  |TAMS 0x00000000a3f00000, 0x00000000a3e00000| Complete 
|  63|0x00000000a3f00000, 0x00000000a4000000, 0x00000000a4000000|100%| O|  |TAMS 0x00000000a4000000, 0x00000000a3f00000| Untracked 
|  64|0x00000000a4000000, 0x00000000a4100000, 0x00000000a4100000|100%| O|  |TAMS 0x00000000a4100000, 0x00000000a4000000| Untracked 
|  65|0x00000000a4100000, 0x00000000a4200000, 0x00000000a4200000|100%| O|  |TAMS 0x00000000a4200000, 0x00000000a4100000| Untracked 
|  66|0x00000000a4200000, 0x00000000a4300000, 0x00000000a4300000|100%| O|  |TAMS 0x00000000a4300000, 0x00000000a4200000| Untracked 
|  67|0x00000000a4300000, 0x00000000a4400000, 0x00000000a4400000|100%| O|  |TAMS 0x00000000a4400000, 0x00000000a4300000| Untracked 
|  68|0x00000000a4400000, 0x00000000a4500000, 0x00000000a4500000|100%| O|  |TAMS 0x00000000a4500000, 0x00000000a4400000| Untracked 
|  69|0x00000000a4500000, 0x00000000a4600000, 0x00000000a4600000|100%| O|  |TAMS 0x00000000a4600000, 0x00000000a4500000| Untracked 
|  70|0x00000000a4600000, 0x00000000a4700000, 0x00000000a4700000|100%| O|  |TAMS 0x00000000a4700000, 0x00000000a4600000| Untracked 
|  71|0x00000000a4700000, 0x00000000a4800000, 0x00000000a4800000|100%| O|  |TAMS 0x00000000a4800000, 0x00000000a4700000| Untracked 
|  72|0x00000000a4800000, 0x00000000a4900000, 0x00000000a4900000|100%| O|  |TAMS 0x00000000a4900000, 0x00000000a4800000| Untracked 
|  73|0x00000000a4900000, 0x00000000a4a00000, 0x00000000a4a00000|100%| O|  |TAMS 0x00000000a4a00000, 0x00000000a4900000| Untracked 
|  74|0x00000000a4a00000, 0x00000000a4b00000, 0x00000000a4b00000|100%| O|  |TAMS 0x00000000a4b00000, 0x00000000a4a00000| Untracked 
|  75|0x00000000a4b00000, 0x00000000a4c00000, 0x00000000a4c00000|100%| O|  |TAMS 0x00000000a4c00000, 0x00000000a4b00000| Untracked 
|  76|0x00000000a4c00000, 0x00000000a4d00000, 0x00000000a4d00000|100%| O|  |TAMS 0x00000000a4d00000, 0x00000000a4c00000| Untracked 
|  77|0x00000000a4d00000, 0x00000000a4e00000, 0x00000000a4e00000|100%| O|  |TAMS 0x00000000a4e00000, 0x00000000a4d00000| Untracked 
|  78|0x00000000a4e00000, 0x00000000a4f00000, 0x00000000a4f00000|100%| O|  |TAMS 0x00000000a4f00000, 0x00000000a4e00000| Untracked 
|  79|0x00000000a4f00000, 0x00000000a5000000, 0x00000000a5000000|100%| O|  |TAMS 0x00000000a5000000, 0x00000000a4f00000| Untracked 
|  80|0x00000000a5000000, 0x00000000a5100000, 0x00000000a5100000|100%| O|  |TAMS 0x00000000a5100000, 0x00000000a5000000| Untracked 
|  81|0x00000000a5100000, 0x00000000a5200000, 0x00000000a5200000|100%| O|  |TAMS 0x00000000a5200000, 0x00000000a5100000| Untracked 
|  82|0x00000000a5200000, 0x00000000a5300000, 0x00000000a5300000|100%| O|  |TAMS 0x00000000a5300000, 0x00000000a5200000| Untracked 
|  83|0x00000000a5300000, 0x00000000a5400000, 0x00000000a5400000|100%| O|  |TAMS 0x00000000a5400000, 0x00000000a5300000| Untracked 
|  84|0x00000000a5400000, 0x00000000a5500000, 0x00000000a5500000|100%|HS|  |TAMS 0x00000000a5500000, 0x00000000a5400000| Complete 
|  85|0x00000000a5500000, 0x00000000a5600000, 0x00000000a5600000|100%|HS|  |TAMS 0x00000000a5600000, 0x00000000a5500000| Complete 
|  86|0x00000000a5600000, 0x00000000a5700000, 0x00000000a5700000|100%| O|  |TAMS 0x00000000a5700000, 0x00000000a5600000| Untracked 
|  87|0x00000000a5700000, 0x00000000a5800000, 0x00000000a5800000|100%| O|  |TAMS 0x00000000a5800000, 0x00000000a5700000| Untracked 
|  88|0x00000000a5800000, 0x00000000a5900000, 0x00000000a5900000|100%| O|  |TAMS 0x00000000a5900000, 0x00000000a5800000| Untracked 
|  89|0x00000000a5900000, 0x00000000a5a00000, 0x00000000a5a00000|100%| O|  |TAMS 0x00000000a5a00000, 0x00000000a5900000| Untracked 
|  90|0x00000000a5a00000, 0x00000000a5b00000, 0x00000000a5b00000|100%| O|  |TAMS 0x00000000a5b00000, 0x00000000a5a00000| Untracked 
|  91|0x00000000a5b00000, 0x00000000a5c00000, 0x00000000a5c00000|100%| O|  |TAMS 0x00000000a5c00000, 0x00000000a5b00000| Untracked 
|  92|0x00000000a5c00000, 0x00000000a5d00000, 0x00000000a5d00000|100%| O|  |TAMS 0x00000000a5d00000, 0x00000000a5c00000| Untracked 
|  93|0x00000000a5d00000, 0x00000000a5e00000, 0x00000000a5e00000|100%| O|  |TAMS 0x00000000a5e00000, 0x00000000a5d00000| Untracked 
|  94|0x00000000a5e00000, 0x00000000a5f00000, 0x00000000a5f00000|100%| O|  |TAMS 0x00000000a5f00000, 0x00000000a5e00000| Untracked 
|  95|0x00000000a5f00000, 0x00000000a6000000, 0x00000000a6000000|100%| O|  |TAMS 0x00000000a6000000, 0x00000000a5f00000| Untracked 
|  96|0x00000000a6000000, 0x00000000a6100000, 0x00000000a6100000|100%|HS|  |TAMS 0x00000000a6100000, 0x00000000a6000000| Complete 
|  97|0x00000000a6100000, 0x00000000a6200000, 0x00000000a6200000|100%|HC|  |TAMS 0x00000000a6200000, 0x00000000a6100000| Complete 
|  98|0x00000000a6200000, 0x00000000a6300000, 0x00000000a6300000|100%| O|  |TAMS 0x00000000a6300000, 0x00000000a6200000| Untracked 
|  99|0x00000000a6300000, 0x00000000a6400000, 0x00000000a6400000|100%| O|  |TAMS 0x00000000a6400000, 0x00000000a6300000| Untracked 
| 100|0x00000000a6400000, 0x00000000a6500000, 0x00000000a6500000|100%| O|  |TAMS 0x00000000a6500000, 0x00000000a6400000| Untracked 
| 101|0x00000000a6500000, 0x00000000a6600000, 0x00000000a6600000|100%| O|  |TAMS 0x00000000a6600000, 0x00000000a6500000| Untracked 
| 102|0x00000000a6600000, 0x00000000a6700000, 0x00000000a6700000|100%| O|  |TAMS 0x00000000a6700000, 0x00000000a6600000| Untracked 
| 103|0x00000000a6700000, 0x00000000a6800000, 0x00000000a6800000|100%| O|  |TAMS 0x00000000a6800000, 0x00000000a6700000| Untracked 
| 104|0x00000000a6800000, 0x00000000a6900000, 0x00000000a6900000|100%| O|  |TAMS 0x00000000a6900000, 0x00000000a6800000| Untracked 
| 105|0x00000000a6900000, 0x00000000a6a00000, 0x00000000a6a00000|100%| O|  |TAMS 0x00000000a6a00000, 0x00000000a6900000| Untracked 
| 106|0x00000000a6a00000, 0x00000000a6b00000, 0x00000000a6b00000|100%| O|  |TAMS 0x00000000a6b00000, 0x00000000a6a00000| Untracked 
| 107|0x00000000a6b00000, 0x00000000a6c00000, 0x00000000a6c00000|100%| O|  |TAMS 0x00000000a6c00000, 0x00000000a6b00000| Untracked 
| 108|0x00000000a6c00000, 0x00000000a6d00000, 0x00000000a6d00000|100%| O|  |TAMS 0x00000000a6d00000, 0x00000000a6c00000| Untracked 
| 109|0x00000000a6d00000, 0x00000000a6e00000, 0x00000000a6e00000|100%| O|  |TAMS 0x00000000a6e00000, 0x00000000a6d00000| Untracked 
| 110|0x00000000a6e00000, 0x00000000a6f00000, 0x00000000a6f00000|100%|HS|  |TAMS 0x00000000a6f00000, 0x00000000a6e00000| Complete 
| 111|0x00000000a6f00000, 0x00000000a7000000, 0x00000000a7000000|100%|HS|  |TAMS 0x00000000a7000000, 0x00000000a6f00000| Complete 
| 112|0x00000000a7000000, 0x00000000a7100000, 0x00000000a7100000|100%| O|  |TAMS 0x00000000a7100000, 0x00000000a7000000| Untracked 
| 113|0x00000000a7100000, 0x00000000a7200000, 0x00000000a7200000|100%| O|  |TAMS 0x00000000a7200000, 0x00000000a7100000| Untracked 
| 114|0x00000000a7200000, 0x00000000a7300000, 0x00000000a7300000|100%| O|  |TAMS 0x00000000a7300000, 0x00000000a7200000| Untracked 
| 115|0x00000000a7300000, 0x00000000a7400000, 0x00000000a7400000|100%| O|  |TAMS 0x00000000a7400000, 0x00000000a7300000| Untracked 
| 116|0x00000000a7400000, 0x00000000a7500000, 0x00000000a7500000|100%| O|  |TAMS 0x00000000a7500000, 0x00000000a7400000| Untracked 
| 117|0x00000000a7500000, 0x00000000a7600000, 0x00000000a7600000|100%| O|  |TAMS 0x00000000a7600000, 0x00000000a7500000| Untracked 
| 118|0x00000000a7600000, 0x00000000a7700000, 0x00000000a7700000|100%| O|  |TAMS 0x00000000a7700000, 0x00000000a7600000| Untracked 
| 119|0x00000000a7700000, 0x00000000a7800000, 0x00000000a7800000|100%| O|  |TAMS 0x00000000a7800000, 0x00000000a7700000| Untracked 
| 120|0x00000000a7800000, 0x00000000a7900000, 0x00000000a7900000|100%| O|  |TAMS 0x00000000a7900000, 0x00000000a7800000| Untracked 
| 121|0x00000000a7900000, 0x00000000a7a00000, 0x00000000a7a00000|100%| O|  |TAMS 0x00000000a7a00000, 0x00000000a7900000| Untracked 
| 122|0x00000000a7a00000, 0x00000000a7b00000, 0x00000000a7b00000|100%| O|  |TAMS 0x00000000a7b00000, 0x00000000a7a00000| Untracked 
| 123|0x00000000a7b00000, 0x00000000a7c00000, 0x00000000a7c00000|100%| O|  |TAMS 0x00000000a7c00000, 0x00000000a7b00000| Untracked 
| 124|0x00000000a7c00000, 0x00000000a7d00000, 0x00000000a7d00000|100%| O|  |TAMS 0x00000000a7d00000, 0x00000000a7c00000| Untracked 
| 125|0x00000000a7d00000, 0x00000000a7e00000, 0x00000000a7e00000|100%| O|  |TAMS 0x00000000a7e00000, 0x00000000a7d00000| Untracked 
| 126|0x00000000a7e00000, 0x00000000a7f00000, 0x00000000a7f00000|100%| O|  |TAMS 0x00000000a7f00000, 0x00000000a7e00000| Untracked 
| 127|0x00000000a7f00000, 0x00000000a8000000, 0x00000000a8000000|100%| O|  |TAMS 0x00000000a8000000, 0x00000000a7f00000| Untracked 
| 128|0x00000000a8000000, 0x00000000a8100000, 0x00000000a8100000|100%| O|  |TAMS 0x00000000a8100000, 0x00000000a8000000| Untracked 
| 129|0x00000000a8100000, 0x00000000a8200000, 0x00000000a8200000|100%| O|  |TAMS 0x00000000a8200000, 0x00000000a8100000| Untracked 
| 130|0x00000000a8200000, 0x00000000a8300000, 0x00000000a8300000|100%| O|  |TAMS 0x00000000a8300000, 0x00000000a8200000| Untracked 
| 131|0x00000000a8300000, 0x00000000a8400000, 0x00000000a8400000|100%| O|  |TAMS 0x00000000a8400000, 0x00000000a8300000| Untracked 
| 132|0x00000000a8400000, 0x00000000a8500000, 0x00000000a8500000|100%| O|  |TAMS 0x00000000a8500000, 0x00000000a8400000| Untracked 
| 133|0x00000000a8500000, 0x00000000a8600000, 0x00000000a8600000|100%| O|  |TAMS 0x00000000a8600000, 0x00000000a8500000| Untracked 
| 134|0x00000000a8600000, 0x00000000a8700000, 0x00000000a8700000|100%| O|  |TAMS 0x00000000a8700000, 0x00000000a8600000| Untracked 
| 135|0x00000000a8700000, 0x00000000a8800000, 0x00000000a8800000|100%| O|  |TAMS 0x00000000a8800000, 0x00000000a8700000| Untracked 
| 136|0x00000000a8800000, 0x00000000a8900000, 0x00000000a8900000|100%| O|  |TAMS 0x00000000a8900000, 0x00000000a8800000| Untracked 
| 137|0x00000000a8900000, 0x00000000a8a00000, 0x00000000a8a00000|100%| O|  |TAMS 0x00000000a8a00000, 0x00000000a8900000| Untracked 
| 138|0x00000000a8a00000, 0x00000000a8b00000, 0x00000000a8b00000|100%| O|  |TAMS 0x00000000a8b00000, 0x00000000a8a00000| Untracked 
| 139|0x00000000a8b00000, 0x00000000a8c00000, 0x00000000a8c00000|100%| O|  |TAMS 0x00000000a8c00000, 0x00000000a8b00000| Untracked 
| 140|0x00000000a8c00000, 0x00000000a8d00000, 0x00000000a8d00000|100%| O|  |TAMS 0x00000000a8d00000, 0x00000000a8c00000| Untracked 
| 141|0x00000000a8d00000, 0x00000000a8e00000, 0x00000000a8e00000|100%| O|  |TAMS 0x00000000a8e00000, 0x00000000a8d00000| Untracked 
| 142|0x00000000a8e00000, 0x00000000a8f00000, 0x00000000a8f00000|100%| O|  |TAMS 0x00000000a8f00000, 0x00000000a8e00000| Untracked 
| 143|0x00000000a8f00000, 0x00000000a9000000, 0x00000000a9000000|100%| O|  |TAMS 0x00000000a9000000, 0x00000000a8f00000| Untracked 
| 144|0x00000000a9000000, 0x00000000a9100000, 0x00000000a9100000|100%| O|  |TAMS 0x00000000a9100000, 0x00000000a9000000| Untracked 
| 145|0x00000000a9100000, 0x00000000a9200000, 0x00000000a9200000|100%| O|  |TAMS 0x00000000a9200000, 0x00000000a9100000| Untracked 
| 146|0x00000000a9200000, 0x00000000a9300000, 0x00000000a9300000|100%| O|  |TAMS 0x00000000a9300000, 0x00000000a9200000| Untracked 
| 147|0x00000000a9300000, 0x00000000a9400000, 0x00000000a9400000|100%| O|  |TAMS 0x00000000a9400000, 0x00000000a9300000| Untracked 
| 148|0x00000000a9400000, 0x00000000a9500000, 0x00000000a9500000|100%| O|  |TAMS 0x00000000a9424400, 0x00000000a9400000| Untracked 
| 149|0x00000000a9500000, 0x00000000a9600000, 0x00000000a9600000|100%| O|  |TAMS 0x00000000a9600000, 0x00000000a9500000| Untracked 
| 150|0x00000000a9600000, 0x00000000a9700000, 0x00000000a9700000|100%| O|  |TAMS 0x00000000a9700000, 0x00000000a9600000| Untracked 
| 151|0x00000000a9700000, 0x00000000a9800000, 0x00000000a9800000|100%| O|  |TAMS 0x00000000a9800000, 0x00000000a9700000| Untracked 
| 152|0x00000000a9800000, 0x00000000a9900000, 0x00000000a9900000|100%| O|  |TAMS 0x00000000a9900000, 0x00000000a9800000| Untracked 
| 153|0x00000000a9900000, 0x00000000a9a00000, 0x00000000a9a00000|100%| O|  |TAMS 0x00000000a9a00000, 0x00000000a9900000| Untracked 
| 154|0x00000000a9a00000, 0x00000000a9b00000, 0x00000000a9b00000|100%| O|  |TAMS 0x00000000a9b00000, 0x00000000a9a00000| Untracked 
| 155|0x00000000a9b00000, 0x00000000a9c00000, 0x00000000a9c00000|100%| O|  |TAMS 0x00000000a9c00000, 0x00000000a9b00000| Untracked 
| 156|0x00000000a9c00000, 0x00000000a9d00000, 0x00000000a9d00000|100%| O|  |TAMS 0x00000000a9d00000, 0x00000000a9c00000| Untracked 
| 157|0x00000000a9d00000, 0x00000000a9e00000, 0x00000000a9e00000|100%| O|  |TAMS 0x00000000a9e00000, 0x00000000a9d00000| Untracked 
| 158|0x00000000a9e00000, 0x00000000a9f00000, 0x00000000a9f00000|100%| O|  |TAMS 0x00000000a9f00000, 0x00000000a9e00000| Untracked 
| 159|0x00000000a9f00000, 0x00000000aa000000, 0x00000000aa000000|100%| O|  |TAMS 0x00000000aa000000, 0x00000000a9f00000| Untracked 
| 160|0x00000000aa000000, 0x00000000aa100000, 0x00000000aa100000|100%| O|  |TAMS 0x00000000aa100000, 0x00000000aa000000| Untracked 
| 161|0x00000000aa100000, 0x00000000aa200000, 0x00000000aa200000|100%| O|  |TAMS 0x00000000aa200000, 0x00000000aa100000| Untracked 
| 162|0x00000000aa200000, 0x00000000aa300000, 0x00000000aa300000|100%| O|  |TAMS 0x00000000aa300000, 0x00000000aa200000| Untracked 
| 163|0x00000000aa300000, 0x00000000aa400000, 0x00000000aa400000|100%| O|  |TAMS 0x00000000aa400000, 0x00000000aa300000| Untracked 
| 164|0x00000000aa400000, 0x00000000aa500000, 0x00000000aa500000|100%| O|  |TAMS 0x00000000aa500000, 0x00000000aa400000| Untracked 
| 165|0x00000000aa500000, 0x00000000aa600000, 0x00000000aa600000|100%| O|  |TAMS 0x00000000aa600000, 0x00000000aa500000| Untracked 
| 166|0x00000000aa600000, 0x00000000aa700000, 0x00000000aa700000|100%| O|  |TAMS 0x00000000aa700000, 0x00000000aa600000| Untracked 
| 167|0x00000000aa700000, 0x00000000aa800000, 0x00000000aa800000|100%| O|  |TAMS 0x00000000aa800000, 0x00000000aa700000| Untracked 
| 168|0x00000000aa800000, 0x00000000aa900000, 0x00000000aa900000|100%| O|  |TAMS 0x00000000aa900000, 0x00000000aa800000| Untracked 
| 169|0x00000000aa900000, 0x00000000aaa00000, 0x00000000aaa00000|100%| O|  |TAMS 0x00000000aaa00000, 0x00000000aa900000| Untracked 
| 170|0x00000000aaa00000, 0x00000000aab00000, 0x00000000aab00000|100%| O|  |TAMS 0x00000000aab00000, 0x00000000aaa00000| Untracked 
| 171|0x00000000aab00000, 0x00000000aac00000, 0x00000000aac00000|100%| O|  |TAMS 0x00000000aac00000, 0x00000000aab00000| Untracked 
| 172|0x00000000aac00000, 0x00000000aad00000, 0x00000000aad00000|100%| O|  |TAMS 0x00000000aad00000, 0x00000000aac00000| Untracked 
| 173|0x00000000aad00000, 0x00000000aae00000, 0x00000000aae00000|100%| O|  |TAMS 0x00000000aad00000, 0x00000000aad00000| Untracked 
| 174|0x00000000aae00000, 0x00000000aaf00000, 0x00000000aaf00000|100%| O|  |TAMS 0x00000000aae00000, 0x00000000aae00000| Untracked 
| 175|0x00000000aaf00000, 0x00000000ab000000, 0x00000000ab000000|100%| O|  |TAMS 0x00000000aaf00000, 0x00000000aaf00000| Untracked 
| 176|0x00000000ab000000, 0x00000000ab0f5200, 0x00000000ab100000| 95%| O|  |TAMS 0x00000000ab000000, 0x00000000ab000000| Untracked 
| 177|0x00000000ab100000, 0x00000000ab100000, 0x00000000ab200000|  0%| F|  |TAMS 0x00000000ab100000, 0x00000000ab100000| Untracked 
| 178|0x00000000ab200000, 0x00000000ab200000, 0x00000000ab300000|  0%| F|  |TAMS 0x00000000ab200000, 0x00000000ab200000| Untracked 
| 179|0x00000000ab300000, 0x00000000ab300000, 0x00000000ab400000|  0%| F|  |TAMS 0x00000000ab300000, 0x00000000ab300000| Untracked 
| 180|0x00000000ab400000, 0x00000000ab400000, 0x00000000ab500000|  0%| F|  |TAMS 0x00000000ab400000, 0x00000000ab400000| Untracked 
| 181|0x00000000ab500000, 0x00000000ab500000, 0x00000000ab600000|  0%| F|  |TAMS 0x00000000ab500000, 0x00000000ab500000| Untracked 
| 182|0x00000000ab600000, 0x00000000ab600000, 0x00000000ab700000|  0%| F|  |TAMS 0x00000000ab600000, 0x00000000ab600000| Untracked 
| 183|0x00000000ab700000, 0x00000000ab700000, 0x00000000ab800000|  0%| F|  |TAMS 0x00000000ab700000, 0x00000000ab700000| Untracked 
| 184|0x00000000ab800000, 0x00000000ab800000, 0x00000000ab900000|  0%| F|  |TAMS 0x00000000ab800000, 0x00000000ab800000| Untracked 
| 185|0x00000000ab900000, 0x00000000ab900000, 0x00000000aba00000|  0%| F|  |TAMS 0x00000000ab900000, 0x00000000ab900000| Untracked 
| 186|0x00000000aba00000, 0x00000000aba00000, 0x00000000abb00000|  0%| F|  |TAMS 0x00000000aba00000, 0x00000000aba00000| Untracked 
| 187|0x00000000abb00000, 0x00000000abb00000, 0x00000000abc00000|  0%| F|  |TAMS 0x00000000abb00000, 0x00000000abb00000| Untracked 
| 188|0x00000000abc00000, 0x00000000abc00000, 0x00000000abd00000|  0%| F|  |TAMS 0x00000000abc00000, 0x00000000abc00000| Untracked 
| 189|0x00000000abd00000, 0x00000000abd00000, 0x00000000abe00000|  0%| F|  |TAMS 0x00000000abd00000, 0x00000000abd00000| Untracked 
| 190|0x00000000abe00000, 0x00000000abe00000, 0x00000000abf00000|  0%| F|  |TAMS 0x00000000abe00000, 0x00000000abe00000| Untracked 
| 191|0x00000000abf00000, 0x00000000abf00000, 0x00000000ac000000|  0%| F|  |TAMS 0x00000000abf00000, 0x00000000abf00000| Untracked 
| 192|0x00000000ac000000, 0x00000000ac000000, 0x00000000ac100000|  0%| F|  |TAMS 0x00000000ac000000, 0x00000000ac000000| Untracked 
| 193|0x00000000ac100000, 0x00000000ac100000, 0x00000000ac200000|  0%| F|  |TAMS 0x00000000ac100000, 0x00000000ac100000| Untracked 
| 194|0x00000000ac200000, 0x00000000ac200000, 0x00000000ac300000|  0%| F|  |TAMS 0x00000000ac200000, 0x00000000ac200000| Untracked 
| 195|0x00000000ac300000, 0x00000000ac300000, 0x00000000ac400000|  0%| F|  |TAMS 0x00000000ac300000, 0x00000000ac300000| Untracked 
| 196|0x00000000ac400000, 0x00000000ac400000, 0x00000000ac500000|  0%| F|  |TAMS 0x00000000ac400000, 0x00000000ac400000| Untracked 
| 197|0x00000000ac500000, 0x00000000ac500000, 0x00000000ac600000|  0%| F|  |TAMS 0x00000000ac500000, 0x00000000ac500000| Untracked 
| 198|0x00000000ac600000, 0x00000000ac600000, 0x00000000ac700000|  0%| F|  |TAMS 0x00000000ac600000, 0x00000000ac600000| Untracked 
| 199|0x00000000ac700000, 0x00000000ac700000, 0x00000000ac800000|  0%| F|  |TAMS 0x00000000ac700000, 0x00000000ac700000| Untracked 
| 200|0x00000000ac800000, 0x00000000ac800000, 0x00000000ac900000|  0%| F|  |TAMS 0x00000000ac800000, 0x00000000ac800000| Untracked 
| 201|0x00000000ac900000, 0x00000000ac900000, 0x00000000aca00000|  0%| F|  |TAMS 0x00000000ac900000, 0x00000000ac900000| Untracked 
| 202|0x00000000aca00000, 0x00000000aca00000, 0x00000000acb00000|  0%| F|  |TAMS 0x00000000aca00000, 0x00000000aca00000| Untracked 
| 203|0x00000000acb00000, 0x00000000acb00000, 0x00000000acc00000|  0%| F|  |TAMS 0x00000000acb00000, 0x00000000acb00000| Untracked 
| 204|0x00000000acc00000, 0x00000000acc00000, 0x00000000acd00000|  0%| F|  |TAMS 0x00000000acc00000, 0x00000000acc00000| Untracked 
| 205|0x00000000acd00000, 0x00000000acd00000, 0x00000000ace00000|  0%| F|  |TAMS 0x00000000acd00000, 0x00000000acd00000| Untracked 
| 206|0x00000000ace00000, 0x00000000ace00000, 0x00000000acf00000|  0%| F|  |TAMS 0x00000000ace00000, 0x00000000ace00000| Untracked 
| 207|0x00000000acf00000, 0x00000000acf00000, 0x00000000ad000000|  0%| F|  |TAMS 0x00000000acf00000, 0x00000000acf00000| Untracked 
| 208|0x00000000ad000000, 0x00000000ad000000, 0x00000000ad100000|  0%| F|  |TAMS 0x00000000ad000000, 0x00000000ad000000| Untracked 
| 209|0x00000000ad100000, 0x00000000ad100000, 0x00000000ad200000|  0%| F|  |TAMS 0x00000000ad100000, 0x00000000ad100000| Untracked 
| 210|0x00000000ad200000, 0x00000000ad200000, 0x00000000ad300000|  0%| F|  |TAMS 0x00000000ad200000, 0x00000000ad200000| Untracked 
| 211|0x00000000ad300000, 0x00000000ad300000, 0x00000000ad400000|  0%| F|  |TAMS 0x00000000ad300000, 0x00000000ad300000| Untracked 
| 212|0x00000000ad400000, 0x00000000ad400000, 0x00000000ad500000|  0%| F|  |TAMS 0x00000000ad400000, 0x00000000ad400000| Untracked 
| 213|0x00000000ad500000, 0x00000000ad500000, 0x00000000ad600000|  0%| F|  |TAMS 0x00000000ad500000, 0x00000000ad500000| Untracked 
| 214|0x00000000ad600000, 0x00000000ad600000, 0x00000000ad700000|  0%| F|  |TAMS 0x00000000ad600000, 0x00000000ad600000| Untracked 
| 215|0x00000000ad700000, 0x00000000ad700000, 0x00000000ad800000|  0%| F|  |TAMS 0x00000000ad700000, 0x00000000ad700000| Untracked 
| 216|0x00000000ad800000, 0x00000000ad800000, 0x00000000ad900000|  0%| F|  |TAMS 0x00000000ad800000, 0x00000000ad800000| Untracked 
| 217|0x00000000ad900000, 0x00000000ad900000, 0x00000000ada00000|  0%| F|  |TAMS 0x00000000ad900000, 0x00000000ad900000| Untracked 
| 218|0x00000000ada00000, 0x00000000ada00000, 0x00000000adb00000|  0%| F|  |TAMS 0x00000000ada00000, 0x00000000ada00000| Untracked 
| 219|0x00000000adb00000, 0x00000000adb00000, 0x00000000adc00000|  0%| F|  |TAMS 0x00000000adb00000, 0x00000000adb00000| Untracked 
| 220|0x00000000adc00000, 0x00000000adc00000, 0x00000000add00000|  0%| F|  |TAMS 0x00000000adc00000, 0x00000000adc00000| Untracked 
| 221|0x00000000add00000, 0x00000000add00000, 0x00000000ade00000|  0%| F|  |TAMS 0x00000000add00000, 0x00000000add00000| Untracked 
| 222|0x00000000ade00000, 0x00000000ade00000, 0x00000000adf00000|  0%| F|  |TAMS 0x00000000ade00000, 0x00000000ade00000| Untracked 
| 223|0x00000000adf00000, 0x00000000adf00000, 0x00000000ae000000|  0%| F|  |TAMS 0x00000000adf00000, 0x00000000adf00000| Untracked 
| 224|0x00000000ae000000, 0x00000000ae000000, 0x00000000ae100000|  0%| F|  |TAMS 0x00000000ae000000, 0x00000000ae000000| Untracked 
| 225|0x00000000ae100000, 0x00000000ae100000, 0x00000000ae200000|  0%| F|  |TAMS 0x00000000ae100000, 0x00000000ae100000| Untracked 
| 226|0x00000000ae200000, 0x00000000ae231220, 0x00000000ae300000| 19%| S|CS|TAMS 0x00000000ae200000, 0x00000000ae200000| Complete 
| 227|0x00000000ae300000, 0x00000000ae400000, 0x00000000ae400000|100%| S|CS|TAMS 0x00000000ae300000, 0x00000000ae300000| Complete 
| 228|0x00000000ae400000, 0x00000000ae500000, 0x00000000ae500000|100%| S|CS|TAMS 0x00000000ae400000, 0x00000000ae400000| Complete 
| 229|0x00000000ae500000, 0x00000000ae500000, 0x00000000ae600000|  0%| F|  |TAMS 0x00000000ae500000, 0x00000000ae500000| Untracked 
| 230|0x00000000ae600000, 0x00000000ae600000, 0x00000000ae700000|  0%| F|  |TAMS 0x00000000ae600000, 0x00000000ae600000| Untracked 
| 231|0x00000000ae700000, 0x00000000ae700000, 0x00000000ae800000|  0%| F|  |TAMS 0x00000000ae700000, 0x00000000ae700000| Untracked 
| 232|0x00000000ae800000, 0x00000000ae800000, 0x00000000ae900000|  0%| F|  |TAMS 0x00000000ae800000, 0x00000000ae800000| Untracked 
| 233|0x00000000ae900000, 0x00000000ae900000, 0x00000000aea00000|  0%| F|  |TAMS 0x00000000ae900000, 0x00000000ae900000| Untracked 
| 234|0x00000000aea00000, 0x00000000aea00000, 0x00000000aeb00000|  0%| F|  |TAMS 0x00000000aea00000, 0x00000000aea00000| Untracked 
| 235|0x00000000aeb00000, 0x00000000aeb00000, 0x00000000aec00000|  0%| F|  |TAMS 0x00000000aeb00000, 0x00000000aeb00000| Untracked 
| 236|0x00000000aec00000, 0x00000000aec00000, 0x00000000aed00000|  0%| F|  |TAMS 0x00000000aec00000, 0x00000000aec00000| Untracked 
| 237|0x00000000aed00000, 0x00000000aed00000, 0x00000000aee00000|  0%| F|  |TAMS 0x00000000aed00000, 0x00000000aed00000| Untracked 
| 238|0x00000000aee00000, 0x00000000aee00000, 0x00000000aef00000|  0%| F|  |TAMS 0x00000000aee00000, 0x00000000aee00000| Untracked 
| 239|0x00000000aef00000, 0x00000000aef00000, 0x00000000af000000|  0%| F|  |TAMS 0x00000000aef00000, 0x00000000aef00000| Untracked 
| 240|0x00000000af000000, 0x00000000af000000, 0x00000000af100000|  0%| F|  |TAMS 0x00000000af000000, 0x00000000af000000| Untracked 
| 241|0x00000000af100000, 0x00000000af100000, 0x00000000af200000|  0%| F|  |TAMS 0x00000000af100000, 0x00000000af100000| Untracked 
| 242|0x00000000af200000, 0x00000000af200000, 0x00000000af300000|  0%| F|  |TAMS 0x00000000af200000, 0x00000000af200000| Untracked 
| 243|0x00000000af300000, 0x00000000af300000, 0x00000000af400000|  0%| F|  |TAMS 0x00000000af300000, 0x00000000af300000| Untracked 
| 244|0x00000000af400000, 0x00000000af400000, 0x00000000af500000|  0%| F|  |TAMS 0x00000000af400000, 0x00000000af400000| Untracked 
| 245|0x00000000af500000, 0x00000000af500000, 0x00000000af600000|  0%| F|  |TAMS 0x00000000af500000, 0x00000000af500000| Untracked 
| 246|0x00000000af600000, 0x00000000af6a3c08, 0x00000000af700000| 63%| E|  |TAMS 0x00000000af600000, 0x00000000af600000| Complete 
| 247|0x00000000af700000, 0x00000000af800000, 0x00000000af800000|100%| E|CS|TAMS 0x00000000af700000, 0x00000000af700000| Complete 
| 248|0x00000000af800000, 0x00000000af900000, 0x00000000af900000|100%| E|CS|TAMS 0x00000000af800000, 0x00000000af800000| Complete 
| 249|0x00000000af900000, 0x00000000afa00000, 0x00000000afa00000|100%| E|CS|TAMS 0x00000000af900000, 0x00000000af900000| Complete 
| 250|0x00000000afa00000, 0x00000000afb00000, 0x00000000afb00000|100%| E|CS|TAMS 0x00000000afa00000, 0x00000000afa00000| Complete 
| 251|0x00000000afb00000, 0x00000000afc00000, 0x00000000afc00000|100%| E|CS|TAMS 0x00000000afb00000, 0x00000000afb00000| Complete 
| 252|0x00000000afc00000, 0x00000000afd00000, 0x00000000afd00000|100%| E|CS|TAMS 0x00000000afc00000, 0x00000000afc00000| Complete 
| 253|0x00000000afd00000, 0x00000000afe00000, 0x00000000afe00000|100%| E|CS|TAMS 0x00000000afd00000, 0x00000000afd00000| Complete 
| 254|0x00000000afe00000, 0x00000000aff00000, 0x00000000aff00000|100%| E|CS|TAMS 0x00000000afe00000, 0x00000000afe00000| Complete 
| 255|0x00000000aff00000, 0x00000000b0000000, 0x00000000b0000000|100%| E|CS|TAMS 0x00000000aff00000, 0x00000000aff00000| Complete 

Card table byte_map: [0x000001f83ba90000,0x000001f83bd90000] _byte_map_base: 0x000001f83b590000

Marking Bits (Prev, Next): (CMBitMap*) 0x000001f828ce6ac0, (CMBitMap*) 0x000001f828ce6a88
 Prev Bits: [0x000001f83d890000, 0x000001f83f090000)
 Next Bits: [0x000001f83c090000, 0x000001f83d890000)

Polling page: 0x000001f826cc0000

Metaspace:

Usage:
  Non-class:     88.78 MB capacity,    85.75 MB ( 97%) used,     2.70 MB (  3%) free+waste,   340.94 KB ( <1%) overhead. 
      Class:     14.13 MB capacity,    12.75 MB ( 90%) used,     1.23 MB (  9%) free+waste,   155.69 KB (  1%) overhead. 
       Both:    102.91 MB capacity,    98.49 MB ( 96%) used,     3.93 MB (  4%) free+waste,   496.63 KB ( <1%) overhead. 

Virtual space:
  Non-class space:       90.00 MB reserved,      89.00 MB ( 99%) committed 
      Class space:        1.00 GB reserved,      14.20 MB (  1%) committed 
             Both:        1.09 GB reserved,     103.20 MB (  9%) committed 

Chunk freelists:
   Non-Class:  31.00 KB
       Class:  0 bytes
        Both:  31.00 KB

MaxMetaspaceSize: 17179869184.00 GB
CompressedClassSpaceSize: 1.00 GB

CodeHeap 'non-profiled nmethods': size=120064Kb used=8267Kb max_used=8267Kb free=111796Kb
 bounds [0x000001f834250000, 0x000001f834a70000, 0x000001f83b790000]
CodeHeap 'profiled nmethods': size=120000Kb used=31046Kb max_used=31046Kb free=88953Kb
 bounds [0x000001f82cd20000, 0x000001f82eb80000, 0x000001f834250000]
CodeHeap 'non-nmethods': size=5696Kb used=2298Kb max_used=2348Kb free=3397Kb
 bounds [0x000001f82c790000, 0x000001f82ca00000, 0x000001f82cd20000]
 total_blobs=16332 nmethods=15431 adapters=811
 compilation: enabled
              stopped_count=0, restarted_count=0
 full_count=0

Compilation events (20 events):
Event: 84.047 Thread 0x000001f8415ba000 nmethod 15853 0x000001f82eb6f710 code [0x000001f82eb6f8e0, 0x000001f82eb6fb08]
Event: 84.047 Thread 0x000001f8415ba000 15854       3       java.util.HashMap$ValueSpliterator::<init> (12 bytes)
Event: 84.048 Thread 0x000001f8415ba000 nmethod 15854 0x000001f82eb6fc10 code [0x000001f82eb6fdc0, 0x000001f82eb6ffd8]
Event: 94.060 Thread 0x000001f84159d000 15855       4       java.util.HashMap::<init> (8 bytes)
Event: 94.076 Thread 0x000001f84159d000 nmethod 15855 0x000001f834a52590 code [0x000001f834a52720, 0x000001f834a527d8]
Event: 94.351 Thread 0x000001f84159d000 15856       4       javax.management.ObjectName::construct (1135 bytes)
Event: 94.984 Thread 0x000001f8415ba000 15857       3       org.gradle.internal.logging.slf4j.OutputEventListenerBackedLogger::debug (7 bytes)
Event: 95.003 Thread 0x000001f8415ba000 nmethod 15857 0x000001f82eb70110 code [0x000001f82eb70320, 0x000001f82eb70858]
Event: 95.003 Thread 0x000001f8415ba000 15858       3       org.gradle.internal.logging.slf4j.BuildOperationAwareLogger::debug (18 bytes)
Event: 95.005 Thread 0x000001f8415ba000 nmethod 15858 0x000001f82eb70a90 code [0x000001f82eb70c60, 0x000001f82eb70eb8]
Event: 95.935 Thread 0x000001f84159d000 nmethod 15856 0x000001f834a52910 code [0x000001f834a52dc0, 0x000001f834a5c748]
Event: 98.834 Thread 0x000001f84159d000 15859   !   4       java.util.concurrent.LinkedBlockingQueue::poll (128 bytes)
Event: 99.063 Thread 0x000001f84159d000 nmethod 15859 0x000001f834a60b90 code [0x000001f834a60de0, 0x000001f834a61d40]
Event: 99.063 Thread 0x000001f84159d000 15860       4       org.gradle.launcher.daemon.server.exec.DaemonConnectionBackedEventConsumer$ForwardEvents::moreMessagesToSend (35 bytes)
Event: 99.067 Thread 0x000001f84159d000 nmethod 15860 0x000001f834a62690 code [0x000001f834a62820, 0x000001f834a628b8]
Event: 99.871 Thread 0x000001f8415ba000 15861       3       javax.management.ObjectName::isPropertyListPattern (16 bytes)
Event: 99.871 Thread 0x000001f8415ba000 nmethod 15861 0x000001f82eb70f90 code [0x000001f82eb71140, 0x000001f82eb71298]
Event: 104.871 Thread 0x000001f84159d000 15862       4       java.lang.reflect.Method::invoke (65 bytes)
Event: 104.872 Thread 0x000001f8415ba000 15863       1       java.util.concurrent.ThreadPoolExecutor::getQueue (5 bytes)
Event: 104.872 Thread 0x000001f8415ba000 nmethod 15863 0x000001f834a62990 code [0x000001f834a62b40, 0x000001f834a62bf8]

GC Heap History (20 events):
Event: 58.196 GC heap before
{Heap before GC invocations=126 (full 0):
 garbage-first heap   total 218112K, used 188793K [0x00000000a0000000, 0x0000000100000000)
  region size 1024K, 18 young (18432K), 3 survivors (3072K)
 Metaspace       used 99430K, capacity 103928K, committed 104140K, reserved 1138688K
  class space    used 12873K, capacity 14253K, committed 14284K, reserved 1048576K
}
Event: 58.204 GC heap after
{Heap after GC invocations=127 (full 0):
 garbage-first heap   total 218112K, used 175492K [0x00000000a0000000, 0x0000000100000000)
  region size 1024K, 3 young (3072K), 3 survivors (3072K)
 Metaspace       used 99430K, capacity 103928K, committed 104140K, reserved 1138688K
  class space    used 12873K, capacity 14253K, committed 14284K, reserved 1048576K
}
Event: 58.276 GC heap before
{Heap before GC invocations=127 (full 0):
 garbage-first heap   total 218112K, used 181636K [0x00000000a0000000, 0x0000000100000000)
  region size 1024K, 10 young (10240K), 3 survivors (3072K)
 Metaspace       used 99449K, capacity 103995K, committed 104140K, reserved 1138688K
  class space    used 12873K, capacity 14253K, committed 14284K, reserved 1048576K
}
Event: 58.286 GC heap after
{Heap after GC invocations=128 (full 0):
 garbage-first heap   total 218112K, used 175676K [0x00000000a0000000, 0x0000000100000000)
  region size 1024K, 2 young (2048K), 2 survivors (2048K)
 Metaspace       used 99449K, capacity 103995K, committed 104140K, reserved 1138688K
  class space    used 12873K, capacity 14253K, committed 14284K, reserved 1048576K
}
Event: 58.571 GC heap before
{Heap before GC invocations=128 (full 0):
 garbage-first heap   total 218112K, used 188988K [0x00000000a0000000, 0x0000000100000000)
  region size 1024K, 16 young (16384K), 2 survivors (2048K)
 Metaspace       used 99528K, capacity 104011K, committed 104140K, reserved 1138688K
  class space    used 12874K, capacity 14253K, committed 14284K, reserved 1048576K
}
Event: 58.578 GC heap after
{Heap after GC invocations=129 (full 0):
 garbage-first heap   total 218112K, used 176442K [0x00000000a0000000, 0x0000000100000000)
  region size 1024K, 2 young (2048K), 2 survivors (2048K)
 Metaspace       used 99528K, capacity 104011K, committed 104140K, reserved 1138688K
  class space    used 12874K, capacity 14253K, committed 14284K, reserved 1048576K
}
Event: 58.835 GC heap before
{Heap before GC invocations=129 (full 0):
 garbage-first heap   total 218112K, used 189754K [0x00000000a0000000, 0x0000000100000000)
  region size 1024K, 16 young (16384K), 2 survivors (2048K)
 Metaspace       used 99583K, capacity 104096K, committed 104140K, reserved 1138688K
  class space    used 12875K, capacity 14256K, committed 14284K, reserved 1048576K
}
Event: 58.841 GC heap after
{Heap after GC invocations=130 (full 0):
 garbage-first heap   total 218112K, used 177169K [0x00000000a0000000, 0x0000000100000000)
  region size 1024K, 1 young (1024K), 1 survivors (1024K)
 Metaspace       used 99583K, capacity 104096K, committed 104140K, reserved 1138688K
  class space    used 12875K, capacity 14256K, committed 14284K, reserved 1048576K
}
Event: 59.122 GC heap before
{Heap before GC invocations=130 (full 0):
 garbage-first heap   total 218112K, used 189457K [0x00000000a0000000, 0x0000000100000000)
  region size 1024K, 14 young (14336K), 1 survivors (1024K)
 Metaspace       used 99655K, capacity 104098K, committed 104140K, reserved 1138688K
  class space    used 12875K, capacity 14256K, committed 14284K, reserved 1048576K
}
Event: 59.128 GC heap after
{Heap after GC invocations=131 (full 0):
 garbage-first heap   total 218112K, used 178309K [0x00000000a0000000, 0x0000000100000000)
  region size 1024K, 2 young (2048K), 2 survivors (2048K)
 Metaspace       used 99655K, capacity 104098K, committed 104140K, reserved 1138688K
  class space    used 12875K, capacity 14256K, committed 14284K, reserved 1048576K
}
Event: 59.320 GC heap before
{Heap before GC invocations=131 (full 0):
 garbage-first heap   total 218112K, used 189573K [0x00000000a0000000, 0x0000000100000000)
  region size 1024K, 14 young (14336K), 2 survivors (2048K)
 Metaspace       used 99658K, capacity 104098K, committed 104140K, reserved 1138688K
  class space    used 12875K, capacity 14256K, committed 14284K, reserved 1048576K
}
Event: 59.326 GC heap after
{Heap after GC invocations=132 (full 0):
 garbage-first heap   total 218112K, used 179395K [0x00000000a0000000, 0x0000000100000000)
  region size 1024K, 2 young (2048K), 2 survivors (2048K)
 Metaspace       used 99658K, capacity 104098K, committed 104140K, reserved 1138688K
  class space    used 12875K, capacity 14256K, committed 14284K, reserved 1048576K
}
Event: 59.534 GC heap before
{Heap before GC invocations=132 (full 0):
 garbage-first heap   total 218112K, used 189635K [0x00000000a0000000, 0x0000000100000000)
  region size 1024K, 13 young (13312K), 2 survivors (2048K)
 Metaspace       used 100026K, capacity 104486K, committed 104780K, reserved 1140736K
  class space    used 12920K, capacity 14320K, committed 14412K, reserved 1048576K
}
Event: 59.538 GC heap after
{Heap after GC invocations=133 (full 0):
 garbage-first heap   total 218112K, used 179802K [0x00000000a0000000, 0x0000000100000000)
  region size 1024K, 2 young (2048K), 2 survivors (2048K)
 Metaspace       used 100026K, capacity 104486K, committed 104780K, reserved 1140736K
  class space    used 12920K, capacity 14320K, committed 14412K, reserved 1048576K
}
Event: 59.734 GC heap before
{Heap before GC invocations=133 (full 0):
 garbage-first heap   total 218112K, used 191066K [0x00000000a0000000, 0x0000000100000000)
  region size 1024K, 13 young (13312K), 2 survivors (2048K)
 Metaspace       used 100371K, capacity 104905K, committed 105036K, reserved 1140736K
  class space    used 12972K, capacity 14397K, committed 14412K, reserved 1048576K
}
Event: 59.740 GC heap after
{Heap after GC invocations=134 (full 0):
 garbage-first heap   total 218112K, used 181248K [0x00000000a0000000, 0x0000000100000000)
  region size 1024K, 2 young (2048K), 2 survivors (2048K)
 Metaspace       used 100371K, capacity 104905K, committed 105036K, reserved 1140736K
  class space    used 12972K, capacity 14397K, committed 14412K, reserved 1048576K
}
Event: 59.989 GC heap before
{Heap before GC invocations=134 (full 0):
 garbage-first heap   total 218112K, used 190464K [0x00000000a0000000, 0x0000000100000000)
  region size 1024K, 12 young (12288K), 2 survivors (2048K)
 Metaspace       used 100371K, capacity 104905K, committed 105036K, reserved 1140736K
  class space    used 12972K, capacity 14397K, committed 14412K, reserved 1048576K
}
Event: 59.998 GC heap after
{Heap after GC invocations=135 (full 0):
 garbage-first heap   total 262144K, used 181833K [0x00000000a0000000, 0x0000000100000000)
  region size 1024K, 1 young (1024K), 1 survivors (1024K)
 Metaspace       used 100371K, capacity 104905K, committed 105036K, reserved 1140736K
  class space    used 12972K, capacity 14397K, committed 14412K, reserved 1048576K
}
Event: 60.616 GC heap before
{Heap before GC invocations=136 (full 0):
 garbage-first heap   total 262144K, used 209481K [0x00000000a0000000, 0x0000000100000000)
  region size 1024K, 28 young (28672K), 1 survivors (1024K)
 Metaspace       used 100378K, capacity 104905K, committed 105036K, reserved 1140736K
  class space    used 12973K, capacity 14397K, committed 14412K, reserved 1048576K
}
Event: 60.621 GC heap after
{Heap after GC invocations=137 (full 0):
 garbage-first heap   total 262144K, used 183449K [0x00000000a0000000, 0x0000000100000000)
  region size 1024K, 3 young (3072K), 3 survivors (3072K)
 Metaspace       used 100378K, capacity 104905K, committed 105036K, reserved 1140736K
  class space    used 12973K, capacity 14397K, committed 14412K, reserved 1048576K
}

Deoptimization events (20 events):
Event: 59.977 Thread 0x000001f8445d4800 DEOPT PACKING pc=0x000001f82e73e902 sp=0x000000c28b7fa150
Event: 59.977 Thread 0x000001f8445d4800 DEOPT UNPACKING pc=0x000001f82c7b76ce sp=0x000000c28b7f94c8 mode 0
Event: 60.129 Thread 0x000001f8445d4800 DEOPT PACKING pc=0x000001f82d836be0 sp=0x000000c28b7fb850
Event: 60.129 Thread 0x000001f8445d4800 DEOPT UNPACKING pc=0x000001f82c7b76ce sp=0x000000c28b7fad10 mode 0
Event: 60.143 Thread 0x000001f8445d4800 Uncommon trap: trap_request=0xffffff4d fr.pc=0x000001f834a32958 relative=0x0000000000000778
Event: 60.143 Thread 0x000001f8445d4800 Uncommon trap: reason=unstable_if action=reinterpret pc=0x000001f834a32958 method=org.gradle.internal.snapshot.VfsRelativePath.lengthOfCommonPrefix(Ljava/lang/String;Lorg/gradle/internal/snapshot/CaseSensitivity;)I @ 165 c2
Event: 60.143 Thread 0x000001f8445d4800 DEOPT PACKING pc=0x000001f834a32958 sp=0x000000c28b7fa860
Event: 60.143 Thread 0x000001f8445d4800 DEOPT UNPACKING pc=0x000001f82c7b78af sp=0x000000c28b7fa7f0 mode 2
Event: 60.155 Thread 0x000001f8445d4800 DEOPT PACKING pc=0x000001f82d836be0 sp=0x000000c28b7fb850
Event: 60.155 Thread 0x000001f8445d4800 DEOPT UNPACKING pc=0x000001f82c7b76ce sp=0x000000c28b7fad10 mode 0
Event: 60.176 Thread 0x000001f8445d4800 DEOPT PACKING pc=0x000001f82d836be0 sp=0x000000c28b7fb850
Event: 60.176 Thread 0x000001f8445d4800 DEOPT UNPACKING pc=0x000001f82c7b76ce sp=0x000000c28b7fad10 mode 0
Event: 60.200 Thread 0x000001f8445d4800 DEOPT PACKING pc=0x000001f82d836be0 sp=0x000000c28b7fb850
Event: 60.200 Thread 0x000001f8445d4800 DEOPT UNPACKING pc=0x000001f82c7b76ce sp=0x000000c28b7fad10 mode 0
Event: 60.647 Thread 0x000001f8445d4800 DEOPT PACKING pc=0x000001f82ea7b2cc sp=0x000000c28b7fd370
Event: 60.647 Thread 0x000001f8445d4800 DEOPT UNPACKING pc=0x000001f82c7b76ce sp=0x000000c28b7fc780 mode 0
Event: 60.707 Thread 0x000001f8445d4800 Uncommon trap: trap_request=0xffffff4d fr.pc=0x000001f8348a1384 relative=0x0000000000000064
Event: 60.707 Thread 0x000001f8445d4800 Uncommon trap: reason=unstable_if action=reinterpret pc=0x000001f8348a1384 method=org.gradle.api.internal.AbstractTask.notifyProjectAccess()V @ 7 c2
Event: 60.707 Thread 0x000001f8445d4800 DEOPT PACKING pc=0x000001f8348a1384 sp=0x000000c28b7fa930
Event: 60.707 Thread 0x000001f8445d4800 DEOPT UNPACKING pc=0x000001f82c7b78af sp=0x000000c28b7fa810 mode 2

Classes redefined (0 events):
No events

Internal exceptions (20 events):
Event: 60.743 Thread 0x000001f8445d4800 Exception <a 'java/lang/ClassNotFoundException'{0x00000000afb54650}: org/gradle/process/internal/DefaultExecActionBeanInfo> (0x00000000afb54650) thrown at [./src/hotspot/share/classfile/systemDictionary.cpp, line 231]
Event: 60.744 Thread 0x000001f8445d4800 Exception <a 'java/lang/ClassNotFoundException'{0x00000000afb8a370}: org/gradle/process/internal/DefaultExecHandleBuilderBeanInfo> (0x00000000afb8a370) thrown at [./src/hotspot/share/classfile/systemDictionary.cpp, line 231]
Event: 60.745 Thread 0x000001f8445d4800 Exception <a 'java/lang/ClassNotFoundException'{0x00000000afbc0518}: org/gradle/process/internal/AbstractExecHandleBuilderBeanInfo> (0x00000000afbc0518) thrown at [./src/hotspot/share/classfile/systemDictionary.cpp, line 231]
Event: 60.747 Thread 0x000001f8445d4800 Exception <a 'java/lang/ClassNotFoundException'{0x00000000afbf7140}: org/gradle/process/internal/DefaultProcessForkOptionsBeanInfo> (0x00000000afbf7140) thrown at [./src/hotspot/share/classfile/systemDictionary.cpp, line 231]
Event: 60.749 Thread 0x000001f8445d4800 Exception <a 'java/lang/ClassNotFoundException'{0x00000000afa2e4e0}: org/gradle/process/internal/DefaultProcessForkOptionsCustomizer> (0x00000000afa2e4e0) thrown at [./src/hotspot/share/classfile/systemDictionary.cpp, line 231]
Event: 60.752 Thread 0x000001f8445d4800 Exception <a 'java/lang/ClassNotFoundException'{0x00000000afa71fd0}: org/gradle/process/internal/AbstractExecHandleBuilderCustomizer> (0x00000000afa71fd0) thrown at [./src/hotspot/share/classfile/systemDictionary.cpp, line 231]
Event: 60.753 Thread 0x000001f8445d4800 Exception <a 'java/lang/ClassNotFoundException'{0x00000000afab9e70}: org/gradle/process/internal/DefaultExecHandleBuilderCustomizer> (0x00000000afab9e70) thrown at [./src/hotspot/share/classfile/systemDictionary.cpp, line 231]
Event: 60.757 Thread 0x000001f8445d4800 Exception <a 'java/lang/ClassNotFoundException'{0x00000000af919450}: org/gradle/process/internal/DefaultExecActionCustomizer> (0x00000000af919450) thrown at [./src/hotspot/share/classfile/systemDictionary.cpp, line 231]
Event: 60.758 Thread 0x000001f8445d4800 Exception <a 'java/lang/ClassNotFoundException'{0x00000000af958898}: org/gradle/process/internal/DefaultExecAction_DecoratedCustomizer> (0x00000000af958898) thrown at [./src/hotspot/share/classfile/systemDictionary.cpp, line 231]
Event: 60.763 Thread 0x000001f8445d4800 Exception <a 'java/lang/ClassNotFoundException'{0x00000000af9b4118}: org/gradle/api/logging/LogLevelBeanInfo> (0x00000000af9b4118) thrown at [./src/hotspot/share/classfile/systemDictionary.cpp, line 231]
Event: 60.764 Thread 0x000001f8445d4800 Exception <a 'java/lang/ClassNotFoundException'{0x00000000af9e0e18}: org/gradle/api/logging/LogLevelCustomizer> (0x00000000af9e0e18) thrown at [./src/hotspot/share/classfile/systemDictionary.cpp, line 231]
Event: 60.771 Thread 0x000001f8445d4800 Exception <a 'java/lang/ClassNotFoundException'{0x00000000af854a00}: org/gradle/internal/logging/services/DefaultLoggingManagerBeanInfo> (0x00000000af854a00) thrown at [./src/hotspot/share/classfile/systemDictionary.cpp, line 231]
Event: 60.772 Thread 0x000001f8445d4800 Exception <a 'java/lang/ClassNotFoundException'{0x00000000af88c328}: org/gradle/internal/logging/services/DefaultLoggingManagerCustomizer> (0x00000000af88c328) thrown at [./src/hotspot/share/classfile/systemDictionary.cpp, line 231]
Event: 60.775 Thread 0x000001f8445d4800 Exception <a 'java/lang/ClassNotFoundException'{0x00000000af8c9308}: java/lang/BooleanBeanInfo> (0x00000000af8c9308) thrown at [./src/hotspot/share/classfile/systemDictionary.cpp, line 231]
Event: 60.776 Thread 0x000001f8445d4800 Exception <a 'java/lang/ClassNotFoundException'{0x00000000af8d61e8}: java/lang/BooleanCustomizer> (0x00000000af8d61e8) thrown at [./src/hotspot/share/classfile/systemDictionary.cpp, line 231]
Event: 60.840 Thread 0x000001f8444c0800 Exception <a 'java/lang/NoSuchMethodError'{0x00000000af750018}: 'void java.lang.invoke.DirectMethodHandle$Holder.invokeStatic(java.lang.Object, long)'> (0x00000000af750018) thrown at [./src/hotspot/share/interpreter/linkResolver.cpp, line 773]
Event: 60.841 Thread 0x000001f8444c0800 Exception <a 'java/lang/NoSuchMethodError'{0x00000000af754f88}: 'java.lang.Object java.lang.invoke.DirectMethodHandle$Holder.invokeStatic(java.lang.Object, long)'> (0x00000000af754f88) thrown at [./src/hotspot/share/interpreter/linkResolver.cpp, line 773]
Event: 60.849 Thread 0x000001f8444c0800 Exception <a 'java/lang/NoSuchMethodError'{0x00000000af763568}: 'java.lang.Object java.lang.invoke.DirectMethodHandle$Holder.invokeStaticInit(java.lang.Object, java.lang.Object, long, java.lang.Object)'> (0x00000000af763568) thrown at [./src/hotspot/share/interpreter/linkResolver.cpp, line 773]
Event: 60.850 Thread 0x000001f8444c0800 Exception <a 'java/lang/NoSuchMethodError'{0x00000000af769458}: 'java.lang.Object java.lang.invoke.DirectMethodHandle$Holder.invokeStatic(java.lang.Object, java.lang.Object, long)'> (0x00000000af769458) thrown at [./src/hotspot/share/interpreter/linkResolver.cpp, line 773]
Event: 60.851 Thread 0x000001f8444c0800 Exception <a 'java/lang/NoSuchMethodError'{0x00000000af76f9a0}: 'java.lang.Object java.lang.invoke.Invokers$Holder.linkToTargetMethod(java.lang.Object, long, java.lang.Object)'> (0x00000000af76f9a0) thrown at [./src/hotspot/share/interpreter/linkResolver.cpp, line 773]

Events (20 events):
Event: 60.791 loading class org/gradle/internal/operations/CurrentBuildOperationPreservingRunnable done
Event: 60.794 Thread 0x000001f8444c0800 Thread added: 0x000001f8444c0800
Event: 60.798 loading class java/lang/ProcessBuilder
Event: 60.799 loading class java/lang/ProcessBuilder done
Event: 60.799 loading class net/rubygrapefruit/platform/internal/jni/WindowsHandleFunctions
Event: 60.799 loading class net/rubygrapefruit/platform/internal/jni/WindowsHandleFunctions done
Event: 60.801 loading class java/lang/ProcessImpl
Event: 60.802 loading class java/lang/ProcessImpl done
Event: 60.844 loading class java/lang/ProcessHandleImpl
Event: 60.845 loading class java/lang/ProcessHandleImpl done
Event: 60.852 loading class java/lang/ProcessImpl$2
Event: 60.852 loading class java/lang/ProcessImpl$2 done
Event: 60.852 loading class java/lang/Process$PipeInputStream
Event: 60.852 loading class java/lang/Process$PipeInputStream done
Event: 60.852 Executing VM operation: Deoptimize
Event: 60.855 Executing VM operation: Deoptimize done
Event: 60.855 loading class org/gradle/process/internal/streams/ExecOutputHandleRunner
Event: 60.855 loading class org/gradle/process/internal/streams/ExecOutputHandleRunner done
Event: 60.858 Thread 0x000001f8444c3000 Thread added: 0x000001f8444c3000
Event: 60.858 Thread 0x000001f8444c2000 Thread added: 0x000001f8444c2000


Dynamic libraries:
0x00007ff6d8650000 - 0x00007ff6d865a000 	C:\Program Files\Android\Android Studio\jre\bin\java.exe
0x00007ff80b170000 - 0x00007ff80b384000 	C:\WINDOWS\SYSTEM32\ntdll.dll
0x00007ff80a280000 - 0x00007ff80a344000 	C:\WINDOWS\System32\KERNEL32.DLL
0x00007ff808b50000 - 0x00007ff808ef4000 	C:\WINDOWS\System32\KERNELBASE.dll
0x00007ff8085c0000 - 0x00007ff8086d1000 	C:\WINDOWS\System32\ucrtbase.dll
0x00007ffff66f0000 - 0x00007ffff6709000 	C:\Program Files\Android\Android Studio\jre\bin\jli.dll
0x00007ffff66d0000 - 0x00007ffff66e7000 	C:\Program Files\Android\Android Studio\jre\bin\VCRUNTIME140.dll
0x00007ff80aad0000 - 0x00007ff80ac7e000 	C:\WINDOWS\System32\USER32.dll
0x00007ff808590000 - 0x00007ff8085b6000 	C:\WINDOWS\System32\win32u.dll
0x00007ff80a250000 - 0x00007ff80a279000 	C:\WINDOWS\System32\GDI32.dll
0x00007ff8086e0000 - 0x00007ff8087f8000 	C:\WINDOWS\System32\gdi32full.dll
0x00007ff808ab0000 - 0x00007ff808b4a000 	C:\WINDOWS\System32\msvcp_win.dll
0x00007ffff0da0000 - 0x00007ffff1033000 	C:\WINDOWS\WinSxS\amd64_microsoft.windows.common-controls_6595b64144ccf1df_6.0.22621.2215_none_270d72677387dfc3\COMCTL32.dll
0x00007ff809e40000 - 0x00007ff809ee7000 	C:\WINDOWS\System32\msvcrt.dll
0x00007ff80a210000 - 0x00007ff80a241000 	C:\WINDOWS\System32\IMM32.DLL
0x00007ffff5370000 - 0x00007ffff540d000 	C:\Program Files\Android\Android Studio\jre\bin\msvcp140.dll
0x00007fffcbc90000 - 0x00007fffcc75f000 	C:\Program Files\Android\Android Studio\jre\bin\server\jvm.dll
0x00007ff80a990000 - 0x00007ff80aa40000 	C:\WINDOWS\System32\ADVAPI32.dll
0x00007ff80a8e0000 - 0x00007ff80a986000 	C:\WINDOWS\System32\sechost.dll
0x00007ff809f00000 - 0x00007ff80a017000 	C:\WINDOWS\System32\RPCRT4.dll
0x00007ff80aa40000 - 0x00007ff80aa48000 	C:\WINDOWS\System32\PSAPI.DLL
0x00007fffe7800000 - 0x00007fffe7809000 	C:\WINDOWS\SYSTEM32\WSOCK32.dll
0x00007ff80b0b0000 - 0x00007ff80b121000 	C:\WINDOWS\System32\WS2_32.dll
0x00007ff8000b0000 - 0x00007ff8000e4000 	C:\WINDOWS\SYSTEM32\WINMM.dll
0x00007ff8016b0000 - 0x00007ff8016ba000 	C:\WINDOWS\SYSTEM32\VERSION.dll
0x00007ff807520000 - 0x00007ff807538000 	C:\WINDOWS\SYSTEM32\kernel.appcore.dll
0x00007fffff940000 - 0x00007fffff951000 	C:\Program Files\Android\Android Studio\jre\bin\verify.dll
0x00007ffff2710000 - 0x00007ffff293e000 	C:\WINDOWS\SYSTEM32\DBGHELP.DLL
0x00007ff809280000 - 0x00007ff80960a000 	C:\WINDOWS\System32\combase.dll
0x00007ff80ae60000 - 0x00007ff80af37000 	C:\WINDOWS\System32\OLEAUT32.dll
0x00007ffff26d0000 - 0x00007ffff2702000 	C:\WINDOWS\SYSTEM32\dbgcore.DLL
0x00007ff808970000 - 0x00007ff8089ea000 	C:\WINDOWS\System32\bcryptPrimitives.dll
0x00007fffec130000 - 0x00007fffec159000 	C:\Program Files\Android\Android Studio\jre\bin\java.dll
0x00007ff800b40000 - 0x00007ff800b4b000 	C:\Program Files\Android\Android Studio\jre\bin\jimage.dll
0x00007ffffaf60000 - 0x00007ffffaf78000 	C:\Program Files\Android\Android Studio\jre\bin\zip.dll
0x00007ff809610000 - 0x00007ff809e33000 	C:\WINDOWS\System32\SHELL32.dll
0x00007ff8064b0000 - 0x00007ff806d9a000 	C:\WINDOWS\SYSTEM32\windows.storage.dll
0x00007ff806370000 - 0x00007ff8064ae000 	C:\WINDOWS\SYSTEM32\wintypes.dll
0x00007ff80ad60000 - 0x00007ff80ae53000 	C:\WINDOWS\System32\SHCORE.dll
0x00007ff80acf0000 - 0x00007ff80ad4e000 	C:\WINDOWS\System32\shlwapi.dll
0x00007ff808450000 - 0x00007ff808476000 	C:\WINDOWS\SYSTEM32\profapi.dll
0x00007fffec110000 - 0x00007fffec12a000 	C:\Program Files\Android\Android Studio\jre\bin\net.dll
0x00007fffff6f0000 - 0x00007fffff827000 	C:\WINDOWS\SYSTEM32\WINHTTP.dll
0x00007ff8079f0000 - 0x00007ff807a59000 	C:\WINDOWS\system32\mswsock.dll
0x00007fffec0f0000 - 0x00007fffec104000 	C:\Program Files\Android\Android Studio\jre\bin\nio.dll
0x00007ffff65f0000 - 0x00007ffff6617000 	C:\Users\casey\.gradle\native\e1d6ef7f7dcc3fd88c89a11ec53ec762bb8ba0a96d01ffa2cd45eb1d1d8dd5c5\windows-amd64\native-platform.dll
0x00007fffde340000 - 0x00007fffde484000 	C:\Users\casey\.gradle\native\0d407fdbe67a94daf76414ababcb853783967236a71b16ec16e742cd7a986fd3\windows-amd64\native-platform-file-events.dll
0x00007ff8008f0000 - 0x00007ff8008fa000 	C:\Program Files\Android\Android Studio\jre\bin\management.dll
0x00007fffffa60000 - 0x00007fffffa6c000 	C:\Program Files\Android\Android Studio\jre\bin\management_ext.dll
0x00007ff807c40000 - 0x00007ff807c5b000 	C:\WINDOWS\SYSTEM32\CRYPTSP.dll
0x00007ff8074e0000 - 0x00007ff807515000 	C:\WINDOWS\system32\rsaenh.dll
0x00007ff807ae0000 - 0x00007ff807b0c000 	C:\WINDOWS\SYSTEM32\USERENV.dll
0x00007ff807de0000 - 0x00007ff807e08000 	C:\WINDOWS\SYSTEM32\bcrypt.dll
0x00007ff807c60000 - 0x00007ff807c6c000 	C:\WINDOWS\SYSTEM32\CRYPTBASE.dll
0x00007ff807000000 - 0x00007ff80702d000 	C:\WINDOWS\SYSTEM32\IPHLPAPI.DLL
0x00007ff809ef0000 - 0x00007ff809ef9000 	C:\WINDOWS\System32\NSI.dll
0x00007ff800010000 - 0x00007ff800029000 	C:\WINDOWS\SYSTEM32\dhcpcsvc6.DLL
0x00007fffff450000 - 0x00007fffff46f000 	C:\WINDOWS\SYSTEM32\dhcpcsvc.DLL
0x00007ff807070000 - 0x00007ff807162000 	C:\WINDOWS\SYSTEM32\DNSAPI.dll

dbghelp: loaded successfully - version: 4.0.5 - missing functions: none
symbol engine: initialized successfully - sym options: 0x614 - pdb path: .;C:\Program Files\Android\Android Studio\jre\bin;C:\WINDOWS\SYSTEM32;C:\WINDOWS\WinSxS\amd64_microsoft.windows.common-controls_6595b64144ccf1df_6.0.22621.2215_none_270d72677387dfc3;C:\Program Files\Android\Android Studio\jre\bin\server;C:\Users\casey\.gradle\native\e1d6ef7f7dcc3fd88c89a11ec53ec762bb8ba0a96d01ffa2cd45eb1d1d8dd5c5\windows-amd64;C:\Users\casey\.gradle\native\0d407fdbe67a94daf76414ababcb853783967236a71b16ec16e742cd7a986fd3\windows-amd64

VM Arguments:
jvm_args: --add-opens=java.base/java.util=ALL-UNNAMED --add-opens=java.base/java.lang=ALL-UNNAMED --add-opens=java.base/java.lang.invoke=ALL-UNNAMED --add-opens=java.base/java.util=ALL-UNNAMED --add-opens=java.prefs/java.util.prefs=ALL-UNNAMED --add-opens=java.prefs/java.util.prefs=ALL-UNNAMED --add-opens=java.base/java.nio.charset=ALL-UNNAMED --add-opens=java.base/java.net=ALL-UNNAMED --add-opens=java.base/java.util.concurrent.atomic=ALL-UNNAMED -Xmx1536M -Dfile.encoding=windows-1252 -Duser.country=GB -Duser.language=en -Duser.variant 
java_command: org.gradle.launcher.daemon.bootstrap.GradleDaemon 7.4
java_class_path (initial): C:\Users\casey\.gradle\wrapper\dists\gradle-7.4-all\aadb4xli5jkdsnukm30eibyiu\gradle-7.4\lib\gradle-launcher-7.4.jar
Launcher Type: SUN_STANDARD

[Global flags]
     intx CICompilerCount                          = 3                                         {product} {ergonomic}
     uint ConcGCThreads                            = 1                                         {product} {ergonomic}
     uint G1ConcRefinementThreads                  = 4                                         {product} {ergonomic}
   size_t G1HeapRegionSize                         = 1048576                                   {product} {ergonomic}
    uintx GCDrainStackTargetSize                   = 64                                        {product} {ergonomic}
   size_t InitialHeapSize                          = 58720256                                  {product} {ergonomic}
   size_t MarkStackSize                            = 4194304                                   {product} {ergonomic}
   size_t MaxHeapSize                              = 1610612736                                {product} {command line}
   size_t MaxNewSize                               = 965738496                                 {product} {ergonomic}
   size_t MinHeapDeltaBytes                        = 1048576                                   {product} {ergonomic}
    uintx NonNMethodCodeHeapSize                   = 5830732                                {pd product} {ergonomic}
    uintx NonProfiledCodeHeapSize                  = 122913754                              {pd product} {ergonomic}
    uintx ProfiledCodeHeapSize                     = 122913754                              {pd product} {ergonomic}
    uintx ReservedCodeCacheSize                    = 251658240                              {pd product} {ergonomic}
     bool SegmentedCodeCache                       = true                                      {product} {ergonomic}
     bool UseCompressedClassPointers               = true                                 {lp64_product} {ergonomic}
     bool UseCompressedOops                        = true                                 {lp64_product} {ergonomic}
     bool UseG1GC                                  = true                                      {product} {ergonomic}
     bool UseLargePagesIndividualAllocation        = false                                  {pd product} {ergonomic}

Logging:
Log output configuration:
 #0: stdout all=warning uptime,level,tags
 #1: stderr all=off uptime,level,tags

Environment Variables:
JAVA_HOME=C:\Program Files\Android\Android Studio\jre
CLASSPATH=C:\Users\casey\Downloads\cmpets\android\\gradle\wrapper\gradle-wrapper.jar
PATH=C:\Ruby32-x64\bin;C:\Program Files\Eclipse Adoptium\jdk-17.0.1.12-hotspot\bin;C:\Program Files\Common Files\Oracle\Java\javapath;C:\WINDOWS\system32;C:\WINDOWS;C:\WINDOWS\System32\Wbem;C:\WINDOWS\System32\WindowsPowerShell\v1.0\;C:\WINDOWS\System32\OpenSSH\;C:\Program Files\nodejs\;C:\ProgramData\chocolatey\bin;C:\Program Files\dotnet\;C:\Program Files\Microsoft SQL Server\130\Tools\Binn\;C:\Program Files\Microsoft SQL Server\Client SDK\ODBC\170\Tools\Binn\;%MAVEN_HOME%\bin\mvn*;%JAVA_HOME%\bin;C:\Users\casey\AppData\Roaming\npm;C:\Users\casey\AppData\Local\Android\Sdk\platform-tools;C:\Program Files\Git\cmd;C:\Program Files\Tailscale\;C:\Users\casey\AppData\Local\Pub\Cache\bin;C:\Users\casey\Downloads\flutter_windows_3.10.1-stable\flutter\bin\cache\dart-sdk\bin;C:\Users\casey\Downloads\flutter_windows_3.10.1-stable\flutter\bin;C:\Program Files (x86)\Microsoft SQL Server\160\DTS\Binn\;C:\Program Files\Azure Data Studio\bin;C:\Program Files (x86)\BrowserStackLocal\;C:\Users\casey\AppData\Local\Programs\Microsoft VS Code\bin;C:\Users\casey\AppData\Local\Microsoft\WindowsApps;C:\Program Files\heroku\bin;;C:\Program Files\Azure Data Studio\bin;C:\Users\casey\Downloads\flutter_windows_3.10.1-stable\flutter\bin\mingit\cmd
USERNAME=casey
OS=Windows_NT
PROCESSOR_IDENTIFIER=AMD64 Family 23 Model 24 Stepping 1, AuthenticAMD



---------------  S Y S T E M  ---------------

OS: Windows 10 , 64 bit Build 22621 (10.0.22621.2215)
OS uptime: 0 days 9:25 hours

CPU:total 4 (initial active 4) (4 cores per cpu, 2 threads per core) family 23 model 24 stepping 1 microcode 0x0, cmov, cx8, fxsr, mmx, sse, sse2, sse3, ssse3, sse4.1, sse4.2, popcnt, avx, avx2, aes, clmul, mmxext, 3dnowpref, lzcnt, sse4a, ht, tsc, tscinvbit, tscinv, bmi1, bmi2, adx, s

Memory: 4k page, system-wide physical 3460M (660M free)
TotalPageFile size 14053M (AvailPageFile size 948M)
current process WorkingSet (physical memory assigned to process): 54M, peak: 418M
current process commit charge ("private bytes"): 585M, peak: 594M

vm_info: OpenJDK 64-Bit Server VM (11.0.10+0-b96-7249189) for windows-amd64 JRE (11.0.10+0-b96-7249189), built on Mar 31 2021 21:44:00 by "builder" with MS VC++ 14.0 (VS2015)

END.
