#
# There is insufficient memory for the Java Runtime Environment to continue.
# Native memory allocation (malloc) failed to allocate 196976 bytes for Chunk::new
# Possible reasons:
#   The system is out of physical RAM or swap space
#   The process is running with CompressedOops enabled, and the Java Heap may be blocking the growth of the native heap
# Possible solutions:
#   Reduce memory load on the system
#   Increase physical memory or swap space
#   Check if swap backing store is full
#   Decrease Java heap size (-Xmx/-Xms)
#   Decrease number of Java threads
#   Decrease Java thread stack sizes (-Xss)
#   Set larger code cache with -XX:ReservedCodeCacheSize=
#   JVM is running with Unscaled Compressed Oops mode in which the Java heap is
#     placed in the first 4GB address space. The Java Heap base address is the
#     maximum limit for the native heap growth. Please use -XX:HeapBaseMinAddress
#     to set the Java Heap base and to place the Java Heap above 4GB virtual address.
# This output file may be truncated or incomplete.
#
#  Out of Memory Error (./src/hotspot/share/memory/arena.cpp:197), pid=14088, tid=8900
#
# JRE version: OpenJDK Runtime Environment (11.0.10) (build 11.0.10+0-b96-7249189)
# Java VM: OpenJDK 64-Bit Server VM (11.0.10+0-b96-7249189, mixed mode, tiered, compressed oops, g1 gc, windows-amd64)
# No core dump will be written. Minidumps are not enabled by default on client versions of Windows
#

---------------  S U M M A R Y ------------

Command Line: --add-opens=java.base/java.util=ALL-UNNAMED --add-opens=java.base/java.lang=ALL-UNNAMED --add-opens=java.base/java.lang.invoke=ALL-UNNAMED --add-opens=java.base/java.util=ALL-UNNAMED --add-opens=java.prefs/java.util.prefs=ALL-UNNAMED --add-opens=java.prefs/java.util.prefs=ALL-UNNAMED --add-opens=java.base/java.nio.charset=ALL-UNNAMED --add-opens=java.base/java.net=ALL-UNNAMED --add-opens=java.base/java.util.concurrent.atomic=ALL-UNNAMED -Xmx1536M -Dfile.encoding=windows-1252 -Duser.country=GB -Duser.language=en -Duser.variant org.gradle.launcher.daemon.bootstrap.GradleDaemon 7.4

Host: AMD Athlon 300U with Radeon Vega Mobile Gfx    , 4 cores, 3G,  Windows 10 , 64 bit Build 22621 (10.0.22621.2070)
Time: Sun Sep 10 22:35:26 2023 GMT Summer Time elapsed time: 93.791794 seconds (0d 0h 1m 33s)

---------------  T H R E A D  ---------------

Current thread (0x000001eb70130800):  JavaThread "C2 CompilerThread0" daemon [_thread_in_native, id=8900, stack(0x000000074fc00000,0x000000074fd00000)]


Current CompileTask:
C2:  93792 16253       4       org.gradle.internal.logging.text.AbstractLineChoppingStyledTextOutput::doAppend (43 bytes)

Stack: [0x000000074fc00000,0x000000074fd00000]
Native frames: (J=compiled Java code, j=interpreted, Vv=VM code, C=native code)
V  [jvm.dll+0x5ecfaa]
V  [jvm.dll+0x722bd5]
V  [jvm.dll+0x72412d]
V  [jvm.dll+0x7247e3]
V  [jvm.dll+0x242928]
V  [jvm.dll+0xbc4fc]
V  [jvm.dll+0xbca0c]
V  [jvm.dll+0x352d7d]
V  [jvm.dll+0x19800c]
V  [jvm.dll+0x1fb70e]
V  [jvm.dll+0x1fa7f4]
V  [jvm.dll+0x18354c]
V  [jvm.dll+0x208ee7]
V  [jvm.dll+0x207731]
V  [jvm.dll+0x6eb1cf]
V  [jvm.dll+0x6e3d45]
V  [jvm.dll+0x5ebe96]
C  [ucrtbase.dll+0x29363]
C  [KERNEL32.DLL+0x126ad]
C  [ntdll.dll+0x5aa68]


---------------  P R O C E S S  ---------------

Threads class SMR info:
_java_thread_list=0x000001eb78929a00, length=89, elements={
0x000001eb5781f000, 0x000001eb700c6000, 0x000001eb700c7800, 0x000001eb7012a000,
0x000001eb7012b000, 0x000001eb7012e800, 0x000001eb70130800, 0x000001eb70137800,
0x000001eb7013a800, 0x000001eb70b8e800, 0x000001eb72584000, 0x000001eb7238f800,
0x000001eb72e79800, 0x000001eb72378000, 0x000001eb72322800, 0x000001eb71bdb000,
0x000001eb72b2a000, 0x000001eb72a40800, 0x000001eb72a41000, 0x000001eb72e0b800,
0x000001eb72e07800, 0x000001eb72e0c800, 0x000001eb72e0d000, 0x000001eb72e08000,
0x000001eb72e09000, 0x000001eb72e0e000, 0x000001eb72e0a000, 0x000001eb72e0a800,
0x000001eb74ef1000, 0x000001eb74ef5000, 0x000001eb74ef2000, 0x000001eb74ef2800,
0x000001eb74ef3800, 0x000001eb74ef0000, 0x000001eb74efa000, 0x000001eb74ef8800,
0x000001eb74efa800, 0x000001eb74ef6000, 0x000001eb74efb800, 0x000001eb74ef6800,
0x000001eb74ef9000, 0x000001eb74efc800, 0x000001eb74efd000, 0x000001eb74ef7800,
0x000001eb74efe000, 0x000001eb75923800, 0x000001eb75927800, 0x000001eb75926000,
0x000001eb75924800, 0x000001eb75928800, 0x000001eb75925000, 0x000001eb75927000,
0x000001eb75922800, 0x000001eb7592a000, 0x000001eb7592c800, 0x000001eb75929000,
0x000001eb7592e000, 0x000001eb7592b800, 0x000001eb7592f800, 0x000001eb7592b000,
0x000001eb7592d800, 0x000001eb7592f000, 0x000001eb75930800, 0x000001eb75931800,
0x000001eb738d3000, 0x000001eb738d8800, 0x000001eb738d8000, 0x000001eb738d4800,
0x000001eb738d4000, 0x000001eb738d9800, 0x000001eb738db000, 0x000001eb738da800,
0x000001eb738d5800, 0x000001eb738dc000, 0x000001eb738d7000, 0x000001eb738d6800,
0x000001eb738dd000, 0x000001eb738dd800, 0x000001eb738de800, 0x000001eb738df000,
0x000001eb738e0000, 0x000001eb738e1000, 0x000001eb7503d800, 0x000001eb7503e800,
0x000001eb75042000, 0x000001eb7503c000, 0x000001eb7503f800, 0x000001eb75040000,
0x000001eb75042800
}

Java Threads: ( => current thread )
  0x000001eb5781f000 JavaThread "main" [_thread_blocked, id=15676, stack(0x000000074f000000,0x000000074f100000)]
  0x000001eb700c6000 JavaThread "Reference Handler" daemon [_thread_blocked, id=16616, stack(0x000000074f700000,0x000000074f800000)]
  0x000001eb700c7800 JavaThread "Finalizer" daemon [_thread_blocked, id=18064, stack(0x000000074f800000,0x000000074f900000)]
  0x000001eb7012a000 JavaThread "Signal Dispatcher" daemon [_thread_blocked, id=13320, stack(0x000000074f900000,0x000000074fa00000)]
  0x000001eb7012b000 JavaThread "Attach Listener" daemon [_thread_blocked, id=15304, stack(0x000000074fa00000,0x000000074fb00000)]
  0x000001eb7012e800 JavaThread "Service Thread" daemon [_thread_blocked, id=15920, stack(0x000000074fb00000,0x000000074fc00000)]
=>0x000001eb70130800 JavaThread "C2 CompilerThread0" daemon [_thread_in_native, id=8900, stack(0x000000074fc00000,0x000000074fd00000)]
  0x000001eb70137800 JavaThread "C1 CompilerThread0" daemon [_thread_blocked, id=2548, stack(0x000000074fd00000,0x000000074fe00000)]
  0x000001eb7013a800 JavaThread "Sweeper thread" daemon [_thread_blocked, id=13128, stack(0x000000074fe00000,0x000000074ff00000)]
  0x000001eb70b8e800 JavaThread "Common-Cleaner" daemon [_thread_blocked, id=7328, stack(0x000000074ff00000,0x0000000750000000)]
  0x000001eb72584000 JavaThread "Daemon health stats" [_thread_blocked, id=15976, stack(0x0000000750200000,0x0000000750300000)]
  0x000001eb7238f800 JavaThread "Incoming local TCP Connector on port 64674" [_thread_in_native, id=9308, stack(0x0000000750300000,0x0000000750400000)]
  0x000001eb72e79800 JavaThread "Daemon periodic checks" [_thread_blocked, id=16676, stack(0x0000000750400000,0x0000000750500000)]
  0x000001eb72378000 JavaThread "Daemon" [_thread_blocked, id=12772, stack(0x0000000750500000,0x0000000750600000)]
  0x000001eb72322800 JavaThread "Handler for socket connection from /127.0.0.1:64674 to /127.0.0.1:64675" [_thread_in_native, id=5064, stack(0x0000000750600000,0x0000000750700000)]
  0x000001eb71bdb000 JavaThread "Cancel handler" [_thread_blocked, id=16832, stack(0x0000000750700000,0x0000000750800000)]
  0x000001eb72b2a000 JavaThread "Daemon worker" [_thread_blocked, id=13780, stack(0x0000000750800000,0x0000000750900000)]
  0x000001eb72a40800 JavaThread "Asynchronous log dispatcher for DefaultDaemonConnection: socket connection from /127.0.0.1:64674 to /127.0.0.1:64675" [_thread_blocked, id=13620, stack(0x0000000750900000,0x0000000750a00000)]
  0x000001eb72a41000 JavaThread "Stdin handler" [_thread_blocked, id=11548, stack(0x0000000750a00000,0x0000000750b00000)]
  0x000001eb72e0b800 JavaThread "Daemon client event forwarder" [_thread_blocked, id=10632, stack(0x0000000750b00000,0x0000000750c00000)]
  0x000001eb72e07800 JavaThread "Cache worker for journal cache (C:\Users\casey\.gradle\caches\journal-1)" [_thread_blocked, id=12932, stack(0x0000000750e00000,0x0000000750f00000)]
  0x000001eb72e0c800 JavaThread "File lock request listener" [_thread_in_native, id=15420, stack(0x0000000750f00000,0x0000000751000000)]
  0x000001eb72e0d000 JavaThread "Cache worker for file hash cache (C:\Users\casey\.gradle\caches\7.4\fileHashes)" [_thread_blocked, id=16800, stack(0x0000000751000000,0x0000000751100000)]
  0x000001eb72e08000 JavaThread "File watcher server" daemon [_thread_in_native, id=18216, stack(0x0000000751100000,0x0000000751200000)]
  0x000001eb72e09000 JavaThread "File watcher consumer" daemon [_thread_blocked, id=18052, stack(0x0000000751200000,0x0000000751300000)]
  0x000001eb72e0e000 JavaThread "Cache worker for checksums cache (C:\Users\casey\Downloads\cmpets\android\.gradle\7.4\checksums)" [_thread_blocked, id=18076, stack(0x0000000751300000,0x0000000751400000)]
  0x000001eb72e0a000 JavaThread "Cache worker for cache directory md-rule (C:\Users\casey\.gradle\caches\7.4\md-rule)" [_thread_blocked, id=5660, stack(0x0000000751400000,0x0000000751500000)]
  0x000001eb72e0a800 JavaThread "Cache worker for file hash cache (C:\Users\casey\Downloads\cmpets\android\.gradle\7.4\fileHashes)" [_thread_blocked, id=16332, stack(0x0000000751500000,0x0000000751600000)]
  0x000001eb74ef1000 JavaThread "Cache worker for cache directory md-supplier (C:\Users\casey\.gradle\caches\7.4\md-supplier)" [_thread_blocked, id=12836, stack(0x0000000751600000,0x0000000751700000)]
  0x000001eb74ef5000 JavaThread "Cache worker for execution history cache (C:\Users\casey\.gradle\caches\7.4\executionHistory)" [_thread_blocked, id=13760, stack(0x0000000751700000,0x0000000751800000)]
  0x000001eb74ef2000 JavaThread "jar transforms" [_thread_blocked, id=15156, stack(0x0000000751800000,0x0000000751900000)]
  0x000001eb74ef2800 JavaThread "jar transforms Thread 2" [_thread_blocked, id=8912, stack(0x0000000751900000,0x0000000751a00000)]
  0x000001eb74ef3800 JavaThread "Cache worker for file content cache (C:\Users\casey\.gradle\caches\7.4\fileContent)" [_thread_blocked, id=14604, stack(0x0000000751a00000,0x0000000751b00000)]
  0x000001eb74ef0000 JavaThread "jar transforms Thread 3" [_thread_blocked, id=14648, stack(0x0000000751b00000,0x0000000751c00000)]
  0x000001eb74efa000 JavaThread "jar transforms Thread 4" [_thread_blocked, id=14332, stack(0x0000000751c00000,0x0000000751d00000)]
  0x000001eb74ef8800 JavaThread "Cache worker for dependencies-accessors (C:\Users\casey\Downloads\cmpets\android\.gradle\7.4\dependencies-accessors)" [_thread_blocked, id=16808, stack(0x0000000751d00000,0x0000000751e00000)]
  0x000001eb74efa800 JavaThread "Cache worker for Build Output Cleanup Cache (C:\Users\casey\Downloads\cmpets\android\.gradle\buildOutputCleanup)" [_thread_blocked, id=1360, stack(0x0000000751e00000,0x0000000751f00000)]
  0x000001eb74ef6000 JavaThread "Unconstrained build operations" [_thread_blocked, id=7984, stack(0x0000000751f00000,0x0000000752000000)]
  0x000001eb74efb800 JavaThread "Unconstrained build operations Thread 2" [_thread_blocked, id=8124, stack(0x0000000752000000,0x0000000752100000)]
  0x000001eb74ef6800 JavaThread "Unconstrained build operations Thread 3" [_thread_blocked, id=13632, stack(0x0000000752100000,0x0000000752200000)]
  0x000001eb74ef9000 JavaThread "Unconstrained build operations Thread 4" [_thread_blocked, id=14060, stack(0x0000000752200000,0x0000000752300000)]
  0x000001eb74efc800 JavaThread "Unconstrained build operations Thread 5" [_thread_blocked, id=8172, stack(0x0000000752300000,0x0000000752400000)]
  0x000001eb74efd000 JavaThread "Unconstrained build operations Thread 6" [_thread_blocked, id=17288, stack(0x0000000752400000,0x0000000752500000)]
  0x000001eb74ef7800 JavaThread "Unconstrained build operations Thread 7" [_thread_blocked, id=18420, stack(0x0000000752500000,0x0000000752600000)]
  0x000001eb74efe000 JavaThread "Unconstrained build operations Thread 8" [_thread_blocked, id=1184, stack(0x0000000752600000,0x0000000752700000)]
  0x000001eb75923800 JavaThread "Unconstrained build operations Thread 9" [_thread_blocked, id=14664, stack(0x0000000752700000,0x0000000752800000)]
  0x000001eb75927800 JavaThread "Unconstrained build operations Thread 10" [_thread_blocked, id=13396, stack(0x0000000752800000,0x0000000752900000)]
  0x000001eb75926000 JavaThread "Unconstrained build operations Thread 11" [_thread_blocked, id=18152, stack(0x0000000752900000,0x0000000752a00000)]
  0x000001eb75924800 JavaThread "Unconstrained build operations Thread 12" [_thread_blocked, id=1240, stack(0x0000000752a00000,0x0000000752b00000)]
  0x000001eb75928800 JavaThread "Unconstrained build operations Thread 13" [_thread_blocked, id=5464, stack(0x0000000752b00000,0x0000000752c00000)]
  0x000001eb75925000 JavaThread "Unconstrained build operations Thread 14" [_thread_blocked, id=15268, stack(0x0000000752c00000,0x0000000752d00000)]
  0x000001eb75927000 JavaThread "Unconstrained build operations Thread 15" [_thread_blocked, id=15588, stack(0x0000000752d00000,0x0000000752e00000)]
  0x000001eb75922800 JavaThread "Unconstrained build operations Thread 16" [_thread_blocked, id=6316, stack(0x0000000752e00000,0x0000000752f00000)]
  0x000001eb7592a000 JavaThread "Unconstrained build operations Thread 17" [_thread_blocked, id=17844, stack(0x0000000752f00000,0x0000000753000000)]
  0x000001eb7592c800 JavaThread "Unconstrained build operations Thread 18" [_thread_blocked, id=6644, stack(0x0000000753000000,0x0000000753100000)]
  0x000001eb75929000 JavaThread "Unconstrained build operations Thread 19" [_thread_blocked, id=11676, stack(0x0000000753100000,0x0000000753200000)]
  0x000001eb7592e000 JavaThread "Unconstrained build operations Thread 20" [_thread_blocked, id=18080, stack(0x0000000753200000,0x0000000753300000)]
  0x000001eb7592b800 JavaThread "Unconstrained build operations Thread 21" [_thread_blocked, id=18424, stack(0x0000000753300000,0x0000000753400000)]
  0x000001eb7592f800 JavaThread "Unconstrained build operations Thread 22" [_thread_blocked, id=14672, stack(0x0000000753400000,0x0000000753500000)]
  0x000001eb7592b000 JavaThread "Unconstrained build operations Thread 23" [_thread_blocked, id=3772, stack(0x0000000753500000,0x0000000753600000)]
  0x000001eb7592d800 JavaThread "Unconstrained build operations Thread 24" [_thread_blocked, id=14528, stack(0x0000000753600000,0x0000000753700000)]
  0x000001eb7592f000 JavaThread "Unconstrained build operations Thread 25" [_thread_blocked, id=12728, stack(0x0000000753700000,0x0000000753800000)]
  0x000001eb75930800 JavaThread "Unconstrained build operations Thread 26" [_thread_blocked, id=11084, stack(0x0000000753800000,0x0000000753900000)]
  0x000001eb75931800 JavaThread "Unconstrained build operations Thread 27" [_thread_blocked, id=5240, stack(0x0000000753900000,0x0000000753a00000)]
  0x000001eb738d3000 JavaThread "Unconstrained build operations Thread 28" [_thread_blocked, id=10624, stack(0x0000000753a00000,0x0000000753b00000)]
  0x000001eb738d8800 JavaThread "Unconstrained build operations Thread 29" [_thread_blocked, id=17560, stack(0x0000000753b00000,0x0000000753c00000)]
  0x000001eb738d8000 JavaThread "Unconstrained build operations Thread 30" [_thread_blocked, id=13536, stack(0x0000000753c00000,0x0000000753d00000)]
  0x000001eb738d4800 JavaThread "Unconstrained build operations Thread 31" [_thread_blocked, id=11188, stack(0x0000000753d00000,0x0000000753e00000)]
  0x000001eb738d4000 JavaThread "Unconstrained build operations Thread 32" [_thread_blocked, id=12544, stack(0x0000000753e00000,0x0000000753f00000)]
  0x000001eb738d9800 JavaThread "Unconstrained build operations Thread 33" [_thread_blocked, id=15488, stack(0x0000000753f00000,0x0000000754000000)]
  0x000001eb738db000 JavaThread "Unconstrained build operations Thread 34" [_thread_blocked, id=17528, stack(0x0000000754000000,0x0000000754100000)]
  0x000001eb738da800 JavaThread "Unconstrained build operations Thread 35" [_thread_blocked, id=13008, stack(0x0000000754100000,0x0000000754200000)]
  0x000001eb738d5800 JavaThread "Unconstrained build operations Thread 36" [_thread_blocked, id=16312, stack(0x0000000754200000,0x0000000754300000)]
  0x000001eb738dc000 JavaThread "Unconstrained build operations Thread 37" [_thread_blocked, id=15024, stack(0x0000000754300000,0x0000000754400000)]
  0x000001eb738d7000 JavaThread "Unconstrained build operations Thread 38" [_thread_blocked, id=9532, stack(0x0000000754400000,0x0000000754500000)]
  0x000001eb738d6800 JavaThread "Unconstrained build operations Thread 39" [_thread_blocked, id=12844, stack(0x0000000754500000,0x0000000754600000)]
  0x000001eb738dd000 JavaThread "Unconstrained build operations Thread 40" [_thread_blocked, id=14680, stack(0x0000000754600000,0x0000000754700000)]
  0x000001eb738dd800 JavaThread "Memory manager" [_thread_blocked, id=17848, stack(0x0000000754700000,0x0000000754800000)]
  0x000001eb738de800 JavaThread "Cache worker for kotlin-dsl (C:\Users\casey\.gradle\caches\7.4\kotlin-dsl)" [_thread_blocked, id=12152, stack(0x0000000754800000,0x0000000754900000)]
  0x000001eb738df000 JavaThread "pool-3-thread-1" [_thread_blocked, id=8936, stack(0x0000000754b00000,0x0000000754c00000)]
  0x000001eb738e0000 JavaThread "build event listener" [_thread_blocked, id=12136, stack(0x0000000754c00000,0x0000000754d00000)]
  0x000001eb738e1000 JavaThread "included builds" [_thread_blocked, id=12200, stack(0x0000000754d00000,0x0000000754e00000)]
  0x000001eb7503d800 JavaThread "Execution worker for ':'" [_thread_blocked, id=16340, stack(0x0000000754e00000,0x0000000754f00000)]
  0x000001eb7503e800 JavaThread "Execution worker for ':' Thread 2" [_thread_blocked, id=17496, stack(0x0000000754f00000,0x0000000755000000)]
  0x000001eb75042000 JavaThread "Execution worker for ':' Thread 3" [_thread_blocked, id=14280, stack(0x0000000755000000,0x0000000755100000)]
  0x000001eb7503c000 JavaThread "Cache worker for execution history cache (C:\Users\casey\Downloads\cmpets\android\.gradle\7.4\executionHistory)" [_thread_blocked, id=10528, stack(0x0000000755100000,0x0000000755200000)]
  0x000001eb7503f800 JavaThread "Exec process" [_thread_in_native, id=6452, stack(0x000000074ed00000,0x000000074ee00000)]
  0x000001eb75040000 JavaThread "Exec process Thread 2" [_thread_in_native, id=15732, stack(0x000000074ee00000,0x000000074ef00000)]
  0x000001eb75042800 JavaThread "Exec process Thread 3" [_thread_in_native, id=2004, stack(0x000000074ef00000,0x000000074f000000)]

Other Threads:
  0x000001eb7009f000 VMThread "VM Thread" [stack: 0x000000074f600000,0x000000074f700000] [id=15200]
  0x000001eb70bb9800 WatcherThread [stack: 0x0000000750000000,0x0000000750100000] [id=9156]
  0x000001eb57838000 GCTaskThread "GC Thread#0" [stack: 0x000000074f100000,0x000000074f200000] [id=12388]
  0x000001eb71455800 GCTaskThread "GC Thread#1" [stack: 0x0000000750100000,0x0000000750200000] [id=14436]
  0x000001eb7233d800 GCTaskThread "GC Thread#2" [stack: 0x0000000750c00000,0x0000000750d00000] [id=18164]
  0x000001eb72504800 GCTaskThread "GC Thread#3" [stack: 0x0000000750d00000,0x0000000750e00000] [id=8144]
  0x000001eb5785e800 ConcurrentGCThread "G1 Main Marker" [stack: 0x000000074f200000,0x000000074f300000] [id=10420]
  0x000001eb5785f800 ConcurrentGCThread "G1 Conc#0" [stack: 0x000000074f300000,0x000000074f400000] [id=17996]
  0x000001eb578a7800 ConcurrentGCThread "G1 Refine#0" [stack: 0x000000074f400000,0x000000074f500000] [id=9208]
  0x000001eb578a8800 ConcurrentGCThread "G1 Young RemSet Sampling" [stack: 0x000000074f500000,0x000000074f600000] [id=17792]

Threads with active compile tasks:
C2 CompilerThread0  93869 16253       4       org.gradle.internal.logging.text.AbstractLineChoppingStyledTextOutput::doAppend (43 bytes)

VM state:not at safepoint (normal execution)

VM Mutex/Monitor currently owned by a thread: None

Heap address: 0x00000000a0000000, size: 1536 MB, Compressed Oops mode: 32-bit
Narrow klass base: 0x0000000000000000, Narrow klass shift: 3
Compressed class space size: 1073741824 Address: 0x0000000100000000

Heap:
 garbage-first heap   total 254976K, used 190769K [0x00000000a0000000, 0x0000000100000000)
  region size 1024K, 9 young (9216K), 1 survivors (1024K)
 Metaspace       used 100827K, capacity 105426K, committed 105680K, reserved 1140736K
  class space    used 13040K, capacity 14465K, committed 14592K, reserved 1048576K
Heap Regions: E=young(eden), S=young(survivor), O=old, HS=humongous(starts), HC=humongous(continues), CS=collection set, F=free, A=archive, TAMS=top-at-mark-start (previous, next)
|   0|0x00000000a0000000, 0x00000000a0100000, 0x00000000a0100000|100%|HS|  |TAMS 0x00000000a0100000, 0x00000000a0000000| Complete 
|   1|0x00000000a0100000, 0x00000000a0200000, 0x00000000a0200000|100%|HC|  |TAMS 0x00000000a0200000, 0x00000000a0100000| Complete 
|   2|0x00000000a0200000, 0x00000000a0300000, 0x00000000a0300000|100%|HC|  |TAMS 0x00000000a0300000, 0x00000000a0200000| Complete 
|   3|0x00000000a0300000, 0x00000000a0400000, 0x00000000a0400000|100%| O|  |TAMS 0x00000000a0400000, 0x00000000a0300000| Untracked 
|   4|0x00000000a0400000, 0x00000000a0500000, 0x00000000a0500000|100%| O|  |TAMS 0x00000000a0500000, 0x00000000a0400000| Untracked 
|   5|0x00000000a0500000, 0x00000000a0600000, 0x00000000a0600000|100%| O|  |TAMS 0x00000000a0600000, 0x00000000a0500000| Untracked 
|   6|0x00000000a0600000, 0x00000000a0700000, 0x00000000a0700000|100%| O|  |TAMS 0x00000000a0700000, 0x00000000a0600000| Untracked 
|   7|0x00000000a0700000, 0x00000000a0800000, 0x00000000a0800000|100%| O|  |TAMS 0x00000000a0800000, 0x00000000a0700000| Untracked 
|   8|0x00000000a0800000, 0x00000000a0900000, 0x00000000a0900000|100%| O|  |TAMS 0x00000000a0900000, 0x00000000a0800000| Untracked 
|   9|0x00000000a0900000, 0x00000000a0a00000, 0x00000000a0a00000|100%| O|  |TAMS 0x00000000a0a00000, 0x00000000a0900000| Untracked 
|  10|0x00000000a0a00000, 0x00000000a0b00000, 0x00000000a0b00000|100%| O|  |TAMS 0x00000000a0b00000, 0x00000000a0a00000| Untracked 
|  11|0x00000000a0b00000, 0x00000000a0c00000, 0x00000000a0c00000|100%| O|  |TAMS 0x00000000a0c00000, 0x00000000a0b00000| Untracked 
|  12|0x00000000a0c00000, 0x00000000a0d00000, 0x00000000a0d00000|100%| O|  |TAMS 0x00000000a0d00000, 0x00000000a0c00000| Untracked 
|  13|0x00000000a0d00000, 0x00000000a0e00000, 0x00000000a0e00000|100%| O|  |TAMS 0x00000000a0e00000, 0x00000000a0d00000| Untracked 
|  14|0x00000000a0e00000, 0x00000000a0f00000, 0x00000000a0f00000|100%| O|  |TAMS 0x00000000a0f00000, 0x00000000a0e00000| Untracked 
|  15|0x00000000a0f00000, 0x00000000a1000000, 0x00000000a1000000|100%| O|  |TAMS 0x00000000a1000000, 0x00000000a0f00000| Untracked 
|  16|0x00000000a1000000, 0x00000000a1100000, 0x00000000a1100000|100%| O|  |TAMS 0x00000000a1100000, 0x00000000a1000000| Untracked 
|  17|0x00000000a1100000, 0x00000000a1200000, 0x00000000a1200000|100%| O|  |TAMS 0x00000000a1200000, 0x00000000a1100000| Untracked 
|  18|0x00000000a1200000, 0x00000000a1300000, 0x00000000a1300000|100%| O|  |TAMS 0x00000000a1300000, 0x00000000a1200000| Untracked 
|  19|0x00000000a1300000, 0x00000000a1400000, 0x00000000a1400000|100%| O|  |TAMS 0x00000000a1400000, 0x00000000a1300000| Untracked 
|  20|0x00000000a1400000, 0x00000000a1500000, 0x00000000a1500000|100%| O|  |TAMS 0x00000000a1500000, 0x00000000a1400000| Untracked 
|  21|0x00000000a1500000, 0x00000000a1600000, 0x00000000a1600000|100%| O|  |TAMS 0x00000000a1600000, 0x00000000a1500000| Untracked 
|  22|0x00000000a1600000, 0x00000000a1700000, 0x00000000a1700000|100%| O|  |TAMS 0x00000000a1700000, 0x00000000a1600000| Untracked 
|  23|0x00000000a1700000, 0x00000000a1800000, 0x00000000a1800000|100%| O|  |TAMS 0x00000000a1800000, 0x00000000a1700000| Untracked 
|  24|0x00000000a1800000, 0x00000000a1900000, 0x00000000a1900000|100%| O|  |TAMS 0x00000000a1900000, 0x00000000a1800000| Untracked 
|  25|0x00000000a1900000, 0x00000000a1a00000, 0x00000000a1a00000|100%| O|  |TAMS 0x00000000a1a00000, 0x00000000a1900000| Untracked 
|  26|0x00000000a1a00000, 0x00000000a1b00000, 0x00000000a1b00000|100%| O|  |TAMS 0x00000000a1b00000, 0x00000000a1a00000| Untracked 
|  27|0x00000000a1b00000, 0x00000000a1c00000, 0x00000000a1c00000|100%| O|  |TAMS 0x00000000a1c00000, 0x00000000a1b00000| Untracked 
|  28|0x00000000a1c00000, 0x00000000a1d00000, 0x00000000a1d00000|100%| O|  |TAMS 0x00000000a1d00000, 0x00000000a1c00000| Untracked 
|  29|0x00000000a1d00000, 0x00000000a1e00000, 0x00000000a1e00000|100%| O|  |TAMS 0x00000000a1e00000, 0x00000000a1d00000| Untracked 
|  30|0x00000000a1e00000, 0x00000000a1f00000, 0x00000000a1f00000|100%| O|  |TAMS 0x00000000a1f00000, 0x00000000a1e00000| Untracked 
|  31|0x00000000a1f00000, 0x00000000a2000000, 0x00000000a2000000|100%| O|  |TAMS 0x00000000a2000000, 0x00000000a1f00000| Untracked 
|  32|0x00000000a2000000, 0x00000000a2100000, 0x00000000a2100000|100%|HS|  |TAMS 0x00000000a2100000, 0x00000000a2000000| Complete 
|  33|0x00000000a2100000, 0x00000000a2200000, 0x00000000a2200000|100%|HS|  |TAMS 0x00000000a2200000, 0x00000000a2100000| Complete 
|  34|0x00000000a2200000, 0x00000000a2300000, 0x00000000a2300000|100%|HS|  |TAMS 0x00000000a2300000, 0x00000000a2200000| Complete 
|  35|0x00000000a2300000, 0x00000000a2400000, 0x00000000a2400000|100%|HS|  |TAMS 0x00000000a2400000, 0x00000000a2300000| Complete 
|  36|0x00000000a2400000, 0x00000000a2500000, 0x00000000a2500000|100%| O|  |TAMS 0x00000000a2500000, 0x00000000a2400000| Untracked 
|  37|0x00000000a2500000, 0x00000000a2600000, 0x00000000a2600000|100%| O|  |TAMS 0x00000000a2600000, 0x00000000a2500000| Untracked 
|  38|0x00000000a2600000, 0x00000000a2700000, 0x00000000a2700000|100%|HS|  |TAMS 0x00000000a2700000, 0x00000000a2600000| Complete 
|  39|0x00000000a2700000, 0x00000000a2800000, 0x00000000a2800000|100%|HC|  |TAMS 0x00000000a2800000, 0x00000000a2700000| Complete 
|  40|0x00000000a2800000, 0x00000000a2900000, 0x00000000a2900000|100%|HC|  |TAMS 0x00000000a2900000, 0x00000000a2800000| Complete 
|  41|0x00000000a2900000, 0x00000000a2a00000, 0x00000000a2a00000|100%|HC|  |TAMS 0x00000000a2a00000, 0x00000000a2900000| Complete 
|  42|0x00000000a2a00000, 0x00000000a2b00000, 0x00000000a2b00000|100%| O|  |TAMS 0x00000000a2b00000, 0x00000000a2a00000| Untracked 
|  43|0x00000000a2b00000, 0x00000000a2c00000, 0x00000000a2c00000|100%| O|  |TAMS 0x00000000a2c00000, 0x00000000a2b00000| Untracked 
|  44|0x00000000a2c00000, 0x00000000a2d00000, 0x00000000a2d00000|100%| O|  |TAMS 0x00000000a2d00000, 0x00000000a2c00000| Untracked 
|  45|0x00000000a2d00000, 0x00000000a2e00000, 0x00000000a2e00000|100%| O|  |TAMS 0x00000000a2e00000, 0x00000000a2d00000| Untracked 
|  46|0x00000000a2e00000, 0x00000000a2f00000, 0x00000000a2f00000|100%|HS|  |TAMS 0x00000000a2f00000, 0x00000000a2e00000| Complete 
|  47|0x00000000a2f00000, 0x00000000a3000000, 0x00000000a3000000|100%|HC|  |TAMS 0x00000000a3000000, 0x00000000a2f00000| Complete 
|  48|0x00000000a3000000, 0x00000000a3100000, 0x00000000a3100000|100%| O|  |TAMS 0x00000000a3100000, 0x00000000a3000000| Untracked 
|  49|0x00000000a3100000, 0x00000000a3200000, 0x00000000a3200000|100%| O|  |TAMS 0x00000000a3200000, 0x00000000a3100000| Untracked 
|  50|0x00000000a3200000, 0x00000000a3300000, 0x00000000a3300000|100%| O|  |TAMS 0x00000000a3300000, 0x00000000a3200000| Untracked 
|  51|0x00000000a3300000, 0x00000000a3400000, 0x00000000a3400000|100%| O|  |TAMS 0x00000000a3400000, 0x00000000a3300000| Untracked 
|  52|0x00000000a3400000, 0x00000000a3500000, 0x00000000a3500000|100%| O|  |TAMS 0x00000000a3500000, 0x00000000a3400000| Untracked 
|  53|0x00000000a3500000, 0x00000000a3600000, 0x00000000a3600000|100%| O|  |TAMS 0x00000000a3600000, 0x00000000a3500000| Untracked 
|  54|0x00000000a3600000, 0x00000000a3700000, 0x00000000a3700000|100%| O|  |TAMS 0x00000000a3700000, 0x00000000a3600000| Untracked 
|  55|0x00000000a3700000, 0x00000000a3800000, 0x00000000a3800000|100%| O|  |TAMS 0x00000000a3800000, 0x00000000a3700000| Untracked 
|  56|0x00000000a3800000, 0x00000000a3900000, 0x00000000a3900000|100%| O|  |TAMS 0x00000000a3900000, 0x00000000a3800000| Untracked 
|  57|0x00000000a3900000, 0x00000000a3a00000, 0x00000000a3a00000|100%| O|  |TAMS 0x00000000a3a00000, 0x00000000a3900000| Untracked 
|  58|0x00000000a3a00000, 0x00000000a3b00000, 0x00000000a3b00000|100%| O|  |TAMS 0x00000000a3b00000, 0x00000000a3a00000| Untracked 
|  59|0x00000000a3b00000, 0x00000000a3c00000, 0x00000000a3c00000|100%| O|  |TAMS 0x00000000a3c00000, 0x00000000a3b00000| Untracked 
|  60|0x00000000a3c00000, 0x00000000a3d00000, 0x00000000a3d00000|100%| O|  |TAMS 0x00000000a3d00000, 0x00000000a3c00000| Untracked 
|  61|0x00000000a3d00000, 0x00000000a3e00000, 0x00000000a3e00000|100%| O|  |TAMS 0x00000000a3e00000, 0x00000000a3d00000| Untracked 
|  62|0x00000000a3e00000, 0x00000000a3f00000, 0x00000000a3f00000|100%|HS|  |TAMS 0x00000000a3f00000, 0x00000000a3e00000| Complete 
|  63|0x00000000a3f00000, 0x00000000a4000000, 0x00000000a4000000|100%|HS|  |TAMS 0x00000000a4000000, 0x00000000a3f00000| Complete 
|  64|0x00000000a4000000, 0x00000000a4100000, 0x00000000a4100000|100%| O|  |TAMS 0x00000000a4100000, 0x00000000a4000000| Untracked 
|  65|0x00000000a4100000, 0x00000000a4200000, 0x00000000a4200000|100%| O|  |TAMS 0x00000000a4200000, 0x00000000a4100000| Untracked 
|  66|0x00000000a4200000, 0x00000000a4300000, 0x00000000a4300000|100%| O|  |TAMS 0x00000000a4300000, 0x00000000a4200000| Untracked 
|  67|0x00000000a4300000, 0x00000000a4400000, 0x00000000a4400000|100%| O|  |TAMS 0x00000000a4400000, 0x00000000a4300000| Untracked 
|  68|0x00000000a4400000, 0x00000000a4500000, 0x00000000a4500000|100%| O|  |TAMS 0x00000000a4500000, 0x00000000a4400000| Untracked 
|  69|0x00000000a4500000, 0x00000000a4600000, 0x00000000a4600000|100%| O|  |TAMS 0x00000000a4600000, 0x00000000a4500000| Untracked 
|  70|0x00000000a4600000, 0x00000000a4700000, 0x00000000a4700000|100%| O|  |TAMS 0x00000000a4700000, 0x00000000a4600000| Untracked 
|  71|0x00000000a4700000, 0x00000000a4800000, 0x00000000a4800000|100%| O|  |TAMS 0x00000000a4800000, 0x00000000a4700000| Untracked 
|  72|0x00000000a4800000, 0x00000000a4900000, 0x00000000a4900000|100%| O|  |TAMS 0x00000000a4900000, 0x00000000a4800000| Untracked 
|  73|0x00000000a4900000, 0x00000000a4a00000, 0x00000000a4a00000|100%| O|  |TAMS 0x00000000a4a00000, 0x00000000a4900000| Untracked 
|  74|0x00000000a4a00000, 0x00000000a4b00000, 0x00000000a4b00000|100%| O|  |TAMS 0x00000000a4b00000, 0x00000000a4a00000| Untracked 
|  75|0x00000000a4b00000, 0x00000000a4c00000, 0x00000000a4c00000|100%| O|  |TAMS 0x00000000a4c00000, 0x00000000a4b00000| Untracked 
|  76|0x00000000a4c00000, 0x00000000a4d00000, 0x00000000a4d00000|100%| O|  |TAMS 0x00000000a4d00000, 0x00000000a4c00000| Untracked 
|  77|0x00000000a4d00000, 0x00000000a4e00000, 0x00000000a4e00000|100%| O|  |TAMS 0x00000000a4e00000, 0x00000000a4d00000| Untracked 
|  78|0x00000000a4e00000, 0x00000000a4f00000, 0x00000000a4f00000|100%| O|  |TAMS 0x00000000a4f00000, 0x00000000a4e00000| Untracked 
|  79|0x00000000a4f00000, 0x00000000a5000000, 0x00000000a5000000|100%| O|  |TAMS 0x00000000a5000000, 0x00000000a4f00000| Untracked 
|  80|0x00000000a5000000, 0x00000000a5100000, 0x00000000a5100000|100%| O|  |TAMS 0x00000000a5100000, 0x00000000a5000000| Untracked 
|  81|0x00000000a5100000, 0x00000000a5200000, 0x00000000a5200000|100%| O|  |TAMS 0x00000000a5200000, 0x00000000a5100000| Untracked 
|  82|0x00000000a5200000, 0x00000000a5300000, 0x00000000a5300000|100%| O|  |TAMS 0x00000000a5300000, 0x00000000a5200000| Untracked 
|  83|0x00000000a5300000, 0x00000000a5400000, 0x00000000a5400000|100%|HS|  |TAMS 0x00000000a5400000, 0x00000000a5300000| Complete 
|  84|0x00000000a5400000, 0x00000000a5500000, 0x00000000a5500000|100%|HS|  |TAMS 0x00000000a5500000, 0x00000000a5400000| Complete 
|  85|0x00000000a5500000, 0x00000000a5600000, 0x00000000a5600000|100%| O|  |TAMS 0x00000000a5600000, 0x00000000a5500000| Untracked 
|  86|0x00000000a5600000, 0x00000000a5700000, 0x00000000a5700000|100%| O|  |TAMS 0x00000000a5700000, 0x00000000a5600000| Untracked 
|  87|0x00000000a5700000, 0x00000000a5800000, 0x00000000a5800000|100%| O|  |TAMS 0x00000000a5800000, 0x00000000a5700000| Untracked 
|  88|0x00000000a5800000, 0x00000000a5900000, 0x00000000a5900000|100%| O|  |TAMS 0x00000000a5900000, 0x00000000a5800000| Untracked 
|  89|0x00000000a5900000, 0x00000000a5a00000, 0x00000000a5a00000|100%| O|  |TAMS 0x00000000a5a00000, 0x00000000a5900000| Untracked 
|  90|0x00000000a5a00000, 0x00000000a5b00000, 0x00000000a5b00000|100%| O|  |TAMS 0x00000000a5b00000, 0x00000000a5a00000| Untracked 
|  91|0x00000000a5b00000, 0x00000000a5c00000, 0x00000000a5c00000|100%| O|  |TAMS 0x00000000a5c00000, 0x00000000a5b00000| Untracked 
|  92|0x00000000a5c00000, 0x00000000a5d00000, 0x00000000a5d00000|100%|HS|  |TAMS 0x00000000a5d00000, 0x00000000a5c00000| Complete 
|  93|0x00000000a5d00000, 0x00000000a5e00000, 0x00000000a5e00000|100%|HC|  |TAMS 0x00000000a5e00000, 0x00000000a5d00000| Complete 
|  94|0x00000000a5e00000, 0x00000000a5f00000, 0x00000000a5f00000|100%| O|  |TAMS 0x00000000a5f00000, 0x00000000a5e00000| Untracked 
|  95|0x00000000a5f00000, 0x00000000a6000000, 0x00000000a6000000|100%| O|  |TAMS 0x00000000a6000000, 0x00000000a5f00000| Untracked 
|  96|0x00000000a6000000, 0x00000000a6100000, 0x00000000a6100000|100%| O|  |TAMS 0x00000000a6100000, 0x00000000a6000000| Untracked 
|  97|0x00000000a6100000, 0x00000000a6200000, 0x00000000a6200000|100%| O|  |TAMS 0x00000000a6200000, 0x00000000a6100000| Untracked 
|  98|0x00000000a6200000, 0x00000000a6300000, 0x00000000a6300000|100%| O|  |TAMS 0x00000000a6300000, 0x00000000a6200000| Untracked 
|  99|0x00000000a6300000, 0x00000000a6400000, 0x00000000a6400000|100%| O|  |TAMS 0x00000000a6400000, 0x00000000a6300000| Untracked 
| 100|0x00000000a6400000, 0x00000000a6500000, 0x00000000a6500000|100%| O|  |TAMS 0x00000000a6500000, 0x00000000a6400000| Untracked 
| 101|0x00000000a6500000, 0x00000000a6600000, 0x00000000a6600000|100%| O|  |TAMS 0x00000000a6600000, 0x00000000a6500000| Untracked 
| 102|0x00000000a6600000, 0x00000000a6700000, 0x00000000a6700000|100%| O|  |TAMS 0x00000000a6700000, 0x00000000a6600000| Untracked 
| 103|0x00000000a6700000, 0x00000000a6800000, 0x00000000a6800000|100%| O|  |TAMS 0x00000000a6800000, 0x00000000a6700000| Untracked 
| 104|0x00000000a6800000, 0x00000000a6900000, 0x00000000a6900000|100%| O|  |TAMS 0x00000000a6900000, 0x00000000a6800000| Untracked 
| 105|0x00000000a6900000, 0x00000000a6a00000, 0x00000000a6a00000|100%| O|  |TAMS 0x00000000a6a00000, 0x00000000a6900000| Untracked 
| 106|0x00000000a6a00000, 0x00000000a6b00000, 0x00000000a6b00000|100%| O|  |TAMS 0x00000000a6b00000, 0x00000000a6a00000| Untracked 
| 107|0x00000000a6b00000, 0x00000000a6c00000, 0x00000000a6c00000|100%| O|  |TAMS 0x00000000a6c00000, 0x00000000a6b00000| Untracked 
| 108|0x00000000a6c00000, 0x00000000a6d00000, 0x00000000a6d00000|100%| O|  |TAMS 0x00000000a6d00000, 0x00000000a6c00000| Untracked 
| 109|0x00000000a6d00000, 0x00000000a6e00000, 0x00000000a6e00000|100%| O|  |TAMS 0x00000000a6e00000, 0x00000000a6d00000| Untracked 
| 110|0x00000000a6e00000, 0x00000000a6f00000, 0x00000000a6f00000|100%|HS|  |TAMS 0x00000000a6f00000, 0x00000000a6e00000| Complete 
| 111|0x00000000a6f00000, 0x00000000a7000000, 0x00000000a7000000|100%|HS|  |TAMS 0x00000000a7000000, 0x00000000a6f00000| Complete 
| 112|0x00000000a7000000, 0x00000000a7100000, 0x00000000a7100000|100%| O|  |TAMS 0x00000000a7100000, 0x00000000a7000000| Untracked 
| 113|0x00000000a7100000, 0x00000000a7100000, 0x00000000a7200000|  0%| F|  |TAMS 0x00000000a7100000, 0x00000000a7100000| Untracked 
| 114|0x00000000a7200000, 0x00000000a7300000, 0x00000000a7300000|100%| O|  |TAMS 0x00000000a7300000, 0x00000000a7200000| Untracked 
| 115|0x00000000a7300000, 0x00000000a7400000, 0x00000000a7400000|100%| O|  |TAMS 0x00000000a7400000, 0x00000000a7300000| Untracked 
| 116|0x00000000a7400000, 0x00000000a7500000, 0x00000000a7500000|100%| O|  |TAMS 0x00000000a7500000, 0x00000000a7400000| Untracked 
| 117|0x00000000a7500000, 0x00000000a7600000, 0x00000000a7600000|100%| O|  |TAMS 0x00000000a7600000, 0x00000000a7500000| Untracked 
| 118|0x00000000a7600000, 0x00000000a7700000, 0x00000000a7700000|100%| O|  |TAMS 0x00000000a7700000, 0x00000000a7600000| Untracked 
| 119|0x00000000a7700000, 0x00000000a7800000, 0x00000000a7800000|100%| O|  |TAMS 0x00000000a7800000, 0x00000000a7700000| Untracked 
| 120|0x00000000a7800000, 0x00000000a7900000, 0x00000000a7900000|100%| O|  |TAMS 0x00000000a7900000, 0x00000000a7800000| Untracked 
| 121|0x00000000a7900000, 0x00000000a7a00000, 0x00000000a7a00000|100%| O|  |TAMS 0x00000000a7a00000, 0x00000000a7900000| Untracked 
| 122|0x00000000a7a00000, 0x00000000a7b00000, 0x00000000a7b00000|100%| O|  |TAMS 0x00000000a7b00000, 0x00000000a7a00000| Untracked 
| 123|0x00000000a7b00000, 0x00000000a7c00000, 0x00000000a7c00000|100%| O|  |TAMS 0x00000000a7c00000, 0x00000000a7b00000| Untracked 
| 124|0x00000000a7c00000, 0x00000000a7d00000, 0x00000000a7d00000|100%| O|  |TAMS 0x00000000a7d00000, 0x00000000a7c00000| Untracked 
| 125|0x00000000a7d00000, 0x00000000a7e00000, 0x00000000a7e00000|100%| O|  |TAMS 0x00000000a7e00000, 0x00000000a7d00000| Untracked 
| 126|0x00000000a7e00000, 0x00000000a7e00000, 0x00000000a7f00000|  0%| F|  |TAMS 0x00000000a7e00000, 0x00000000a7e00000| Untracked 
| 127|0x00000000a7f00000, 0x00000000a8000000, 0x00000000a8000000|100%| O|  |TAMS 0x00000000a8000000, 0x00000000a7f00000| Untracked 
| 128|0x00000000a8000000, 0x00000000a8100000, 0x00000000a8100000|100%| O|  |TAMS 0x00000000a8100000, 0x00000000a8000000| Untracked 
| 129|0x00000000a8100000, 0x00000000a8200000, 0x00000000a8200000|100%| O|  |TAMS 0x00000000a8200000, 0x00000000a8100000| Untracked 
| 130|0x00000000a8200000, 0x00000000a8300000, 0x00000000a8300000|100%| O|  |TAMS 0x00000000a8300000, 0x00000000a8200000| Untracked 
| 131|0x00000000a8300000, 0x00000000a8400000, 0x00000000a8400000|100%| O|  |TAMS 0x00000000a8400000, 0x00000000a8300000| Untracked 
| 132|0x00000000a8400000, 0x00000000a8500000, 0x00000000a8500000|100%| O|  |TAMS 0x00000000a8500000, 0x00000000a8400000| Untracked 
| 133|0x00000000a8500000, 0x00000000a8600000, 0x00000000a8600000|100%| O|  |TAMS 0x00000000a8600000, 0x00000000a8500000| Untracked 
| 134|0x00000000a8600000, 0x00000000a8700000, 0x00000000a8700000|100%| O|  |TAMS 0x00000000a8700000, 0x00000000a8600000| Untracked 
| 135|0x00000000a8700000, 0x00000000a8800000, 0x00000000a8800000|100%| O|  |TAMS 0x00000000a8800000, 0x00000000a8700000| Untracked 
| 136|0x00000000a8800000, 0x00000000a8900000, 0x00000000a8900000|100%| O|  |TAMS 0x00000000a8900000, 0x00000000a8800000| Untracked 
| 137|0x00000000a8900000, 0x00000000a8a00000, 0x00000000a8a00000|100%| O|  |TAMS 0x00000000a8a00000, 0x00000000a8900000| Untracked 
| 138|0x00000000a8a00000, 0x00000000a8b00000, 0x00000000a8b00000|100%| O|  |TAMS 0x00000000a8b00000, 0x00000000a8a00000| Untracked 
| 139|0x00000000a8b00000, 0x00000000a8c00000, 0x00000000a8c00000|100%| O|  |TAMS 0x00000000a8c00000, 0x00000000a8b00000| Untracked 
| 140|0x00000000a8c00000, 0x00000000a8d00000, 0x00000000a8d00000|100%| O|  |TAMS 0x00000000a8d00000, 0x00000000a8c00000| Untracked 
| 141|0x00000000a8d00000, 0x00000000a8e00000, 0x00000000a8e00000|100%| O|  |TAMS 0x00000000a8e00000, 0x00000000a8d00000| Untracked 
| 142|0x00000000a8e00000, 0x00000000a8f00000, 0x00000000a8f00000|100%| O|  |TAMS 0x00000000a8f00000, 0x00000000a8e00000| Untracked 
| 143|0x00000000a8f00000, 0x00000000a9000000, 0x00000000a9000000|100%| O|  |TAMS 0x00000000a9000000, 0x00000000a8f00000| Untracked 
| 144|0x00000000a9000000, 0x00000000a9100000, 0x00000000a9100000|100%| O|  |TAMS 0x00000000a9100000, 0x00000000a9000000| Untracked 
| 145|0x00000000a9100000, 0x00000000a9200000, 0x00000000a9200000|100%| O|  |TAMS 0x00000000a9200000, 0x00000000a9100000| Untracked 
| 146|0x00000000a9200000, 0x00000000a9300000, 0x00000000a9300000|100%| O|  |TAMS 0x00000000a9300000, 0x00000000a9200000| Untracked 
| 147|0x00000000a9300000, 0x00000000a9400000, 0x00000000a9400000|100%| O|  |TAMS 0x00000000a9400000, 0x00000000a9300000| Untracked 
| 148|0x00000000a9400000, 0x00000000a9500000, 0x00000000a9500000|100%| O|  |TAMS 0x00000000a9500000, 0x00000000a9400000| Untracked 
| 149|0x00000000a9500000, 0x00000000a9600000, 0x00000000a9600000|100%| O|  |TAMS 0x00000000a9600000, 0x00000000a9500000| Untracked 
| 150|0x00000000a9600000, 0x00000000a9700000, 0x00000000a9700000|100%| O|  |TAMS 0x00000000a9700000, 0x00000000a9600000| Untracked 
| 151|0x00000000a9700000, 0x00000000a9800000, 0x00000000a9800000|100%| O|  |TAMS 0x00000000a9700000, 0x00000000a9700000| Untracked 
| 152|0x00000000a9800000, 0x00000000a9900000, 0x00000000a9900000|100%| O|  |TAMS 0x00000000a9900000, 0x00000000a9800000| Untracked 
| 153|0x00000000a9900000, 0x00000000a9a00000, 0x00000000a9a00000|100%| O|  |TAMS 0x00000000a9a00000, 0x00000000a9900000| Untracked 
| 154|0x00000000a9a00000, 0x00000000a9b00000, 0x00000000a9b00000|100%| O|  |TAMS 0x00000000a9b00000, 0x00000000a9a00000| Untracked 
| 155|0x00000000a9b00000, 0x00000000a9c00000, 0x00000000a9c00000|100%| O|  |TAMS 0x00000000a9c00000, 0x00000000a9b00000| Untracked 
| 156|0x00000000a9c00000, 0x00000000a9d00000, 0x00000000a9d00000|100%| O|  |TAMS 0x00000000a9d00000, 0x00000000a9c00000| Untracked 
| 157|0x00000000a9d00000, 0x00000000a9e00000, 0x00000000a9e00000|100%| O|  |TAMS 0x00000000a9e00000, 0x00000000a9d00000| Untracked 
| 158|0x00000000a9e00000, 0x00000000a9f00000, 0x00000000a9f00000|100%| O|  |TAMS 0x00000000a9f00000, 0x00000000a9e00000| Untracked 
| 159|0x00000000a9f00000, 0x00000000aa000000, 0x00000000aa000000|100%| O|  |TAMS 0x00000000aa000000, 0x00000000a9f00000| Untracked 
| 160|0x00000000aa000000, 0x00000000aa100000, 0x00000000aa100000|100%| O|  |TAMS 0x00000000aa100000, 0x00000000aa000000| Untracked 
| 161|0x00000000aa100000, 0x00000000aa200000, 0x00000000aa200000|100%| O|  |TAMS 0x00000000aa200000, 0x00000000aa100000| Untracked 
| 162|0x00000000aa200000, 0x00000000aa300000, 0x00000000aa300000|100%| O|  |TAMS 0x00000000aa300000, 0x00000000aa200000| Untracked 
| 163|0x00000000aa300000, 0x00000000aa400000, 0x00000000aa400000|100%| O|  |TAMS 0x00000000aa400000, 0x00000000aa300000| Untracked 
| 164|0x00000000aa400000, 0x00000000aa500000, 0x00000000aa500000|100%| O|  |TAMS 0x00000000aa500000, 0x00000000aa400000| Untracked 
| 165|0x00000000aa500000, 0x00000000aa600000, 0x00000000aa600000|100%| O|  |TAMS 0x00000000aa600000, 0x00000000aa500000| Untracked 
| 166|0x00000000aa600000, 0x00000000aa700000, 0x00000000aa700000|100%| O|  |TAMS 0x00000000aa700000, 0x00000000aa600000| Untracked 
| 167|0x00000000aa700000, 0x00000000aa800000, 0x00000000aa800000|100%| O|  |TAMS 0x00000000aa800000, 0x00000000aa700000| Untracked 
| 168|0x00000000aa800000, 0x00000000aa900000, 0x00000000aa900000|100%| O|  |TAMS 0x00000000aa900000, 0x00000000aa800000| Untracked 
| 169|0x00000000aa900000, 0x00000000aaa00000, 0x00000000aaa00000|100%| O|  |TAMS 0x00000000aaa00000, 0x00000000aa900000| Untracked 
| 170|0x00000000aaa00000, 0x00000000aab00000, 0x00000000aab00000|100%| O|  |TAMS 0x00000000aab00000, 0x00000000aaa00000| Untracked 
| 171|0x00000000aab00000, 0x00000000aac00000, 0x00000000aac00000|100%| O|  |TAMS 0x00000000aac00000, 0x00000000aab00000| Untracked 
| 172|0x00000000aac00000, 0x00000000aad00000, 0x00000000aad00000|100%| O|  |TAMS 0x00000000aad00000, 0x00000000aac00000| Untracked 
| 173|0x00000000aad00000, 0x00000000aae00000, 0x00000000aae00000|100%| O|  |TAMS 0x00000000aae00000, 0x00000000aad00000| Untracked 
| 174|0x00000000aae00000, 0x00000000aaf00000, 0x00000000aaf00000|100%| O|  |TAMS 0x00000000aaf00000, 0x00000000aae00000| Untracked 
| 175|0x00000000aaf00000, 0x00000000ab000000, 0x00000000ab000000|100%| O|  |TAMS 0x00000000ab000000, 0x00000000aaf00000| Untracked 
| 176|0x00000000ab000000, 0x00000000ab100000, 0x00000000ab100000|100%| O|  |TAMS 0x00000000ab000000, 0x00000000ab000000| Untracked 
| 177|0x00000000ab100000, 0x00000000ab200000, 0x00000000ab200000|100%| O|  |TAMS 0x00000000ab100000, 0x00000000ab100000| Untracked 
| 178|0x00000000ab200000, 0x00000000ab300000, 0x00000000ab300000|100%| O|  |TAMS 0x00000000ab200000, 0x00000000ab200000| Untracked 
| 179|0x00000000ab300000, 0x00000000ab400000, 0x00000000ab400000|100%| O|  |TAMS 0x00000000ab300000, 0x00000000ab300000| Untracked 
| 180|0x00000000ab400000, 0x00000000ab451c00, 0x00000000ab500000| 31%| O|  |TAMS 0x00000000ab400000, 0x00000000ab400000| Untracked 
| 181|0x00000000ab500000, 0x00000000ab500000, 0x00000000ab600000|  0%| F|  |TAMS 0x00000000ab500000, 0x00000000ab500000| Untracked 
| 182|0x00000000ab600000, 0x00000000ab600000, 0x00000000ab700000|  0%| F|  |TAMS 0x00000000ab600000, 0x00000000ab600000| Untracked 
| 183|0x00000000ab700000, 0x00000000ab700000, 0x00000000ab800000|  0%| F|  |TAMS 0x00000000ab700000, 0x00000000ab700000| Untracked 
| 184|0x00000000ab800000, 0x00000000ab800000, 0x00000000ab900000|  0%| F|  |TAMS 0x00000000ab800000, 0x00000000ab800000| Untracked 
| 185|0x00000000ab900000, 0x00000000ab900000, 0x00000000aba00000|  0%| F|  |TAMS 0x00000000ab900000, 0x00000000ab900000| Untracked 
| 186|0x00000000aba00000, 0x00000000aba00000, 0x00000000abb00000|  0%| F|  |TAMS 0x00000000aba00000, 0x00000000aba00000| Untracked 
| 187|0x00000000abb00000, 0x00000000abb00000, 0x00000000abc00000|  0%| F|  |TAMS 0x00000000abb00000, 0x00000000abb00000| Untracked 
| 188|0x00000000abc00000, 0x00000000abc00000, 0x00000000abd00000|  0%| F|  |TAMS 0x00000000abc00000, 0x00000000abc00000| Untracked 
| 189|0x00000000abd00000, 0x00000000abd00000, 0x00000000abe00000|  0%| F|  |TAMS 0x00000000abd00000, 0x00000000abd00000| Untracked 
| 190|0x00000000abe00000, 0x00000000abe00000, 0x00000000abf00000|  0%| F|  |TAMS 0x00000000abe00000, 0x00000000abe00000| Untracked 
| 191|0x00000000abf00000, 0x00000000abf00000, 0x00000000ac000000|  0%| F|  |TAMS 0x00000000abf00000, 0x00000000abf00000| Untracked 
| 192|0x00000000ac000000, 0x00000000ac000000, 0x00000000ac100000|  0%| F|  |TAMS 0x00000000ac000000, 0x00000000ac000000| Untracked 
| 193|0x00000000ac100000, 0x00000000ac100000, 0x00000000ac200000|  0%| F|  |TAMS 0x00000000ac100000, 0x00000000ac100000| Untracked 
| 194|0x00000000ac200000, 0x00000000ac200000, 0x00000000ac300000|  0%| F|  |TAMS 0x00000000ac200000, 0x00000000ac200000| Untracked 
| 195|0x00000000ac300000, 0x00000000ac300000, 0x00000000ac400000|  0%| F|  |TAMS 0x00000000ac300000, 0x00000000ac300000| Untracked 
| 196|0x00000000ac400000, 0x00000000ac400000, 0x00000000ac500000|  0%| F|  |TAMS 0x00000000ac400000, 0x00000000ac400000| Untracked 
| 197|0x00000000ac500000, 0x00000000ac500000, 0x00000000ac600000|  0%| F|  |TAMS 0x00000000ac500000, 0x00000000ac500000| Untracked 
| 198|0x00000000ac600000, 0x00000000ac600000, 0x00000000ac700000|  0%| F|  |TAMS 0x00000000ac600000, 0x00000000ac600000| Untracked 
| 199|0x00000000ac700000, 0x00000000ac700000, 0x00000000ac800000|  0%| F|  |TAMS 0x00000000ac700000, 0x00000000ac700000| Untracked 
| 200|0x00000000ac800000, 0x00000000ac800000, 0x00000000ac900000|  0%| F|  |TAMS 0x00000000ac800000, 0x00000000ac800000| Untracked 
| 201|0x00000000ac900000, 0x00000000ac900000, 0x00000000aca00000|  0%| F|  |TAMS 0x00000000ac900000, 0x00000000ac900000| Untracked 
| 202|0x00000000aca00000, 0x00000000aca00000, 0x00000000acb00000|  0%| F|  |TAMS 0x00000000aca00000, 0x00000000aca00000| Untracked 
| 203|0x00000000acb00000, 0x00000000acb00000, 0x00000000acc00000|  0%| F|  |TAMS 0x00000000acb00000, 0x00000000acb00000| Untracked 
| 204|0x00000000acc00000, 0x00000000acc00000, 0x00000000acd00000|  0%| F|  |TAMS 0x00000000acc00000, 0x00000000acc00000| Untracked 
| 205|0x00000000acd00000, 0x00000000acd00000, 0x00000000ace00000|  0%| F|  |TAMS 0x00000000acd00000, 0x00000000acd00000| Untracked 
| 206|0x00000000ace00000, 0x00000000ace00000, 0x00000000acf00000|  0%| F|  |TAMS 0x00000000ace00000, 0x00000000ace00000| Untracked 
| 207|0x00000000acf00000, 0x00000000acf00000, 0x00000000ad000000|  0%| F|  |TAMS 0x00000000acf00000, 0x00000000acf00000| Untracked 
| 208|0x00000000ad000000, 0x00000000ad000000, 0x00000000ad100000|  0%| F|  |TAMS 0x00000000ad000000, 0x00000000ad000000| Untracked 
| 209|0x00000000ad100000, 0x00000000ad100000, 0x00000000ad200000|  0%| F|  |TAMS 0x00000000ad100000, 0x00000000ad100000| Untracked 
| 210|0x00000000ad200000, 0x00000000ad200000, 0x00000000ad300000|  0%| F|  |TAMS 0x00000000ad200000, 0x00000000ad200000| Untracked 
| 211|0x00000000ad300000, 0x00000000ad300000, 0x00000000ad400000|  0%| F|  |TAMS 0x00000000ad300000, 0x00000000ad300000| Untracked 
| 212|0x00000000ad400000, 0x00000000ad400000, 0x00000000ad500000|  0%| F|  |TAMS 0x00000000ad400000, 0x00000000ad400000| Untracked 
| 213|0x00000000ad500000, 0x00000000ad500000, 0x00000000ad600000|  0%| F|  |TAMS 0x00000000ad500000, 0x00000000ad500000| Untracked 
| 214|0x00000000ad600000, 0x00000000ad600000, 0x00000000ad700000|  0%| F|  |TAMS 0x00000000ad600000, 0x00000000ad600000| Untracked 
| 215|0x00000000ad700000, 0x00000000ad700000, 0x00000000ad800000|  0%| F|  |TAMS 0x00000000ad700000, 0x00000000ad700000| Untracked 
| 216|0x00000000ad800000, 0x00000000ad800000, 0x00000000ad900000|  0%| F|  |TAMS 0x00000000ad800000, 0x00000000ad800000| Untracked 
| 217|0x00000000ad900000, 0x00000000ad900000, 0x00000000ada00000|  0%| F|  |TAMS 0x00000000ad900000, 0x00000000ad900000| Untracked 
| 218|0x00000000ada00000, 0x00000000ada00000, 0x00000000adb00000|  0%| F|  |TAMS 0x00000000ada00000, 0x00000000ada00000| Untracked 
| 219|0x00000000adb00000, 0x00000000adb00000, 0x00000000adc00000|  0%| F|  |TAMS 0x00000000adb00000, 0x00000000adb00000| Untracked 
| 220|0x00000000adc00000, 0x00000000adc00000, 0x00000000add00000|  0%| F|  |TAMS 0x00000000adc00000, 0x00000000adc00000| Untracked 
| 221|0x00000000add00000, 0x00000000add00000, 0x00000000ade00000|  0%| F|  |TAMS 0x00000000add00000, 0x00000000add00000| Untracked 
| 222|0x00000000ade00000, 0x00000000ade00000, 0x00000000adf00000|  0%| F|  |TAMS 0x00000000ade00000, 0x00000000ade00000| Untracked 
| 223|0x00000000adf00000, 0x00000000adf00000, 0x00000000ae000000|  0%| F|  |TAMS 0x00000000adf00000, 0x00000000adf00000| Untracked 
| 224|0x00000000ae000000, 0x00000000ae000000, 0x00000000ae100000|  0%| F|  |TAMS 0x00000000ae000000, 0x00000000ae000000| Untracked 
| 225|0x00000000ae100000, 0x00000000ae100000, 0x00000000ae200000|  0%| F|  |TAMS 0x00000000ae100000, 0x00000000ae100000| Untracked 
| 226|0x00000000ae200000, 0x00000000ae200000, 0x00000000ae300000|  0%| F|  |TAMS 0x00000000ae200000, 0x00000000ae200000| Untracked 
| 227|0x00000000ae300000, 0x00000000ae300000, 0x00000000ae400000|  0%| F|  |TAMS 0x00000000ae300000, 0x00000000ae300000| Untracked 
| 228|0x00000000ae400000, 0x00000000ae400000, 0x00000000ae500000|  0%| F|  |TAMS 0x00000000ae400000, 0x00000000ae400000| Untracked 
| 229|0x00000000ae500000, 0x00000000ae500000, 0x00000000ae600000|  0%| F|  |TAMS 0x00000000ae500000, 0x00000000ae500000| Untracked 
| 230|0x00000000ae600000, 0x00000000ae600000, 0x00000000ae700000|  0%| F|  |TAMS 0x00000000ae600000, 0x00000000ae600000| Untracked 
| 231|0x00000000ae700000, 0x00000000ae700000, 0x00000000ae800000|  0%| F|  |TAMS 0x00000000ae700000, 0x00000000ae700000| Untracked 
| 232|0x00000000ae800000, 0x00000000ae800000, 0x00000000ae900000|  0%| F|  |TAMS 0x00000000ae800000, 0x00000000ae800000| Untracked 
| 233|0x00000000ae900000, 0x00000000ae900000, 0x00000000aea00000|  0%| F|  |TAMS 0x00000000ae900000, 0x00000000ae900000| Untracked 
| 234|0x00000000aea00000, 0x00000000aea00000, 0x00000000aeb00000|  0%| F|  |TAMS 0x00000000aea00000, 0x00000000aea00000| Untracked 
| 235|0x00000000aeb00000, 0x00000000aeb00000, 0x00000000aec00000|  0%| F|  |TAMS 0x00000000aeb00000, 0x00000000aeb00000| Untracked 
| 236|0x00000000aec00000, 0x00000000aec00000, 0x00000000aed00000|  0%| F|  |TAMS 0x00000000aec00000, 0x00000000aec00000| Untracked 
| 237|0x00000000aed00000, 0x00000000aed00000, 0x00000000aee00000|  0%| F|  |TAMS 0x00000000aed00000, 0x00000000aed00000| Untracked 
| 238|0x00000000aee00000, 0x00000000aee00000, 0x00000000aef00000|  0%| F|  |TAMS 0x00000000aee00000, 0x00000000aee00000| Untracked 
| 239|0x00000000aef00000, 0x00000000aef00000, 0x00000000af000000|  0%| F|  |TAMS 0x00000000aef00000, 0x00000000aef00000| Untracked 
| 240|0x00000000af000000, 0x00000000af0b6258, 0x00000000af100000| 71%| E|  |TAMS 0x00000000af000000, 0x00000000af000000| Complete 
| 241|0x00000000af100000, 0x00000000af1fab40, 0x00000000af200000| 97%| S|CS|TAMS 0x00000000af100000, 0x00000000af100000| Complete 
| 242|0x00000000af200000, 0x00000000af300000, 0x00000000af300000|100%| E|CS|TAMS 0x00000000af200000, 0x00000000af200000| Complete 
| 243|0x00000000af300000, 0x00000000af400000, 0x00000000af400000|100%| E|CS|TAMS 0x00000000af300000, 0x00000000af300000| Complete 
| 244|0x00000000af400000, 0x00000000af500000, 0x00000000af500000|100%| E|CS|TAMS 0x00000000af400000, 0x00000000af400000| Complete 
| 245|0x00000000af500000, 0x00000000af600000, 0x00000000af600000|100%| E|CS|TAMS 0x00000000af500000, 0x00000000af500000| Complete 
| 246|0x00000000af600000, 0x00000000af700000, 0x00000000af700000|100%| E|CS|TAMS 0x00000000af600000, 0x00000000af600000| Complete 
| 247|0x00000000af700000, 0x00000000af800000, 0x00000000af800000|100%| E|CS|TAMS 0x00000000af700000, 0x00000000af700000| Complete 
| 248|0x00000000af800000, 0x00000000af900000, 0x00000000af900000|100%| E|CS|TAMS 0x00000000af800000, 0x00000000af800000| Complete 

Card table byte_map: [0x000001eb6a600000,0x000001eb6a900000] _byte_map_base: 0x000001eb6a100000

Marking Bits (Prev, Next): (CMBitMap*) 0x000001eb57857b60, (CMBitMap*) 0x000001eb57857b28
 Prev Bits: [0x000001eb6c400000, 0x000001eb6dc00000)
 Next Bits: [0x000001eb6ac00000, 0x000001eb6c400000)

Polling page: 0x000001eb55660000

Metaspace:

Usage:
  Non-class:     88.83 MB capacity,    85.73 MB ( 97%) used,     2.77 MB (  3%) free+waste,   340.56 KB ( <1%) overhead. 
      Class:     14.13 MB capacity,    12.74 MB ( 90%) used,     1.24 MB (  9%) free+waste,   155.44 KB (  1%) overhead. 
       Both:    102.96 MB capacity,    98.46 MB ( 96%) used,     4.01 MB (  4%) free+waste,   496.00 KB ( <1%) overhead. 

Virtual space:
  Non-class space:       90.00 MB reserved,      88.95 MB ( 99%) committed 
      Class space:        1.00 GB reserved,      14.25 MB (  1%) committed 
             Both:        1.09 GB reserved,     103.20 MB (  9%) committed 

Chunk freelists:
   Non-Class:  3.00 KB
       Class:  0 bytes
        Both:  3.00 KB

MaxMetaspaceSize: 17179869184.00 GB
CompressedClassSpaceSize: 1.00 GB

CodeHeap 'non-profiled nmethods': size=120064Kb used=9288Kb max_used=9288Kb free=110775Kb
 bounds [0x000001eb62dc0000, 0x000001eb636e0000, 0x000001eb6a300000]
CodeHeap 'profiled nmethods': size=120000Kb used=33416Kb max_used=33416Kb free=86583Kb
 bounds [0x000001eb5b890000, 0x000001eb5d940000, 0x000001eb62dc0000]
CodeHeap 'non-nmethods': size=5696Kb used=2299Kb max_used=2354Kb free=3396Kb
 bounds [0x000001eb5b300000, 0x000001eb5b570000, 0x000001eb5b890000]
 total_blobs=16722 nmethods=15821 adapters=811
 compilation: enabled
              stopped_count=0, restarted_count=0
 full_count=0

Compilation events (20 events):
Event: 81.266 Thread 0x000001eb70130800 nmethod 16229 0x000001eb636c1f90 code [0x000001eb636c28a0, 0x000001eb636cd440]
Event: 81.266 Thread 0x000001eb70130800 16199       4       java.util.stream.ReferencePipeline$2$1::begin (13 bytes)
Event: 81.267 Thread 0x000001eb70130800 nmethod 16199 0x000001eb636d1e10 code [0x000001eb636d1fa0, 0x000001eb636d2038]
Event: 83.309 Thread 0x000001eb70137800 16250       3       java.util.HashMap$Values::spliterator (16 bytes)
Event: 83.309 Thread 0x000001eb70137800 nmethod 16250 0x000001eb5d92ed10 code [0x000001eb5d92eee0, 0x000001eb5d92f108]
Event: 83.309 Thread 0x000001eb70137800 16251       3       java.util.HashMap$ValueSpliterator::<init> (12 bytes)
Event: 83.309 Thread 0x000001eb70137800 nmethod 16251 0x000001eb5d92f210 code [0x000001eb5d92f3c0, 0x000001eb5d92f5d8]
Event: 89.871 Thread 0x000001eb70130800 16252       4       java.util.concurrent.locks.AbstractQueuedSynchronizer::compareAndSetState (10 bytes)
Event: 89.874 Thread 0x000001eb70130800 nmethod 16252 0x000001eb636d2110 code [0x000001eb636d22a0, 0x000001eb636d2318]
Event: 93.713 Thread 0x000001eb70130800 16253       4       org.gradle.internal.logging.text.AbstractLineChoppingStyledTextOutput::doAppend (43 bytes)
Event: 93.715 Thread 0x000001eb70137800 16255       2       org.gradle.internal.logging.text.AbstractLineChoppingStyledTextOutput$2::execute (77 bytes)
Event: 93.716 Thread 0x000001eb70137800 nmethod 16255 0x000001eb5d92f710 code [0x000001eb5d92f920, 0x000001eb5d92fcd8]
Event: 93.716 Thread 0x000001eb70137800 16256       3       org.gradle.internal.io.LineBufferingOutputStream::write (59 bytes)
Event: 93.719 Thread 0x000001eb70137800 nmethod 16256 0x000001eb5d92ff90 code [0x000001eb5d930260, 0x000001eb5d931038]
Event: 93.719 Thread 0x000001eb70137800 16257       3       org.gradle.internal.io.StreamByteBuffer$StreamByteBufferOutputStream::write (22 bytes)
Event: 93.719 Thread 0x000001eb70137800 nmethod 16257 0x000001eb5d931590 code [0x000001eb5d931760, 0x000001eb5d9319c8]
Event: 93.719 Thread 0x000001eb70137800 16259       3       org.gradle.internal.io.StreamByteBuffer$StreamByteBufferChunk::write (32 bytes)
Event: 93.720 Thread 0x000001eb70137800 nmethod 16259 0x000001eb5d931b90 code [0x000001eb5d931d40, 0x000001eb5d931ed8]
Event: 93.720 Thread 0x000001eb70137800 16260       3       org.gradle.internal.io.LineBufferingOutputStream::endsWithLineSeparator (27 bytes)
Event: 93.720 Thread 0x000001eb70137800 nmethod 16260 0x000001eb5d931f90 code [0x000001eb5d932140, 0x000001eb5d9322d8]

GC Heap History (20 events):
Event: 66.461 GC heap before
{Heap before GC invocations=89 (full 0):
 garbage-first heap   total 254976K, used 205078K [0x00000000a0000000, 0x0000000100000000)
  region size 1024K, 44 young (45056K), 5 survivors (5120K)
 Metaspace       used 98526K, capacity 102922K, committed 102992K, reserved 1138688K
  class space    used 12800K, capacity 14138K, committed 14208K, reserved 1048576K
}
Event: 66.499 GC heap after
{Heap after GC invocations=90 (full 0):
 garbage-first heap   total 254976K, used 169098K [0x00000000a0000000, 0x0000000100000000)
  region size 1024K, 3 young (3072K), 3 survivors (3072K)
 Metaspace       used 98526K, capacity 102922K, committed 102992K, reserved 1138688K
  class space    used 12800K, capacity 14138K, committed 14208K, reserved 1048576K
}
Event: 68.697 GC heap before
{Heap before GC invocations=90 (full 0):
 garbage-first heap   total 254976K, used 208010K [0x00000000a0000000, 0x0000000100000000)
  region size 1024K, 42 young (43008K), 3 survivors (3072K)
 Metaspace       used 98854K, capacity 103245K, committed 103504K, reserved 1138688K
  class space    used 12810K, capacity 14147K, committed 14208K, reserved 1048576K
}
Event: 68.711 GC heap after
{Heap after GC invocations=91 (full 0):
 garbage-first heap   total 254976K, used 171898K [0x00000000a0000000, 0x0000000100000000)
  region size 1024K, 6 young (6144K), 6 survivors (6144K)
 Metaspace       used 98854K, capacity 103245K, committed 103504K, reserved 1138688K
  class space    used 12810K, capacity 14147K, committed 14208K, reserved 1048576K
}
Event: 71.352 GC heap before
{Heap before GC invocations=92 (full 0):
 garbage-first heap   total 254976K, used 209786K [0x00000000a0000000, 0x0000000100000000)
  region size 1024K, 44 young (45056K), 6 survivors (6144K)
 Metaspace       used 99203K, capacity 103626K, committed 103760K, reserved 1138688K
  class space    used 12844K, capacity 14202K, committed 14208K, reserved 1048576K
}
Event: 71.390 GC heap after
{Heap after GC invocations=93 (full 0):
 garbage-first heap   total 254976K, used 175211K [0x00000000a0000000, 0x0000000100000000)
  region size 1024K, 6 young (6144K), 6 survivors (6144K)
 Metaspace       used 99203K, capacity 103626K, committed 103760K, reserved 1138688K
  class space    used 12844K, capacity 14202K, committed 14208K, reserved 1048576K
}
Event: 71.742 GC heap before
{Heap before GC invocations=93 (full 0):
 garbage-first heap   total 254976K, used 181355K [0x00000000a0000000, 0x0000000100000000)
  region size 1024K, 12 young (12288K), 6 survivors (6144K)
 Metaspace       used 99242K, capacity 103639K, committed 103760K, reserved 1138688K
  class space    used 12844K, capacity 14202K, committed 14208K, reserved 1048576K
}
Event: 71.780 GC heap after
{Heap after GC invocations=94 (full 0):
 garbage-first heap   total 254976K, used 175038K [0x00000000a0000000, 0x0000000100000000)
  region size 1024K, 1 young (1024K), 1 survivors (1024K)
 Metaspace       used 99242K, capacity 103639K, committed 103760K, reserved 1138688K
  class space    used 12844K, capacity 14202K, committed 14208K, reserved 1048576K
}
Event: 73.319 GC heap before
{Heap before GC invocations=94 (full 0):
 garbage-first heap   total 254976K, used 212926K [0x00000000a0000000, 0x0000000100000000)
  region size 1024K, 39 young (39936K), 1 survivors (1024K)
 Metaspace       used 99489K, capacity 104057K, committed 104144K, reserved 1138688K
  class space    used 12873K, capacity 14252K, committed 14336K, reserved 1048576K
}
Event: 73.334 GC heap after
{Heap after GC invocations=95 (full 0):
 garbage-first heap   total 254976K, used 177598K [0x00000000a0000000, 0x0000000100000000)
  region size 1024K, 4 young (4096K), 4 survivors (4096K)
 Metaspace       used 99489K, capacity 104057K, committed 104144K, reserved 1138688K
  class space    used 12873K, capacity 14252K, committed 14336K, reserved 1048576K
}
Event: 74.996 GC heap before
{Heap before GC invocations=96 (full 0):
 garbage-first heap   total 254976K, used 214462K [0x00000000a0000000, 0x0000000100000000)
  region size 1024K, 41 young (41984K), 4 survivors (4096K)
 Metaspace       used 99680K, capacity 104217K, committed 104400K, reserved 1138688K
  class space    used 12875K, capacity 14255K, committed 14336K, reserved 1048576K
}
Event: 75.016 GC heap after
{Heap after GC invocations=97 (full 0):
 garbage-first heap   total 254976K, used 180164K [0x00000000a0000000, 0x0000000100000000)
  region size 1024K, 3 young (3072K), 3 survivors (3072K)
 Metaspace       used 99680K, capacity 104217K, committed 104400K, reserved 1138688K
  class space    used 12875K, capacity 14255K, committed 14336K, reserved 1048576K
}
Event: 75.470 GC heap before
{Heap before GC invocations=97 (full 0):
 garbage-first heap   total 254976K, used 189380K [0x00000000a0000000, 0x0000000100000000)
  region size 1024K, 12 young (12288K), 3 survivors (3072K)
 Metaspace       used 99715K, capacity 104221K, committed 104400K, reserved 1138688K
  class space    used 12875K, capacity 14255K, committed 14336K, reserved 1048576K
}
Event: 75.486 GC heap after
{Heap after GC invocations=98 (full 0):
 garbage-first heap   total 254976K, used 180650K [0x00000000a0000000, 0x0000000100000000)
  region size 1024K, 2 young (2048K), 2 survivors (2048K)
 Metaspace       used 99715K, capacity 104221K, committed 104400K, reserved 1138688K
  class space    used 12875K, capacity 14255K, committed 14336K, reserved 1048576K
}
Event: 77.689 GC heap before
{Heap before GC invocations=98 (full 0):
 garbage-first heap   total 254976K, used 203178K [0x00000000a0000000, 0x0000000100000000)
  region size 1024K, 26 young (26624K), 2 survivors (2048K)
 Metaspace       used 100392K, capacity 104989K, committed 105296K, reserved 1140736K
  class space    used 12968K, capacity 14362K, committed 14464K, reserved 1048576K
}
Event: 77.699 GC heap after
{Heap after GC invocations=99 (full 0):
 garbage-first heap   total 254976K, used 181620K [0x00000000a0000000, 0x0000000100000000)
  region size 1024K, 3 young (3072K), 3 survivors (3072K)
 Metaspace       used 100392K, capacity 104989K, committed 105296K, reserved 1140736K
  class space    used 12968K, capacity 14362K, committed 14464K, reserved 1048576K
}
Event: 79.627 GC heap before
{Heap before GC invocations=100 (full 0):
 garbage-first heap   total 254976K, used 217460K [0x00000000a0000000, 0x0000000100000000)
  region size 1024K, 38 young (38912K), 3 survivors (3072K)
 Metaspace       used 100404K, capacity 104992K, committed 105296K, reserved 1140736K
  class space    used 12969K, capacity 14363K, committed 14464K, reserved 1048576K
}
Event: 79.642 GC heap after
{Heap after GC invocations=101 (full 0):
 garbage-first heap   total 254976K, used 184131K [0x00000000a0000000, 0x0000000100000000)
  region size 1024K, 5 young (5120K), 5 survivors (5120K)
 Metaspace       used 100404K, capacity 104992K, committed 105296K, reserved 1140736K
  class space    used 12969K, capacity 14363K, committed 14464K, reserved 1048576K
}
Event: 79.669 GC heap before
{Heap before GC invocations=101 (full 0):
 garbage-first heap   total 254976K, used 190275K [0x00000000a0000000, 0x0000000100000000)
  region size 1024K, 12 young (12288K), 5 survivors (5120K)
 Metaspace       used 100405K, capacity 104992K, committed 105296K, reserved 1140736K
  class space    used 12969K, capacity 14363K, committed 14464K, reserved 1048576K
}
Event: 79.710 GC heap after
{Heap after GC invocations=102 (full 0):
 garbage-first heap   total 254976K, used 183601K [0x00000000a0000000, 0x0000000100000000)
  region size 1024K, 1 young (1024K), 1 survivors (1024K)
 Metaspace       used 100405K, capacity 104992K, committed 105296K, reserved 1140736K
  class space    used 12969K, capacity 14363K, committed 14464K, reserved 1048576K
}

Deoptimization events (20 events):
Event: 79.846 Thread 0x000001eb75042000 Uncommon trap: trap_request=0xffffff4d fr.pc=0x000001eb63422a84 relative=0x0000000000000064
Event: 79.846 Thread 0x000001eb75042000 Uncommon trap: reason=unstable_if action=reinterpret pc=0x000001eb63422a84 method=org.gradle.api.internal.AbstractTask.notifyProjectAccess()V @ 7 c2
Event: 79.846 Thread 0x000001eb75042000 DEOPT PACKING pc=0x000001eb63422a84 sp=0x00000007550fa420
Event: 79.846 Thread 0x000001eb75042000 DEOPT UNPACKING pc=0x000001eb5b3278af sp=0x00000007550fa300 mode 2
Event: 93.712 Thread 0x000001eb75040000 Uncommon trap: trap_request=0xffffffc6 fr.pc=0x000001eb632944a4 relative=0x0000000000000324
Event: 93.712 Thread 0x000001eb75040000 Uncommon trap: reason=bimorphic_or_optimized_type_check action=maybe_recompile pc=0x000001eb632944a4 method=org.gradle.internal.logging.sink.OutputEventRenderer.onOutput(Lorg/gradle/internal/logging/events/OutputEvent;)V @ 1 c2
Event: 93.712 Thread 0x000001eb75040000 DEOPT PACKING pc=0x000001eb632944a4 sp=0x000000074eefe730
Event: 93.712 Thread 0x000001eb75040000 DEOPT UNPACKING pc=0x000001eb5b3278af sp=0x000000074eefe6d8 mode 2
Event: 93.714 Thread 0x000001eb75040000 Uncommon trap: trap_request=0xffffffc6 fr.pc=0x000001eb632944a4 relative=0x0000000000000324
Event: 93.714 Thread 0x000001eb75040000 Uncommon trap: reason=bimorphic_or_optimized_type_check action=maybe_recompile pc=0x000001eb632944a4 method=org.gradle.internal.logging.sink.OutputEventRenderer.onOutput(Lorg/gradle/internal/logging/events/OutputEvent;)V @ 1 c2
Event: 93.714 Thread 0x000001eb75040000 DEOPT PACKING pc=0x000001eb632944a4 sp=0x000000074eefe730
Event: 93.715 Thread 0x000001eb75040000 DEOPT UNPACKING pc=0x000001eb5b3278af sp=0x000000074eefe6d8 mode 2
Event: 93.715 Thread 0x000001eb75040000 Uncommon trap: trap_request=0xffffffc6 fr.pc=0x000001eb632944a4 relative=0x0000000000000324
Event: 93.715 Thread 0x000001eb75040000 Uncommon trap: reason=bimorphic_or_optimized_type_check action=maybe_recompile pc=0x000001eb632944a4 method=org.gradle.internal.logging.sink.OutputEventRenderer.onOutput(Lorg/gradle/internal/logging/events/OutputEvent;)V @ 1 c2
Event: 93.715 Thread 0x000001eb75040000 DEOPT PACKING pc=0x000001eb632944a4 sp=0x000000074eefe730
Event: 93.715 Thread 0x000001eb75040000 DEOPT UNPACKING pc=0x000001eb5b3278af sp=0x000000074eefe6d8 mode 2
Event: 93.715 Thread 0x000001eb75040000 Uncommon trap: trap_request=0xffffffc6 fr.pc=0x000001eb632944a4 relative=0x0000000000000324
Event: 93.715 Thread 0x000001eb75040000 Uncommon trap: reason=bimorphic_or_optimized_type_check action=maybe_recompile pc=0x000001eb632944a4 method=org.gradle.internal.logging.sink.OutputEventRenderer.onOutput(Lorg/gradle/internal/logging/events/OutputEvent;)V @ 1 c2
Event: 93.715 Thread 0x000001eb75040000 DEOPT PACKING pc=0x000001eb632944a4 sp=0x000000074eefe730
Event: 93.715 Thread 0x000001eb75040000 DEOPT UNPACKING pc=0x000001eb5b3278af sp=0x000000074eefe6d8 mode 2

Classes redefined (0 events):
No events

Internal exceptions (20 events):
Event: 79.947 Thread 0x000001eb75042000 Exception <a 'java/lang/ClassNotFoundException'{0x00000000af517c10}: org/gradle/process/internal/DefaultExecActionBeanInfo> (0x00000000af517c10) thrown at [./src/hotspot/share/classfile/systemDictionary.cpp, line 231]
Event: 79.949 Thread 0x000001eb75042000 Exception <a 'java/lang/ClassNotFoundException'{0x00000000af54d6c8}: org/gradle/process/internal/DefaultExecHandleBuilderBeanInfo> (0x00000000af54d6c8) thrown at [./src/hotspot/share/classfile/systemDictionary.cpp, line 231]
Event: 79.951 Thread 0x000001eb75042000 Exception <a 'java/lang/ClassNotFoundException'{0x00000000af583ad0}: org/gradle/process/internal/AbstractExecHandleBuilderBeanInfo> (0x00000000af583ad0) thrown at [./src/hotspot/share/classfile/systemDictionary.cpp, line 231]
Event: 79.952 Thread 0x000001eb75042000 Exception <a 'java/lang/ClassNotFoundException'{0x00000000af5ba780}: org/gradle/process/internal/DefaultProcessForkOptionsBeanInfo> (0x00000000af5ba780) thrown at [./src/hotspot/share/classfile/systemDictionary.cpp, line 231]
Event: 79.956 Thread 0x000001eb75042000 Exception <a 'java/lang/ClassNotFoundException'{0x00000000af5f1670}: org/gradle/process/internal/DefaultProcessForkOptionsCustomizer> (0x00000000af5f1670) thrown at [./src/hotspot/share/classfile/systemDictionary.cpp, line 231]
Event: 79.963 Thread 0x000001eb75042000 Exception <a 'java/lang/ClassNotFoundException'{0x00000000af4353f8}: org/gradle/process/internal/AbstractExecHandleBuilderCustomizer> (0x00000000af4353f8) thrown at [./src/hotspot/share/classfile/systemDictionary.cpp, line 231]
Event: 79.965 Thread 0x000001eb75042000 Exception <a 'java/lang/ClassNotFoundException'{0x00000000af47d2c0}: org/gradle/process/internal/DefaultExecHandleBuilderCustomizer> (0x00000000af47d2c0) thrown at [./src/hotspot/share/classfile/systemDictionary.cpp, line 231]
Event: 79.969 Thread 0x000001eb75042000 Exception <a 'java/lang/ClassNotFoundException'{0x00000000af4dc410}: org/gradle/process/internal/DefaultExecActionCustomizer> (0x00000000af4dc410) thrown at [./src/hotspot/share/classfile/systemDictionary.cpp, line 231]
Event: 79.977 Thread 0x000001eb75042000 Exception <a 'java/lang/ClassNotFoundException'{0x00000000af31bb08}: org/gradle/process/internal/DefaultExecAction_DecoratedCustomizer> (0x00000000af31bb08) thrown at [./src/hotspot/share/classfile/systemDictionary.cpp, line 231]
Event: 79.983 Thread 0x000001eb75042000 Exception <a 'java/lang/ClassNotFoundException'{0x00000000af377418}: org/gradle/api/logging/LogLevelBeanInfo> (0x00000000af377418) thrown at [./src/hotspot/share/classfile/systemDictionary.cpp, line 231]
Event: 79.985 Thread 0x000001eb75042000 Exception <a 'java/lang/ClassNotFoundException'{0x00000000af3a3ed0}: org/gradle/api/logging/LogLevelCustomizer> (0x00000000af3a3ed0) thrown at [./src/hotspot/share/classfile/systemDictionary.cpp, line 231]
Event: 79.998 Thread 0x000001eb75042000 Exception <a 'java/lang/ClassNotFoundException'{0x00000000af217d08}: org/gradle/internal/logging/services/DefaultLoggingManagerBeanInfo> (0x00000000af217d08) thrown at [./src/hotspot/share/classfile/systemDictionary.cpp, line 231]
Event: 80.000 Thread 0x000001eb75042000 Exception <a 'java/lang/ClassNotFoundException'{0x00000000af24f3a8}: org/gradle/internal/logging/services/DefaultLoggingManagerCustomizer> (0x00000000af24f3a8) thrown at [./src/hotspot/share/classfile/systemDictionary.cpp, line 231]
Event: 80.013 Thread 0x000001eb75042000 Exception <a 'java/lang/ClassNotFoundException'{0x00000000af28c3e8}: java/lang/BooleanBeanInfo> (0x00000000af28c3e8) thrown at [./src/hotspot/share/classfile/systemDictionary.cpp, line 231]
Event: 80.015 Thread 0x000001eb75042000 Exception <a 'java/lang/ClassNotFoundException'{0x00000000af2992c8}: java/lang/BooleanCustomizer> (0x00000000af2992c8) thrown at [./src/hotspot/share/classfile/systemDictionary.cpp, line 231]
Event: 80.160 Thread 0x000001eb7503f800 Exception <a 'java/lang/NoSuchMethodError'{0x00000000af00dac0}: 'void java.lang.invoke.DirectMethodHandle$Holder.invokeStatic(java.lang.Object, long)'> (0x00000000af00dac0) thrown at [./src/hotspot/share/interpreter/linkResolver.cpp, line 773]
Event: 80.164 Thread 0x000001eb7503f800 Exception <a 'java/lang/NoSuchMethodError'{0x00000000af012c70}: 'java.lang.Object java.lang.invoke.DirectMethodHandle$Holder.invokeStatic(java.lang.Object, long)'> (0x00000000af012c70) thrown at [./src/hotspot/share/interpreter/linkResolver.cpp, line 773]
Event: 80.234 Thread 0x000001eb7503f800 Exception <a 'java/lang/NoSuchMethodError'{0x00000000af0211b0}: 'java.lang.Object java.lang.invoke.DirectMethodHandle$Holder.invokeStaticInit(java.lang.Object, java.lang.Object, long, java.lang.Object)'> (0x00000000af0211b0) thrown at [./src/hotspot/share/interpreter/linkResolver.cpp, line 773]
Event: 80.245 Thread 0x000001eb7503f800 Exception <a 'java/lang/NoSuchMethodError'{0x00000000af0273a8}: 'java.lang.Object java.lang.invoke.DirectMethodHandle$Holder.invokeStatic(java.lang.Object, java.lang.Object, long)'> (0x00000000af0273a8) thrown at [./src/hotspot/share/interpreter/linkResolver.cpp, line 773]
Event: 80.246 Thread 0x000001eb7503f800 Exception <a 'java/lang/NoSuchMethodError'{0x00000000af02da70}: 'java.lang.Object java.lang.invoke.Invokers$Holder.linkToTargetMethod(java.lang.Object, long, java.lang.Object)'> (0x00000000af02da70) thrown at [./src/hotspot/share/interpreter/linkResolver.cpp, line 773]

Events (20 events):
Event: 80.247 loading class java/lang/ProcessImpl$2
Event: 80.249 loading class java/lang/ProcessImpl$2 done
Event: 80.249 loading class java/lang/Process$PipeInputStream
Event: 80.251 loading class java/lang/Process$PipeInputStream done
Event: 80.251 Executing VM operation: Deoptimize
Event: 80.257 Executing VM operation: Deoptimize done
Event: 80.257 loading class org/gradle/process/internal/streams/ExecOutputHandleRunner
Event: 80.257 loading class org/gradle/process/internal/streams/ExecOutputHandleRunner done
Event: 80.262 Thread 0x000001eb75040000 Thread added: 0x000001eb75040000
Event: 80.262 Thread 0x000001eb75042800 Thread added: 0x000001eb75042800
Event: 93.703 loading class org/gradle/internal/logging/events/StyledTextOutputEvent$Span
Event: 93.703 loading class org/gradle/internal/logging/events/StyledTextOutputEvent$Span done
Event: 93.705 loading class org/gradle/internal/logging/events/operations/StyledTextBuildOperationProgressDetails$Span
Event: 93.705 loading class org/gradle/internal/logging/events/operations/StyledTextBuildOperationProgressDetails$Span done
Event: 93.707 loading class org/gradle/internal/operations/logging/StyledTextBuildOperationProgressDetails$Span
Event: 93.707 loading class org/gradle/internal/operations/logging/StyledTextBuildOperationProgressDetails$Span done
Event: 93.708 Executing VM operation: RevokeBias
Event: 93.709 Executing VM operation: RevokeBias done
Event: 93.710 Executing VM operation: RevokeBias
Event: 93.710 Executing VM operation: RevokeBias done


Dynamic libraries:
0x00007ff7142d0000 - 0x00007ff7142da000 	C:\Program Files\Android\Android Studio\jre\bin\java.exe
0x00007ffae6df0000 - 0x00007ffae7004000 	C:\WINDOWS\SYSTEM32\ntdll.dll
0x00007ffae5ce0000 - 0x00007ffae5da4000 	C:\WINDOWS\System32\KERNEL32.DLL
0x00007ffae42f0000 - 0x00007ffae4694000 	C:\WINDOWS\System32\KERNELBASE.dll
0x00007ffae49a0000 - 0x00007ffae4ab1000 	C:\WINDOWS\System32\ucrtbase.dll
0x00007ffac6110000 - 0x00007ffac6129000 	C:\Program Files\Android\Android Studio\jre\bin\jli.dll
0x00007ffab6a00000 - 0x00007ffab6a17000 	C:\Program Files\Android\Android Studio\jre\bin\VCRUNTIME140.dll
0x00007ffae5de0000 - 0x00007ffae5f8a000 	C:\WINDOWS\System32\USER32.dll
0x00007ffad5180000 - 0x00007ffad540f000 	C:\WINDOWS\WinSxS\amd64_microsoft.windows.common-controls_6595b64144ccf1df_6.0.22621.2070_none_2713e6537381f706\COMCTL32.dll
0x00007ffae4760000 - 0x00007ffae4786000 	C:\WINDOWS\System32\win32u.dll
0x00007ffae6180000 - 0x00007ffae6227000 	C:\WINDOWS\System32\msvcrt.dll
0x00007ffae5db0000 - 0x00007ffae5dd9000 	C:\WINDOWS\System32\GDI32.dll
0x00007ffae41d0000 - 0x00007ffae42e9000 	C:\WINDOWS\System32\gdi32full.dll
0x00007ffae4790000 - 0x00007ffae482a000 	C:\WINDOWS\System32\msvcp_win.dll
0x00007ffae6020000 - 0x00007ffae6051000 	C:\WINDOWS\System32\IMM32.DLL
0x00007ffab6960000 - 0x00007ffab69fd000 	C:\Program Files\Android\Android Studio\jre\bin\msvcp140.dll
0x00007ffac6490000 - 0x00007ffac6f5f000 	C:\Program Files\Android\Android Studio\jre\bin\server\jvm.dll
0x00007ffae4bb0000 - 0x00007ffae4c60000 	C:\WINDOWS\System32\ADVAPI32.dll
0x00007ffae4fb0000 - 0x00007ffae5056000 	C:\WINDOWS\System32\sechost.dll
0x00007ffae6060000 - 0x00007ffae6177000 	C:\WINDOWS\System32\RPCRT4.dll
0x00007ffae4ea0000 - 0x00007ffae4ea8000 	C:\WINDOWS\System32\PSAPI.DLL
0x00007ffadc870000 - 0x00007ffadc8a4000 	C:\WINDOWS\SYSTEM32\WINMM.dll
0x00007ffadc810000 - 0x00007ffadc81a000 	C:\WINDOWS\SYSTEM32\VERSION.dll
0x00007ffade300000 - 0x00007ffade309000 	C:\WINDOWS\SYSTEM32\WSOCK32.dll
0x00007ffae4c60000 - 0x00007ffae4cd1000 	C:\WINDOWS\System32\WS2_32.dll
0x00007ffae31c0000 - 0x00007ffae31d8000 	C:\WINDOWS\SYSTEM32\kernel.appcore.dll
0x00007ffac7420000 - 0x00007ffac7431000 	C:\Program Files\Android\Android Studio\jre\bin\verify.dll
0x00007ffacdbd0000 - 0x00007ffacddfe000 	C:\WINDOWS\SYSTEM32\DBGHELP.DLL
0x00007ffae6a20000 - 0x00007ffae6daa000 	C:\WINDOWS\System32\combase.dll
0x00007ffae6230000 - 0x00007ffae6307000 	C:\WINDOWS\System32\OLEAUT32.dll
0x00007ffacd9a0000 - 0x00007ffacd9d2000 	C:\WINDOWS\SYSTEM32\dbgcore.DLL
0x00007ffae4b30000 - 0x00007ffae4baa000 	C:\WINDOWS\System32\bcryptPrimitives.dll
0x00007ffac73f0000 - 0x00007ffac7419000 	C:\Program Files\Android\Android Studio\jre\bin\java.dll
0x00007ffad3f90000 - 0x00007ffad3f9b000 	C:\Program Files\Android\Android Studio\jre\bin\jimage.dll
0x00007ffac73d0000 - 0x00007ffac73e8000 	C:\Program Files\Android\Android Studio\jre\bin\zip.dll
0x00007ffae54c0000 - 0x00007ffae5cd6000 	C:\WINDOWS\System32\SHELL32.dll
0x00007ffae21a0000 - 0x00007ffae2a8a000 	C:\WINDOWS\SYSTEM32\windows.storage.dll
0x00007ffae2060000 - 0x00007ffae219e000 	C:\WINDOWS\SYSTEM32\wintypes.dll
0x00007ffae6310000 - 0x00007ffae6403000 	C:\WINDOWS\System32\SHCORE.dll
0x00007ffae69c0000 - 0x00007ffae6a1e000 	C:\WINDOWS\System32\shlwapi.dll
0x00007ffae4100000 - 0x00007ffae4126000 	C:\WINDOWS\SYSTEM32\profapi.dll
0x00007ffac73b0000 - 0x00007ffac73ca000 	C:\Program Files\Android\Android Studio\jre\bin\net.dll
0x00007ffad7240000 - 0x00007ffad7377000 	C:\WINDOWS\SYSTEM32\WINHTTP.dll
0x00007ffae3690000 - 0x00007ffae36f9000 	C:\WINDOWS\system32\mswsock.dll
0x00007ffac7390000 - 0x00007ffac73a4000 	C:\Program Files\Android\Android Studio\jre\bin\nio.dll
0x00007ffab6570000 - 0x00007ffab6597000 	C:\Users\casey\.gradle\native\e1d6ef7f7dcc3fd88c89a11ec53ec762bb8ba0a96d01ffa2cd45eb1d1d8dd5c5\windows-amd64\native-platform.dll
0x00007ffa94a50000 - 0x00007ffa94b94000 	C:\Users\casey\.gradle\native\0d407fdbe67a94daf76414ababcb853783967236a71b16ec16e742cd7a986fd3\windows-amd64\native-platform-file-events.dll
0x00007ffad3cf0000 - 0x00007ffad3cfa000 	C:\Program Files\Android\Android Studio\jre\bin\management.dll
0x00007ffad3450000 - 0x00007ffad345c000 	C:\Program Files\Android\Android Studio\jre\bin\management_ext.dll
0x00007ffae38e0000 - 0x00007ffae38fb000 	C:\WINDOWS\SYSTEM32\CRYPTSP.dll
0x00007ffae3180000 - 0x00007ffae31b5000 	C:\WINDOWS\system32\rsaenh.dll
0x00007ffae3780000 - 0x00007ffae37ac000 	C:\WINDOWS\SYSTEM32\USERENV.dll
0x00007ffae3a80000 - 0x00007ffae3aa8000 	C:\WINDOWS\SYSTEM32\bcrypt.dll
0x00007ffae3900000 - 0x00007ffae390c000 	C:\WINDOWS\SYSTEM32\CRYPTBASE.dll
0x00007ffae2d30000 - 0x00007ffae2d5d000 	C:\WINDOWS\SYSTEM32\IPHLPAPI.DLL
0x00007ffae6010000 - 0x00007ffae6019000 	C:\WINDOWS\System32\NSI.dll
0x00007ffad7550000 - 0x00007ffad7569000 	C:\WINDOWS\SYSTEM32\dhcpcsvc6.DLL
0x00007ffad7220000 - 0x00007ffad723f000 	C:\WINDOWS\SYSTEM32\dhcpcsvc.DLL
0x00007ffae2db0000 - 0x00007ffae2ea3000 	C:\WINDOWS\SYSTEM32\DNSAPI.dll

dbghelp: loaded successfully - version: 4.0.5 - missing functions: none
symbol engine: initialized successfully - sym options: 0x614 - pdb path: .;C:\Program Files\Android\Android Studio\jre\bin;C:\WINDOWS\SYSTEM32;C:\WINDOWS\WinSxS\amd64_microsoft.windows.common-controls_6595b64144ccf1df_6.0.22621.2070_none_2713e6537381f706;C:\Program Files\Android\Android Studio\jre\bin\server;C:\Users\casey\.gradle\native\e1d6ef7f7dcc3fd88c89a11ec53ec762bb8ba0a96d01ffa2cd45eb1d1d8dd5c5\windows-amd64;C:\Users\casey\.gradle\native\0d407fdbe67a94daf76414ababcb853783967236a71b16ec16e742cd7a986fd3\windows-amd64

VM Arguments:
jvm_args: --add-opens=java.base/java.util=ALL-UNNAMED --add-opens=java.base/java.lang=ALL-UNNAMED --add-opens=java.base/java.lang.invoke=ALL-UNNAMED --add-opens=java.base/java.util=ALL-UNNAMED --add-opens=java.prefs/java.util.prefs=ALL-UNNAMED --add-opens=java.prefs/java.util.prefs=ALL-UNNAMED --add-opens=java.base/java.nio.charset=ALL-UNNAMED --add-opens=java.base/java.net=ALL-UNNAMED --add-opens=java.base/java.util.concurrent.atomic=ALL-UNNAMED -Xmx1536M -Dfile.encoding=windows-1252 -Duser.country=GB -Duser.language=en -Duser.variant 
java_command: org.gradle.launcher.daemon.bootstrap.GradleDaemon 7.4
java_class_path (initial): C:\Users\casey\.gradle\wrapper\dists\gradle-7.4-all\aadb4xli5jkdsnukm30eibyiu\gradle-7.4\lib\gradle-launcher-7.4.jar
Launcher Type: SUN_STANDARD

[Global flags]
     intx CICompilerCount                          = 3                                         {product} {ergonomic}
     uint ConcGCThreads                            = 1                                         {product} {ergonomic}
     uint G1ConcRefinementThreads                  = 4                                         {product} {ergonomic}
   size_t G1HeapRegionSize                         = 1048576                                   {product} {ergonomic}
    uintx GCDrainStackTargetSize                   = 64                                        {product} {ergonomic}
   size_t InitialHeapSize                          = 58720256                                  {product} {ergonomic}
   size_t MarkStackSize                            = 4194304                                   {product} {ergonomic}
   size_t MaxHeapSize                              = 1610612736                                {product} {command line}
   size_t MaxNewSize                               = 965738496                                 {product} {ergonomic}
   size_t MinHeapDeltaBytes                        = 1048576                                   {product} {ergonomic}
    uintx NonNMethodCodeHeapSize                   = 5830732                                {pd product} {ergonomic}
    uintx NonProfiledCodeHeapSize                  = 122913754                              {pd product} {ergonomic}
    uintx ProfiledCodeHeapSize                     = 122913754                              {pd product} {ergonomic}
    uintx ReservedCodeCacheSize                    = 251658240                              {pd product} {ergonomic}
     bool SegmentedCodeCache                       = true                                      {product} {ergonomic}
     bool UseCompressedClassPointers               = true                                 {lp64_product} {ergonomic}
     bool UseCompressedOops                        = true                                 {lp64_product} {ergonomic}
     bool UseG1GC                                  = true                                      {product} {ergonomic}
     bool UseLargePagesIndividualAllocation        = false                                  {pd product} {ergonomic}

Logging:
Log output configuration:
 #0: stdout all=warning uptime,level,tags
 #1: stderr all=off uptime,level,tags

Environment Variables:
JAVA_HOME=C:\Program Files\Android\Android Studio\jre
CLASSPATH=C:\Users\casey\Downloads\cmpets\android\\gradle\wrapper\gradle-wrapper.jar
PATH=C:\Ruby32-x64\bin;C:\Program Files\Eclipse Adoptium\jdk-17.0.1.12-hotspot\bin;C:\Program Files\Common Files\Oracle\Java\javapath;C:\WINDOWS\system32;C:\WINDOWS;C:\WINDOWS\System32\Wbem;C:\WINDOWS\System32\WindowsPowerShell\v1.0\;C:\WINDOWS\System32\OpenSSH\;C:\Program Files\nodejs\;C:\ProgramData\chocolatey\bin;C:\Program Files\dotnet\;C:\Program Files\Microsoft SQL Server\130\Tools\Binn\;C:\Program Files\Microsoft SQL Server\Client SDK\ODBC\170\Tools\Binn\;%MAVEN_HOME%\bin\mvn*;%JAVA_HOME%\bin;C:\Users\casey\AppData\Roaming\npm;C:\Users\casey\AppData\Local\Android\Sdk\platform-tools;C:\Program Files\Git\cmd;C:\Program Files\Tailscale\;C:\Users\casey\AppData\Local\Pub\Cache\bin;C:\Users\casey\Downloads\flutter_windows_3.10.1-stable\flutter\bin\cache\dart-sdk\bin;C:\Users\casey\Downloads\flutter_windows_3.10.1-stable\flutter\bin;C:\Program Files (x86)\Microsoft SQL Server\160\DTS\Binn\;C:\Program Files\Azure Data Studio\bin;C:\Program Files (x86)\BrowserStackLocal\;C:\Users\casey\AppData\Local\Programs\Microsoft VS Code\bin;C:\Users\casey\AppData\Local\Microsoft\WindowsApps;C:\Program Files\heroku\bin;;C:\Program Files\Azure Data Studio\bin;C:\Users\casey\Downloads\flutter_windows_3.10.1-stable\flutter\bin\mingit\cmd
USERNAME=casey
OS=Windows_NT
PROCESSOR_IDENTIFIER=AMD64 Family 23 Model 24 Stepping 1, AuthenticAMD



---------------  S Y S T E M  ---------------

OS: Windows 10 , 64 bit Build 22621 (10.0.22621.2070)
OS uptime: 0 days 20:08 hours

CPU:total 4 (initial active 4) (4 cores per cpu, 2 threads per core) family 23 model 24 stepping 1 microcode 0x0, cmov, cx8, fxsr, mmx, sse, sse2, sse3, ssse3, sse4.1, sse4.2, popcnt, avx, avx2, aes, clmul, mmxext, 3dnowpref, lzcnt, sse4a, ht, tsc, tscinvbit, tscinv, bmi1, bmi2, adx, s

Memory: 4k page, system-wide physical 3460M (48M free)
TotalPageFile size 14212M (AvailPageFile size 0M)
current process WorkingSet (physical memory assigned to process): 368M, peak: 417M
current process commit charge ("private bytes"): 570M, peak: 592M

vm_info: OpenJDK 64-Bit Server VM (11.0.10+0-b96-7249189) for windows-amd64 JRE (11.0.10+0-b96-7249189), built on Mar 31 2021 21:44:00 by "builder" with MS VC++ 14.0 (VS2015)

END.
